09.06.2024 - 18:40:06 - [TAB v4.1.2] Something just tried to add player GamingHuzai into team 0002 (expected team: 7GamingHuzaiA)
09.06.2024 - 21:02:30 - [TAB v4.1.2] Something just tried to add player GamingHuzai into team 0002 (expected team: 7GamingHuzaiA)
09.06.2024 - 21:02:42 - [TAB v4.1.2] Something just tried to add player RJayBhai into team 0002 (expected team: 6RJayBhaiA)
09.06.2024 - 21:03:30 - [TAB v4.1.2] Something just tried to add player GamingHuzai into team 0002 (expected team: 7GamingHuzaiA)
09.06.2024 - 21:44:57 - [TAB v4.1.2] Something just tried to add player GamingHuzai into team 0002 (expected team: 7GamingHuzaiA)
09.06.2024 - 21:57:38 - [TAB v4.1.2] Something just tried to add player Not_shovoyt into team 0002 (expected team: 6Not_shovoytA)
09.06.2024 - 21:57:39 - [TAB v4.1.2] Something just tried to add player GamingHuzai into team 0002 (expected team: 7GamingHuzaiA)
09.06.2024 - 22:01:34 - [TAB v4.1.2] Something just tried to add player Not_shovoyt into team 0002 (expected team: 6Not_shovoytA)
09.06.2024 - 22:02:19 - [TAB v4.1.2] Something just tried to add player GamingHuzai into team 0002 (expected team: 7GamingHuzaiA)
10.06.2024 - 09:25:22 - [TAB v4.1.2] Something just tried to add player GamingHuzai into team 0002 (expected team: 7GamingHuzaiA)
10.06.2024 - 09:25:23 - [TAB v4.1.2] Something just tried to add player Sam78Op into team 0002 (expected team: 6Sam78OpA)
10.06.2024 - 09:25:24 - [TAB v4.1.2] Something just tried to add player GamingHuzai into team 0002 (expected team: 7GamingHuzaiA)
10.06.2024 - 09:25:24 - [TAB v4.1.2] Something just tried to add player Sam78Op into team 0002 (expected team: 6Sam78OpA)
10.06.2024 - 09:25:24 - [TAB v4.1.2] Something just tried to add player MAK_Here into team 0002 (expected team: 6MAK_HereA)
10.06.2024 - 09:26:20 - [TAB v4.1.2] Something just tried to add player Sam78Op into team 0002 (expected team: 7Sam78OpA)
10.06.2024 - 09:26:20 - [TAB v4.1.2] Something just tried to add player GamingHuzai into team 0002 (expected team: 0GamingHuzaiA)
10.06.2024 - 09:26:20 - [TAB v4.1.2] Something just tried to add player MAK_Here into team 0002 (expected team: 7MAK_HereA)
10.06.2024 - 09:26:20 - [TAB v4.1.2] Something just tried to add player Sam78Op into team 0002 (expected team: 7Sam78OpA)
10.06.2024 - 09:26:20 - [TAB v4.1.2] Something just tried to add player GamingHuzai into team 0002 (expected team: 0GamingHuzaiA)
10.06.2024 - 09:26:20 - [TAB v4.1.2] Something just tried to add player MAK_Here into team 0002 (expected team: 7MAK_HereA)
10.06.2024 - 09:26:20 - [TAB v4.1.2] Something just tried to add player Sam78Op into team 0002 (expected team: 7Sam78OpA)
10.06.2024 - 09:26:20 - [TAB v4.1.2] Something just tried to add player GamingHuzai into team 0002 (expected team: 0GamingHuzaiA)
10.06.2024 - 09:26:20 - [TAB v4.1.2] Something just tried to add player MAK_Here into team 0002 (expected team: 7MAK_HereA)
10.06.2024 - 09:26:20 - [TAB v4.1.2] Something just tried to add player MAK_Here into team 0002 (expected team: 7MAK_HereA)
10.06.2024 - 09:26:26 - [TAB v4.1.2] Something just tried to add player Sam78Op into team 0002 (expected team: 7Sam78OpA)
10.06.2024 - 09:26:26 - [TAB v4.1.2] Something just tried to add player GamingHuzai into team 0002 (expected team: 0GamingHuzaiA)
10.06.2024 - 09:26:26 - [TAB v4.1.2] Something just tried to add player MAK_Here into team 0002 (expected team: 0MAK_HereA)
10.06.2024 - 09:26:26 - [TAB v4.1.2] Something just tried to add player Sam78Op into team 0002 (expected team: 7Sam78OpA)
10.06.2024 - 09:26:26 - [TAB v4.1.2] Something just tried to add player GamingHuzai into team 0002 (expected team: 0GamingHuzaiA)
10.06.2024 - 09:26:26 - [TAB v4.1.2] Something just tried to add player MAK_Here into team 0002 (expected team: 0MAK_HereA)
10.06.2024 - 09:26:26 - [TAB v4.1.2] Something just tried to add player Sam78Op into team 0002 (expected team: 7Sam78OpA)
10.06.2024 - 09:26:35 - [TAB v4.1.2] Something just tried to add player GamingHuzai into team 0002 (expected team: 0GamingHuzaiA)
10.06.2024 - 09:26:35 - [TAB v4.1.2] Something just tried to add player MAK_Here into team 0002 (expected team: 0MAK_HereA)
10.06.2024 - 09:26:47 - [TAB v4.1.2] Something just tried to add player GamingHuzai into team 0002 (expected team: 0GamingHuzaiA)
10.06.2024 - 09:26:47 - [TAB v4.1.2] Something just tried to add player MAK_Here into team 0002 (expected team: 0MAK_HereA)
10.06.2024 - 09:26:47 - [TAB v4.1.2] Something just tried to add player GamingHuzai into team 0002 (expected team: 0GamingHuzaiA)
10.06.2024 - 09:27:19 - [TAB v4.1.2] Something just tried to add player MAK_Here into team 0002 (expected team: 0MAK_HereA)
10.06.2024 - 09:27:19 - [TAB v4.1.2] Something just tried to add player Sam78Op into team 0002 (expected team: 0Sam78OpA)
10.06.2024 - 09:27:25 - [TAB v4.1.2] Something just tried to add player GamingHuzai into team 0002 (expected team: 0GamingHuzaiA)
10.06.2024 - 09:27:25 - [TAB v4.1.2] Something just tried to add player MAK_Here into team 0002 (expected team: 0MAK_HereA)
10.06.2024 - 09:27:30 - [TAB v4.1.2] Something just tried to add player GamingHuzai into team 0002 (expected team: 0GamingHuzaiA)
10.06.2024 - 09:27:37 - [TAB v4.1.2] Something just tried to add player MAK_Here into team 0002 (expected team: 0MAK_HereA)
10.06.2024 - 09:27:41 - [TAB v4.1.2] Something just tried to add player GamingHuzai into team 0002 (expected team: 0GamingHuzaiA)
10.06.2024 - 09:27:41 - [TAB v4.1.2] Something just tried to add player MAK_Here into team 0002 (expected team: 0MAK_HereA)
10.06.2024 - 09:27:41 - [TAB v4.1.2] Something just tried to add player GamingHuzai into team 0002 (expected team: 0GamingHuzaiA)
10.06.2024 - 09:27:41 - [TAB v4.1.2] Something just tried to add player MAK_Here into team 0002 (expected team: 0MAK_HereA)
10.06.2024 - 09:27:43 - [TAB v4.1.2] Something just tried to add player GamingHuzai into team 0002 (expected team: 0GamingHuzaiA)
10.06.2024 - 09:27:43 - [TAB v4.1.2] Something just tried to add player MAK_Here into team 0002 (expected team: 0MAK_HereA)
10.06.2024 - 09:27:43 - [TAB v4.1.2] Something just tried to add player Sam78Op into team 0002 (expected team: 0Sam78OpA)
10.06.2024 - 09:27:57 - [TAB v4.1.2] Something just tried to add player MAK_Here into team 0002 (expected team: 0MAK_HereA)
10.06.2024 - 09:27:57 - [TAB v4.1.2] Something just tried to add player Sam78Op into team 0002 (expected team: 0Sam78OpA)
10.06.2024 - 09:28:04 - [TAB v4.1.2] Something just tried to add player MAK_Here into team 0002 (expected team: 0MAK_HereA)
10.06.2024 - 09:28:04 - [TAB v4.1.2] Something just tried to add player Sam78Op into team 0002 (expected team: 0Sam78OpA)
10.06.2024 - 09:28:04 - [TAB v4.1.2] Something just tried to add player GamingHuzai into team 0002 (expected team: 0GamingHuzaiA)
10.06.2024 - 09:28:42 - [TAB v4.1.2] Something just tried to add player MAK_Here into team 0002 (expected team: 0MAK_HereA)
10.06.2024 - 09:28:42 - [TAB v4.1.2] Something just tried to add player Sam78Op into team 0002 (expected team: 0Sam78OpA)
10.06.2024 - 09:28:42 - [TAB v4.1.2] Something just tried to add player GamingHuzai into team 0002 (expected team: 0GamingHuzaiA)
10.06.2024 - 09:28:42 - [TAB v4.1.2] Something just tried to add player MinimumSquid into team 0002 (expected team: 7MinimumSquidA)
10.06.2024 - 09:28:53 - [TAB v4.1.2] Something just tried to add player MAK_Here into team 0002 (expected team: 0MAK_HereA)
10.06.2024 - 09:28:53 - [TAB v4.1.2] Something just tried to add player GamingHuzai into team 0002 (expected team: 0GamingHuzaiA)
10.06.2024 - 09:28:53 - [TAB v4.1.2] Something just tried to add player MinimumSquid into team 0002 (expected team: 7MinimumSquidA)
10.06.2024 - 09:29:19 - [TAB v4.1.2] Something just tried to add player MAK_Here into team 0002 (expected team: 0MAK_HereA)
10.06.2024 - 09:29:19 - [TAB v4.1.2] Something just tried to add player GamingHuzai into team 0002 (expected team: 0GamingHuzaiA)
10.06.2024 - 09:29:19 - [TAB v4.1.2] Something just tried to add player MinimumSquid into team 0002 (expected team: 7MinimumSquidA)
10.06.2024 - 09:29:19 - [TAB v4.1.2] Something just tried to add player Sam78Op into team 0002 (expected team: 0Sam78OpA)
10.06.2024 - 09:29:45 - [TAB v4.1.2] Something just tried to add player GamingHuzai into team 0002 (expected team: 0GamingHuzaiA)
10.06.2024 - 09:29:45 - [TAB v4.1.2] Something just tried to add player Sam78Op into team 0002 (expected team: 0Sam78OpA)
10.06.2024 - 09:29:45 - [TAB v4.1.2] Something just tried to add player MinimumSquid into team 0002 (expected team: 7MinimumSquidA)
10.06.2024 - 09:29:49 - [TAB v4.1.2] Something just tried to add player GamingHuzai into team 0002 (expected team: 0GamingHuzaiA)
10.06.2024 - 09:29:49 - [TAB v4.1.2] Something just tried to add player MinimumSquid into team 0002 (expected team: 7MinimumSquidA)
10.06.2024 - 09:33:02 - [TAB v4.1.2] Something just tried to add player GamingHuzai into team 0002 (expected team: 0GamingHuzaiA)
10.06.2024 - 09:33:02 - [TAB v4.1.2] Something just tried to add player MinimumSquid into team 0002 (expected team: 7MinimumSquidA)
10.06.2024 - 09:33:02 - [TAB v4.1.2] Something just tried to add player MAK_Here into team 0002 (expected team: 0MAK_HereA)
10.06.2024 - 09:41:02 - [TAB v4.1.2] Something just tried to add player MinimumSquid into team 0002 (expected team: 7MinimumSquidA)
10.06.2024 - 09:41:02 - [TAB v4.1.2] Something just tried to add player GamingHuzai into team 0002 (expected team: 0GamingHuzaiA)
10.06.2024 - 09:41:31 - [TAB v4.1.2] Something just tried to add player MinimumSquid into team 0002 (expected team: 7MinimumSquidA)
10.06.2024 - 09:41:31 - [TAB v4.1.2] Something just tried to add player GamingHuzai into team 0002 (expected team: 0GamingHuzaiA)
10.06.2024 - 09:41:31 - [TAB v4.1.2] Something just tried to add player MAK_Here into team 0002 (expected team: 0MAK_HereA)
10.06.2024 - 09:44:49 - [TAB v4.1.2] Something just tried to add player MinimumSquid into team 0002 (expected team: 7MinimumSquidA)
10.06.2024 - 09:44:49 - [TAB v4.1.2] Something just tried to add player GamingHuzai into team 0002 (expected team: 0GamingHuzaiA)
10.06.2024 - 09:52:46 - [TAB v4.1.2] Something just tried to add player MinimumSquid into team 0002 (expected team: 7MinimumSquidA)
10.06.2024 - 09:52:46 - [TAB v4.1.2] Something just tried to add player anas441 into team 0002 (expected team: 7anas441A)
10.06.2024 - 09:52:49 - [TAB v4.1.2] Something just tried to add player GamingHuzai into team 0002 (expected team: 0GamingHuzaiA)
10.06.2024 - 09:52:49 - [TAB v4.1.2] Something just tried to add player MinimumSquid into team 0002 (expected team: 7MinimumSquidA)
10.06.2024 - 09:52:49 - [TAB v4.1.2] Something just tried to add player MinimumSquid into team 0002 (expected team: 7MinimumSquidA)
10.06.2024 - 09:53:28 - [TAB v4.1.2] Something just tried to add player GamingHuzai into team 0002 (expected team: 0GamingHuzaiA)
10.06.2024 - 09:53:28 - [TAB v4.1.2] Something just tried to add player MinimumSquid into team 0002 (expected team: 7MinimumSquidA)
10.06.2024 - 09:53:28 - [TAB v4.1.2] Something just tried to add player anas441 into team 0002 (expected team: 7anas441A)
10.06.2024 - 09:53:32 - [TAB v4.1.2] Something just tried to add player GamingHuzai into team 0002 (expected team: 0GamingHuzaiA)
10.06.2024 - 09:53:32 - [TAB v4.1.2] Something just tried to add player MinimumSquid into team 0002 (expected team: 7MinimumSquidA)
10.06.2024 - 09:55:08 - [TAB v4.1.2] Something just tried to add player GamingHuzai into team 0002 (expected team: 0GamingHuzaiA)
10.06.2024 - 09:55:08 - [TAB v4.1.2] Something just tried to add player MAK_Here into team 0002 (expected team: 0MAK_HereA)
10.06.2024 - 09:55:40 - [TAB v4.1.2] Something just tried to add player MinimumSquid into team 0002 (expected team: 7MinimumSquidA)
10.06.2024 - 09:55:40 - [TAB v4.1.2] Something just tried to add player GamingHuzai into team 0002 (expected team: 0GamingHuzaiA)
10.06.2024 - 09:55:51 - [TAB v4.1.2] Something just tried to add player MinimumSquid into team 0002 (expected team: 7MinimumSquidA)
10.06.2024 - 09:55:51 - [TAB v4.1.2] Something just tried to add player GamingHuzai into team 0002 (expected team: 0GamingHuzaiA)
10.06.2024 - 09:55:51 - [TAB v4.1.2] Something just tried to add player MAK_Here into team 0002 (expected team: 0MAK_HereA)
10.06.2024 - 09:56:50 - [TAB v4.1.2] Something just tried to add player GamingHuzai into team 0002 (expected team: 0GamingHuzaiA)
10.06.2024 - 09:56:50 - [TAB v4.1.2] Something just tried to add player MinimumSquid into team 0002 (expected team: 7MinimumSquidA)
10.06.2024 - 09:57:29 - [TAB v4.1.2] Something just tried to add player GamingHuzai into team 0002 (expected team: 0GamingHuzaiA)
10.06.2024 - 09:57:29 - [TAB v4.1.2] Something just tried to add player MAK_Here into team 0002 (expected team: 0MAK_HereA)
10.06.2024 - 09:59:32 - [TAB v4.1.2] Something just tried to add player MinimumSquid into team 0002 (expected team: 7MinimumSquidA)
10.06.2024 - 09:59:32 - [TAB v4.1.2] Something just tried to add player GamingHuzai into team 0002 (expected team: 0GamingHuzaiA)
10.06.2024 - 09:59:53 - [TAB v4.1.2] Something just tried to add player MinimumSquid into team 0002 (expected team: 7MinimumSquidA)
10.06.2024 - 09:59:53 - [TAB v4.1.2] Something just tried to add player GamingHuzai into team 0002 (expected team: 0GamingHuzaiA)
10.06.2024 - 09:59:53 - [TAB v4.1.2] Something just tried to add player MAK_Here into team 0002 (expected team: 0MAK_HereA)
10.06.2024 - 10:02:40 - [TAB v4.1.2] Something just tried to add player MinimumSquid into team 0002 (expected team: 7MinimumSquidA)
10.06.2024 - 10:02:40 - [TAB v4.1.2] Something just tried to add player GamingHuzai into team 0002 (expected team: 0GamingHuzaiA)
10.06.2024 - 10:02:40 - [TAB v4.1.2] Something just tried to add player SOLER_PLAYS into team 0002 (expected team: 7SOLER_PLAYSA)
10.06.2024 - 10:05:59 - [TAB v4.1.2] Something just tried to add player MinimumSquid into team 0002 (expected team: 7MinimumSquidA)
10.06.2024 - 10:05:59 - [TAB v4.1.2] Something just tried to add player GamingHuzai into team 0002 (expected team: 0GamingHuzaiA)
10.06.2024 - 10:05:59 - [TAB v4.1.2] Something just tried to add player SOLER_PLAYS into team 0002 (expected team: 7SOLER_PLAYSA)
10.06.2024 - 10:06:11 - [TAB v4.1.2] Something just tried to add player MinimumSquid into team 0002 (expected team: 7MinimumSquidA)
10.06.2024 - 10:06:11 - [TAB v4.1.2] Something just tried to add player SOLER_PLAYS into team 0002 (expected team: 7SOLER_PLAYSA)
10.06.2024 - 10:06:11 - [TAB v4.1.2] Something just tried to add player GamingHuzai into team 0002 (expected team: 0GamingHuzaiA)
10.06.2024 - 10:06:11 - [TAB v4.1.2] Something just tried to add player MAK_Here into team 0002 (expected team: 0MAK_HereA)
10.06.2024 - 10:07:54 - [TAB v4.1.2] Something just tried to add player SOLER_PLAYS into team 0002 (expected team: 7SOLER_PLAYSA)
10.06.2024 - 10:07:54 - [TAB v4.1.2] Something just tried to add player GamingHuzai into team 0002 (expected team: 0GamingHuzaiA)
10.06.2024 - 10:07:54 - [TAB v4.1.2] Something just tried to add player MinimumSquid into team 0002 (expected team: 7MinimumSquidA)
10.06.2024 - 10:08:02 - [TAB v4.1.2] Something just tried to add player SOLER_PLAYS into team 0002 (expected team: 7SOLER_PLAYSA)
10.06.2024 - 10:08:02 - [TAB v4.1.2] Something just tried to add player GamingHuzai into team 0002 (expected team: 0GamingHuzaiA)
10.06.2024 - 10:08:02 - [TAB v4.1.2] Something just tried to add player MinimumSquid into team 0002 (expected team: 7MinimumSquidA)
10.06.2024 - 10:08:02 - [TAB v4.1.2] Something just tried to add player MinimumSquid into team 0002 (expected team: 7MinimumSquidA)
10.06.2024 - 10:08:02 - [TAB v4.1.2] Something just tried to add player MAK_Here into team 0002 (expected team: 0MAK_HereA)
10.06.2024 - 10:08:09 - [TAB v4.1.2] Something just tried to add player SOLER_PLAYS into team 0002 (expected team: 7SOLER_PLAYSA)
10.06.2024 - 10:08:09 - [TAB v4.1.2] Something just tried to add player MinimumSquid into team 0002 (expected team: 7MinimumSquidA)
10.06.2024 - 10:08:09 - [TAB v4.1.2] Something just tried to add player MAK_Here into team 0002 (expected team: 0MAK_HereA)
10.06.2024 - 10:08:28 - [TAB v4.1.2] Something just tried to add player SOLER_PLAYS into team 0002 (expected team: 7SOLER_PLAYSA)
10.06.2024 - 10:08:28 - [TAB v4.1.2] Something just tried to add player MinimumSquid into team 0002 (expected team: 7MinimumSquidA)
10.06.2024 - 10:08:47 - [TAB v4.1.2] Something just tried to add player SOLER_PLAYS into team 0002 (expected team: 7SOLER_PLAYSA)
10.06.2024 - 10:08:47 - [TAB v4.1.2] Something just tried to add player MinimumSquid into team 0002 (expected team: 7MinimumSquidA)
10.06.2024 - 10:08:47 - [TAB v4.1.2] Something just tried to add player MAK_Here into team 0002 (expected team: 0MAK_HereA)
10.06.2024 - 10:11:28 - [TAB v4.1.2] Something just tried to add player SOLER_PLAYS into team 0002 (expected team: 7SOLER_PLAYSA)
10.06.2024 - 10:11:28 - [TAB v4.1.2] Something just tried to add player MinimumSquid into team 0002 (expected team: 7MinimumSquidA)
10.06.2024 - 10:11:36 - [TAB v4.1.2] Something just tried to add player SOLER_PLAYS into team 0002 (expected team: 7SOLER_PLAYSA)
10.06.2024 - 10:11:36 - [TAB v4.1.2] Something just tried to add player MinimumSquid into team 0002 (expected team: 7MinimumSquidA)
10.06.2024 - 10:11:36 - [TAB v4.1.2] Something just tried to add player MAK_Here into team 0002 (expected team: 0MAK_HereA)
10.06.2024 - 10:12:44 - [TAB v4.1.2] Something just tried to add player SOLER_PLAYS into team 0002 (expected team: 7SOLER_PLAYSA)
10.06.2024 - 10:12:44 - [TAB v4.1.2] Something just tried to add player MAK_Here into team 0002 (expected team: 0MAK_HereA)
10.06.2024 - 10:13:21 - [TAB v4.1.2] Something just tried to add player KN_RealmWLS into team 0002 (expected team: 7KN_RealmWLSA)
10.06.2024 - 10:13:40 - [TAB v4.1.2] Something just tried to add player MAK_Here into team 0002 (expected team: 0MAK_HereA)
10.06.2024 - 10:13:40 - [TAB v4.1.2] Something just tried to add player KN_RealmWLS into team 0002 (expected team: 7KN_RealmWLSA)
10.06.2024 - 10:13:40 - [TAB v4.1.2] Something just tried to add player WaseeqGotRizz into team 0002 (expected team: 7WaseeqGotRizzA)
10.06.2024 - 10:14:29 - [TAB v4.1.2] Something just tried to add player MAK_Here into team 0002 (expected team: 0MAK_HereA)
10.06.2024 - 10:14:29 - [TAB v4.1.2] Something just tried to add player KN_RealmWLS into team 0002 (expected team: 7KN_RealmWLSA)
10.06.2024 - 10:14:57 - [TAB v4.1.2] Something just tried to add player MAK_Here into team 0002 (expected team: 0MAK_HereA)
10.06.2024 - 10:14:57 - [TAB v4.1.2] Something just tried to add player KN_RealmWLS into team 0002 (expected team: 7KN_RealmWLSA)
10.06.2024 - 10:14:57 - [TAB v4.1.2] Something just tried to add player GamingGuruVk into team 0002 (expected team: 7GamingGuruVkA)
10.06.2024 - 10:17:26 - [TAB v4.1.2] Something just tried to add player MAK_Here into team 0002 (expected team: 0MAK_HereA)
10.06.2024 - 10:17:26 - [TAB v4.1.2] Something just tried to add player GamingGuruVk into team 0002 (expected team: 7GamingGuruVkA)
10.06.2024 - 10:19:29 - [TAB v4.1.2] Something just tried to add player MAK_Here into team 0002 (expected team: 0MAK_HereA)
10.06.2024 - 10:19:29 - [TAB v4.1.2] Something just tried to add player GamingGuruVk into team 0002 (expected team: 7GamingGuruVkA)
10.06.2024 - 10:19:29 - [TAB v4.1.2] Something just tried to add player KN_RealmWLS into team 0002 (expected team: 7KN_RealmWLSA)
10.06.2024 - 10:24:26 - [TAB v4.1.2] Something just tried to add player MAK_Here into team 0002 (expected team: 0MAK_HereA)
10.06.2024 - 10:24:26 - [TAB v4.1.2] Something just tried to add player GamingGuruVk into team 0002 (expected team: 7GamingGuruVkA)
10.06.2024 - 10:24:31 - [TAB v4.1.2] Something just tried to add player MAK_Here into team 0002 (expected team: 0MAK_HereA)
10.06.2024 - 10:28:34 - [TAB v4.1.2] Something just tried to add player Devil5920 into team 0002 (expected team: 7Devil5920A)
10.06.2024 - 10:28:42 - [TAB v4.1.2] Something just tried to add player GamingHuzai into team 0002 (expected team: 0GamingHuzaiA)
10.06.2024 - 10:34:46 - [TAB v4.1.2] Something just tried to add player MAK_Here into team 0002 (expected team: 0MAK_HereA)
10.06.2024 - 10:51:05 - [TAB v4.1.2] Something just tried to add player MinimumSquid into team 0002 (expected team: 7MinimumSquidA)
10.06.2024 - 10:51:23 - [TAB v4.1.2] Something just tried to add player MAK_Here into team 0002 (expected team: 0MAK_HereA)
10.06.2024 - 11:27:13 - [TAB v4.1.2] Something just tried to add player HackerPlayz1_ into team 0002 (expected team: 7HackerPlayz1_A)
10.06.2024 - 11:34:17 - [TAB v4.1.2] Something just tried to add player GodXPro into team 0002 (expected team: 7GodXProA)
10.06.2024 - 12:50:19 - [TAB v4.1.2] Something just tried to add player MinimumSquid into team 0002 (expected team: 7MinimumSquidA)
10.06.2024 - 12:53:21 - [TAB v4.1.2] Something just tried to add player HackerPlayz1_ into team 0002 (expected team: 7HackerPlayz1_A)
10.06.2024 - 12:53:31 - [TAB v4.1.2] Something just tried to add player MinimumSquid into team 0002 (expected team: 7MinimumSquidA)
10.06.2024 - 12:53:31 - [TAB v4.1.2] Something just tried to add player HackerPlayz1_ into team 0002 (expected team: 7HackerPlayz1_A)
10.06.2024 - 12:53:31 - [TAB v4.1.2] Something just tried to add player GamingHuzai into team 0002 (expected team: 0GamingHuzaiA)
10.06.2024 - 12:53:46 - [TAB v4.1.2] Something just tried to add player MinimumSquid into team 0002 (expected team: 7MinimumSquidA)
10.06.2024 - 12:53:46 - [TAB v4.1.2] Something just tried to add player MinimumSquid into team 0002 (expected team: 7MinimumSquidA)
10.06.2024 - 12:53:46 - [TAB v4.1.2] Something just tried to add player GamingHuzai into team 0002 (expected team: 0GamingHuzaiA)
10.06.2024 - 12:54:13 - [TAB v4.1.2] Something just tried to add player MinimumSquid into team 0002 (expected team: 7MinimumSquidA)
10.06.2024 - 12:54:13 - [TAB v4.1.2] Something just tried to add player GamingHuzai into team 0002 (expected team: 0GamingHuzaiA)
10.06.2024 - 12:54:13 - [TAB v4.1.2] Something just tried to add player HackerPlayz1_ into team 0002 (expected team: 7HackerPlayz1_A)
10.06.2024 - 12:54:38 - [TAB v4.1.2] Something just tried to add player MinimumSquid into team 0002 (expected team: 7MinimumSquidA)
10.06.2024 - 12:54:38 - [TAB v4.1.2] Something just tried to add player HackerPlayz1_ into team 0002 (expected team: 7HackerPlayz1_A)
10.06.2024 - 12:54:44 - [TAB v4.1.2] Something just tried to add player MinimumSquid into team 0002 (expected team: 7MinimumSquidA)
10.06.2024 - 12:54:44 - [TAB v4.1.2] Something just tried to add player HackerPlayz1_ into team 0002 (expected team: 7HackerPlayz1_A)
10.06.2024 - 12:54:44 - [TAB v4.1.2] Something just tried to add player GamingHuzai into team 0002 (expected team: 0GamingHuzaiA)
10.06.2024 - 12:54:52 - [TAB v4.1.2] Something just tried to add player MinimumSquid into team 0002 (expected team: 7MinimumSquidA)
10.06.2024 - 12:54:52 - [TAB v4.1.2] Something just tried to add player HackerPlayz1_ into team 0002 (expected team: 7HackerPlayz1_A)
10.06.2024 - 12:54:55 - [TAB v4.1.2] Something just tried to add player MinimumSquid into team 0002 (expected team: 7MinimumSquidA)
10.06.2024 - 12:54:55 - [TAB v4.1.2] Something just tried to add player HackerPlayz1_ into team 0002 (expected team: 7HackerPlayz1_A)
10.06.2024 - 12:54:55 - [TAB v4.1.2] Something just tried to add player GamingHuzai into team 0002 (expected team: 0GamingHuzaiA)
10.06.2024 - 12:57:20 - [TAB v4.1.2] Something just tried to add player HackerPlayz1_ into team 0002 (expected team: 7HackerPlayz1_A)
10.06.2024 - 12:57:20 - [TAB v4.1.2] Something just tried to add player MinimumSquid into team 0002 (expected team: 7MinimumSquidA)
10.06.2024 - 12:57:25 - [TAB v4.1.2] Something just tried to add player HackerPlayz1_ into team 0002 (expected team: 7HackerPlayz1_A)
10.06.2024 - 12:57:25 - [TAB v4.1.2] Something just tried to add player MinimumSquid into team 0002 (expected team: 7MinimumSquidA)
10.06.2024 - 12:57:25 - [TAB v4.1.2] Something just tried to add player GamingHuzai into team 0002 (expected team: 0GamingHuzaiA)
10.06.2024 - 13:01:39 - [TAB v4.1.2] Something just tried to add player MinimumSquid into team 0002 (expected team: 7MinimumSquidA)
10.06.2024 - 13:01:39 - [TAB v4.1.2] Something just tried to add player GamingHuzai into team 0002 (expected team: 0GamingHuzaiA)
10.06.2024 - 13:01:39 - [TAB v4.1.2] Something just tried to add player HackerPlayz1_ into team 0002 (expected team: 7HackerPlayz1_A)
10.06.2024 - 13:01:39 - [TAB v4.1.2] Something just tried to add player MinimumSquid into team 0002 (expected team: 7MinimumSquidA)
10.06.2024 - 13:01:39 - [TAB v4.1.2] Something just tried to add player GamingHuzai into team 0002 (expected team: 0GamingHuzaiA)
10.06.2024 - 13:01:39 - [TAB v4.1.2] Something just tried to add player HackerPlayz1_ into team 0002 (expected team: 7HackerPlayz1_A)
10.06.2024 - 13:01:39 - [TAB v4.1.2] Something just tried to add player MinimumSquid into team 0002 (expected team: 7MinimumSquidA)
10.06.2024 - 13:01:39 - [TAB v4.1.2] Something just tried to add player HackerPlayz1_ into team 0002 (expected team: 7HackerPlayz1_A)
10.06.2024 - 13:01:39 - [TAB v4.1.2] Something just tried to add player GamingHuzai into team 0002 (expected team: 0GamingHuzaiA)
10.06.2024 - 13:01:39 - [TAB v4.1.2] Something just tried to add player HackerPlayz1_ into team 0002 (expected team: 7HackerPlayz1_A)
10.06.2024 - 13:01:39 - [TAB v4.1.2] Something just tried to add player MinimumSquid into team 0002 (expected team: 7MinimumSquidA)
10.06.2024 - 13:01:39 - [TAB v4.1.2] Something just tried to add player HackerPlayz1_ into team 0002 (expected team: 7HackerPlayz1_A)
10.06.2024 - 13:01:39 - [TAB v4.1.2] Something just tried to add player MinimumSquid into team 0002 (expected team: 7MinimumSquidA)
10.06.2024 - 13:01:39 - [TAB v4.1.2] Something just tried to add player GamingHuzai into team 0002 (expected team: 0GamingHuzaiA)
10.06.2024 - 13:01:39 - [TAB v4.1.2] Something just tried to add player MinimumSquid into team 0002 (expected team: 7MinimumSquidA)
10.06.2024 - 13:01:39 - [TAB v4.1.2] Something just tried to add player HackerPlayz1_ into team 0002 (expected team: 7HackerPlayz1_A)
10.06.2024 - 13:01:39 - [TAB v4.1.2] Something just tried to add player GamingHuzai into team 0002 (expected team: 0GamingHuzaiA)
10.06.2024 - 13:02:02 - [TAB v4.1.2] Something just tried to add player MinimumSquid into team 0002 (expected team: 7MinimumSquidA)
10.06.2024 - 13:02:13 - [TAB v4.1.2] Something just tried to add player GamingHuzai into team 0002 (expected team: 0GamingHuzaiA)
10.06.2024 - 13:02:13 - [TAB v4.1.2] Something just tried to add player MinimumSquid into team 0002 (expected team: 7MinimumSquidA)
10.06.2024 - 13:02:13 - [TAB v4.1.2] Something just tried to add player HackerPlayz1_ into team 0002 (expected team: 7HackerPlayz1_A)
10.06.2024 - 13:04:30 - [TAB v4.1.2] Something just tried to add player GamingHuzai into team 0002 (expected team: 0GamingHuzaiA)
10.06.2024 - 13:04:30 - [TAB v4.1.2] Something just tried to add player MinimumSquid into team 0002 (expected team: 7MinimumSquidA)
10.06.2024 - 13:04:30 - [TAB v4.1.2] Something just tried to add player GamingHuzai into team 0002 (expected team: 0GamingHuzaiA)
10.06.2024 - 13:04:30 - [TAB v4.1.2] Something just tried to add player GamingHuzai into team 0002 (expected team: 0GamingHuzaiA)
10.06.2024 - 13:04:30 - [TAB v4.1.2] Something just tried to add player HackerPlayz1_ into team 0002 (expected team: 7HackerPlayz1_A)
10.06.2024 - 13:04:30 - [TAB v4.1.2] Something just tried to add player MinimumSquid into team 0002 (expected team: 7MinimumSquidA)
10.06.2024 - 13:04:30 - [TAB v4.1.2] Something just tried to add player HackerPlayz1_ into team 0002 (expected team: 7HackerPlayz1_A)
10.06.2024 - 13:04:30 - [TAB v4.1.2] Something just tried to add player GamingHuzai into team 0002 (expected team: 0GamingHuzaiA)
10.06.2024 - 13:04:30 - [TAB v4.1.2] Something just tried to add player HackerPlayz1_ into team 0002 (expected team: 7HackerPlayz1_A)
10.06.2024 - 13:04:30 - [TAB v4.1.2] Something just tried to add player GamingHuzai into team 0002 (expected team: 0GamingHuzaiA)
10.06.2024 - 13:04:30 - [TAB v4.1.2] Something just tried to add player HackerPlayz1_ into team 0002 (expected team: 7HackerPlayz1_A)
10.06.2024 - 13:04:30 - [TAB v4.1.2] Something just tried to add player GamingHuzai into team 0002 (expected team: 0GamingHuzaiA)
10.06.2024 - 13:04:30 - [TAB v4.1.2] Something just tried to add player MinimumSquid into team 0002 (expected team: 7MinimumSquidA)
10.06.2024 - 13:04:30 - [TAB v4.1.2] Something just tried to add player HackerPlayz1_ into team 0002 (expected team: 7HackerPlayz1_A)
10.06.2024 - 13:04:30 - [TAB v4.1.2] Something just tried to add player MinimumSquid into team 0002 (expected team: 7MinimumSquidA)
10.06.2024 - 13:04:30 - [TAB v4.1.2] Something just tried to add player GamingHuzai into team 0002 (expected team: 0GamingHuzaiA)
10.06.2024 - 13:04:30 - [TAB v4.1.2] Something just tried to add player MinimumSquid into team 0002 (expected team: 7MinimumSquidA)
10.06.2024 - 13:04:30 - [TAB v4.1.2] Something just tried to add player HackerPlayz1_ into team 0002 (expected team: 7HackerPlayz1_A)
10.06.2024 - 13:04:30 - [TAB v4.1.2] Something just tried to add player MinimumSquid into team 0002 (expected team: 7MinimumSquidA)
10.06.2024 - 13:04:40 - [TAB v4.1.2] Something just tried to add player GamingHuzai into team 0002 (expected team: 0GamingHuzaiA)
10.06.2024 - 13:04:40 - [TAB v4.1.2] Something just tried to add player MinimumSquid into team 0002 (expected team: 7MinimumSquidA)
10.06.2024 - 13:04:40 - [TAB v4.1.2] Something just tried to add player HackerPlayz1_ into team 0002 (expected team: 7HackerPlayz1_A)
10.06.2024 - 13:04:40 - [TAB v4.1.2] Something just tried to add player MinimumSquid into team 0002 (expected team: 7MinimumSquidA)
10.06.2024 - 13:04:40 - [TAB v4.1.2] Something just tried to add player HackerPlayz1_ into team 0002 (expected team: 7HackerPlayz1_A)
10.06.2024 - 13:04:40 - [TAB v4.1.2] Something just tried to add player MinimumSquid into team 0002 (expected team: 7MinimumSquidA)
10.06.2024 - 13:04:40 - [TAB v4.1.2] Something just tried to add player GamingHuzai into team 0002 (expected team: 0GamingHuzaiA)
10.06.2024 - 13:04:40 - [TAB v4.1.2] Something just tried to add player MinimumSquid into team 0002 (expected team: 7MinimumSquidA)
10.06.2024 - 13:04:40 - [TAB v4.1.2] Something just tried to add player HackerPlayz1_ into team 0002 (expected team: 7HackerPlayz1_A)
10.06.2024 - 13:04:40 - [TAB v4.1.2] Something just tried to add player MinimumSquid into team 0002 (expected team: 7MinimumSquidA)
10.06.2024 - 13:04:40 - [TAB v4.1.2] Something just tried to add player GamingHuzai into team 0002 (expected team: 0GamingHuzaiA)
10.06.2024 - 13:04:40 - [TAB v4.1.2] Something just tried to add player MinimumSquid into team 0002 (expected team: 7MinimumSquidA)
10.06.2024 - 13:04:40 - [TAB v4.1.2] Something just tried to add player HackerPlayz1_ into team 0002 (expected team: 7HackerPlayz1_A)
10.06.2024 - 13:04:40 - [TAB v4.1.2] Something just tried to add player MinimumSquid into team 0002 (expected team: 7MinimumSquidA)
10.06.2024 - 13:05:34 - [TAB v4.1.2] Something just tried to add player MinimumSquid into team 0002 (expected team: 8MinimumSquidA)
10.06.2024 - 13:05:34 - [TAB v4.1.2] Something just tried to add player GamingHuzai into team 0002 (expected team: 0GamingHuzaiA)
10.06.2024 - 13:05:44 - [TAB v4.1.2] Something just tried to add player MinimumSquid into team 0002 (expected team: 8MinimumSquidA)
10.06.2024 - 13:05:44 - [TAB v4.1.2] Something just tried to add player GamingHuzai into team 0002 (expected team: 0GamingHuzaiA)
10.06.2024 - 13:05:44 - [TAB v4.1.2] Something just tried to add player HackerPlayz1_ into team 0002 (expected team: 7HackerPlayz1_A)
10.06.2024 - 13:08:00 - [TAB v4.1.2] Something just tried to add player GamingHuzai into team 0002 (expected team: 0GamingHuzaiA)
10.06.2024 - 13:08:00 - [TAB v4.1.2] Something just tried to add player MinimumSquid into team 0002 (expected team: 3MinimumSquidA)
10.06.2024 - 13:09:00 - [TAB v4.1.2] Something just tried to add player GamingHuzai into team 0002 (expected team: 0GamingHuzaiA)
10.06.2024 - 13:09:00 - [TAB v4.1.2] Something just tried to add player MinimumSquid into team 0002 (expected team: 1MinimumSquidA)
10.06.2024 - 13:09:00 - [TAB v4.1.2] Something just tried to add player _Rudra_Playz_ into team 0002 (expected team: 2_Rudra_Playz_A)
10.06.2024 - 13:10:42 - [TAB v4.1.2] Something just tried to add player GamingHuzai into team 0002 (expected team: 0GamingHuzaiA)
10.06.2024 - 13:10:42 - [TAB v4.1.2] Something just tried to add player MinimumSquid into team 0002 (expected team: 1MinimumSquidA)
10.06.2024 - 13:31:48 - [TAB v4.1.2] Something just tried to add player GamingHuzai into team 0002 (expected team: 0GamingHuzaiA)
10.06.2024 - 13:31:48 - [TAB v4.1.2] Something just tried to add player MAK_Here into team 0002 (expected team: 0MAK_HereA)
10.06.2024 - 13:31:55 - [TAB v4.1.2] Something just tried to add player MinimumSquid into team 0002 (expected team: 1MinimumSquidA)
10.06.2024 - 13:31:55 - [TAB v4.1.2] Something just tried to add player GamingHuzai into team 0002 (expected team: 0GamingHuzaiA)
10.06.2024 - 13:31:55 - [TAB v4.1.2] Something just tried to add player MAK_Here into team 0002 (expected team: 0MAK_HereA)
10.06.2024 - 13:31:55 - [TAB v4.1.2] Something just tried to add player Fazer_Fight into team 0002 (expected team: 2Fazer_FightA)
10.06.2024 - 13:32:18 - [TAB v4.1.2] Something just tried to add player MinimumSquid into team 0002 (expected team: 1MinimumSquidA)
10.06.2024 - 13:32:18 - [TAB v4.1.2] Something just tried to add player MAK_Here into team 0002 (expected team: 0MAK_HereA)
10.06.2024 - 13:32:18 - [TAB v4.1.2] Something just tried to add player Fazer_Fight into team 0002 (expected team: 2Fazer_FightA)
10.06.2024 - 13:32:23 - [TAB v4.1.2] Something just tried to add player MinimumSquid into team 0002 (expected team: 1MinimumSquidA)
10.06.2024 - 13:32:23 - [TAB v4.1.2] Something just tried to add player Fazer_Fight into team 0002 (expected team: 2Fazer_FightA)
10.06.2024 - 13:32:30 - [TAB v4.1.2] Something just tried to add player MinimumSquid into team 0002 (expected team: 1MinimumSquidA)
10.06.2024 - 13:32:30 - [TAB v4.1.2] Something just tried to add player Fazer_Fight into team 0002 (expected team: 2Fazer_FightA)
10.06.2024 - 13:32:30 - [TAB v4.1.2] Something just tried to add player MAK_Here into team 0002 (expected team: 0MAK_HereA)
10.06.2024 - 13:33:28 - [TAB v4.1.2] Something just tried to add player Fazer_Fight into team 0002 (expected team: 2Fazer_FightA)
10.06.2024 - 13:33:28 - [TAB v4.1.2] Something just tried to add player MAK_Here into team 0002 (expected team: 0MAK_HereA)
10.06.2024 - 13:33:28 - [TAB v4.1.2] Something just tried to add player MinimumSquid into team 0002 (expected team: 1MinimumSquidA)
10.06.2024 - 13:33:28 - [TAB v4.1.2] Something just tried to add player GamingHuzai into team 0002 (expected team: 0GamingHuzaiA)
10.06.2024 - 13:33:50 - [TAB v4.1.2] Something just tried to add player Fazer_Fight into team 0002 (expected team: 2Fazer_FightA)
10.06.2024 - 13:33:50 - [TAB v4.1.2] Something just tried to add player GamingHuzai into team 0002 (expected team: 0GamingHuzaiA)
10.06.2024 - 13:33:50 - [TAB v4.1.2] Something just tried to add player MinimumSquid into team 0002 (expected team: 1MinimumSquidA)
10.06.2024 - 13:34:01 - [TAB v4.1.2] Something just tried to add player Fazer_Fight into team 0002 (expected team: 2Fazer_FightA)
10.06.2024 - 13:34:01 - [TAB v4.1.2] Something just tried to add player GamingHuzai into team 0002 (expected team: 0GamingHuzaiA)
10.06.2024 - 13:34:01 - [TAB v4.1.2] Something just tried to add player MinimumSquid into team 0002 (expected team: 1MinimumSquidA)
10.06.2024 - 13:34:01 - [TAB v4.1.2] Something just tried to add player MAK_Here into team 0002 (expected team: 0MAK_HereA)
10.06.2024 - 13:34:46 - [TAB v4.1.2] Something just tried to add player Fazer_Fight into team 0002 (expected team: 2Fazer_FightA)
10.06.2024 - 13:34:46 - [TAB v4.1.2] Something just tried to add player GamingHuzai into team 0002 (expected team: 0GamingHuzaiA)
10.06.2024 - 13:34:46 - [TAB v4.1.2] Something just tried to add player MinimumSquid into team 0002 (expected team: 1MinimumSquidA)
10.06.2024 - 13:34:46 - [TAB v4.1.2] Something just tried to add player Fazer_Fight into team 0002 (expected team: 2Fazer_FightA)
10.06.2024 - 13:34:46 - [TAB v4.1.2] Something just tried to add player MAK_Here into team 0002 (expected team: 0MAK_HereA)
10.06.2024 - 13:34:46 - [TAB v4.1.2] Something just tried to add player GamingHuzai into team 0002 (expected team: 0GamingHuzaiA)
10.06.2024 - 13:34:46 - [TAB v4.1.2] Something just tried to add player Fazer_Fight into team 0002 (expected team: 2Fazer_FightA)
10.06.2024 - 13:34:46 - [TAB v4.1.2] Something just tried to add player MinimumSquid into team 0002 (expected team: 1MinimumSquidA)
10.06.2024 - 13:34:46 - [TAB v4.1.2] Something just tried to add player Fazer_Fight into team 0002 (expected team: 2Fazer_FightA)
10.06.2024 - 13:34:46 - [TAB v4.1.2] Something just tried to add player GamingHuzai into team 0002 (expected team: 0GamingHuzaiA)
10.06.2024 - 13:34:46 - [TAB v4.1.2] Something just tried to add player MAK_Here into team 0002 (expected team: 0MAK_HereA)
10.06.2024 - 13:34:46 - [TAB v4.1.2] Something just tried to add player Fazer_Fight into team 0002 (expected team: 2Fazer_FightA)
10.06.2024 - 13:34:46 - [TAB v4.1.2] Something just tried to add player MinimumSquid into team 0002 (expected team: 1MinimumSquidA)
10.06.2024 - 13:34:46 - [TAB v4.1.2] Something just tried to add player Fazer_Fight into team 0002 (expected team: 2Fazer_FightA)
10.06.2024 - 13:34:46 - [TAB v4.1.2] Something just tried to add player MAK_Here into team 0002 (expected team: 0MAK_HereA)
10.06.2024 - 13:34:46 - [TAB v4.1.2] Something just tried to add player Fazer_Fight into team 0002 (expected team: 2Fazer_FightA)
10.06.2024 - 13:34:46 - [TAB v4.1.2] Something just tried to add player MAK_Here into team 0002 (expected team: 0MAK_HereA)
10.06.2024 - 13:34:46 - [TAB v4.1.2] Something just tried to add player Fazer_Fight into team 0002 (expected team: 2Fazer_FightA)
10.06.2024 - 13:34:46 - [TAB v4.1.2] Something just tried to add player GamingHuzai into team 0002 (expected team: 0GamingHuzaiA)
10.06.2024 - 13:34:46 - [TAB v4.1.2] Something just tried to add player Fazer_Fight into team 0002 (expected team: 2Fazer_FightA)
10.06.2024 - 13:34:46 - [TAB v4.1.2] Something just tried to add player MinimumSquid into team 0002 (expected team: 1MinimumSquidA)
10.06.2024 - 13:34:46 - [TAB v4.1.2] Something just tried to add player GamingHuzai into team 0002 (expected team: 0GamingHuzaiA)
10.06.2024 - 13:34:46 - [TAB v4.1.2] Something just tried to add player MAK_Here into team 0002 (expected team: 0MAK_HereA)
10.06.2024 - 13:34:46 - [TAB v4.1.2] Something just tried to add player MinimumSquid into team 0002 (expected team: 1MinimumSquidA)
10.06.2024 - 13:34:46 - [TAB v4.1.2] Something just tried to add player MAK_Here into team 0002 (expected team: 0MAK_HereA)
10.06.2024 - 13:34:46 - [TAB v4.1.2] Something just tried to add player MinimumSquid into team 0002 (expected team: 1MinimumSquidA)
10.06.2024 - 13:34:46 - [TAB v4.1.2] Something just tried to add player GamingHuzai into team 0002 (expected team: 0GamingHuzaiA)
10.06.2024 - 13:35:16 - [TAB v4.1.2] Something just tried to add player Fazer_Fight into team 0002 (expected team: 2Fazer_FightA)
10.06.2024 - 13:35:16 - [TAB v4.1.2] Something just tried to add player GamingHuzai into team 0002 (expected team: 0GamingHuzaiA)
10.06.2024 - 13:35:16 - [TAB v4.1.2] Something just tried to add player MinimumSquid into team 0002 (expected team: 1MinimumSquidA)
10.06.2024 - 13:35:16 - [TAB v4.1.2] Something just tried to add player MAK_Here into team 0002 (expected team: 0MAK_HereA)
10.06.2024 - 13:35:16 - [TAB v4.1.2] Something just tried to add player Fazer_Fight into team 0002 (expected team: 2Fazer_FightA)
10.06.2024 - 13:35:16 - [TAB v4.1.2] Something just tried to add player GamingHuzai into team 0002 (expected team: 0GamingHuzaiA)
10.06.2024 - 13:35:16 - [TAB v4.1.2] Something just tried to add player MinimumSquid into team 0002 (expected team: 1MinimumSquidA)
10.06.2024 - 13:35:16 - [TAB v4.1.2] Something just tried to add player MAK_Here into team 0002 (expected team: 0MAK_HereA)
10.06.2024 - 13:35:16 - [TAB v4.1.2] Something just tried to add player GamingHuzai into team 0002 (expected team: 0GamingHuzaiA)
10.06.2024 - 13:35:16 - [TAB v4.1.2] Something just tried to add player Fazer_Fight into team 0002 (expected team: 2Fazer_FightA)
10.06.2024 - 13:35:16 - [TAB v4.1.2] Something just tried to add player GamingHuzai into team 0002 (expected team: 0GamingHuzaiA)
10.06.2024 - 13:35:16 - [TAB v4.1.2] Something just tried to add player MinimumSquid into team 0002 (expected team: 1MinimumSquidA)
10.06.2024 - 13:35:16 - [TAB v4.1.2] Something just tried to add player MAK_Here into team 0002 (expected team: 0MAK_HereA)
10.06.2024 - 13:35:16 - [TAB v4.1.2] Something just tried to add player Fazer_Fight into team 0002 (expected team: 2Fazer_FightA)
10.06.2024 - 13:35:16 - [TAB v4.1.2] Something just tried to add player GamingHuzai into team 0002 (expected team: 0GamingHuzaiA)
10.06.2024 - 13:35:16 - [TAB v4.1.2] Something just tried to add player MinimumSquid into team 0002 (expected team: 1MinimumSquidA)
10.06.2024 - 13:35:16 - [TAB v4.1.2] Something just tried to add player MAK_Here into team 0002 (expected team: 0MAK_HereA)
10.06.2024 - 13:35:16 - [TAB v4.1.2] Something just tried to add player MinimumSquid into team 0002 (expected team: 1MinimumSquidA)
10.06.2024 - 13:35:48 - [TAB v4.1.2] Something just tried to add player Fazer_Fight into team 0002 (expected team: 2Fazer_FightA)
10.06.2024 - 13:35:48 - [TAB v4.1.2] Something just tried to add player GamingHuzai into team 0002 (expected team: 0GamingHuzaiA)
10.06.2024 - 13:35:48 - [TAB v4.1.2] Something just tried to add player MinimumSquid into team 0002 (expected team: 1MinimumSquidA)
10.06.2024 - 13:36:05 - [TAB v4.1.2] Something just tried to add player Fazer_Fight into team 0002 (expected team: 2Fazer_FightA)
10.06.2024 - 13:36:05 - [TAB v4.1.2] Something just tried to add player GamingHuzai into team 0002 (expected team: 0GamingHuzaiA)
10.06.2024 - 13:36:05 - [TAB v4.1.2] Something just tried to add player MinimumSquid into team 0002 (expected team: 1MinimumSquidA)
10.06.2024 - 13:36:05 - [TAB v4.1.2] Something just tried to add player Fazer_Fight into team 0002 (expected team: 2Fazer_FightA)
10.06.2024 - 13:36:05 - [TAB v4.1.2] Something just tried to add player GamingHuzai into team 0002 (expected team: 0GamingHuzaiA)
10.06.2024 - 13:36:05 - [TAB v4.1.2] Something just tried to add player MinimumSquid into team 0002 (expected team: 1MinimumSquidA)
10.06.2024 - 13:36:05 - [TAB v4.1.2] Something just tried to add player Fazer_Fight into team 0002 (expected team: 2Fazer_FightA)
10.06.2024 - 13:36:05 - [TAB v4.1.2] Something just tried to add player GamingHuzai into team 0002 (expected team: 0GamingHuzaiA)
10.06.2024 - 13:36:05 - [TAB v4.1.2] Something just tried to add player Fazer_Fight into team 0002 (expected team: 2Fazer_FightA)
10.06.2024 - 13:36:05 - [TAB v4.1.2] Something just tried to add player MinimumSquid into team 0002 (expected team: 1MinimumSquidA)
10.06.2024 - 13:36:05 - [TAB v4.1.2] Something just tried to add player GamingHuzai into team 0002 (expected team: 0GamingHuzaiA)
10.06.2024 - 13:36:05 - [TAB v4.1.2] Something just tried to add player Fazer_Fight into team 0002 (expected team: 2Fazer_FightA)
10.06.2024 - 13:36:05 - [TAB v4.1.2] Something just tried to add player GamingHuzai into team 0002 (expected team: 0GamingHuzaiA)
10.06.2024 - 13:36:05 - [TAB v4.1.2] Something just tried to add player MinimumSquid into team 0002 (expected team: 1MinimumSquidA)
10.06.2024 - 13:36:47 - [TAB v4.1.2] Something just tried to add player Fazer_Fight into team 0002 (expected team: 2Fazer_FightA)
10.06.2024 - 13:36:47 - [TAB v4.1.2] Something just tried to add player GamingHuzai into team 0002 (expected team: 0GamingHuzaiA)
10.06.2024 - 13:36:47 - [TAB v4.1.2] Something just tried to add player MinimumSquid into team 0002 (expected team: 1MinimumSquidA)
10.06.2024 - 13:36:47 - [TAB v4.1.2] Something just tried to add player Fazer_Fight into team 0002 (expected team: 2Fazer_FightA)
10.06.2024 - 13:36:47 - [TAB v4.1.2] Something just tried to add player GamingHuzai into team 0002 (expected team: 0GamingHuzaiA)
10.06.2024 - 13:36:47 - [TAB v4.1.2] Something just tried to add player Fazer_Fight into team 0002 (expected team: 2Fazer_FightA)
10.06.2024 - 13:36:47 - [TAB v4.1.2] Something just tried to add player MinimumSquid into team 0002 (expected team: 1MinimumSquidA)
10.06.2024 - 13:36:47 - [TAB v4.1.2] Something just tried to add player Fazer_Fight into team 0002 (expected team: 2Fazer_FightA)
10.06.2024 - 13:36:47 - [TAB v4.1.2] Something just tried to add player GamingHuzai into team 0002 (expected team: 0GamingHuzaiA)
10.06.2024 - 13:36:47 - [TAB v4.1.2] Something just tried to add player MinimumSquid into team 0002 (expected team: 1MinimumSquidA)
10.06.2024 - 13:36:47 - [TAB v4.1.2] Something just tried to add player GamingHuzai into team 0002 (expected team: 0GamingHuzaiA)
10.06.2024 - 13:36:47 - [TAB v4.1.2] Something just tried to add player Fazer_Fight into team 0002 (expected team: 2Fazer_FightA)
10.06.2024 - 13:36:47 - [TAB v4.1.2] Something just tried to add player GamingHuzai into team 0002 (expected team: 0GamingHuzaiA)
10.06.2024 - 13:36:47 - [TAB v4.1.2] Something just tried to add player MinimumSquid into team 0002 (expected team: 1MinimumSquidA)
10.06.2024 - 13:37:19 - [TAB v4.1.2] Something just tried to add player Fazer_Fight into team 0002 (expected team: 2Fazer_FightA)
10.06.2024 - 13:37:19 - [TAB v4.1.2] Something just tried to add player MinimumSquid into team 0002 (expected team: 1MinimumSquidA)
10.06.2024 - 13:37:23 - [TAB v4.1.2] Something just tried to add player Fazer_Fight into team 0002 (expected team: 2Fazer_FightA)
10.06.2024 - 13:37:23 - [TAB v4.1.2] Something just tried to add player MinimumSquid into team 0002 (expected team: 1MinimumSquidA)
10.06.2024 - 13:37:23 - [TAB v4.1.2] Something just tried to add player GamingHuzai into team 0002 (expected team: 0GamingHuzaiA)
10.06.2024 - 13:37:59 - [TAB v4.1.2] Something just tried to add player Fazer_Fight into team 0002 (expected team: 2Fazer_FightA)
10.06.2024 - 13:37:59 - [TAB v4.1.2] Something just tried to add player MinimumSquid into team 0002 (expected team: 1MinimumSquidA)
10.06.2024 - 13:37:59 - [TAB v4.1.2] Something just tried to add player GamingHuzai into team 0002 (expected team: 0GamingHuzaiA)
10.06.2024 - 13:37:59 - [TAB v4.1.2] Something just tried to add player MAK_Here into team 0002 (expected team: 0MAK_HereA)
10.06.2024 - 13:39:31 - [TAB v4.1.2] Something just tried to add player Fazer_Fight into team 0002 (expected team: 2Fazer_FightA)
10.06.2024 - 13:39:31 - [TAB v4.1.2] Something just tried to add player GamingHuzai into team 0002 (expected team: 0GamingHuzaiA)
10.06.2024 - 13:39:31 - [TAB v4.1.2] Something just tried to add player MinimumSquid into team 0002 (expected team: 1MinimumSquidA)
10.06.2024 - 13:47:17 - [TAB v4.1.2] Something just tried to add player Fazer_Fight into team 0002 (expected team: 2Fazer_FightA)
10.06.2024 - 13:47:17 - [TAB v4.1.2] Something just tried to add player MinimumSquid into team 0002 (expected team: 1MinimumSquidA)
10.06.2024 - 13:47:22 - [TAB v4.1.2] Something just tried to add player Fazer_Fight into team 0002 (expected team: 2Fazer_FightA)
10.06.2024 - 13:47:22 - [TAB v4.1.2] Something just tried to add player MinimumSquid into team 0002 (expected team: 1MinimumSquidA)
10.06.2024 - 13:47:22 - [TAB v4.1.2] Something just tried to add player GamingHuzai into team 0002 (expected team: 0GamingHuzaiA)
10.06.2024 - 13:48:49 - [TAB v4.1.2] Something just tried to add player Fazer_Fight into team 0002 (expected team: 2Fazer_FightA)
10.06.2024 - 13:48:49 - [TAB v4.1.2] Something just tried to add player MinimumSquid into team 0002 (expected team: 1MinimumSquidA)
10.06.2024 - 13:48:54 - [TAB v4.1.2] Something just tried to add player Fazer_Fight into team 0002 (expected team: 2Fazer_FightA)
10.06.2024 - 13:48:54 - [TAB v4.1.2] Something just tried to add player MinimumSquid into team 0002 (expected team: 1MinimumSquidA)
10.06.2024 - 13:48:54 - [TAB v4.1.2] Something just tried to add player GamingHuzai into team 0002 (expected team: 0GamingHuzaiA)
10.06.2024 - 13:49:34 - [TAB v4.1.2] Something just tried to add player Fazer_Fight into team 0002 (expected team: 2Fazer_FightA)
10.06.2024 - 13:49:34 - [TAB v4.1.2] Something just tried to add player MinimumSquid into team 0002 (expected team: 1MinimumSquidA)
10.06.2024 - 13:49:40 - [TAB v4.1.2] Something just tried to add player Fazer_Fight into team 0002 (expected team: 2Fazer_FightA)
10.06.2024 - 13:49:40 - [TAB v4.1.2] Something just tried to add player MinimumSquid into team 0002 (expected team: 1MinimumSquidA)
10.06.2024 - 13:49:40 - [TAB v4.1.2] Something just tried to add player GamingHuzai into team 0002 (expected team: 0GamingHuzaiA)
10.06.2024 - 13:52:05 - [TAB v4.1.2] Something just tried to add player MinimumSquid into team 0002 (expected team: 1MinimumSquidA)
10.06.2024 - 13:52:05 - [TAB v4.1.2] Something just tried to add player Fazer_Fight into team 0002 (expected team: 2Fazer_FightA)
10.06.2024 - 13:52:10 - [TAB v4.1.2] Something just tried to add player MinimumSquid into team 0002 (expected team: 1MinimumSquidA)
10.06.2024 - 13:52:10 - [TAB v4.1.2] Something just tried to add player Fazer_Fight into team 0002 (expected team: 2Fazer_FightA)
10.06.2024 - 13:52:10 - [TAB v4.1.2] Something just tried to add player GamingHuzai into team 0002 (expected team: 0GamingHuzaiA)
10.06.2024 - 13:53:22 - [TAB v4.1.2] Something just tried to add player MinimumSquid into team 0002 (expected team: 1MinimumSquidA)
10.06.2024 - 13:53:22 - [TAB v4.1.2] Something just tried to add player GamingHuzai into team 0002 (expected team: 0GamingHuzaiA)
10.06.2024 - 13:57:04 - [TAB v4.1.2] Something just tried to add player MinimumSquid into team 0002 (expected team: 1MinimumSquidA)
10.06.2024 - 13:57:04 - [TAB v4.1.2] Something just tried to add player GamingHuzai into team 0002 (expected team: 0GamingHuzaiA)
10.06.2024 - 13:57:04 - [TAB v4.1.2] Something just tried to add player MAK_Here into team 0002 (expected team: 0MAK_HereA)
10.06.2024 - 13:58:10 - [TAB v4.1.2] Something just tried to add player MinimumSquid into team 0002 (expected team: 1MinimumSquidA)
10.06.2024 - 13:58:10 - [TAB v4.1.2] Something just tried to add player MinimumSquid into team 0002 (expected team: 1MinimumSquidA)
10.06.2024 - 13:58:10 - [TAB v4.1.2] Something just tried to add player MAK_Here into team 0002 (expected team: 0MAK_HereA)
10.06.2024 - 13:58:10 - [TAB v4.1.2] Something just tried to add player GamingHuzai into team 0002 (expected team: 0GamingHuzaiA)
10.06.2024 - 13:58:10 - [TAB v4.1.2] Something just tried to add player diganth_ into team 0002 (expected team: 2diganth_A)
10.06.2024 - 13:58:37 - [TAB v4.1.2] Something just tried to add player MinimumSquid into team 0002 (expected team: 1MinimumSquidA)
10.06.2024 - 13:58:37 - [TAB v4.1.2] Something just tried to add player MAK_Here into team 0002 (expected team: 0MAK_HereA)
10.06.2024 - 13:58:37 - [TAB v4.1.2] Something just tried to add player diganth_ into team 0002 (expected team: 2diganth_A)
10.06.2024 - 13:58:41 - [TAB v4.1.2] Something just tried to add player MinimumSquid into team 0002 (expected team: 1MinimumSquidA)
10.06.2024 - 13:58:41 - [TAB v4.1.2] Something just tried to add player MAK_Here into team 0002 (expected team: 0MAK_HereA)
10.06.2024 - 13:58:41 - [TAB v4.1.2] Something just tried to add player diganth_ into team 0002 (expected team: 2diganth_A)
10.06.2024 - 13:58:41 - [TAB v4.1.2] Something just tried to add player GamingHuzai into team 0002 (expected team: 0GamingHuzaiA)
10.06.2024 - 13:58:47 - [TAB v4.1.2] Something just tried to add player MinimumSquid into team 0002 (expected team: 1MinimumSquidA)
10.06.2024 - 13:58:47 - [TAB v4.1.2] Something just tried to add player MAK_Here into team 0002 (expected team: 0MAK_HereA)
10.06.2024 - 13:58:47 - [TAB v4.1.2] Something just tried to add player diganth_ into team 0002 (expected team: 2diganth_A)
10.06.2024 - 14:00:14 - [TAB v4.1.2] Something just tried to add player MinimumSquid into team 0002 (expected team: 1MinimumSquidA)
10.06.2024 - 14:00:14 - [TAB v4.1.2] Something just tried to add player diganth_ into team 0002 (expected team: 2diganth_A)
10.06.2024 - 14:04:08 - [TAB v4.1.2] Something just tried to add player MinimumSquid into team 0002 (expected team: 1MinimumSquidA)
10.06.2024 - 14:54:15 - [TAB v4.1.2] Something just tried to add player ZEROXFFF into team 0002 (expected team: 2ZEROXFFFA)
10.06.2024 - 15:13:13 - [TAB v4.1.2] Something just tried to add player CPvP_Op into team 0002 (expected team: 2CPvP_OpA)
10.06.2024 - 16:07:33 - [TAB v4.1.2] Something just tried to add player Karan_890 into team 0002 (expected team: 2Karan_890A)
10.06.2024 - 17:12:54 - [TAB v4.1.2] Something just tried to add player PojavLegend2 into team 0002 (expected team: 2PojavLegend2A)
10.06.2024 - 18:33:12 - [TAB v4.1.2] Something just tried to add player Itz_Opp into team 0002 (expected team: 0Itz_OppA)
10.06.2024 - 18:34:38 - [TAB v4.1.2] Something just tried to add player Abubokkor94 into team 0002 (expected team: 2Abubokkor94A)
10.06.2024 - 18:37:07 - [TAB v4.1.2] Something just tried to add player Itz_Opp into team 0002 (expected team: 0Itz_OppA)
10.06.2024 - 18:37:07 - [TAB v4.1.2] Something just tried to add player Abubokkor94 into team 0002 (expected team: 2Abubokkor94A)
10.06.2024 - 18:37:07 - [TAB v4.1.2] Something just tried to add player _ZOANZ_ into team 0002 (expected team: 2_ZOANZ_A)
10.06.2024 - 18:37:48 - [TAB v4.1.2] Something just tried to add player Itz_Opp into team 0002 (expected team: 0Itz_OppA)
10.06.2024 - 18:37:48 - [TAB v4.1.2] Something just tried to add player Itz_Opp into team 0002 (expected team: 0Itz_OppA)
10.06.2024 - 18:37:48 - [TAB v4.1.2] Something just tried to add player Abubokkor94 into team 0002 (expected team: 2Abubokkor94A)
10.06.2024 - 18:37:48 - [TAB v4.1.2] Something just tried to add player _ZOANZ_ into team 0002 (expected team: 2_ZOANZ_A)
10.06.2024 - 18:37:48 - [TAB v4.1.2] Something just tried to add player YTDEMON_BG into team 0002 (expected team: 2YTDEMON_BGA)
10.06.2024 - 18:39:46 - [TAB v4.1.2] Something just tried to add player Abubokkor94 into team 0002 (expected team: 2Abubokkor94A)
10.06.2024 - 18:39:46 - [TAB v4.1.2] Something just tried to add player YTDEMON_BG into team 0002 (expected team: 2YTDEMON_BGA)
10.06.2024 - 18:39:46 - [TAB v4.1.2] Something just tried to add player Itz_Opp into team 0002 (expected team: 0Itz_OppA)
10.06.2024 - 18:45:10 - [TAB v4.1.2] Something just tried to add player YTDEMON_BG into team 0002 (expected team: 2YTDEMON_BGA)
10.06.2024 - 18:45:33 - [TAB v4.1.2] Something just tried to add player Itz_Opp into team 0002 (expected team: 0Itz_OppA)
10.06.2024 - 18:46:51 - [TAB v4.1.2] Something just tried to add player Bariadewan01 into team 0002 (expected team: 2Bariadewan01A)
10.06.2024 - 18:46:54 - [TAB v4.1.2] Something just tried to add player Itz_Opp into team 0002 (expected team: 0Itz_OppA)
10.06.2024 - 18:47:30 - [TAB v4.1.2] Something just tried to add player Bariadewan01 into team 0002 (expected team: 2Bariadewan01A)
10.06.2024 - 18:47:32 - [TAB v4.1.2] Something just tried to add player Itz_Opp into team 0002 (expected team: 0Itz_OppA)
10.06.2024 - 19:13:49 - [TAB v4.1.2] Something just tried to add player minhaz073105 into team 0002 (expected team: 2minhaz073105A)
11.06.2024 - 01:48:27 - [TAB v4.1.2] Something just tried to add player MinimumSquid into team 0002 (expected team: 1MinimumSquidA)
11.06.2024 - 05:25:13 - [TAB v4.1.2] Something just tried to add player SCARY_GAMER_xD into team 0002 (expected team: 2SCARY_GAMER_xDA)
11.06.2024 - 06:36:32 - [TAB v4.1.2] Something just tried to add player Arhayan0 into team 0002 (expected team: 2Arhayan0A)
11.06.2024 - 06:45:51 - [TAB v4.1.2] Something just tried to add player MinimumSquid into team 0002 (expected team: 1MinimumSquidA)
11.06.2024 - 08:16:06 - [TAB v4.1.2] Something just tried to add player Karan_890 into team 0002 (expected team: 2Karan_890A)
11.06.2024 - 10:03:25 - [TAB v4.1.2] Something just tried to add player _Swords_Guy into team 0002 (expected team: 2_Swords_GuyA)
11.06.2024 - 10:11:11 - [TAB v4.1.2] Something just tried to add player GamingHuzai into team 0002 (expected team: 0GamingHuzaiA)
11.06.2024 - 10:12:16 - [TAB v4.1.2] Something just tried to add player Arhayan0 into team 0002 (expected team: 2Arhayan0A)
11.06.2024 - 11:13:50 - [TAB v4.1.2] Something just tried to add player Karan_890 into team 0002 (expected team: 2Karan_890A)
11.06.2024 - 11:29:09 - [TAB v4.1.2] Something just tried to add player NOT_THUNDERZ_XD into team 0002 (expected team: 2NOT_THUNDERZ_XA)
11.06.2024 - 14:52:21 - [TAB v4.1.2] Something just tried to add player AbhishekGamerzYT into team 0002 (expected team: 2AbhishekGamerzA)
11.06.2024 - 15:53:36 - [TAB v4.1.2] Something just tried to add player Rudip_YT into team 0002 (expected team: 2Rudip_YTA)
11.06.2024 - 16:47:10 - [TAB v4.1.2] Something just tried to add player minhaz073105 into team 0002 (expected team: 2minhaz073105A)
11.06.2024 - 18:32:17 - [TAB v4.1.2] Something just tried to add player RohaanOp into team 0002 (expected team: 2RohaanOpA)
