[22-09-11 14:20:47] [INFO] [DEBUG] onEnable start -> 1662902447220

[22-09-11 14:20:47] [INFO] Using Economy Provider: com.earth2me.essentials.economy.vault.VaultEconomyProvider
[22-09-11 14:20:47] [INFO] [DEBUG] Starting load of Config at 1662902447361
[22-09-11 14:20:47] [INFO] [DEBUG] Config has been loaded. (took 13ms)
[22-09-11 14:20:47] [INFO] [DEBUG] Starting load of Lang at 1662902447374
[22-09-11 14:20:47] [INFO] [DEBUG] Lang has been loaded. (took 26ms)
[22-09-11 14:20:47] [INFO] [DEBUG] Starting load of UserManagerImpl at 1662902447401
[22-09-11 14:20:47] [INFO] [DEBUG] UserManagerImpl has been loaded. (took 1ms)
[22-09-11 14:20:47] [INFO] [DEBUG] Starting load of GuiListener at 1662902447402
[22-09-11 14:20:47] [INFO] [DEBUG] GuiListener has been loaded. (took 0ms)
[22-09-11 14:20:47] [INFO] [DEBUG] Starting load of KitManagerImpl at 1662902447402
[22-09-11 14:20:47] [INFO] KitManagerImpl: Loaded 5 kit(s).
[22-09-11 14:20:47] [INFO] [DEBUG] KitManagerImpl has been loaded. (took 312ms)
[22-09-11 14:20:47] [INFO] [DEBUG] Starting load of ArenaManagerImpl at 1662902447714
[22-09-11 14:20:47] [INFO] ArenaManagerImpl: Loaded 10 arena(s).
[22-09-11 14:20:47] [INFO] [DEBUG] ArenaManagerImpl has been loaded. (took 30ms)
[22-09-11 14:20:47] [INFO] [DEBUG] Starting load of SettingsManager at 1662902447744
[22-09-11 14:20:47] [INFO] [DEBUG] SettingsManager has been loaded. (took 1ms)
[22-09-11 14:20:47] [INFO] [DEBUG] Starting load of PlayerInfoManager at 1662902447745
[22-09-11 14:20:47] [WARNING] PlayerInfoManager: Lobby location was not set, using world's spawn location as default. Use the command /duels setlobby in-game to set the lobby location.
[22-09-11 14:20:47] [INFO] [DEBUG] PlayerInfoManager has been loaded. (took 1ms)
[22-09-11 14:20:47] [INFO] [DEBUG] Starting load of SpectateManagerImpl at 1662902447746
[22-09-11 14:20:47] [INFO] [DEBUG] SpectateManagerImpl has been loaded. (took 0ms)
[22-09-11 14:20:47] [INFO] [DEBUG] Starting load of BettingManager at 1662902447746
[22-09-11 14:20:47] [INFO] [DEBUG] BettingManager has been loaded. (took 0ms)
[22-09-11 14:20:47] [INFO] [DEBUG] Starting load of InventoryManager at 1662902447746
[22-09-11 14:20:47] [INFO] [DEBUG] InventoryManager has been loaded. (took 1ms)
[22-09-11 14:20:47] [INFO] [DEBUG] Starting load of DuelManager at 1662902447747
[22-09-11 14:20:47] [INFO] [DEBUG] DuelManager has been loaded. (took 1ms)
[22-09-11 14:20:47] [INFO] [DEBUG] Starting load of QueueManager at 1662902447748
[22-09-11 14:20:47] [INFO] QueueManager: Loaded 5 queue(s).
[22-09-11 14:20:47] [INFO] [DEBUG] QueueManager has been loaded. (took 17ms)
[22-09-11 14:20:47] [INFO] [DEBUG] Starting load of QueueSignManagerImpl at 1662902447765
[22-09-11 14:20:47] [INFO] QueueSignManagerImpl: Loaded 0 queue sign(s).
[22-09-11 14:20:47] [INFO] [DEBUG] QueueSignManagerImpl has been loaded. (took 2ms)
[22-09-11 14:20:47] [INFO] [DEBUG] Starting load of RequestManager at 1662902447768
[22-09-11 14:20:47] [INFO] [DEBUG] RequestManager has been loaded. (took 0ms)
[22-09-11 14:20:47] [INFO] [DEBUG] Starting load of Teleport at 1662902447768
[22-09-11 14:20:47] [INFO] [DEBUG] Teleport has been loaded. (took 1ms)
[22-09-11 14:20:47] [INFO] [DEBUG] Starting load of ExtensionManager at 1662902447769
[22-09-11 14:20:47] [INFO] [DEBUG] ExtensionManager has been loaded. (took 5ms)
[22-09-11 14:20:49] [INFO] No updates were available. You are on the latest version!
[22-09-11 14:22:23] [INFO] [DEBUG] onDisable start -> 1662902543686

[22-09-11 14:22:23] [INFO] [DEBUG] Starting unload of ExtensionManager at 1662902543689
[22-09-11 14:22:23] [INFO] [DEBUG] ExtensionManager has been unloaded. (took 1ms)
[22-09-11 14:22:23] [INFO] [DEBUG] Starting unload of Teleport at 1662902543690
[22-09-11 14:22:23] [INFO] [DEBUG] Teleport has been unloaded. (took 0ms)
[22-09-11 14:22:23] [INFO] [DEBUG] Starting unload of RequestManager at 1662902543690
[22-09-11 14:22:23] [INFO] [DEBUG] RequestManager has been unloaded. (took 0ms)
[22-09-11 14:22:23] [INFO] [DEBUG] Starting unload of QueueSignManagerImpl at 1662902543690
[22-09-11 14:22:23] [INFO] [DEBUG] QueueSignManagerImpl has been unloaded. (took 0ms)
[22-09-11 14:22:23] [INFO] [DEBUG] Starting unload of QueueManager at 1662902543690
[22-09-11 14:22:23] [INFO] [DEBUG] QueueManager has been unloaded. (took 1ms)
[22-09-11 14:22:23] [INFO] [DEBUG] Starting unload of DuelManager at 1662902543691
[22-09-11 14:22:23] [INFO] [DEBUG] DuelManager has been unloaded. (took 0ms)
[22-09-11 14:22:23] [INFO] [DEBUG] Starting unload of InventoryManager at 1662902543691
[22-09-11 14:22:23] [INFO] [DEBUG] InventoryManager has been unloaded. (took 0ms)
[22-09-11 14:22:23] [INFO] [DEBUG] Starting unload of BettingManager at 1662902543691
[22-09-11 14:22:23] [INFO] [DEBUG] BettingManager has been unloaded. (took 0ms)
[22-09-11 14:22:23] [INFO] [DEBUG] Starting unload of SpectateManagerImpl at 1662902543691
[22-09-11 14:22:23] [INFO] [DEBUG] SpectateManagerImpl has been unloaded. (took 0ms)
[22-09-11 14:22:23] [INFO] [DEBUG] Starting unload of PlayerInfoManager at 1662902543691
[22-09-11 14:22:23] [INFO] [DEBUG] PlayerInfoManager has been unloaded. (took 1ms)
[22-09-11 14:22:23] [INFO] [DEBUG] Starting unload of SettingsManager at 1662902543692
[22-09-11 14:22:23] [INFO] [DEBUG] SettingsManager has been unloaded. (took 0ms)
[22-09-11 14:22:23] [INFO] [DEBUG] Starting unload of ArenaManagerImpl at 1662902543692
[22-09-11 14:22:23] [INFO] [DEBUG] ArenaManagerImpl has been unloaded. (took 0ms)
[22-09-11 14:22:23] [INFO] [DEBUG] Starting unload of KitManagerImpl at 1662902543692
[22-09-11 14:22:23] [INFO] [DEBUG] KitManagerImpl has been unloaded. (took 0ms)
[22-09-11 14:22:23] [INFO] [DEBUG] Starting unload of GuiListener at 1662902543692
[22-09-11 14:22:23] [INFO] [DEBUG] GuiListener has been unloaded. (took 0ms)
[22-09-11 14:22:23] [INFO] [DEBUG] Starting unload of UserManagerImpl at 1662902543693
[22-09-11 14:22:23] [INFO] [DEBUG] UserManagerImpl has been unloaded. (took 38ms)
[22-09-11 14:22:23] [INFO] [DEBUG] Starting unload of Lang at 1662902543731
[22-09-11 14:22:23] [INFO] [DEBUG] Lang has been unloaded. (took 0ms)
[22-09-11 14:22:23] [INFO] [DEBUG] Starting unload of Config at 1662902543731
[22-09-11 14:22:23] [INFO] [DEBUG] Config has been unloaded. (took 0ms)
[22-09-11 14:22:23] [INFO] [DEBUG] unload done (took 45ms)
[22-09-11 14:22:23] [INFO] [DEBUG] Log#clearSources done (took 0ms)
[22-09-11 14:24:59] [INFO] [DEBUG] onEnable start -> 1662902699580

[22-09-11 14:24:59] [INFO] Using Economy Provider: com.earth2me.essentials.economy.vault.VaultEconomyProvider
[22-09-11 14:24:59] [INFO] [DEBUG] Starting load of Config at 1662902699722
[22-09-11 14:24:59] [INFO] [DEBUG] Config has been loaded. (took 11ms)
[22-09-11 14:24:59] [INFO] [DEBUG] Starting load of Lang at 1662902699733
[22-09-11 14:24:59] [INFO] [DEBUG] Lang has been loaded. (took 23ms)
[22-09-11 14:24:59] [INFO] [DEBUG] Starting load of UserManagerImpl at 1662902699756
[22-09-11 14:24:59] [INFO] [DEBUG] UserManagerImpl has been loaded. (took 1ms)
[22-09-11 14:24:59] [INFO] [DEBUG] Starting load of GuiListener at 1662902699757
[22-09-11 14:24:59] [INFO] [DEBUG] GuiListener has been loaded. (took 0ms)
[22-09-11 14:24:59] [INFO] [DEBUG] Starting load of KitManagerImpl at 1662902699757
[22-09-11 14:25:00] [INFO] KitManagerImpl: Loaded 5 kit(s).
[22-09-11 14:25:00] [INFO] [DEBUG] KitManagerImpl has been loaded. (took 318ms)
[22-09-11 14:25:00] [INFO] [DEBUG] Starting load of ArenaManagerImpl at 1662902700075
[22-09-11 14:25:00] [INFO] ArenaManagerImpl: Loaded 10 arena(s).
[22-09-11 14:25:00] [INFO] [DEBUG] ArenaManagerImpl has been loaded. (took 26ms)
[22-09-11 14:25:00] [INFO] [DEBUG] Starting load of SettingsManager at 1662902700102
[22-09-11 14:25:00] [INFO] [DEBUG] SettingsManager has been loaded. (took 0ms)
[22-09-11 14:25:00] [INFO] [DEBUG] Starting load of PlayerInfoManager at 1662902700102
[22-09-11 14:25:00] [WARNING] PlayerInfoManager: Lobby location was not set, using world's spawn location as default. Use the command /duels setlobby in-game to set the lobby location.
[22-09-11 14:25:00] [INFO] [DEBUG] PlayerInfoManager has been loaded. (took 1ms)
[22-09-11 14:25:00] [INFO] [DEBUG] Starting load of SpectateManagerImpl at 1662902700103
[22-09-11 14:25:00] [INFO] [DEBUG] SpectateManagerImpl has been loaded. (took 0ms)
[22-09-11 14:25:00] [INFO] [DEBUG] Starting load of BettingManager at 1662902700103
[22-09-11 14:25:00] [INFO] [DEBUG] BettingManager has been loaded. (took 0ms)
[22-09-11 14:25:00] [INFO] [DEBUG] Starting load of InventoryManager at 1662902700103
[22-09-11 14:25:00] [INFO] [DEBUG] InventoryManager has been loaded. (took 1ms)
[22-09-11 14:25:00] [INFO] [DEBUG] Starting load of DuelManager at 1662902700104
[22-09-11 14:25:00] [INFO] [DEBUG] DuelManager has been loaded. (took 0ms)
[22-09-11 14:25:00] [INFO] [DEBUG] Starting load of QueueManager at 1662902700105
[22-09-11 14:25:00] [INFO] QueueManager: Loaded 5 queue(s).
[22-09-11 14:25:00] [INFO] [DEBUG] QueueManager has been loaded. (took 15ms)
[22-09-11 14:25:00] [INFO] [DEBUG] Starting load of QueueSignManagerImpl at 1662902700120
[22-09-11 14:25:00] [INFO] QueueSignManagerImpl: Loaded 0 queue sign(s).
[22-09-11 14:25:00] [INFO] [DEBUG] QueueSignManagerImpl has been loaded. (took 1ms)
[22-09-11 14:25:00] [INFO] [DEBUG] Starting load of RequestManager at 1662902700121
[22-09-11 14:25:00] [INFO] [DEBUG] RequestManager has been loaded. (took 0ms)
[22-09-11 14:25:00] [INFO] [DEBUG] Starting load of Teleport at 1662902700121
[22-09-11 14:25:00] [INFO] [DEBUG] Teleport has been loaded. (took 0ms)
[22-09-11 14:25:00] [INFO] [DEBUG] Starting load of ExtensionManager at 1662902700122
[22-09-11 14:25:00] [INFO] [DEBUG] ExtensionManager has been loaded. (took 0ms)
[22-09-11 14:25:01] [INFO] No updates were available. You are on the latest version!
[22-09-11 14:26:02] [INFO] [DEBUG] onDisable start -> 1662902762511

[22-09-11 14:26:02] [INFO] [DEBUG] Starting unload of ExtensionManager at 1662902762514
[22-09-11 14:26:02] [INFO] [DEBUG] ExtensionManager has been unloaded. (took 0ms)
[22-09-11 14:26:02] [INFO] [DEBUG] Starting unload of Teleport at 1662902762514
[22-09-11 14:26:02] [INFO] [DEBUG] Teleport has been unloaded. (took 0ms)
[22-09-11 14:26:02] [INFO] [DEBUG] Starting unload of RequestManager at 1662902762514
[22-09-11 14:26:02] [INFO] [DEBUG] RequestManager has been unloaded. (took 0ms)
[22-09-11 14:26:02] [INFO] [DEBUG] Starting unload of QueueSignManagerImpl at 1662902762514
[22-09-11 14:26:02] [INFO] [DEBUG] QueueSignManagerImpl has been unloaded. (took 1ms)
[22-09-11 14:26:02] [INFO] [DEBUG] Starting unload of QueueManager at 1662902762515
[22-09-11 14:26:02] [INFO] [DEBUG] QueueManager has been unloaded. (took 0ms)
[22-09-11 14:26:02] [INFO] [DEBUG] Starting unload of DuelManager at 1662902762515
[22-09-11 14:26:02] [INFO] [DEBUG] DuelManager has been unloaded. (took 0ms)
[22-09-11 14:26:02] [INFO] [DEBUG] Starting unload of InventoryManager at 1662902762515
[22-09-11 14:26:02] [INFO] [DEBUG] InventoryManager has been unloaded. (took 0ms)
[22-09-11 14:26:02] [INFO] [DEBUG] Starting unload of BettingManager at 1662902762515
[22-09-11 14:26:02] [INFO] [DEBUG] BettingManager has been unloaded. (took 0ms)
[22-09-11 14:26:02] [INFO] [DEBUG] Starting unload of SpectateManagerImpl at 1662902762515
[22-09-11 14:26:02] [INFO] [DEBUG] SpectateManagerImpl has been unloaded. (took 1ms)
[22-09-11 14:26:02] [INFO] [DEBUG] Starting unload of PlayerInfoManager at 1662902762516
[22-09-11 14:26:02] [INFO] [DEBUG] PlayerInfoManager has been unloaded. (took 0ms)
[22-09-11 14:26:02] [INFO] [DEBUG] Starting unload of SettingsManager at 1662902762516
[22-09-11 14:26:02] [INFO] [DEBUG] SettingsManager has been unloaded. (took 1ms)
[22-09-11 14:26:02] [INFO] [DEBUG] Starting unload of ArenaManagerImpl at 1662902762517
[22-09-11 14:26:02] [INFO] [DEBUG] ArenaManagerImpl has been unloaded. (took 0ms)
[22-09-11 14:26:02] [INFO] [DEBUG] Starting unload of KitManagerImpl at 1662902762517
[22-09-11 14:26:02] [INFO] [DEBUG] KitManagerImpl has been unloaded. (took 0ms)
[22-09-11 14:26:02] [INFO] [DEBUG] Starting unload of GuiListener at 1662902762517
[22-09-11 14:26:02] [INFO] [DEBUG] GuiListener has been unloaded. (took 1ms)
[22-09-11 14:26:02] [INFO] [DEBUG] Starting unload of UserManagerImpl at 1662902762518
[22-09-11 14:26:02] [INFO] [DEBUG] UserManagerImpl has been unloaded. (took 0ms)
[22-09-11 14:26:02] [INFO] [DEBUG] Starting unload of Lang at 1662902762518
[22-09-11 14:26:02] [INFO] [DEBUG] Lang has been unloaded. (took 0ms)
[22-09-11 14:26:02] [INFO] [DEBUG] Starting unload of Config at 1662902762518
[22-09-11 14:26:02] [INFO] [DEBUG] Config has been unloaded. (took 0ms)
[22-09-11 14:26:02] [INFO] [DEBUG] unload done (took 7ms)
[22-09-11 14:26:02] [INFO] [DEBUG] Log#clearSources done (took 0ms)
[22-09-11 14:28:38] [INFO] [DEBUG] onEnable start -> 1662902918406

[22-09-11 14:28:38] [INFO] Using Economy Provider: com.earth2me.essentials.economy.vault.VaultEconomyProvider
[22-09-11 14:28:38] [INFO] [DEBUG] Starting load of Config at 1662902918547
[22-09-11 14:28:38] [INFO] [DEBUG] Config has been loaded. (took 14ms)
[22-09-11 14:28:38] [INFO] [DEBUG] Starting load of Lang at 1662902918561
[22-09-11 14:28:38] [INFO] [DEBUG] Lang has been loaded. (took 27ms)
[22-09-11 14:28:38] [INFO] [DEBUG] Starting load of UserManagerImpl at 1662902918589
[22-09-11 14:28:38] [INFO] [DEBUG] UserManagerImpl has been loaded. (took 1ms)
[22-09-11 14:28:38] [INFO] [DEBUG] Starting load of GuiListener at 1662902918590
[22-09-11 14:28:38] [INFO] [DEBUG] GuiListener has been loaded. (took 0ms)
[22-09-11 14:28:38] [INFO] [DEBUG] Starting load of KitManagerImpl at 1662902918590
[22-09-11 14:28:38] [INFO] KitManagerImpl: Loaded 5 kit(s).
[22-09-11 14:28:38] [INFO] [DEBUG] KitManagerImpl has been loaded. (took 382ms)
[22-09-11 14:28:38] [INFO] [DEBUG] Starting load of ArenaManagerImpl at 1662902918972
[22-09-11 14:28:38] [INFO] ArenaManagerImpl: Loaded 10 arena(s).
[22-09-11 14:28:38] [INFO] [DEBUG] ArenaManagerImpl has been loaded. (took 26ms)
[22-09-11 14:28:38] [INFO] [DEBUG] Starting load of SettingsManager at 1662902918998
[22-09-11 14:28:38] [INFO] [DEBUG] SettingsManager has been loaded. (took 0ms)
[22-09-11 14:28:38] [INFO] [DEBUG] Starting load of PlayerInfoManager at 1662902918998
[22-09-11 14:28:38] [WARNING] PlayerInfoManager: Lobby location was not set, using world's spawn location as default. Use the command /duels setlobby in-game to set the lobby location.
[22-09-11 14:28:38] [INFO] [DEBUG] PlayerInfoManager has been loaded. (took 1ms)
[22-09-11 14:28:38] [INFO] [DEBUG] Starting load of SpectateManagerImpl at 1662902918999
[22-09-11 14:28:38] [INFO] [DEBUG] SpectateManagerImpl has been loaded. (took 0ms)
[22-09-11 14:28:39] [INFO] [DEBUG] Starting load of BettingManager at 1662902919000
[22-09-11 14:28:39] [INFO] [DEBUG] BettingManager has been loaded. (took 0ms)
[22-09-11 14:28:39] [INFO] [DEBUG] Starting load of InventoryManager at 1662902919000
[22-09-11 14:28:39] [INFO] [DEBUG] InventoryManager has been loaded. (took 1ms)
[22-09-11 14:28:39] [INFO] [DEBUG] Starting load of DuelManager at 1662902919001
[22-09-11 14:28:39] [INFO] [DEBUG] DuelManager has been loaded. (took 1ms)
[22-09-11 14:28:39] [INFO] [DEBUG] Starting load of QueueManager at 1662902919002
[22-09-11 14:28:39] [INFO] QueueManager: Loaded 5 queue(s).
[22-09-11 14:28:39] [INFO] [DEBUG] QueueManager has been loaded. (took 19ms)
[22-09-11 14:28:39] [INFO] [DEBUG] Starting load of QueueSignManagerImpl at 1662902919021
[22-09-11 14:28:39] [INFO] QueueSignManagerImpl: Loaded 0 queue sign(s).
[22-09-11 14:28:39] [INFO] [DEBUG] QueueSignManagerImpl has been loaded. (took 3ms)
[22-09-11 14:28:39] [INFO] [DEBUG] Starting load of RequestManager at 1662902919024
[22-09-11 14:28:39] [INFO] [DEBUG] RequestManager has been loaded. (took 0ms)
[22-09-11 14:28:39] [INFO] [DEBUG] Starting load of Teleport at 1662902919024
[22-09-11 14:28:39] [INFO] [DEBUG] Teleport has been loaded. (took 0ms)
[22-09-11 14:28:39] [INFO] [DEBUG] Starting load of ExtensionManager at 1662902919025
[22-09-11 14:28:39] [INFO] [DEBUG] ExtensionManager has been loaded. (took 0ms)
[22-09-11 14:28:40] [INFO] No updates were available. You are on the latest version!
[22-09-11 14:44:07] [INFO] [DEBUG] onDisable start -> 1662903847404

[22-09-11 14:44:07] [INFO] [DEBUG] Starting unload of ExtensionManager at 1662903847409
[22-09-11 14:44:07] [INFO] [DEBUG] ExtensionManager has been unloaded. (took 0ms)
[22-09-11 14:44:07] [INFO] [DEBUG] Starting unload of Teleport at 1662903847409
[22-09-11 14:44:07] [INFO] [DEBUG] Teleport has been unloaded. (took 0ms)
[22-09-11 14:44:07] [INFO] [DEBUG] Starting unload of RequestManager at 1662903847409
[22-09-11 14:44:07] [INFO] [DEBUG] RequestManager has been unloaded. (took 0ms)
[22-09-11 14:44:07] [INFO] [DEBUG] Starting unload of QueueSignManagerImpl at 1662903847409
[22-09-11 14:44:07] [INFO] [DEBUG] QueueSignManagerImpl has been unloaded. (took 0ms)
[22-09-11 14:44:07] [INFO] [DEBUG] Starting unload of QueueManager at 1662903847409
[22-09-11 14:44:07] [INFO] [DEBUG] QueueManager has been unloaded. (took 1ms)
[22-09-11 14:44:07] [INFO] [DEBUG] Starting unload of DuelManager at 1662903847410
[22-09-11 14:44:07] [INFO] [DEBUG] DuelManager has been unloaded. (took 0ms)
[22-09-11 14:44:07] [INFO] [DEBUG] Starting unload of InventoryManager at 1662903847410
[22-09-11 14:44:07] [INFO] [DEBUG] InventoryManager has been unloaded. (took 0ms)
[22-09-11 14:44:07] [INFO] [DEBUG] Starting unload of BettingManager at 1662903847410
[22-09-11 14:44:07] [INFO] [DEBUG] BettingManager has been unloaded. (took 0ms)
[22-09-11 14:44:07] [INFO] [DEBUG] Starting unload of SpectateManagerImpl at 1662903847410
[22-09-11 14:44:07] [INFO] [DEBUG] SpectateManagerImpl has been unloaded. (took 0ms)
[22-09-11 14:44:07] [INFO] [DEBUG] Starting unload of PlayerInfoManager at 1662903847410
[22-09-11 14:44:07] [INFO] [DEBUG] PlayerInfoManager has been unloaded. (took 0ms)
[22-09-11 14:44:07] [INFO] [DEBUG] Starting unload of SettingsManager at 1662903847410
[22-09-11 14:44:07] [INFO] [DEBUG] SettingsManager has been unloaded. (took 0ms)
[22-09-11 14:44:07] [INFO] [DEBUG] Starting unload of ArenaManagerImpl at 1662903847410
[22-09-11 14:44:07] [INFO] [DEBUG] ArenaManagerImpl has been unloaded. (took 1ms)
[22-09-11 14:44:07] [INFO] [DEBUG] Starting unload of KitManagerImpl at 1662903847411
[22-09-11 14:44:07] [INFO] [DEBUG] KitManagerImpl has been unloaded. (took 0ms)
[22-09-11 14:44:07] [INFO] [DEBUG] Starting unload of GuiListener at 1662903847411
[22-09-11 14:44:07] [INFO] [DEBUG] GuiListener has been unloaded. (took 0ms)
[22-09-11 14:44:07] [INFO] [DEBUG] Starting unload of UserManagerImpl at 1662903847411
[22-09-11 14:44:07] [INFO] [DEBUG] UserManagerImpl has been unloaded. (took 1ms)
[22-09-11 14:44:07] [INFO] [DEBUG] Starting unload of Lang at 1662903847412
[22-09-11 14:44:07] [INFO] [DEBUG] Lang has been unloaded. (took 0ms)
[22-09-11 14:44:07] [INFO] [DEBUG] Starting unload of Config at 1662903847412
[22-09-11 14:44:07] [INFO] [DEBUG] Config has been unloaded. (took 0ms)
[22-09-11 14:44:07] [INFO] [DEBUG] unload done (took 8ms)
[22-09-11 14:44:07] [INFO] [DEBUG] Log#clearSources done (took 0ms)
[22-09-11 14:46:03] [INFO] [DEBUG] onEnable start -> 1662903963939

[22-09-11 14:46:04] [INFO] Using Economy Provider: com.earth2me.essentials.economy.vault.VaultEconomyProvider
[22-09-11 14:46:04] [INFO] [DEBUG] Starting load of Config at 1662903964083
[22-09-11 14:46:04] [INFO] [DEBUG] Config has been loaded. (took 11ms)
[22-09-11 14:46:04] [INFO] [DEBUG] Starting load of Lang at 1662903964094
[22-09-11 14:46:04] [INFO] [DEBUG] Lang has been loaded. (took 25ms)
[22-09-11 14:46:04] [INFO] [DEBUG] Starting load of UserManagerImpl at 1662903964119
[22-09-11 14:46:04] [INFO] [DEBUG] UserManagerImpl has been loaded. (took 1ms)
[22-09-11 14:46:04] [INFO] [DEBUG] Starting load of GuiListener at 1662903964121
[22-09-11 14:46:04] [INFO] [DEBUG] GuiListener has been loaded. (took 0ms)
[22-09-11 14:46:04] [INFO] [DEBUG] Starting load of KitManagerImpl at 1662903964121
[22-09-11 14:46:04] [INFO] KitManagerImpl: Loaded 5 kit(s).
[22-09-11 14:46:04] [INFO] [DEBUG] KitManagerImpl has been loaded. (took 303ms)
[22-09-11 14:46:04] [INFO] [DEBUG] Starting load of ArenaManagerImpl at 1662903964424
[22-09-11 14:46:04] [INFO] ArenaManagerImpl: Loaded 10 arena(s).
[22-09-11 14:46:04] [INFO] [DEBUG] ArenaManagerImpl has been loaded. (took 26ms)
[22-09-11 14:46:04] [INFO] [DEBUG] Starting load of SettingsManager at 1662903964450
[22-09-11 14:46:04] [INFO] [DEBUG] SettingsManager has been loaded. (took 0ms)
[22-09-11 14:46:04] [INFO] [DEBUG] Starting load of PlayerInfoManager at 1662903964450
[22-09-11 14:46:04] [WARNING] PlayerInfoManager: Lobby location was not set, using world's spawn location as default. Use the command /duels setlobby in-game to set the lobby location.
[22-09-11 14:46:04] [INFO] [DEBUG] PlayerInfoManager has been loaded. (took 2ms)
[22-09-11 14:46:04] [INFO] [DEBUG] Starting load of SpectateManagerImpl at 1662903964452
[22-09-11 14:46:04] [INFO] [DEBUG] SpectateManagerImpl has been loaded. (took 0ms)
[22-09-11 14:46:04] [INFO] [DEBUG] Starting load of BettingManager at 1662903964452
[22-09-11 14:46:04] [INFO] [DEBUG] BettingManager has been loaded. (took 0ms)
[22-09-11 14:46:04] [INFO] [DEBUG] Starting load of InventoryManager at 1662903964453
[22-09-11 14:46:04] [INFO] [DEBUG] InventoryManager has been loaded. (took 0ms)
[22-09-11 14:46:04] [INFO] [DEBUG] Starting load of DuelManager at 1662903964454
[22-09-11 14:46:04] [INFO] [DEBUG] DuelManager has been loaded. (took 0ms)
[22-09-11 14:46:04] [INFO] [DEBUG] Starting load of QueueManager at 1662903964454
[22-09-11 14:46:04] [INFO] QueueManager: Loaded 5 queue(s).
[22-09-11 14:46:04] [INFO] [DEBUG] QueueManager has been loaded. (took 32ms)
[22-09-11 14:46:04] [INFO] [DEBUG] Starting load of QueueSignManagerImpl at 1662903964486
[22-09-11 14:46:04] [INFO] QueueSignManagerImpl: Loaded 0 queue sign(s).
[22-09-11 14:46:04] [INFO] [DEBUG] QueueSignManagerImpl has been loaded. (took 1ms)
[22-09-11 14:46:04] [INFO] [DEBUG] Starting load of RequestManager at 1662903964487
[22-09-11 14:46:04] [INFO] [DEBUG] RequestManager has been loaded. (took 0ms)
[22-09-11 14:46:04] [INFO] [DEBUG] Starting load of Teleport at 1662903964487
[22-09-11 14:46:04] [INFO] [DEBUG] Teleport has been loaded. (took 1ms)
[22-09-11 14:46:04] [INFO] [DEBUG] Starting load of ExtensionManager at 1662903964488
[22-09-11 14:46:04] [INFO] [DEBUG] ExtensionManager has been loaded. (took 1ms)
[22-09-11 14:46:05] [INFO] No updates were available. You are on the latest version!
[22-09-11 15:28:38] [INFO] [DEBUG] onDisable start -> 1662906518511

[22-09-11 15:28:38] [INFO] [DEBUG] Starting unload of ExtensionManager at 1662906518517
[22-09-11 15:28:38] [INFO] [DEBUG] ExtensionManager has been unloaded. (took 1ms)
[22-09-11 15:28:38] [INFO] [DEBUG] Starting unload of Teleport at 1662906518518
[22-09-11 15:28:38] [INFO] [DEBUG] Teleport has been unloaded. (took 0ms)
[22-09-11 15:28:38] [INFO] [DEBUG] Starting unload of RequestManager at 1662906518518
[22-09-11 15:28:38] [INFO] [DEBUG] RequestManager has been unloaded. (took 0ms)
[22-09-11 15:28:38] [INFO] [DEBUG] Starting unload of QueueSignManagerImpl at 1662906518518
[22-09-11 15:28:38] [INFO] [DEBUG] QueueSignManagerImpl has been unloaded. (took 0ms)
[22-09-11 15:28:38] [INFO] [DEBUG] Starting unload of QueueManager at 1662906518518
[22-09-11 15:28:38] [INFO] [DEBUG] QueueManager has been unloaded. (took 1ms)
[22-09-11 15:28:38] [INFO] [DEBUG] Starting unload of DuelManager at 1662906518519
[22-09-11 15:28:38] [INFO] [DEBUG] DuelManager has been unloaded. (took 0ms)
[22-09-11 15:28:38] [INFO] [DEBUG] Starting unload of InventoryManager at 1662906518519
[22-09-11 15:28:38] [INFO] [DEBUG] InventoryManager has been unloaded. (took 0ms)
[22-09-11 15:28:38] [INFO] [DEBUG] Starting unload of BettingManager at 1662906518519
[22-09-11 15:28:38] [INFO] [DEBUG] BettingManager has been unloaded. (took 0ms)
[22-09-11 15:28:38] [INFO] [DEBUG] Starting unload of SpectateManagerImpl at 1662906518519
[22-09-11 15:28:38] [INFO] [DEBUG] SpectateManagerImpl has been unloaded. (took 0ms)
[22-09-11 15:28:38] [INFO] [DEBUG] Starting unload of PlayerInfoManager at 1662906518519
[22-09-11 15:28:38] [INFO] [DEBUG] PlayerInfoManager has been unloaded. (took 1ms)
[22-09-11 15:28:38] [INFO] [DEBUG] Starting unload of SettingsManager at 1662906518520
[22-09-11 15:28:38] [INFO] [DEBUG] SettingsManager has been unloaded. (took 0ms)
[22-09-11 15:28:38] [INFO] [DEBUG] Starting unload of ArenaManagerImpl at 1662906518520
[22-09-11 15:28:38] [INFO] [DEBUG] ArenaManagerImpl has been unloaded. (took 0ms)
[22-09-11 15:28:38] [INFO] [DEBUG] Starting unload of KitManagerImpl at 1662906518520
[22-09-11 15:28:38] [INFO] [DEBUG] KitManagerImpl has been unloaded. (took 0ms)
[22-09-11 15:28:38] [INFO] [DEBUG] Starting unload of GuiListener at 1662906518520
[22-09-11 15:28:38] [INFO] [DEBUG] GuiListener has been unloaded. (took 0ms)
[22-09-11 15:28:38] [INFO] [DEBUG] Starting unload of UserManagerImpl at 1662906518520
[22-09-11 15:28:38] [INFO] [DEBUG] UserManagerImpl has been unloaded. (took 1ms)
[22-09-11 15:28:38] [INFO] [DEBUG] Starting unload of Lang at 1662906518521
[22-09-11 15:28:38] [INFO] [DEBUG] Lang has been unloaded. (took 0ms)
[22-09-11 15:28:38] [INFO] [DEBUG] Starting unload of Config at 1662906518521
[22-09-11 15:28:38] [INFO] [DEBUG] Config has been unloaded. (took 0ms)
[22-09-11 15:28:38] [INFO] [DEBUG] unload done (took 10ms)
[22-09-11 15:28:38] [INFO] [DEBUG] Log#clearSources done (took 0ms)
[22-09-11 15:29:50] [INFO] [DEBUG] onEnable start -> 1662906590487

[22-09-11 15:29:50] [INFO] Using Economy Provider: com.earth2me.essentials.economy.vault.VaultEconomyProvider
[22-09-11 15:29:50] [INFO] [DEBUG] Starting load of Config at 1662906590632
[22-09-11 15:29:50] [INFO] [DEBUG] Config has been loaded. (took 13ms)
[22-09-11 15:29:50] [INFO] [DEBUG] Starting load of Lang at 1662906590645
[22-09-11 15:29:50] [INFO] [DEBUG] Lang has been loaded. (took 26ms)
[22-09-11 15:29:50] [INFO] [DEBUG] Starting load of UserManagerImpl at 1662906590671
[22-09-11 15:29:50] [INFO] [DEBUG] UserManagerImpl has been loaded. (took 1ms)
[22-09-11 15:29:50] [INFO] [DEBUG] Starting load of GuiListener at 1662906590672
[22-09-11 15:29:50] [INFO] [DEBUG] GuiListener has been loaded. (took 0ms)
[22-09-11 15:29:50] [INFO] [DEBUG] Starting load of KitManagerImpl at 1662906590672
[22-09-11 15:29:51] [INFO] KitManagerImpl: Loaded 5 kit(s).
[22-09-11 15:29:51] [INFO] [DEBUG] KitManagerImpl has been loaded. (took 374ms)
[22-09-11 15:29:51] [INFO] [DEBUG] Starting load of ArenaManagerImpl at 1662906591046
[22-09-11 15:29:51] [INFO] ArenaManagerImpl: Loaded 10 arena(s).
[22-09-11 15:29:51] [INFO] [DEBUG] ArenaManagerImpl has been loaded. (took 43ms)
[22-09-11 15:29:51] [INFO] [DEBUG] Starting load of SettingsManager at 1662906591089
[22-09-11 15:29:51] [INFO] [DEBUG] SettingsManager has been loaded. (took 0ms)
[22-09-11 15:29:51] [INFO] [DEBUG] Starting load of PlayerInfoManager at 1662906591089
[22-09-11 15:29:51] [WARNING] PlayerInfoManager: Lobby location was not set, using world's spawn location as default. Use the command /duels setlobby in-game to set the lobby location.
[22-09-11 15:29:51] [INFO] [DEBUG] PlayerInfoManager has been loaded. (took 2ms)
[22-09-11 15:29:51] [INFO] [DEBUG] Starting load of SpectateManagerImpl at 1662906591091
[22-09-11 15:29:51] [INFO] [DEBUG] SpectateManagerImpl has been loaded. (took 0ms)
[22-09-11 15:29:51] [INFO] [DEBUG] Starting load of BettingManager at 1662906591091
[22-09-11 15:29:51] [INFO] [DEBUG] BettingManager has been loaded. (took 0ms)
[22-09-11 15:29:51] [INFO] [DEBUG] Starting load of InventoryManager at 1662906591091
[22-09-11 15:29:51] [INFO] [DEBUG] InventoryManager has been loaded. (took 2ms)
[22-09-11 15:29:51] [INFO] [DEBUG] Starting load of DuelManager at 1662906591093
[22-09-11 15:29:51] [INFO] [DEBUG] DuelManager has been loaded. (took 1ms)
[22-09-11 15:29:51] [INFO] [DEBUG] Starting load of QueueManager at 1662906591094
[22-09-11 15:29:51] [INFO] QueueManager: Loaded 5 queue(s).
[22-09-11 15:29:51] [INFO] [DEBUG] QueueManager has been loaded. (took 31ms)
[22-09-11 15:29:51] [INFO] [DEBUG] Starting load of QueueSignManagerImpl at 1662906591125
[22-09-11 15:29:51] [INFO] QueueSignManagerImpl: Loaded 0 queue sign(s).
[22-09-11 15:29:51] [INFO] [DEBUG] QueueSignManagerImpl has been loaded. (took 9ms)
[22-09-11 15:29:51] [INFO] [DEBUG] Starting load of RequestManager at 1662906591135
[22-09-11 15:29:51] [INFO] [DEBUG] RequestManager has been loaded. (took 1ms)
[22-09-11 15:29:51] [INFO] [DEBUG] Starting load of Teleport at 1662906591136
[22-09-11 15:29:51] [INFO] [DEBUG] Teleport has been loaded. (took 1ms)
[22-09-11 15:29:51] [INFO] [DEBUG] Starting load of ExtensionManager at 1662906591137
[22-09-11 15:29:51] [INFO] [DEBUG] ExtensionManager has been loaded. (took 1ms)
[22-09-11 15:29:52] [INFO] No updates were available. You are on the latest version!
[22-09-11 15:43:45] [INFO] [DEBUG] onDisable start -> 1662907425295

[22-09-11 15:43:45] [INFO] [DEBUG] Starting unload of ExtensionManager at 1662907425299
[22-09-11 15:43:45] [INFO] [DEBUG] ExtensionManager has been unloaded. (took 0ms)
[22-09-11 15:43:45] [INFO] [DEBUG] Starting unload of Teleport at 1662907425299
[22-09-11 15:43:45] [INFO] [DEBUG] Teleport has been unloaded. (took 0ms)
[22-09-11 15:43:45] [INFO] [DEBUG] Starting unload of RequestManager at 1662907425299
[22-09-11 15:43:45] [INFO] [DEBUG] RequestManager has been unloaded. (took 0ms)
[22-09-11 15:43:45] [INFO] [DEBUG] Starting unload of QueueSignManagerImpl at 1662907425299
[22-09-11 15:43:45] [INFO] [DEBUG] QueueSignManagerImpl has been unloaded. (took 0ms)
[22-09-11 15:43:45] [INFO] [DEBUG] Starting unload of QueueManager at 1662907425299
[22-09-11 15:43:45] [INFO] [DEBUG] QueueManager has been unloaded. (took 0ms)
[22-09-11 15:43:45] [INFO] [DEBUG] Starting unload of DuelManager at 1662907425300
[22-09-11 15:43:45] [INFO] [DEBUG] DuelManager has been unloaded. (took 0ms)
[22-09-11 15:43:45] [INFO] [DEBUG] Starting unload of InventoryManager at 1662907425300
[22-09-11 15:43:45] [INFO] [DEBUG] InventoryManager has been unloaded. (took 0ms)
[22-09-11 15:43:45] [INFO] [DEBUG] Starting unload of BettingManager at 1662907425300
[22-09-11 15:43:45] [INFO] [DEBUG] BettingManager has been unloaded. (took 0ms)
[22-09-11 15:43:45] [INFO] [DEBUG] Starting unload of SpectateManagerImpl at 1662907425300
[22-09-11 15:43:45] [INFO] [DEBUG] SpectateManagerImpl has been unloaded. (took 0ms)
[22-09-11 15:43:45] [INFO] [DEBUG] Starting unload of PlayerInfoManager at 1662907425300
[22-09-11 15:43:45] [INFO] [DEBUG] PlayerInfoManager has been unloaded. (took 0ms)
[22-09-11 15:43:45] [INFO] [DEBUG] Starting unload of SettingsManager at 1662907425300
[22-09-11 15:43:45] [INFO] [DEBUG] SettingsManager has been unloaded. (took 0ms)
[22-09-11 15:43:45] [INFO] [DEBUG] Starting unload of ArenaManagerImpl at 1662907425300
[22-09-11 15:43:45] [INFO] [DEBUG] ArenaManagerImpl has been unloaded. (took 0ms)
[22-09-11 15:43:45] [INFO] [DEBUG] Starting unload of KitManagerImpl at 1662907425300
[22-09-11 15:43:45] [INFO] [DEBUG] KitManagerImpl has been unloaded. (took 0ms)
[22-09-11 15:43:45] [INFO] [DEBUG] Starting unload of GuiListener at 1662907425300
[22-09-11 15:43:45] [INFO] [DEBUG] GuiListener has been unloaded. (took 1ms)
[22-09-11 15:43:45] [INFO] [DEBUG] Starting unload of UserManagerImpl at 1662907425301
[22-09-11 15:43:45] [INFO] [DEBUG] UserManagerImpl has been unloaded. (took 39ms)
[22-09-11 15:43:45] [INFO] [DEBUG] Starting unload of Lang at 1662907425340
[22-09-11 15:43:45] [INFO] [DEBUG] Lang has been unloaded. (took 0ms)
[22-09-11 15:43:45] [INFO] [DEBUG] Starting unload of Config at 1662907425340
[22-09-11 15:43:45] [INFO] [DEBUG] Config has been unloaded. (took 0ms)
[22-09-11 15:43:45] [INFO] [DEBUG] unload done (took 45ms)
[22-09-11 15:43:45] [INFO] [DEBUG] Log#clearSources done (took 0ms)
[22-09-11 15:44:48] [INFO] [DEBUG] onEnable start -> 1662907488589

[22-09-11 15:44:48] [INFO] Using Economy Provider: com.earth2me.essentials.economy.vault.VaultEconomyProvider
[22-09-11 15:44:48] [INFO] [DEBUG] Starting load of Config at 1662907488748
[22-09-11 15:44:48] [INFO] [DEBUG] Config has been loaded. (took 19ms)
[22-09-11 15:44:48] [INFO] [DEBUG] Starting load of Lang at 1662907488767
[22-09-11 15:44:48] [INFO] [DEBUG] Lang has been loaded. (took 86ms)
[22-09-11 15:44:48] [INFO] [DEBUG] Starting load of UserManagerImpl at 1662907488854
[22-09-11 15:44:48] [INFO] [DEBUG] UserManagerImpl has been loaded. (took 0ms)
[22-09-11 15:44:48] [INFO] [DEBUG] Starting load of GuiListener at 1662907488854
[22-09-11 15:44:48] [INFO] [DEBUG] GuiListener has been loaded. (took 0ms)
[22-09-11 15:44:48] [INFO] [DEBUG] Starting load of KitManagerImpl at 1662907488854
[22-09-11 15:44:49] [INFO] KitManagerImpl: Loaded 5 kit(s).
[22-09-11 15:44:49] [INFO] [DEBUG] KitManagerImpl has been loaded. (took 332ms)
[22-09-11 15:44:49] [INFO] [DEBUG] Starting load of ArenaManagerImpl at 1662907489186
[22-09-11 15:44:49] [INFO] ArenaManagerImpl: Loaded 10 arena(s).
[22-09-11 15:44:49] [INFO] [DEBUG] ArenaManagerImpl has been loaded. (took 32ms)
[22-09-11 15:44:49] [INFO] [DEBUG] Starting load of SettingsManager at 1662907489218
[22-09-11 15:44:49] [INFO] [DEBUG] SettingsManager has been loaded. (took 0ms)
[22-09-11 15:44:49] [INFO] [DEBUG] Starting load of PlayerInfoManager at 1662907489219
[22-09-11 15:44:49] [WARNING] PlayerInfoManager: Lobby location was not set, using world's spawn location as default. Use the command /duels setlobby in-game to set the lobby location.
[22-09-11 15:44:49] [INFO] [DEBUG] PlayerInfoManager has been loaded. (took 1ms)
[22-09-11 15:44:49] [INFO] [DEBUG] Starting load of SpectateManagerImpl at 1662907489220
[22-09-11 15:44:49] [INFO] [DEBUG] SpectateManagerImpl has been loaded. (took 0ms)
[22-09-11 15:44:49] [INFO] [DEBUG] Starting load of BettingManager at 1662907489220
[22-09-11 15:44:49] [INFO] [DEBUG] BettingManager has been loaded. (took 0ms)
[22-09-11 15:44:49] [INFO] [DEBUG] Starting load of InventoryManager at 1662907489220
[22-09-11 15:44:49] [INFO] [DEBUG] InventoryManager has been loaded. (took 0ms)
[22-09-11 15:44:49] [INFO] [DEBUG] Starting load of DuelManager at 1662907489220
[22-09-11 15:44:49] [INFO] [DEBUG] DuelManager has been loaded. (took 1ms)
[22-09-11 15:44:49] [INFO] [DEBUG] Starting load of QueueManager at 1662907489221
[22-09-11 15:44:49] [INFO] QueueManager: Loaded 5 queue(s).
[22-09-11 15:44:49] [INFO] [DEBUG] QueueManager has been loaded. (took 18ms)
[22-09-11 15:44:49] [INFO] [DEBUG] Starting load of QueueSignManagerImpl at 1662907489239
[22-09-11 15:44:49] [INFO] QueueSignManagerImpl: Loaded 0 queue sign(s).
[22-09-11 15:44:49] [INFO] [DEBUG] QueueSignManagerImpl has been loaded. (took 2ms)
[22-09-11 15:44:49] [INFO] [DEBUG] Starting load of RequestManager at 1662907489241
[22-09-11 15:44:49] [INFO] [DEBUG] RequestManager has been loaded. (took 0ms)
[22-09-11 15:44:49] [INFO] [DEBUG] Starting load of Teleport at 1662907489241
[22-09-11 15:44:49] [INFO] [DEBUG] Teleport has been loaded. (took 1ms)
[22-09-11 15:44:49] [INFO] [DEBUG] Starting load of ExtensionManager at 1662907489242
[22-09-11 15:44:49] [INFO] [DEBUG] ExtensionManager has been loaded. (took 1ms)
[22-09-11 15:44:50] [INFO] No updates were available. You are on the latest version!
[22-09-11 15:52:07] [INFO] [DEBUG] onDisable start -> 1662907927224

[22-09-11 15:52:07] [INFO] [DEBUG] Starting unload of ExtensionManager at 1662907927228
[22-09-11 15:52:07] [INFO] [DEBUG] ExtensionManager has been unloaded. (took 0ms)
[22-09-11 15:52:07] [INFO] [DEBUG] Starting unload of Teleport at 1662907927228
[22-09-11 15:52:07] [INFO] [DEBUG] Teleport has been unloaded. (took 0ms)
[22-09-11 15:52:07] [INFO] [DEBUG] Starting unload of RequestManager at 1662907927229
[22-09-11 15:52:07] [INFO] [DEBUG] RequestManager has been unloaded. (took 0ms)
[22-09-11 15:52:07] [INFO] [DEBUG] Starting unload of QueueSignManagerImpl at 1662907927229
[22-09-11 15:52:07] [INFO] [DEBUG] QueueSignManagerImpl has been unloaded. (took 0ms)
[22-09-11 15:52:07] [INFO] [DEBUG] Starting unload of QueueManager at 1662907927229
[22-09-11 15:52:07] [INFO] [DEBUG] QueueManager has been unloaded. (took 0ms)
[22-09-11 15:52:07] [INFO] [DEBUG] Starting unload of DuelManager at 1662907927229
[22-09-11 15:52:07] [INFO] [DEBUG] DuelManager has been unloaded. (took 0ms)
[22-09-11 15:52:07] [INFO] [DEBUG] Starting unload of InventoryManager at 1662907927229
[22-09-11 15:52:07] [INFO] [DEBUG] InventoryManager has been unloaded. (took 0ms)
[22-09-11 15:52:07] [INFO] [DEBUG] Starting unload of BettingManager at 1662907927230
[22-09-11 15:52:07] [INFO] [DEBUG] BettingManager has been unloaded. (took 0ms)
[22-09-11 15:52:07] [INFO] [DEBUG] Starting unload of SpectateManagerImpl at 1662907927230
[22-09-11 15:52:07] [INFO] [DEBUG] SpectateManagerImpl has been unloaded. (took 0ms)
[22-09-11 15:52:07] [INFO] [DEBUG] Starting unload of PlayerInfoManager at 1662907927230
[22-09-11 15:52:07] [INFO] [DEBUG] PlayerInfoManager has been unloaded. (took 0ms)
[22-09-11 15:52:07] [INFO] [DEBUG] Starting unload of SettingsManager at 1662907927231
[22-09-11 15:52:07] [INFO] [DEBUG] SettingsManager has been unloaded. (took 0ms)
[22-09-11 15:52:07] [INFO] [DEBUG] Starting unload of ArenaManagerImpl at 1662907927231
[22-09-11 15:52:07] [INFO] [DEBUG] ArenaManagerImpl has been unloaded. (took 0ms)
[22-09-11 15:52:07] [INFO] [DEBUG] Starting unload of KitManagerImpl at 1662907927231
[22-09-11 15:52:07] [INFO] [DEBUG] KitManagerImpl has been unloaded. (took 0ms)
[22-09-11 15:52:07] [INFO] [DEBUG] Starting unload of GuiListener at 1662907927231
[22-09-11 15:52:07] [INFO] [DEBUG] GuiListener has been unloaded. (took 0ms)
[22-09-11 15:52:07] [INFO] [DEBUG] Starting unload of UserManagerImpl at 1662907927231
[22-09-11 15:52:07] [INFO] [DEBUG] UserManagerImpl has been unloaded. (took 0ms)
[22-09-11 15:52:07] [INFO] [DEBUG] Starting unload of Lang at 1662907927231
[22-09-11 15:52:07] [INFO] [DEBUG] Lang has been unloaded. (took 0ms)
[22-09-11 15:52:07] [INFO] [DEBUG] Starting unload of Config at 1662907927231
[22-09-11 15:52:07] [INFO] [DEBUG] Config has been unloaded. (took 0ms)
[22-09-11 15:52:07] [INFO] [DEBUG] unload done (took 7ms)
[22-09-11 15:52:07] [INFO] [DEBUG] Log#clearSources done (took 0ms)
