[22-11-15 13:30:36] [INFO] [DEBUG] onEnable start -> 1668519036495

[22-11-15 13:30:36] [INFO] Using Economy Provider: com.earth2me.essentials.economy.vault.VaultEconomyProvider
[22-11-15 13:30:36] [INFO] [DEBUG] Starting load of Config at 1668519036640
[22-11-15 13:30:36] [INFO] [DEBUG] Config has been loaded. (took 16ms)
[22-11-15 13:30:36] [INFO] [DEBUG] Starting load of Lang at 1668519036656
[22-11-15 13:30:36] [INFO] [DEBUG] Lang has been loaded. (took 29ms)
[22-11-15 13:30:36] [INFO] [DEBUG] Starting load of UserManagerImpl at 1668519036686
[22-11-15 13:30:36] [INFO] [DEBUG] UserManagerImpl has been loaded. (took 1ms)
[22-11-15 13:30:36] [INFO] [DEBUG] Starting load of GuiListener at 1668519036688
[22-11-15 13:30:36] [INFO] [DEBUG] GuiListener has been loaded. (took 0ms)
[22-11-15 13:30:36] [INFO] [DEBUG] Starting load of KitManagerImpl at 1668519036688
[22-11-15 13:30:36] [INFO] KitManagerImpl: Loaded 5 kit(s).
[22-11-15 13:30:36] [INFO] [DEBUG] KitManagerImpl has been loaded. (took 307ms)
[22-11-15 13:30:36] [INFO] [DEBUG] Starting load of ArenaManagerImpl at 1668519036995
[22-11-15 13:30:37] [INFO] ArenaManagerImpl: Loaded 10 arena(s).
[22-11-15 13:30:37] [INFO] [DEBUG] ArenaManagerImpl has been loaded. (took 25ms)
[22-11-15 13:30:37] [INFO] [DEBUG] Starting load of SettingsManager at 1668519037020
[22-11-15 13:30:37] [INFO] [DEBUG] SettingsManager has been loaded. (took 0ms)
[22-11-15 13:30:37] [INFO] [DEBUG] Starting load of PlayerInfoManager at 1668519037020
[22-11-15 13:30:37] [INFO] [DEBUG] PlayerInfoManager has been loaded. (took 2ms)
[22-11-15 13:30:37] [INFO] [DEBUG] Starting load of SpectateManagerImpl at 1668519037022
[22-11-15 13:30:37] [INFO] [DEBUG] SpectateManagerImpl has been loaded. (took 0ms)
[22-11-15 13:30:37] [INFO] [DEBUG] Starting load of BettingManager at 1668519037022
[22-11-15 13:30:37] [INFO] [DEBUG] BettingManager has been loaded. (took 0ms)
[22-11-15 13:30:37] [INFO] [DEBUG] Starting load of InventoryManager at 1668519037022
[22-11-15 13:30:37] [INFO] [DEBUG] InventoryManager has been loaded. (took 1ms)
[22-11-15 13:30:37] [INFO] [DEBUG] Starting load of DuelManager at 1668519037023
[22-11-15 13:30:37] [INFO] [DEBUG] DuelManager has been loaded. (took 0ms)
[22-11-15 13:30:37] [INFO] [DEBUG] Starting load of QueueManager at 1668519037023
[22-11-15 13:30:37] [INFO] QueueManager: Loaded 5 queue(s).
[22-11-15 13:30:37] [INFO] [DEBUG] QueueManager has been loaded. (took 11ms)
[22-11-15 13:30:37] [INFO] [DEBUG] Starting load of QueueSignManagerImpl at 1668519037034
[22-11-15 13:30:37] [INFO] QueueSignManagerImpl: Loaded 0 queue sign(s).
[22-11-15 13:30:37] [INFO] [DEBUG] QueueSignManagerImpl has been loaded. (took 1ms)
[22-11-15 13:30:37] [INFO] [DEBUG] Starting load of RequestManager at 1668519037035
[22-11-15 13:30:37] [INFO] [DEBUG] RequestManager has been loaded. (took 0ms)
[22-11-15 13:30:37] [INFO] [DEBUG] Starting load of Teleport at 1668519037035
[22-11-15 13:30:37] [INFO] [DEBUG] Teleport has been loaded. (took 1ms)
[22-11-15 13:30:37] [INFO] [DEBUG] Starting load of ExtensionManager at 1668519037036
[22-11-15 13:30:37] [INFO] [DEBUG] ExtensionManager has been loaded. (took 2ms)
[22-11-15 13:30:39] [INFO] No updates were available. You are on the latest version!
[22-11-15 13:34:20] [INFO] [DEBUG] onDisable start -> 1668519260383

[22-11-15 13:34:20] [INFO] [DEBUG] Starting unload of ExtensionManager at 1668519260385
[22-11-15 13:34:20] [INFO] [DEBUG] ExtensionManager has been unloaded. (took 1ms)
[22-11-15 13:34:20] [INFO] [DEBUG] Starting unload of Teleport at 1668519260386
[22-11-15 13:34:20] [INFO] [DEBUG] Teleport has been unloaded. (took 0ms)
[22-11-15 13:34:20] [INFO] [DEBUG] Starting unload of RequestManager at 1668519260386
[22-11-15 13:34:20] [INFO] [DEBUG] RequestManager has been unloaded. (took 0ms)
[22-11-15 13:34:20] [INFO] [DEBUG] Starting unload of QueueSignManagerImpl at 1668519260386
[22-11-15 13:34:20] [INFO] [DEBUG] QueueSignManagerImpl has been unloaded. (took 0ms)
[22-11-15 13:34:20] [INFO] [DEBUG] Starting unload of QueueManager at 1668519260386
[22-11-15 13:34:20] [INFO] [DEBUG] QueueManager has been unloaded. (took 0ms)
[22-11-15 13:34:20] [INFO] [DEBUG] Starting unload of DuelManager at 1668519260386
[22-11-15 13:34:20] [INFO] [DEBUG] DuelManager has been unloaded. (took 0ms)
[22-11-15 13:34:20] [INFO] [DEBUG] Starting unload of InventoryManager at 1668519260386
[22-11-15 13:34:20] [INFO] [DEBUG] InventoryManager has been unloaded. (took 1ms)
[22-11-15 13:34:20] [INFO] [DEBUG] Starting unload of BettingManager at 1668519260387
[22-11-15 13:34:20] [INFO] [DEBUG] BettingManager has been unloaded. (took 0ms)
[22-11-15 13:34:20] [INFO] [DEBUG] Starting unload of SpectateManagerImpl at 1668519260387
[22-11-15 13:34:20] [INFO] [DEBUG] SpectateManagerImpl has been unloaded. (took 0ms)
[22-11-15 13:34:20] [INFO] [DEBUG] Starting unload of PlayerInfoManager at 1668519260387
[22-11-15 13:34:20] [INFO] [DEBUG] PlayerInfoManager has been unloaded. (took 1ms)
[22-11-15 13:34:20] [INFO] [DEBUG] Starting unload of SettingsManager at 1668519260388
[22-11-15 13:34:20] [INFO] [DEBUG] SettingsManager has been unloaded. (took 0ms)
[22-11-15 13:34:20] [INFO] [DEBUG] Starting unload of ArenaManagerImpl at 1668519260388
[22-11-15 13:34:20] [INFO] [DEBUG] ArenaManagerImpl has been unloaded. (took 0ms)
[22-11-15 13:34:20] [INFO] [DEBUG] Starting unload of KitManagerImpl at 1668519260388
[22-11-15 13:34:20] [INFO] [DEBUG] KitManagerImpl has been unloaded. (took 0ms)
[22-11-15 13:34:20] [INFO] [DEBUG] Starting unload of GuiListener at 1668519260388
[22-11-15 13:34:20] [INFO] [DEBUG] GuiListener has been unloaded. (took 0ms)
[22-11-15 13:34:20] [INFO] [DEBUG] Starting unload of UserManagerImpl at 1668519260389
[22-11-15 13:34:20] [INFO] [DEBUG] UserManagerImpl has been unloaded. (took 20ms)
[22-11-15 13:34:20] [INFO] [DEBUG] Starting unload of Lang at 1668519260409
[22-11-15 13:34:20] [INFO] [DEBUG] Lang has been unloaded. (took 0ms)
[22-11-15 13:34:20] [INFO] [DEBUG] Starting unload of Config at 1668519260409
[22-11-15 13:34:20] [INFO] [DEBUG] Config has been unloaded. (took 0ms)
[22-11-15 13:34:20] [INFO] [DEBUG] unload done (took 26ms)
[22-11-15 13:34:20] [INFO] [DEBUG] Log#clearSources done (took 1ms)
[22-11-15 13:38:06] [INFO] [DEBUG] onEnable start -> 1668519486379

[22-11-15 13:38:06] [INFO] Using Economy Provider: com.earth2me.essentials.economy.vault.VaultEconomyProvider
[22-11-15 13:38:06] [INFO] [DEBUG] Starting load of Config at 1668519486474
[22-11-15 13:38:06] [INFO] [DEBUG] Config has been loaded. (took 11ms)
[22-11-15 13:38:06] [INFO] [DEBUG] Starting load of Lang at 1668519486485
[22-11-15 13:38:06] [INFO] [DEBUG] Lang has been loaded. (took 22ms)
[22-11-15 13:38:06] [INFO] [DEBUG] Starting load of UserManagerImpl at 1668519486507
[22-11-15 13:38:06] [INFO] [DEBUG] UserManagerImpl has been loaded. (took 1ms)
[22-11-15 13:38:06] [INFO] [DEBUG] Starting load of GuiListener at 1668519486508
[22-11-15 13:38:06] [INFO] [DEBUG] GuiListener has been loaded. (took 0ms)
[22-11-15 13:38:06] [INFO] [DEBUG] Starting load of KitManagerImpl at 1668519486508
[22-11-15 13:38:06] [INFO] KitManagerImpl: Loaded 5 kit(s).
[22-11-15 13:38:06] [INFO] [DEBUG] KitManagerImpl has been loaded. (took 278ms)
[22-11-15 13:38:06] [INFO] [DEBUG] Starting load of ArenaManagerImpl at 1668519486786
[22-11-15 13:38:06] [INFO] ArenaManagerImpl: Loaded 10 arena(s).
[22-11-15 13:38:06] [INFO] [DEBUG] ArenaManagerImpl has been loaded. (took 23ms)
[22-11-15 13:38:06] [INFO] [DEBUG] Starting load of SettingsManager at 1668519486809
[22-11-15 13:38:06] [INFO] [DEBUG] SettingsManager has been loaded. (took 0ms)
[22-11-15 13:38:06] [INFO] [DEBUG] Starting load of PlayerInfoManager at 1668519486809
[22-11-15 13:38:06] [INFO] [DEBUG] PlayerInfoManager has been loaded. (took 3ms)
[22-11-15 13:38:06] [INFO] [DEBUG] Starting load of SpectateManagerImpl at 1668519486812
[22-11-15 13:38:06] [INFO] [DEBUG] SpectateManagerImpl has been loaded. (took 0ms)
[22-11-15 13:38:06] [INFO] [DEBUG] Starting load of BettingManager at 1668519486812
[22-11-15 13:38:06] [INFO] [DEBUG] BettingManager has been loaded. (took 0ms)
[22-11-15 13:38:06] [INFO] [DEBUG] Starting load of InventoryManager at 1668519486812
[22-11-15 13:38:06] [INFO] [DEBUG] InventoryManager has been loaded. (took 1ms)
[22-11-15 13:38:06] [INFO] [DEBUG] Starting load of DuelManager at 1668519486813
[22-11-15 13:38:06] [INFO] [DEBUG] DuelManager has been loaded. (took 0ms)
[22-11-15 13:38:06] [INFO] [DEBUG] Starting load of QueueManager at 1668519486813
[22-11-15 13:38:06] [INFO] QueueManager: Loaded 5 queue(s).
[22-11-15 13:38:06] [INFO] [DEBUG] QueueManager has been loaded. (took 10ms)
[22-11-15 13:38:06] [INFO] [DEBUG] Starting load of QueueSignManagerImpl at 1668519486823
[22-11-15 13:38:06] [INFO] QueueSignManagerImpl: Loaded 0 queue sign(s).
[22-11-15 13:38:06] [INFO] [DEBUG] QueueSignManagerImpl has been loaded. (took 2ms)
[22-11-15 13:38:06] [INFO] [DEBUG] Starting load of RequestManager at 1668519486825
[22-11-15 13:38:06] [INFO] [DEBUG] RequestManager has been loaded. (took 0ms)
[22-11-15 13:38:06] [INFO] [DEBUG] Starting load of Teleport at 1668519486825
[22-11-15 13:38:06] [INFO] [DEBUG] Teleport has been loaded. (took 1ms)
[22-11-15 13:38:06] [INFO] [DEBUG] Starting load of ExtensionManager at 1668519486826
[22-11-15 13:38:06] [INFO] [DEBUG] ExtensionManager has been loaded. (took 1ms)
[22-11-15 13:38:08] [INFO] No updates were available. You are on the latest version!
[22-11-15 13:46:41] [INFO] [DEBUG] onDisable start -> 1668520001494

[22-11-15 13:46:41] [INFO] [DEBUG] Starting unload of ExtensionManager at 1668520001497
[22-11-15 13:46:41] [INFO] [DEBUG] ExtensionManager has been unloaded. (took 0ms)
[22-11-15 13:46:41] [INFO] [DEBUG] Starting unload of Teleport at 1668520001497
[22-11-15 13:46:41] [INFO] [DEBUG] Teleport has been unloaded. (took 0ms)
[22-11-15 13:46:41] [INFO] [DEBUG] Starting unload of RequestManager at 1668520001497
[22-11-15 13:46:41] [INFO] [DEBUG] RequestManager has been unloaded. (took 0ms)
[22-11-15 13:46:41] [INFO] [DEBUG] Starting unload of QueueSignManagerImpl at 1668520001497
[22-11-15 13:46:41] [INFO] [DEBUG] QueueSignManagerImpl has been unloaded. (took 0ms)
[22-11-15 13:46:41] [INFO] [DEBUG] Starting unload of QueueManager at 1668520001497
[22-11-15 13:46:41] [INFO] [DEBUG] QueueManager has been unloaded. (took 0ms)
[22-11-15 13:46:41] [INFO] [DEBUG] Starting unload of DuelManager at 1668520001497
[22-11-15 13:46:41] [INFO] [DEBUG] DuelManager has been unloaded. (took 0ms)
[22-11-15 13:46:41] [INFO] [DEBUG] Starting unload of InventoryManager at 1668520001497
[22-11-15 13:46:41] [INFO] [DEBUG] InventoryManager has been unloaded. (took 0ms)
[22-11-15 13:46:41] [INFO] [DEBUG] Starting unload of BettingManager at 1668520001497
[22-11-15 13:46:41] [INFO] [DEBUG] BettingManager has been unloaded. (took 0ms)
[22-11-15 13:46:41] [INFO] [DEBUG] Starting unload of SpectateManagerImpl at 1668520001497
[22-11-15 13:46:41] [INFO] [DEBUG] SpectateManagerImpl has been unloaded. (took 0ms)
[22-11-15 13:46:41] [INFO] [DEBUG] Starting unload of PlayerInfoManager at 1668520001497
[22-11-15 13:46:41] [INFO] [DEBUG] PlayerInfoManager has been unloaded. (took 1ms)
[22-11-15 13:46:41] [INFO] [DEBUG] Starting unload of SettingsManager at 1668520001498
[22-11-15 13:46:41] [INFO] [DEBUG] SettingsManager has been unloaded. (took 0ms)
[22-11-15 13:46:41] [INFO] [DEBUG] Starting unload of ArenaManagerImpl at 1668520001498
[22-11-15 13:46:41] [INFO] [DEBUG] ArenaManagerImpl has been unloaded. (took 0ms)
[22-11-15 13:46:41] [INFO] [DEBUG] Starting unload of KitManagerImpl at 1668520001498
[22-11-15 13:46:41] [INFO] [DEBUG] KitManagerImpl has been unloaded. (took 0ms)
[22-11-15 13:46:41] [INFO] [DEBUG] Starting unload of GuiListener at 1668520001498
[22-11-15 13:46:41] [INFO] [DEBUG] GuiListener has been unloaded. (took 0ms)
[22-11-15 13:46:41] [INFO] [DEBUG] Starting unload of UserManagerImpl at 1668520001498
[22-11-15 13:46:41] [INFO] [DEBUG] UserManagerImpl has been unloaded. (took 1ms)
[22-11-15 13:46:41] [INFO] [DEBUG] Starting unload of Lang at 1668520001499
[22-11-15 13:46:41] [INFO] [DEBUG] Lang has been unloaded. (took 0ms)
[22-11-15 13:46:41] [INFO] [DEBUG] Starting unload of Config at 1668520001499
[22-11-15 13:46:41] [INFO] [DEBUG] Config has been unloaded. (took 1ms)
[22-11-15 13:46:41] [INFO] [DEBUG] unload done (took 6ms)
[22-11-15 13:46:41] [INFO] [DEBUG] Log#clearSources done (took 0ms)
[22-11-15 13:47:30] [INFO] [DEBUG] onEnable start -> 1668520050099

[22-11-15 13:47:30] [INFO] Using Economy Provider: com.earth2me.essentials.economy.vault.VaultEconomyProvider
[22-11-15 13:47:30] [INFO] [DEBUG] Starting load of Config at 1668520050218
[22-11-15 13:47:30] [INFO] [DEBUG] Config has been loaded. (took 10ms)
[22-11-15 13:47:30] [INFO] [DEBUG] Starting load of Lang at 1668520050228
[22-11-15 13:47:30] [INFO] [DEBUG] Lang has been loaded. (took 24ms)
[22-11-15 13:47:30] [INFO] [DEBUG] Starting load of UserManagerImpl at 1668520050253
[22-11-15 13:47:30] [INFO] [DEBUG] UserManagerImpl has been loaded. (took 0ms)
[22-11-15 13:47:30] [INFO] [DEBUG] Starting load of GuiListener at 1668520050253
[22-11-15 13:47:30] [INFO] [DEBUG] GuiListener has been loaded. (took 0ms)
[22-11-15 13:47:30] [INFO] [DEBUG] Starting load of KitManagerImpl at 1668520050253
[22-11-15 13:47:30] [INFO] KitManagerImpl: Loaded 5 kit(s).
[22-11-15 13:47:30] [INFO] [DEBUG] KitManagerImpl has been loaded. (took 255ms)
[22-11-15 13:47:30] [INFO] [DEBUG] Starting load of ArenaManagerImpl at 1668520050508
[22-11-15 13:47:30] [INFO] ArenaManagerImpl: Loaded 10 arena(s).
[22-11-15 13:47:30] [INFO] [DEBUG] ArenaManagerImpl has been loaded. (took 24ms)
[22-11-15 13:47:30] [INFO] [DEBUG] Starting load of SettingsManager at 1668520050532
[22-11-15 13:47:30] [INFO] [DEBUG] SettingsManager has been loaded. (took 0ms)
[22-11-15 13:47:30] [INFO] [DEBUG] Starting load of PlayerInfoManager at 1668520050532
[22-11-15 13:47:30] [INFO] [DEBUG] PlayerInfoManager has been loaded. (took 2ms)
[22-11-15 13:47:30] [INFO] [DEBUG] Starting load of SpectateManagerImpl at 1668520050534
[22-11-15 13:47:30] [INFO] [DEBUG] SpectateManagerImpl has been loaded. (took 0ms)
[22-11-15 13:47:30] [INFO] [DEBUG] Starting load of BettingManager at 1668520050535
[22-11-15 13:47:30] [INFO] [DEBUG] BettingManager has been loaded. (took 0ms)
[22-11-15 13:47:30] [INFO] [DEBUG] Starting load of InventoryManager at 1668520050535
[22-11-15 13:47:30] [INFO] [DEBUG] InventoryManager has been loaded. (took 1ms)
[22-11-15 13:47:30] [INFO] [DEBUG] Starting load of DuelManager at 1668520050536
[22-11-15 13:47:30] [INFO] [DEBUG] DuelManager has been loaded. (took 1ms)
[22-11-15 13:47:30] [INFO] [DEBUG] Starting load of QueueManager at 1668520050537
[22-11-15 13:47:30] [INFO] QueueManager: Loaded 5 queue(s).
[22-11-15 13:47:30] [INFO] [DEBUG] QueueManager has been loaded. (took 9ms)
[22-11-15 13:47:30] [INFO] [DEBUG] Starting load of QueueSignManagerImpl at 1668520050546
[22-11-15 13:47:30] [INFO] QueueSignManagerImpl: Loaded 0 queue sign(s).
[22-11-15 13:47:30] [INFO] [DEBUG] QueueSignManagerImpl has been loaded. (took 2ms)
[22-11-15 13:47:30] [INFO] [DEBUG] Starting load of RequestManager at 1668520050548
[22-11-15 13:47:30] [INFO] [DEBUG] RequestManager has been loaded. (took 0ms)
[22-11-15 13:47:30] [INFO] [DEBUG] Starting load of Teleport at 1668520050548
[22-11-15 13:47:30] [INFO] [DEBUG] Teleport has been loaded. (took 0ms)
[22-11-15 13:47:30] [INFO] [DEBUG] Starting load of ExtensionManager at 1668520050548
[22-11-15 13:47:30] [INFO] [DEBUG] ExtensionManager has been loaded. (took 1ms)
[22-11-15 13:47:32] [INFO] No updates were available. You are on the latest version!
[22-11-15 14:05:15] [SEVERE] UserManagerImpl: An error occured while loading userdata of thomaskeig!
com.fasterxml.jackson.databind.exc.MismatchedInputException: No content to map due to end-of-input
 at [Source: (InputStreamReader); line: 1, column: 0]
	at Duels-3.5.2.jar//com.fasterxml.jackson.databind.exc.MismatchedInputException.from(MismatchedInputException.java:59)
	at Duels-3.5.2.jar//com.fasterxml.jackson.databind.ObjectMapper._initForReading(ObjectMapper.java:4765)
	at Duels-3.5.2.jar//com.fasterxml.jackson.databind.ObjectMapper._readMapAndClose(ObjectMapper.java:4667)
	at Duels-3.5.2.jar//com.fasterxml.jackson.databind.ObjectMapper.readValue(ObjectMapper.java:3642)
	at Duels-3.5.2.jar//me.realized.duels.data.UserManagerImpl.tryLoad(UserManagerImpl.java:259)
	at Duels-3.5.2.jar//me.realized.duels.data.UserManagerImpl.lambda$on$8(UserManagerImpl.java:313)
	at org.bukkit.craftbukkit.v1_19_R1.scheduler.CraftTask.run(CraftTask.java:101)
	at org.bukkit.craftbukkit.v1_19_R1.scheduler.CraftAsyncTask.run(CraftAsyncTask.java:57)
	at com.destroystokyo.paper.ServerSchedulerReportingWrapper.run(ServerSchedulerReportingWrapper.java:22)
	at java.base/java.util.concurrent.ThreadPoolExecutor.runWorker(ThreadPoolExecutor.java:1136)
	at java.base/java.util.concurrent.ThreadPoolExecutor$Worker.run(ThreadPoolExecutor.java:635)
	at java.base/java.lang.Thread.run(Thread.java:833)
[22-11-15 14:10:17] [INFO] [DEBUG] onDisable start -> 1668521417725

[22-11-15 14:10:17] [INFO] [DEBUG] Starting unload of ExtensionManager at 1668521417729
[22-11-15 14:10:17] [INFO] [DEBUG] ExtensionManager has been unloaded. (took 1ms)
[22-11-15 14:10:17] [INFO] [DEBUG] Starting unload of Teleport at 1668521417730
[22-11-15 14:10:17] [INFO] [DEBUG] Teleport has been unloaded. (took 0ms)
[22-11-15 14:10:17] [INFO] [DEBUG] Starting unload of RequestManager at 1668521417730
[22-11-15 14:10:17] [INFO] [DEBUG] RequestManager has been unloaded. (took 0ms)
[22-11-15 14:10:17] [INFO] [DEBUG] Starting unload of QueueSignManagerImpl at 1668521417730
[22-11-15 14:10:17] [INFO] [DEBUG] QueueSignManagerImpl has been unloaded. (took 0ms)
[22-11-15 14:10:17] [INFO] [DEBUG] Starting unload of QueueManager at 1668521417730
[22-11-15 14:10:17] [INFO] [DEBUG] QueueManager has been unloaded. (took 0ms)
[22-11-15 14:10:17] [INFO] [DEBUG] Starting unload of DuelManager at 1668521417730
[22-11-15 14:10:17] [INFO] [DEBUG] DuelManager has been unloaded. (took 0ms)
[22-11-15 14:10:17] [INFO] [DEBUG] Starting unload of InventoryManager at 1668521417730
[22-11-15 14:10:17] [INFO] [DEBUG] InventoryManager has been unloaded. (took 0ms)
[22-11-15 14:10:17] [INFO] [DEBUG] Starting unload of BettingManager at 1668521417730
[22-11-15 14:10:17] [INFO] [DEBUG] BettingManager has been unloaded. (took 0ms)
[22-11-15 14:10:17] [INFO] [DEBUG] Starting unload of SpectateManagerImpl at 1668521417730
[22-11-15 14:10:17] [INFO] [DEBUG] SpectateManagerImpl has been unloaded. (took 0ms)
[22-11-15 14:10:17] [INFO] [DEBUG] Starting unload of PlayerInfoManager at 1668521417730
[22-11-15 14:10:17] [INFO] [DEBUG] PlayerInfoManager has been unloaded. (took 1ms)
[22-11-15 14:10:17] [INFO] [DEBUG] Starting unload of SettingsManager at 1668521417731
[22-11-15 14:10:17] [INFO] [DEBUG] SettingsManager has been unloaded. (took 0ms)
[22-11-15 14:10:17] [INFO] [DEBUG] Starting unload of ArenaManagerImpl at 1668521417731
[22-11-15 14:10:17] [INFO] [DEBUG] ArenaManagerImpl has been unloaded. (took 0ms)
[22-11-15 14:10:17] [INFO] [DEBUG] Starting unload of KitManagerImpl at 1668521417731
[22-11-15 14:10:17] [INFO] [DEBUG] KitManagerImpl has been unloaded. (took 0ms)
[22-11-15 14:10:17] [INFO] [DEBUG] Starting unload of GuiListener at 1668521417731
[22-11-15 14:10:17] [INFO] [DEBUG] GuiListener has been unloaded. (took 0ms)
[22-11-15 14:10:17] [INFO] [DEBUG] Starting unload of UserManagerImpl at 1668521417731
[22-11-15 14:10:17] [INFO] [DEBUG] UserManagerImpl has been unloaded. (took 2ms)
[22-11-15 14:10:17] [INFO] [DEBUG] Starting unload of Lang at 1668521417733
[22-11-15 14:10:17] [INFO] [DEBUG] Lang has been unloaded. (took 0ms)
[22-11-15 14:10:17] [INFO] [DEBUG] Starting unload of Config at 1668521417733
[22-11-15 14:10:17] [INFO] [DEBUG] Config has been unloaded. (took 0ms)
[22-11-15 14:10:17] [INFO] [DEBUG] unload done (took 8ms)
[22-11-15 14:10:17] [INFO] [DEBUG] Log#clearSources done (took 0ms)
[22-11-15 14:11:37] [INFO] [DEBUG] onEnable start -> 1668521497470

[22-11-15 14:11:37] [INFO] Using Economy Provider: com.earth2me.essentials.economy.vault.VaultEconomyProvider
[22-11-15 14:11:37] [INFO] [DEBUG] Starting load of Config at 1668521497565
[22-11-15 14:11:37] [INFO] [DEBUG] Config has been loaded. (took 12ms)
[22-11-15 14:11:37] [INFO] [DEBUG] Starting load of Lang at 1668521497577
[22-11-15 14:11:37] [INFO] [DEBUG] Lang has been loaded. (took 22ms)
[22-11-15 14:11:37] [INFO] [DEBUG] Starting load of UserManagerImpl at 1668521497599
[22-11-15 14:11:37] [INFO] [DEBUG] UserManagerImpl has been loaded. (took 1ms)
[22-11-15 14:11:37] [INFO] [DEBUG] Starting load of GuiListener at 1668521497600
[22-11-15 14:11:37] [INFO] [DEBUG] GuiListener has been loaded. (took 0ms)
[22-11-15 14:11:37] [INFO] [DEBUG] Starting load of KitManagerImpl at 1668521497600
[22-11-15 14:11:37] [INFO] KitManagerImpl: Loaded 5 kit(s).
[22-11-15 14:11:37] [INFO] [DEBUG] KitManagerImpl has been loaded. (took 273ms)
[22-11-15 14:11:37] [INFO] [DEBUG] Starting load of ArenaManagerImpl at 1668521497873
[22-11-15 14:11:37] [INFO] ArenaManagerImpl: Loaded 10 arena(s).
[22-11-15 14:11:37] [INFO] [DEBUG] ArenaManagerImpl has been loaded. (took 28ms)
[22-11-15 14:11:37] [INFO] [DEBUG] Starting load of SettingsManager at 1668521497901
[22-11-15 14:11:37] [INFO] [DEBUG] SettingsManager has been loaded. (took 0ms)
[22-11-15 14:11:37] [INFO] [DEBUG] Starting load of PlayerInfoManager at 1668521497901
[22-11-15 14:11:37] [INFO] [DEBUG] PlayerInfoManager has been loaded. (took 4ms)
[22-11-15 14:11:37] [INFO] [DEBUG] Starting load of SpectateManagerImpl at 1668521497905
[22-11-15 14:11:37] [INFO] [DEBUG] SpectateManagerImpl has been loaded. (took 0ms)
[22-11-15 14:11:37] [INFO] [DEBUG] Starting load of BettingManager at 1668521497905
[22-11-15 14:11:37] [INFO] [DEBUG] BettingManager has been loaded. (took 0ms)
[22-11-15 14:11:37] [INFO] [DEBUG] Starting load of InventoryManager at 1668521497905
[22-11-15 14:11:37] [INFO] [DEBUG] InventoryManager has been loaded. (took 0ms)
[22-11-15 14:11:37] [INFO] [DEBUG] Starting load of DuelManager at 1668521497906
[22-11-15 14:11:37] [INFO] [DEBUG] DuelManager has been loaded. (took 0ms)
[22-11-15 14:11:37] [INFO] [DEBUG] Starting load of QueueManager at 1668521497906
[22-11-15 14:11:37] [INFO] QueueManager: Loaded 5 queue(s).
[22-11-15 14:11:37] [INFO] [DEBUG] QueueManager has been loaded. (took 10ms)
[22-11-15 14:11:37] [INFO] [DEBUG] Starting load of QueueSignManagerImpl at 1668521497916
[22-11-15 14:11:37] [INFO] QueueSignManagerImpl: Loaded 0 queue sign(s).
[22-11-15 14:11:37] [INFO] [DEBUG] QueueSignManagerImpl has been loaded. (took 2ms)
[22-11-15 14:11:37] [INFO] [DEBUG] Starting load of RequestManager at 1668521497918
[22-11-15 14:11:37] [INFO] [DEBUG] RequestManager has been loaded. (took 0ms)
[22-11-15 14:11:37] [INFO] [DEBUG] Starting load of Teleport at 1668521497918
[22-11-15 14:11:37] [INFO] [DEBUG] Teleport has been loaded. (took 0ms)
[22-11-15 14:11:37] [INFO] [DEBUG] Starting load of ExtensionManager at 1668521497918
[22-11-15 14:11:37] [INFO] [DEBUG] ExtensionManager has been loaded. (took 2ms)
[22-11-15 14:11:39] [INFO] No updates were available. You are on the latest version!
[22-11-15 14:16:47] [INFO] [DEBUG] onDisable start -> 1668521807705

[22-11-15 14:16:47] [INFO] [DEBUG] Starting unload of ExtensionManager at 1668521807707
[22-11-15 14:16:47] [INFO] [DEBUG] ExtensionManager has been unloaded. (took 1ms)
[22-11-15 14:16:47] [INFO] [DEBUG] Starting unload of Teleport at 1668521807708
[22-11-15 14:16:47] [INFO] [DEBUG] Teleport has been unloaded. (took 0ms)
[22-11-15 14:16:47] [INFO] [DEBUG] Starting unload of RequestManager at 1668521807708
[22-11-15 14:16:47] [INFO] [DEBUG] RequestManager has been unloaded. (took 0ms)
[22-11-15 14:16:47] [INFO] [DEBUG] Starting unload of QueueSignManagerImpl at 1668521807708
[22-11-15 14:16:47] [INFO] [DEBUG] QueueSignManagerImpl has been unloaded. (took 0ms)
[22-11-15 14:16:47] [INFO] [DEBUG] Starting unload of QueueManager at 1668521807708
[22-11-15 14:16:47] [INFO] [DEBUG] QueueManager has been unloaded. (took 1ms)
[22-11-15 14:16:47] [INFO] [DEBUG] Starting unload of DuelManager at 1668521807709
[22-11-15 14:16:47] [INFO] [DEBUG] DuelManager has been unloaded. (took 0ms)
[22-11-15 14:16:47] [INFO] [DEBUG] Starting unload of InventoryManager at 1668521807709
[22-11-15 14:16:47] [INFO] [DEBUG] InventoryManager has been unloaded. (took 0ms)
[22-11-15 14:16:47] [INFO] [DEBUG] Starting unload of BettingManager at 1668521807709
[22-11-15 14:16:47] [INFO] [DEBUG] BettingManager has been unloaded. (took 0ms)
[22-11-15 14:16:47] [INFO] [DEBUG] Starting unload of SpectateManagerImpl at 1668521807709
[22-11-15 14:16:47] [INFO] [DEBUG] SpectateManagerImpl has been unloaded. (took 0ms)
[22-11-15 14:16:47] [INFO] [DEBUG] Starting unload of PlayerInfoManager at 1668521807709
[22-11-15 14:16:47] [INFO] [DEBUG] PlayerInfoManager has been unloaded. (took 0ms)
[22-11-15 14:16:47] [INFO] [DEBUG] Starting unload of SettingsManager at 1668521807709
[22-11-15 14:16:47] [INFO] [DEBUG] SettingsManager has been unloaded. (took 0ms)
[22-11-15 14:16:47] [INFO] [DEBUG] Starting unload of ArenaManagerImpl at 1668521807709
[22-11-15 14:16:47] [INFO] [DEBUG] ArenaManagerImpl has been unloaded. (took 0ms)
[22-11-15 14:16:47] [INFO] [DEBUG] Starting unload of KitManagerImpl at 1668521807709
[22-11-15 14:16:47] [INFO] [DEBUG] KitManagerImpl has been unloaded. (took 0ms)
[22-11-15 14:16:47] [INFO] [DEBUG] Starting unload of GuiListener at 1668521807709
[22-11-15 14:16:47] [INFO] [DEBUG] GuiListener has been unloaded. (took 1ms)
[22-11-15 14:16:47] [INFO] [DEBUG] Starting unload of UserManagerImpl at 1668521807710
[22-11-15 14:16:47] [INFO] [DEBUG] UserManagerImpl has been unloaded. (took 0ms)
[22-11-15 14:16:47] [INFO] [DEBUG] Starting unload of Lang at 1668521807710
[22-11-15 14:16:47] [INFO] [DEBUG] Lang has been unloaded. (took 0ms)
[22-11-15 14:16:47] [INFO] [DEBUG] Starting unload of Config at 1668521807710
[22-11-15 14:16:47] [INFO] [DEBUG] Config has been unloaded. (took 0ms)
[22-11-15 14:16:47] [INFO] [DEBUG] unload done (took 5ms)
[22-11-15 14:16:47] [INFO] [DEBUG] Log#clearSources done (took 0ms)
[22-11-15 14:18:05] [INFO] [DEBUG] onEnable start -> 1668521885033

[22-11-15 14:18:05] [INFO] Using Economy Provider: com.earth2me.essentials.economy.vault.VaultEconomyProvider
[22-11-15 14:18:05] [INFO] [DEBUG] Starting load of Config at 1668521885116
[22-11-15 14:18:05] [INFO] [DEBUG] Config has been loaded. (took 11ms)
[22-11-15 14:18:05] [INFO] [DEBUG] Starting load of Lang at 1668521885127
[22-11-15 14:18:05] [INFO] [DEBUG] Lang has been loaded. (took 21ms)
[22-11-15 14:18:05] [INFO] [DEBUG] Starting load of UserManagerImpl at 1668521885148
[22-11-15 14:18:05] [INFO] [DEBUG] UserManagerImpl has been loaded. (took 1ms)
[22-11-15 14:18:05] [INFO] [DEBUG] Starting load of GuiListener at 1668521885149
[22-11-15 14:18:05] [INFO] [DEBUG] GuiListener has been loaded. (took 0ms)
[22-11-15 14:18:05] [INFO] [DEBUG] Starting load of KitManagerImpl at 1668521885149
[22-11-15 14:18:05] [INFO] KitManagerImpl: Loaded 5 kit(s).
[22-11-15 14:18:05] [INFO] [DEBUG] KitManagerImpl has been loaded. (took 225ms)
[22-11-15 14:18:05] [INFO] [DEBUG] Starting load of ArenaManagerImpl at 1668521885374
[22-11-15 14:18:05] [INFO] ArenaManagerImpl: Loaded 10 arena(s).
[22-11-15 14:18:05] [INFO] [DEBUG] ArenaManagerImpl has been loaded. (took 21ms)
[22-11-15 14:18:05] [INFO] [DEBUG] Starting load of SettingsManager at 1668521885395
[22-11-15 14:18:05] [INFO] [DEBUG] SettingsManager has been loaded. (took 0ms)
[22-11-15 14:18:05] [INFO] [DEBUG] Starting load of PlayerInfoManager at 1668521885395
[22-11-15 14:18:05] [INFO] [DEBUG] PlayerInfoManager has been loaded. (took 3ms)
[22-11-15 14:18:05] [INFO] [DEBUG] Starting load of SpectateManagerImpl at 1668521885398
[22-11-15 14:18:05] [INFO] [DEBUG] SpectateManagerImpl has been loaded. (took 0ms)
[22-11-15 14:18:05] [INFO] [DEBUG] Starting load of BettingManager at 1668521885398
[22-11-15 14:18:05] [INFO] [DEBUG] BettingManager has been loaded. (took 0ms)
[22-11-15 14:18:05] [INFO] [DEBUG] Starting load of InventoryManager at 1668521885399
[22-11-15 14:18:05] [INFO] [DEBUG] InventoryManager has been loaded. (took 0ms)
[22-11-15 14:18:05] [INFO] [DEBUG] Starting load of DuelManager at 1668521885399
[22-11-15 14:18:05] [INFO] [DEBUG] DuelManager has been loaded. (took 1ms)
[22-11-15 14:18:05] [INFO] [DEBUG] Starting load of QueueManager at 1668521885400
[22-11-15 14:18:05] [INFO] QueueManager: Loaded 5 queue(s).
[22-11-15 14:18:05] [INFO] [DEBUG] QueueManager has been loaded. (took 11ms)
[22-11-15 14:18:05] [INFO] [DEBUG] Starting load of QueueSignManagerImpl at 1668521885411
[22-11-15 14:18:05] [INFO] QueueSignManagerImpl: Loaded 0 queue sign(s).
[22-11-15 14:18:05] [INFO] [DEBUG] QueueSignManagerImpl has been loaded. (took 2ms)
[22-11-15 14:18:05] [INFO] [DEBUG] Starting load of RequestManager at 1668521885413
[22-11-15 14:18:05] [INFO] [DEBUG] RequestManager has been loaded. (took 0ms)
[22-11-15 14:18:05] [INFO] [DEBUG] Starting load of Teleport at 1668521885413
[22-11-15 14:18:05] [INFO] [DEBUG] Teleport has been loaded. (took 1ms)
[22-11-15 14:18:05] [INFO] [DEBUG] Starting load of ExtensionManager at 1668521885414
[22-11-15 14:18:05] [INFO] [DEBUG] ExtensionManager has been loaded. (took 1ms)
[22-11-15 14:18:07] [INFO] No updates were available. You are on the latest version!
[22-11-15 14:48:40] [INFO] [DEBUG] onDisable start -> 1668523720273

[22-11-15 14:48:40] [INFO] [DEBUG] Starting unload of ExtensionManager at 1668523720276
[22-11-15 14:48:40] [INFO] [DEBUG] ExtensionManager has been unloaded. (took 0ms)
[22-11-15 14:48:40] [INFO] [DEBUG] Starting unload of Teleport at 1668523720276
[22-11-15 14:48:40] [INFO] [DEBUG] Teleport has been unloaded. (took 0ms)
[22-11-15 14:48:40] [INFO] [DEBUG] Starting unload of RequestManager at 1668523720276
[22-11-15 14:48:40] [INFO] [DEBUG] RequestManager has been unloaded. (took 0ms)
[22-11-15 14:48:40] [INFO] [DEBUG] Starting unload of QueueSignManagerImpl at 1668523720276
[22-11-15 14:48:40] [INFO] [DEBUG] QueueSignManagerImpl has been unloaded. (took 0ms)
[22-11-15 14:48:40] [INFO] [DEBUG] Starting unload of QueueManager at 1668523720276
[22-11-15 14:48:40] [INFO] [DEBUG] QueueManager has been unloaded. (took 0ms)
[22-11-15 14:48:40] [INFO] [DEBUG] Starting unload of DuelManager at 1668523720277
[22-11-15 14:48:40] [INFO] [DEBUG] DuelManager has been unloaded. (took 0ms)
[22-11-15 14:48:40] [INFO] [DEBUG] Starting unload of InventoryManager at 1668523720277
[22-11-15 14:48:40] [INFO] [DEBUG] InventoryManager has been unloaded. (took 0ms)
[22-11-15 14:48:40] [INFO] [DEBUG] Starting unload of BettingManager at 1668523720277
[22-11-15 14:48:40] [INFO] [DEBUG] BettingManager has been unloaded. (took 0ms)
[22-11-15 14:48:40] [INFO] [DEBUG] Starting unload of SpectateManagerImpl at 1668523720277
[22-11-15 14:48:40] [INFO] [DEBUG] SpectateManagerImpl has been unloaded. (took 0ms)
[22-11-15 14:48:40] [INFO] [DEBUG] Starting unload of PlayerInfoManager at 1668523720277
[22-11-15 14:48:40] [INFO] [DEBUG] PlayerInfoManager has been unloaded. (took 0ms)
[22-11-15 14:48:40] [INFO] [DEBUG] Starting unload of SettingsManager at 1668523720277
[22-11-15 14:48:40] [INFO] [DEBUG] SettingsManager has been unloaded. (took 0ms)
[22-11-15 14:48:40] [INFO] [DEBUG] Starting unload of ArenaManagerImpl at 1668523720277
[22-11-15 14:48:40] [INFO] [DEBUG] ArenaManagerImpl has been unloaded. (took 0ms)
[22-11-15 14:48:40] [INFO] [DEBUG] Starting unload of KitManagerImpl at 1668523720277
[22-11-15 14:48:40] [INFO] [DEBUG] KitManagerImpl has been unloaded. (took 0ms)
[22-11-15 14:48:40] [INFO] [DEBUG] Starting unload of GuiListener at 1668523720277
[22-11-15 14:48:40] [INFO] [DEBUG] GuiListener has been unloaded. (took 1ms)
[22-11-15 14:48:40] [INFO] [DEBUG] Starting unload of UserManagerImpl at 1668523720278
[22-11-15 14:48:40] [INFO] [DEBUG] UserManagerImpl has been unloaded. (took 2ms)
[22-11-15 14:48:40] [INFO] [DEBUG] Starting unload of Lang at 1668523720280
[22-11-15 14:48:40] [INFO] [DEBUG] Lang has been unloaded. (took 0ms)
[22-11-15 14:48:40] [INFO] [DEBUG] Starting unload of Config at 1668523720280
[22-11-15 14:48:40] [INFO] [DEBUG] Config has been unloaded. (took 0ms)
[22-11-15 14:48:40] [INFO] [DEBUG] unload done (took 7ms)
[22-11-15 14:48:40] [INFO] [DEBUG] Log#clearSources done (took 0ms)
