[22-12-28 21:33:53] [INFO] [DEBUG] onEnable start -> 1672263233700

[22-12-28 21:33:53] [INFO] Using Economy Provider: com.earth2me.essentials.economy.vault.VaultEconomyProvider
[22-12-28 21:33:53] [INFO] [DEBUG] Starting load of Config at 1672263233754
[22-12-28 21:33:53] [INFO] [DEBUG] Config has been loaded. (took 6ms)
[22-12-28 21:33:53] [INFO] [DEBUG] Starting load of Lang at 1672263233760
[22-12-28 21:33:53] [INFO] [DEBUG] Lang has been loaded. (took 9ms)
[22-12-28 21:33:53] [INFO] [DEBUG] Starting load of UserManagerImpl at 1672263233769
[22-12-28 21:33:53] [INFO] [DEBUG] UserManagerImpl has been loaded. (took 0ms)
[22-12-28 21:33:53] [INFO] [DEBUG] Starting load of GuiListener at 1672263233769
[22-12-28 21:33:53] [INFO] [DEBUG] GuiListener has been loaded. (took 0ms)
[22-12-28 21:33:53] [INFO] [DEBUG] Starting load of KitManagerImpl at 1672263233770
[22-12-28 21:33:53] [INFO] KitManagerImpl: Loaded 5 kit(s).
[22-12-28 21:33:53] [INFO] [DEBUG] KitManagerImpl has been loaded. (took 125ms)
[22-12-28 21:33:53] [INFO] [DEBUG] Starting load of ArenaManagerImpl at 1672263233895
[22-12-28 21:33:53] [INFO] ArenaManagerImpl: Loaded 10 arena(s).
[22-12-28 21:33:53] [INFO] [DEBUG] ArenaManagerImpl has been loaded. (took 11ms)
[22-12-28 21:33:53] [INFO] [DEBUG] Starting load of SettingsManager at 1672263233906
[22-12-28 21:33:53] [INFO] [DEBUG] SettingsManager has been loaded. (took 0ms)
[22-12-28 21:33:53] [INFO] [DEBUG] Starting load of PlayerInfoManager at 1672263233906
[22-12-28 21:33:53] [INFO] [DEBUG] PlayerInfoManager has been loaded. (took 1ms)
[22-12-28 21:33:53] [INFO] [DEBUG] Starting load of SpectateManagerImpl at 1672263233907
[22-12-28 21:33:53] [INFO] [DEBUG] SpectateManagerImpl has been loaded. (took 0ms)
[22-12-28 21:33:53] [INFO] [DEBUG] Starting load of BettingManager at 1672263233907
[22-12-28 21:33:53] [INFO] [DEBUG] BettingManager has been loaded. (took 0ms)
[22-12-28 21:33:53] [INFO] [DEBUG] Starting load of InventoryManager at 1672263233907
[22-12-28 21:33:53] [INFO] [DEBUG] InventoryManager has been loaded. (took 0ms)
[22-12-28 21:33:53] [INFO] [DEBUG] Starting load of DuelManager at 1672263233907
[22-12-28 21:33:53] [INFO] [DEBUG] DuelManager has been loaded. (took 0ms)
[22-12-28 21:33:53] [INFO] [DEBUG] Starting load of QueueManager at 1672263233907
[22-12-28 21:33:53] [INFO] QueueManager: Loaded 5 queue(s).
[22-12-28 21:33:53] [INFO] [DEBUG] QueueManager has been loaded. (took 4ms)
[22-12-28 21:33:53] [INFO] [DEBUG] Starting load of QueueSignManagerImpl at 1672263233911
[22-12-28 21:33:53] [INFO] QueueSignManagerImpl: Loaded 0 queue sign(s).
[22-12-28 21:33:53] [INFO] [DEBUG] QueueSignManagerImpl has been loaded. (took 1ms)
[22-12-28 21:33:53] [INFO] [DEBUG] Starting load of RequestManager at 1672263233912
[22-12-28 21:33:53] [INFO] [DEBUG] RequestManager has been loaded. (took 0ms)
[22-12-28 21:33:53] [INFO] [DEBUG] Starting load of Teleport at 1672263233912
[22-12-28 21:33:53] [INFO] [DEBUG] Teleport has been loaded. (took 0ms)
[22-12-28 21:33:53] [INFO] [DEBUG] Starting load of ExtensionManager at 1672263233912
[22-12-28 21:33:53] [INFO] [DEBUG] ExtensionManager has been loaded. (took 0ms)
[22-12-28 21:33:54] [INFO] No updates were available. You are on the latest version!
[22-12-28 21:45:26] [INFO] [DEBUG] onDisable start -> 1672263926844

[22-12-28 21:45:26] [INFO] [DEBUG] Starting unload of ExtensionManager at 1672263926846
[22-12-28 21:45:26] [INFO] [DEBUG] ExtensionManager has been unloaded. (took 0ms)
[22-12-28 21:45:26] [INFO] [DEBUG] Starting unload of Teleport at 1672263926846
[22-12-28 21:45:26] [INFO] [DEBUG] Teleport has been unloaded. (took 0ms)
[22-12-28 21:45:26] [INFO] [DEBUG] Starting unload of RequestManager at 1672263926846
[22-12-28 21:45:26] [INFO] [DEBUG] RequestManager has been unloaded. (took 0ms)
[22-12-28 21:45:26] [INFO] [DEBUG] Starting unload of QueueSignManagerImpl at 1672263926846
[22-12-28 21:45:26] [INFO] [DEBUG] QueueSignManagerImpl has been unloaded. (took 0ms)
[22-12-28 21:45:26] [INFO] [DEBUG] Starting unload of QueueManager at 1672263926846
[22-12-28 21:45:26] [INFO] [DEBUG] QueueManager has been unloaded. (took 0ms)
[22-12-28 21:45:26] [INFO] [DEBUG] Starting unload of DuelManager at 1672263926847
[22-12-28 21:45:26] [INFO] [DEBUG] DuelManager has been unloaded. (took 0ms)
[22-12-28 21:45:26] [INFO] [DEBUG] Starting unload of InventoryManager at 1672263926847
[22-12-28 21:45:26] [INFO] [DEBUG] InventoryManager has been unloaded. (took 0ms)
[22-12-28 21:45:26] [INFO] [DEBUG] Starting unload of BettingManager at 1672263926847
[22-12-28 21:45:26] [INFO] [DEBUG] BettingManager has been unloaded. (took 0ms)
[22-12-28 21:45:26] [INFO] [DEBUG] Starting unload of SpectateManagerImpl at 1672263926847
[22-12-28 21:45:26] [INFO] [DEBUG] SpectateManagerImpl has been unloaded. (took 0ms)
[22-12-28 21:45:26] [INFO] [DEBUG] Starting unload of PlayerInfoManager at 1672263926847
[22-12-28 21:45:26] [INFO] [DEBUG] PlayerInfoManager has been unloaded. (took 0ms)
[22-12-28 21:45:26] [INFO] [DEBUG] Starting unload of SettingsManager at 1672263926847
[22-12-28 21:45:26] [INFO] [DEBUG] SettingsManager has been unloaded. (took 0ms)
[22-12-28 21:45:26] [INFO] [DEBUG] Starting unload of ArenaManagerImpl at 1672263926847
[22-12-28 21:45:26] [INFO] [DEBUG] ArenaManagerImpl has been unloaded. (took 0ms)
[22-12-28 21:45:26] [INFO] [DEBUG] Starting unload of KitManagerImpl at 1672263926847
[22-12-28 21:45:26] [INFO] [DEBUG] KitManagerImpl has been unloaded. (took 0ms)
[22-12-28 21:45:26] [INFO] [DEBUG] Starting unload of GuiListener at 1672263926847
[22-12-28 21:45:26] [INFO] [DEBUG] GuiListener has been unloaded. (took 1ms)
[22-12-28 21:45:26] [INFO] [DEBUG] Starting unload of UserManagerImpl at 1672263926848
[22-12-28 21:45:26] [INFO] [DEBUG] UserManagerImpl has been unloaded. (took 0ms)
[22-12-28 21:45:26] [INFO] [DEBUG] Starting unload of Lang at 1672263926848
[22-12-28 21:45:26] [INFO] [DEBUG] Lang has been unloaded. (took 0ms)
[22-12-28 21:45:26] [INFO] [DEBUG] Starting unload of Config at 1672263926848
[22-12-28 21:45:26] [INFO] [DEBUG] Config has been unloaded. (took 0ms)
[22-12-28 21:45:26] [INFO] [DEBUG] unload done (took 4ms)
[22-12-28 21:45:26] [INFO] [DEBUG] Log#clearSources done (took 0ms)
[22-12-28 21:46:54] [INFO] [DEBUG] onEnable start -> 1672264014724

[22-12-28 21:46:54] [INFO] Using Economy Provider: com.earth2me.essentials.economy.vault.VaultEconomyProvider
[22-12-28 21:46:54] [INFO] [DEBUG] Starting load of Config at 1672264014778
[22-12-28 21:46:54] [INFO] [DEBUG] Config has been loaded. (took 7ms)
[22-12-28 21:46:54] [INFO] [DEBUG] Starting load of Lang at 1672264014785
[22-12-28 21:46:54] [INFO] [DEBUG] Lang has been loaded. (took 8ms)
[22-12-28 21:46:54] [INFO] [DEBUG] Starting load of UserManagerImpl at 1672264014794
[22-12-28 21:46:54] [INFO] [DEBUG] UserManagerImpl has been loaded. (took 0ms)
[22-12-28 21:46:54] [INFO] [DEBUG] Starting load of GuiListener at 1672264014794
[22-12-28 21:46:54] [INFO] [DEBUG] GuiListener has been loaded. (took 0ms)
[22-12-28 21:46:54] [INFO] [DEBUG] Starting load of KitManagerImpl at 1672264014794
[22-12-28 21:46:54] [INFO] KitManagerImpl: Loaded 5 kit(s).
[22-12-28 21:46:54] [INFO] [DEBUG] KitManagerImpl has been loaded. (took 151ms)
[22-12-28 21:46:54] [INFO] [DEBUG] Starting load of ArenaManagerImpl at 1672264014945
[22-12-28 21:46:54] [INFO] ArenaManagerImpl: Loaded 10 arena(s).
[22-12-28 21:46:54] [INFO] [DEBUG] ArenaManagerImpl has been loaded. (took 13ms)
[22-12-28 21:46:54] [INFO] [DEBUG] Starting load of SettingsManager at 1672264014958
[22-12-28 21:46:54] [INFO] [DEBUG] SettingsManager has been loaded. (took 0ms)
[22-12-28 21:46:54] [INFO] [DEBUG] Starting load of PlayerInfoManager at 1672264014958
[22-12-28 21:46:54] [INFO] [DEBUG] PlayerInfoManager has been loaded. (took 2ms)
[22-12-28 21:46:54] [INFO] [DEBUG] Starting load of SpectateManagerImpl at 1672264014960
[22-12-28 21:46:54] [INFO] [DEBUG] SpectateManagerImpl has been loaded. (took 0ms)
[22-12-28 21:46:54] [INFO] [DEBUG] Starting load of BettingManager at 1672264014960
[22-12-28 21:46:54] [INFO] [DEBUG] BettingManager has been loaded. (took 0ms)
[22-12-28 21:46:54] [INFO] [DEBUG] Starting load of InventoryManager at 1672264014960
[22-12-28 21:46:54] [INFO] [DEBUG] InventoryManager has been loaded. (took 0ms)
[22-12-28 21:46:54] [INFO] [DEBUG] Starting load of DuelManager at 1672264014960
[22-12-28 21:46:54] [INFO] [DEBUG] DuelManager has been loaded. (took 2ms)
[22-12-28 21:46:54] [INFO] [DEBUG] Starting load of QueueManager at 1672264014962
[22-12-28 21:46:54] [INFO] QueueManager: Loaded 5 queue(s).
[22-12-28 21:46:54] [INFO] [DEBUG] QueueManager has been loaded. (took 5ms)
[22-12-28 21:46:54] [INFO] [DEBUG] Starting load of QueueSignManagerImpl at 1672264014967
[22-12-28 21:46:54] [INFO] QueueSignManagerImpl: Loaded 0 queue sign(s).
[22-12-28 21:46:54] [INFO] [DEBUG] QueueSignManagerImpl has been loaded. (took 0ms)
[22-12-28 21:46:54] [INFO] [DEBUG] Starting load of RequestManager at 1672264014968
[22-12-28 21:46:54] [INFO] [DEBUG] RequestManager has been loaded. (took 0ms)
[22-12-28 21:46:54] [INFO] [DEBUG] Starting load of Teleport at 1672264014968
[22-12-28 21:46:54] [INFO] [DEBUG] Teleport has been loaded. (took 0ms)
[22-12-28 21:46:54] [INFO] [DEBUG] Starting load of ExtensionManager at 1672264014968
[22-12-28 21:46:54] [INFO] [DEBUG] ExtensionManager has been loaded. (took 0ms)
[22-12-28 21:46:55] [INFO] No updates were available. You are on the latest version!
[22-12-28 22:17:08] [INFO] [DEBUG] onDisable start -> 1672265828854

[22-12-28 22:17:08] [INFO] [DEBUG] Starting unload of ExtensionManager at 1672265828856
[22-12-28 22:17:08] [INFO] [DEBUG] ExtensionManager has been unloaded. (took 0ms)
[22-12-28 22:17:08] [INFO] [DEBUG] Starting unload of Teleport at 1672265828856
[22-12-28 22:17:08] [INFO] [DEBUG] Teleport has been unloaded. (took 0ms)
[22-12-28 22:17:08] [INFO] [DEBUG] Starting unload of RequestManager at 1672265828856
[22-12-28 22:17:08] [INFO] [DEBUG] RequestManager has been unloaded. (took 0ms)
[22-12-28 22:17:08] [INFO] [DEBUG] Starting unload of QueueSignManagerImpl at 1672265828856
[22-12-28 22:17:08] [INFO] [DEBUG] QueueSignManagerImpl has been unloaded. (took 0ms)
[22-12-28 22:17:08] [INFO] [DEBUG] Starting unload of QueueManager at 1672265828856
[22-12-28 22:17:08] [INFO] [DEBUG] QueueManager has been unloaded. (took 0ms)
[22-12-28 22:17:08] [INFO] [DEBUG] Starting unload of DuelManager at 1672265828856
[22-12-28 22:17:08] [INFO] [DEBUG] DuelManager has been unloaded. (took 0ms)
[22-12-28 22:17:08] [INFO] [DEBUG] Starting unload of InventoryManager at 1672265828856
[22-12-28 22:17:08] [INFO] [DEBUG] InventoryManager has been unloaded. (took 0ms)
[22-12-28 22:17:08] [INFO] [DEBUG] Starting unload of BettingManager at 1672265828856
[22-12-28 22:17:08] [INFO] [DEBUG] BettingManager has been unloaded. (took 0ms)
[22-12-28 22:17:08] [INFO] [DEBUG] Starting unload of SpectateManagerImpl at 1672265828856
[22-12-28 22:17:08] [INFO] [DEBUG] SpectateManagerImpl has been unloaded. (took 0ms)
[22-12-28 22:17:08] [INFO] [DEBUG] Starting unload of PlayerInfoManager at 1672265828856
[22-12-28 22:17:08] [INFO] [DEBUG] PlayerInfoManager has been unloaded. (took 1ms)
[22-12-28 22:17:08] [INFO] [DEBUG] Starting unload of SettingsManager at 1672265828857
[22-12-28 22:17:08] [INFO] [DEBUG] SettingsManager has been unloaded. (took 0ms)
[22-12-28 22:17:08] [INFO] [DEBUG] Starting unload of ArenaManagerImpl at 1672265828857
[22-12-28 22:17:08] [INFO] [DEBUG] ArenaManagerImpl has been unloaded. (took 0ms)
[22-12-28 22:17:08] [INFO] [DEBUG] Starting unload of KitManagerImpl at 1672265828857
[22-12-28 22:17:08] [INFO] [DEBUG] KitManagerImpl has been unloaded. (took 0ms)
[22-12-28 22:17:08] [INFO] [DEBUG] Starting unload of GuiListener at 1672265828857
[22-12-28 22:17:08] [INFO] [DEBUG] GuiListener has been unloaded. (took 0ms)
[22-12-28 22:17:08] [INFO] [DEBUG] Starting unload of UserManagerImpl at 1672265828857
[22-12-28 22:17:08] [INFO] [DEBUG] UserManagerImpl has been unloaded. (took 16ms)
[22-12-28 22:17:08] [INFO] [DEBUG] Starting unload of Lang at 1672265828873
[22-12-28 22:17:08] [INFO] [DEBUG] Lang has been unloaded. (took 0ms)
[22-12-28 22:17:08] [INFO] [DEBUG] Starting unload of Config at 1672265828873
[22-12-28 22:17:08] [INFO] [DEBUG] Config has been unloaded. (took 0ms)
[22-12-28 22:17:08] [INFO] [DEBUG] unload done (took 19ms)
[22-12-28 22:17:08] [INFO] [DEBUG] Log#clearSources done (took 0ms)
[22-12-28 22:17:46] [INFO] [DEBUG] onEnable start -> 1672265866712

[22-12-28 22:17:46] [INFO] Using Economy Provider: com.earth2me.essentials.economy.vault.VaultEconomyProvider
[22-12-28 22:17:46] [INFO] [DEBUG] Starting load of Config at 1672265866754
[22-12-28 22:17:46] [INFO] [DEBUG] Config has been loaded. (took 4ms)
[22-12-28 22:17:46] [INFO] [DEBUG] Starting load of Lang at 1672265866758
[22-12-28 22:17:46] [INFO] [DEBUG] Lang has been loaded. (took 10ms)
[22-12-28 22:17:46] [INFO] [DEBUG] Starting load of UserManagerImpl at 1672265866768
[22-12-28 22:17:46] [INFO] [DEBUG] UserManagerImpl has been loaded. (took 0ms)
[22-12-28 22:17:46] [INFO] [DEBUG] Starting load of GuiListener at 1672265866768
[22-12-28 22:17:46] [INFO] [DEBUG] GuiListener has been loaded. (took 0ms)
[22-12-28 22:17:46] [INFO] [DEBUG] Starting load of KitManagerImpl at 1672265866768
[22-12-28 22:17:46] [INFO] KitManagerImpl: Loaded 5 kit(s).
[22-12-28 22:17:46] [INFO] [DEBUG] KitManagerImpl has been loaded. (took 130ms)
[22-12-28 22:17:46] [INFO] [DEBUG] Starting load of ArenaManagerImpl at 1672265866898
[22-12-28 22:17:46] [INFO] ArenaManagerImpl: Loaded 10 arena(s).
[22-12-28 22:17:46] [INFO] [DEBUG] ArenaManagerImpl has been loaded. (took 13ms)
[22-12-28 22:17:46] [INFO] [DEBUG] Starting load of SettingsManager at 1672265866911
[22-12-28 22:17:46] [INFO] [DEBUG] SettingsManager has been loaded. (took 0ms)
[22-12-28 22:17:46] [INFO] [DEBUG] Starting load of PlayerInfoManager at 1672265866911
[22-12-28 22:17:46] [INFO] [DEBUG] PlayerInfoManager has been loaded. (took 2ms)
[22-12-28 22:17:46] [INFO] [DEBUG] Starting load of SpectateManagerImpl at 1672265866913
[22-12-28 22:17:46] [INFO] [DEBUG] SpectateManagerImpl has been loaded. (took 0ms)
[22-12-28 22:17:46] [INFO] [DEBUG] Starting load of BettingManager at 1672265866913
[22-12-28 22:17:46] [INFO] [DEBUG] BettingManager has been loaded. (took 0ms)
[22-12-28 22:17:46] [INFO] [DEBUG] Starting load of InventoryManager at 1672265866913
[22-12-28 22:17:46] [INFO] [DEBUG] InventoryManager has been loaded. (took 0ms)
[22-12-28 22:17:46] [INFO] [DEBUG] Starting load of DuelManager at 1672265866913
[22-12-28 22:17:46] [INFO] [DEBUG] DuelManager has been loaded. (took 1ms)
[22-12-28 22:17:46] [INFO] [DEBUG] Starting load of QueueManager at 1672265866914
[22-12-28 22:17:46] [INFO] QueueManager: Loaded 5 queue(s).
[22-12-28 22:17:46] [INFO] [DEBUG] QueueManager has been loaded. (took 4ms)
[22-12-28 22:17:46] [INFO] [DEBUG] Starting load of QueueSignManagerImpl at 1672265866918
[22-12-28 22:17:46] [INFO] QueueSignManagerImpl: Loaded 0 queue sign(s).
[22-12-28 22:17:46] [INFO] [DEBUG] QueueSignManagerImpl has been loaded. (took 0ms)
[22-12-28 22:17:46] [INFO] [DEBUG] Starting load of RequestManager at 1672265866918
[22-12-28 22:17:46] [INFO] [DEBUG] RequestManager has been loaded. (took 0ms)
[22-12-28 22:17:46] [INFO] [DEBUG] Starting load of Teleport at 1672265866918
[22-12-28 22:17:46] [INFO] [DEBUG] Teleport has been loaded. (took 0ms)
[22-12-28 22:17:46] [INFO] [DEBUG] Starting load of ExtensionManager at 1672265866918
[22-12-28 22:17:46] [INFO] [DEBUG] ExtensionManager has been loaded. (took 0ms)
[22-12-28 22:17:47] [INFO] No updates were available. You are on the latest version!
[22-12-28 22:32:24] [INFO] [DEBUG] onDisable start -> 1672266744668

[22-12-28 22:32:24] [INFO] [DEBUG] Starting unload of ExtensionManager at 1672266744669
[22-12-28 22:32:24] [INFO] [DEBUG] ExtensionManager has been unloaded. (took 0ms)
[22-12-28 22:32:24] [INFO] [DEBUG] Starting unload of Teleport at 1672266744669
[22-12-28 22:32:24] [INFO] [DEBUG] Teleport has been unloaded. (took 0ms)
[22-12-28 22:32:24] [INFO] [DEBUG] Starting unload of RequestManager at 1672266744669
[22-12-28 22:32:24] [INFO] [DEBUG] RequestManager has been unloaded. (took 0ms)
[22-12-28 22:32:24] [INFO] [DEBUG] Starting unload of QueueSignManagerImpl at 1672266744669
[22-12-28 22:32:24] [INFO] [DEBUG] QueueSignManagerImpl has been unloaded. (took 0ms)
[22-12-28 22:32:24] [INFO] [DEBUG] Starting unload of QueueManager at 1672266744669
[22-12-28 22:32:24] [INFO] [DEBUG] QueueManager has been unloaded. (took 1ms)
[22-12-28 22:32:24] [INFO] [DEBUG] Starting unload of DuelManager at 1672266744670
[22-12-28 22:32:24] [INFO] [DEBUG] DuelManager has been unloaded. (took 0ms)
[22-12-28 22:32:24] [INFO] [DEBUG] Starting unload of InventoryManager at 1672266744670
[22-12-28 22:32:24] [INFO] [DEBUG] InventoryManager has been unloaded. (took 0ms)
[22-12-28 22:32:24] [INFO] [DEBUG] Starting unload of BettingManager at 1672266744670
[22-12-28 22:32:24] [INFO] [DEBUG] BettingManager has been unloaded. (took 0ms)
[22-12-28 22:32:24] [INFO] [DEBUG] Starting unload of SpectateManagerImpl at 1672266744670
[22-12-28 22:32:24] [INFO] [DEBUG] SpectateManagerImpl has been unloaded. (took 0ms)
[22-12-28 22:32:24] [INFO] [DEBUG] Starting unload of PlayerInfoManager at 1672266744670
[22-12-28 22:32:24] [INFO] [DEBUG] PlayerInfoManager has been unloaded. (took 0ms)
[22-12-28 22:32:24] [INFO] [DEBUG] Starting unload of SettingsManager at 1672266744670
[22-12-28 22:32:24] [INFO] [DEBUG] SettingsManager has been unloaded. (took 0ms)
[22-12-28 22:32:24] [INFO] [DEBUG] Starting unload of ArenaManagerImpl at 1672266744670
[22-12-28 22:32:24] [INFO] [DEBUG] ArenaManagerImpl has been unloaded. (took 0ms)
[22-12-28 22:32:24] [INFO] [DEBUG] Starting unload of KitManagerImpl at 1672266744670
[22-12-28 22:32:24] [INFO] [DEBUG] KitManagerImpl has been unloaded. (took 0ms)
[22-12-28 22:32:24] [INFO] [DEBUG] Starting unload of GuiListener at 1672266744670
[22-12-28 22:32:24] [INFO] [DEBUG] GuiListener has been unloaded. (took 0ms)
[22-12-28 22:32:24] [INFO] [DEBUG] Starting unload of UserManagerImpl at 1672266744670
[22-12-28 22:32:24] [INFO] [DEBUG] UserManagerImpl has been unloaded. (took 1ms)
[22-12-28 22:32:24] [INFO] [DEBUG] Starting unload of Lang at 1672266744671
[22-12-28 22:32:24] [INFO] [DEBUG] Lang has been unloaded. (took 0ms)
[22-12-28 22:32:24] [INFO] [DEBUG] Starting unload of Config at 1672266744671
[22-12-28 22:32:24] [INFO] [DEBUG] Config has been unloaded. (took 0ms)
[22-12-28 22:32:24] [INFO] [DEBUG] unload done (took 3ms)
[22-12-28 22:32:24] [INFO] [DEBUG] Log#clearSources done (took 0ms)
[22-12-28 22:33:23] [INFO] [DEBUG] onEnable start -> 1672266803274

[22-12-28 22:33:23] [INFO] Using Economy Provider: com.earth2me.essentials.economy.vault.VaultEconomyProvider
[22-12-28 22:33:23] [INFO] [DEBUG] Starting load of Config at 1672266803318
[22-12-28 22:33:23] [INFO] [DEBUG] Config has been loaded. (took 7ms)
[22-12-28 22:33:23] [INFO] [DEBUG] Starting load of Lang at 1672266803325
[22-12-28 22:33:23] [INFO] [DEBUG] Lang has been loaded. (took 9ms)
[22-12-28 22:33:23] [INFO] [DEBUG] Starting load of UserManagerImpl at 1672266803334
[22-12-28 22:33:23] [INFO] [DEBUG] UserManagerImpl has been loaded. (took 1ms)
[22-12-28 22:33:23] [INFO] [DEBUG] Starting load of GuiListener at 1672266803335
[22-12-28 22:33:23] [INFO] [DEBUG] GuiListener has been loaded. (took 0ms)
[22-12-28 22:33:23] [INFO] [DEBUG] Starting load of KitManagerImpl at 1672266803335
[22-12-28 22:33:23] [INFO] KitManagerImpl: Loaded 5 kit(s).
[22-12-28 22:33:23] [INFO] [DEBUG] KitManagerImpl has been loaded. (took 141ms)
[22-12-28 22:33:23] [INFO] [DEBUG] Starting load of ArenaManagerImpl at 1672266803476
[22-12-28 22:33:23] [INFO] ArenaManagerImpl: Loaded 10 arena(s).
[22-12-28 22:33:23] [INFO] [DEBUG] ArenaManagerImpl has been loaded. (took 18ms)
[22-12-28 22:33:23] [INFO] [DEBUG] Starting load of SettingsManager at 1672266803494
[22-12-28 22:33:23] [INFO] [DEBUG] SettingsManager has been loaded. (took 0ms)
[22-12-28 22:33:23] [INFO] [DEBUG] Starting load of PlayerInfoManager at 1672266803494
[22-12-28 22:33:23] [INFO] [DEBUG] PlayerInfoManager has been loaded. (took 1ms)
[22-12-28 22:33:23] [INFO] [DEBUG] Starting load of SpectateManagerImpl at 1672266803495
[22-12-28 22:33:23] [INFO] [DEBUG] SpectateManagerImpl has been loaded. (took 0ms)
[22-12-28 22:33:23] [INFO] [DEBUG] Starting load of BettingManager at 1672266803495
[22-12-28 22:33:23] [INFO] [DEBUG] BettingManager has been loaded. (took 0ms)
[22-12-28 22:33:23] [INFO] [DEBUG] Starting load of InventoryManager at 1672266803495
[22-12-28 22:33:23] [INFO] [DEBUG] InventoryManager has been loaded. (took 1ms)
[22-12-28 22:33:23] [INFO] [DEBUG] Starting load of DuelManager at 1672266803496
[22-12-28 22:33:23] [INFO] [DEBUG] DuelManager has been loaded. (took 0ms)
[22-12-28 22:33:23] [INFO] [DEBUG] Starting load of QueueManager at 1672266803497
[22-12-28 22:33:23] [INFO] QueueManager: Loaded 5 queue(s).
[22-12-28 22:33:23] [INFO] [DEBUG] QueueManager has been loaded. (took 5ms)
[22-12-28 22:33:23] [INFO] [DEBUG] Starting load of QueueSignManagerImpl at 1672266803502
[22-12-28 22:33:23] [INFO] QueueSignManagerImpl: Loaded 0 queue sign(s).
[22-12-28 22:33:23] [INFO] [DEBUG] QueueSignManagerImpl has been loaded. (took 1ms)
[22-12-28 22:33:23] [INFO] [DEBUG] Starting load of RequestManager at 1672266803503
[22-12-28 22:33:23] [INFO] [DEBUG] RequestManager has been loaded. (took 0ms)
[22-12-28 22:33:23] [INFO] [DEBUG] Starting load of Teleport at 1672266803503
[22-12-28 22:33:23] [INFO] [DEBUG] Teleport has been loaded. (took 0ms)
[22-12-28 22:33:23] [INFO] [DEBUG] Starting load of ExtensionManager at 1672266803503
[22-12-28 22:33:23] [INFO] [DEBUG] ExtensionManager has been loaded. (took 1ms)
[22-12-28 22:33:24] [INFO] No updates were available. You are on the latest version!
[22-12-28 22:40:37] [INFO] [DEBUG] onDisable start -> 1672267237095

[22-12-28 22:40:37] [INFO] [DEBUG] Starting unload of ExtensionManager at 1672267237097
[22-12-28 22:40:37] [INFO] [DEBUG] ExtensionManager has been unloaded. (took 0ms)
[22-12-28 22:40:37] [INFO] [DEBUG] Starting unload of Teleport at 1672267237097
[22-12-28 22:40:37] [INFO] [DEBUG] Teleport has been unloaded. (took 0ms)
[22-12-28 22:40:37] [INFO] [DEBUG] Starting unload of RequestManager at 1672267237097
[22-12-28 22:40:37] [INFO] [DEBUG] RequestManager has been unloaded. (took 0ms)
[22-12-28 22:40:37] [INFO] [DEBUG] Starting unload of QueueSignManagerImpl at 1672267237097
[22-12-28 22:40:37] [INFO] [DEBUG] QueueSignManagerImpl has been unloaded. (took 0ms)
[22-12-28 22:40:37] [INFO] [DEBUG] Starting unload of QueueManager at 1672267237097
[22-12-28 22:40:37] [INFO] [DEBUG] QueueManager has been unloaded. (took 0ms)
[22-12-28 22:40:37] [INFO] [DEBUG] Starting unload of DuelManager at 1672267237097
[22-12-28 22:40:37] [INFO] [DEBUG] DuelManager has been unloaded. (took 0ms)
[22-12-28 22:40:37] [INFO] [DEBUG] Starting unload of InventoryManager at 1672267237097
[22-12-28 22:40:37] [INFO] [DEBUG] InventoryManager has been unloaded. (took 0ms)
[22-12-28 22:40:37] [INFO] [DEBUG] Starting unload of BettingManager at 1672267237097
[22-12-28 22:40:37] [INFO] [DEBUG] BettingManager has been unloaded. (took 0ms)
[22-12-28 22:40:37] [INFO] [DEBUG] Starting unload of SpectateManagerImpl at 1672267237097
[22-12-28 22:40:37] [INFO] [DEBUG] SpectateManagerImpl has been unloaded. (took 0ms)
[22-12-28 22:40:37] [INFO] [DEBUG] Starting unload of PlayerInfoManager at 1672267237097
[22-12-28 22:40:37] [INFO] [DEBUG] PlayerInfoManager has been unloaded. (took 0ms)
[22-12-28 22:40:37] [INFO] [DEBUG] Starting unload of SettingsManager at 1672267237097
[22-12-28 22:40:37] [INFO] [DEBUG] SettingsManager has been unloaded. (took 0ms)
[22-12-28 22:40:37] [INFO] [DEBUG] Starting unload of ArenaManagerImpl at 1672267237097
[22-12-28 22:40:37] [INFO] [DEBUG] ArenaManagerImpl has been unloaded. (took 0ms)
[22-12-28 22:40:37] [INFO] [DEBUG] Starting unload of KitManagerImpl at 1672267237097
[22-12-28 22:40:37] [INFO] [DEBUG] KitManagerImpl has been unloaded. (took 0ms)
[22-12-28 22:40:37] [INFO] [DEBUG] Starting unload of GuiListener at 1672267237097
[22-12-28 22:40:37] [INFO] [DEBUG] GuiListener has been unloaded. (took 0ms)
[22-12-28 22:40:37] [INFO] [DEBUG] Starting unload of UserManagerImpl at 1672267237097
[22-12-28 22:40:37] [INFO] [DEBUG] UserManagerImpl has been unloaded. (took 11ms)
[22-12-28 22:40:37] [INFO] [DEBUG] Starting unload of Lang at 1672267237108
[22-12-28 22:40:37] [INFO] [DEBUG] Lang has been unloaded. (took 0ms)
[22-12-28 22:40:37] [INFO] [DEBUG] Starting unload of Config at 1672267237108
[22-12-28 22:40:37] [INFO] [DEBUG] Config has been unloaded. (took 0ms)
[22-12-28 22:40:37] [INFO] [DEBUG] unload done (took 13ms)
[22-12-28 22:40:37] [INFO] [DEBUG] Log#clearSources done (took 0ms)
[22-12-28 22:41:11] [INFO] [DEBUG] onEnable start -> 1672267271142

[22-12-28 22:41:11] [INFO] Using Economy Provider: com.earth2me.essentials.economy.vault.VaultEconomyProvider
[22-12-28 22:41:11] [INFO] [DEBUG] Starting load of Config at 1672267271187
[22-12-28 22:41:11] [INFO] [DEBUG] Config has been loaded. (took 6ms)
[22-12-28 22:41:11] [INFO] [DEBUG] Starting load of Lang at 1672267271193
[22-12-28 22:41:11] [INFO] [DEBUG] Lang has been loaded. (took 10ms)
[22-12-28 22:41:11] [INFO] [DEBUG] Starting load of UserManagerImpl at 1672267271203
[22-12-28 22:41:11] [INFO] [DEBUG] UserManagerImpl has been loaded. (took 0ms)
[22-12-28 22:41:11] [INFO] [DEBUG] Starting load of GuiListener at 1672267271203
[22-12-28 22:41:11] [INFO] [DEBUG] GuiListener has been loaded. (took 0ms)
[22-12-28 22:41:11] [INFO] [DEBUG] Starting load of KitManagerImpl at 1672267271203
[22-12-28 22:41:11] [INFO] KitManagerImpl: Loaded 5 kit(s).
[22-12-28 22:41:11] [INFO] [DEBUG] KitManagerImpl has been loaded. (took 138ms)
[22-12-28 22:41:11] [INFO] [DEBUG] Starting load of ArenaManagerImpl at 1672267271341
[22-12-28 22:41:11] [INFO] ArenaManagerImpl: Loaded 10 arena(s).
[22-12-28 22:41:11] [INFO] [DEBUG] ArenaManagerImpl has been loaded. (took 13ms)
[22-12-28 22:41:11] [INFO] [DEBUG] Starting load of SettingsManager at 1672267271354
[22-12-28 22:41:11] [INFO] [DEBUG] SettingsManager has been loaded. (took 0ms)
[22-12-28 22:41:11] [INFO] [DEBUG] Starting load of PlayerInfoManager at 1672267271354
[22-12-28 22:41:11] [INFO] [DEBUG] PlayerInfoManager has been loaded. (took 1ms)
[22-12-28 22:41:11] [INFO] [DEBUG] Starting load of SpectateManagerImpl at 1672267271355
[22-12-28 22:41:11] [INFO] [DEBUG] SpectateManagerImpl has been loaded. (took 0ms)
[22-12-28 22:41:11] [INFO] [DEBUG] Starting load of BettingManager at 1672267271355
[22-12-28 22:41:11] [INFO] [DEBUG] BettingManager has been loaded. (took 0ms)
[22-12-28 22:41:11] [INFO] [DEBUG] Starting load of InventoryManager at 1672267271355
[22-12-28 22:41:11] [INFO] [DEBUG] InventoryManager has been loaded. (took 0ms)
[22-12-28 22:41:11] [INFO] [DEBUG] Starting load of DuelManager at 1672267271355
[22-12-28 22:41:11] [INFO] [DEBUG] DuelManager has been loaded. (took 1ms)
[22-12-28 22:41:11] [INFO] [DEBUG] Starting load of QueueManager at 1672267271356
[22-12-28 22:41:11] [INFO] QueueManager: Loaded 5 queue(s).
[22-12-28 22:41:11] [INFO] [DEBUG] QueueManager has been loaded. (took 5ms)
[22-12-28 22:41:11] [INFO] [DEBUG] Starting load of QueueSignManagerImpl at 1672267271361
[22-12-28 22:41:11] [INFO] QueueSignManagerImpl: Loaded 0 queue sign(s).
[22-12-28 22:41:11] [INFO] [DEBUG] QueueSignManagerImpl has been loaded. (took 0ms)
[22-12-28 22:41:11] [INFO] [DEBUG] Starting load of RequestManager at 1672267271362
[22-12-28 22:41:11] [INFO] [DEBUG] RequestManager has been loaded. (took 0ms)
[22-12-28 22:41:11] [INFO] [DEBUG] Starting load of Teleport at 1672267271362
[22-12-28 22:41:11] [INFO] [DEBUG] Teleport has been loaded. (took 0ms)
[22-12-28 22:41:11] [INFO] [DEBUG] Starting load of ExtensionManager at 1672267271362
[22-12-28 22:41:11] [INFO] [DEBUG] ExtensionManager has been loaded. (took 1ms)
[22-12-28 22:41:11] [INFO] No updates were available. You are on the latest version!
[22-12-28 22:47:52] [INFO] [DEBUG] onDisable start -> 1672267672966

[22-12-28 22:47:52] [INFO] [DEBUG] Starting unload of ExtensionManager at 1672267672967
[22-12-28 22:47:52] [INFO] [DEBUG] ExtensionManager has been unloaded. (took 0ms)
[22-12-28 22:47:52] [INFO] [DEBUG] Starting unload of Teleport at 1672267672967
[22-12-28 22:47:52] [INFO] [DEBUG] Teleport has been unloaded. (took 0ms)
[22-12-28 22:47:52] [INFO] [DEBUG] Starting unload of RequestManager at 1672267672967
[22-12-28 22:47:52] [INFO] [DEBUG] RequestManager has been unloaded. (took 1ms)
[22-12-28 22:47:52] [INFO] [DEBUG] Starting unload of QueueSignManagerImpl at 1672267672968
[22-12-28 22:47:52] [INFO] [DEBUG] QueueSignManagerImpl has been unloaded. (took 0ms)
[22-12-28 22:47:52] [INFO] [DEBUG] Starting unload of QueueManager at 1672267672968
[22-12-28 22:47:52] [INFO] [DEBUG] QueueManager has been unloaded. (took 0ms)
[22-12-28 22:47:52] [INFO] [DEBUG] Starting unload of DuelManager at 1672267672968
[22-12-28 22:47:52] [INFO] [DEBUG] DuelManager has been unloaded. (took 0ms)
[22-12-28 22:47:52] [INFO] [DEBUG] Starting unload of InventoryManager at 1672267672968
[22-12-28 22:47:52] [INFO] [DEBUG] InventoryManager has been unloaded. (took 0ms)
[22-12-28 22:47:52] [INFO] [DEBUG] Starting unload of BettingManager at 1672267672968
[22-12-28 22:47:52] [INFO] [DEBUG] BettingManager has been unloaded. (took 0ms)
[22-12-28 22:47:52] [INFO] [DEBUG] Starting unload of SpectateManagerImpl at 1672267672968
[22-12-28 22:47:52] [INFO] [DEBUG] SpectateManagerImpl has been unloaded. (took 0ms)
[22-12-28 22:47:52] [INFO] [DEBUG] Starting unload of PlayerInfoManager at 1672267672968
[22-12-28 22:47:52] [INFO] [DEBUG] PlayerInfoManager has been unloaded. (took 0ms)
[22-12-28 22:47:52] [INFO] [DEBUG] Starting unload of SettingsManager at 1672267672968
[22-12-28 22:47:52] [INFO] [DEBUG] SettingsManager has been unloaded. (took 0ms)
[22-12-28 22:47:52] [INFO] [DEBUG] Starting unload of ArenaManagerImpl at 1672267672968
[22-12-28 22:47:52] [INFO] [DEBUG] ArenaManagerImpl has been unloaded. (took 0ms)
[22-12-28 22:47:52] [INFO] [DEBUG] Starting unload of KitManagerImpl at 1672267672968
[22-12-28 22:47:52] [INFO] [DEBUG] KitManagerImpl has been unloaded. (took 0ms)
[22-12-28 22:47:52] [INFO] [DEBUG] Starting unload of GuiListener at 1672267672968
[22-12-28 22:47:52] [INFO] [DEBUG] GuiListener has been unloaded. (took 0ms)
[22-12-28 22:47:52] [INFO] [DEBUG] Starting unload of UserManagerImpl at 1672267672968
[22-12-28 22:47:52] [INFO] [DEBUG] UserManagerImpl has been unloaded. (took 12ms)
[22-12-28 22:47:52] [INFO] [DEBUG] Starting unload of Lang at 1672267672980
[22-12-28 22:47:52] [INFO] [DEBUG] Lang has been unloaded. (took 0ms)
[22-12-28 22:47:52] [INFO] [DEBUG] Starting unload of Config at 1672267672980
[22-12-28 22:47:52] [INFO] [DEBUG] Config has been unloaded. (took 0ms)
[22-12-28 22:47:52] [INFO] [DEBUG] unload done (took 14ms)
[22-12-28 22:47:52] [INFO] [DEBUG] Log#clearSources done (took 0ms)
[22-12-28 22:48:57] [INFO] [DEBUG] onEnable start -> 1672267737524

[22-12-28 22:48:57] [INFO] Using Economy Provider: com.earth2me.essentials.economy.vault.VaultEconomyProvider
[22-12-28 22:48:57] [INFO] [DEBUG] Starting load of Config at 1672267737568
[22-12-28 22:48:57] [INFO] [DEBUG] Config has been loaded. (took 6ms)
[22-12-28 22:48:57] [INFO] [DEBUG] Starting load of Lang at 1672267737574
[22-12-28 22:48:57] [INFO] [DEBUG] Lang has been loaded. (took 9ms)
[22-12-28 22:48:57] [INFO] [DEBUG] Starting load of UserManagerImpl at 1672267737584
[22-12-28 22:48:57] [INFO] [DEBUG] UserManagerImpl has been loaded. (took 0ms)
[22-12-28 22:48:57] [INFO] [DEBUG] Starting load of GuiListener at 1672267737584
[22-12-28 22:48:57] [INFO] [DEBUG] GuiListener has been loaded. (took 0ms)
[22-12-28 22:48:57] [INFO] [DEBUG] Starting load of KitManagerImpl at 1672267737584
[22-12-28 22:48:57] [INFO] KitManagerImpl: Loaded 5 kit(s).
[22-12-28 22:48:57] [INFO] [DEBUG] KitManagerImpl has been loaded. (took 136ms)
[22-12-28 22:48:57] [INFO] [DEBUG] Starting load of ArenaManagerImpl at 1672267737720
[22-12-28 22:48:57] [INFO] ArenaManagerImpl: Loaded 10 arena(s).
[22-12-28 22:48:57] [INFO] [DEBUG] ArenaManagerImpl has been loaded. (took 14ms)
[22-12-28 22:48:57] [INFO] [DEBUG] Starting load of SettingsManager at 1672267737734
[22-12-28 22:48:57] [INFO] [DEBUG] SettingsManager has been loaded. (took 0ms)
[22-12-28 22:48:57] [INFO] [DEBUG] Starting load of PlayerInfoManager at 1672267737734
[22-12-28 22:48:57] [INFO] [DEBUG] PlayerInfoManager has been loaded. (took 1ms)
[22-12-28 22:48:57] [INFO] [DEBUG] Starting load of SpectateManagerImpl at 1672267737735
[22-12-28 22:48:57] [INFO] [DEBUG] SpectateManagerImpl has been loaded. (took 0ms)
[22-12-28 22:48:57] [INFO] [DEBUG] Starting load of BettingManager at 1672267737735
[22-12-28 22:48:57] [INFO] [DEBUG] BettingManager has been loaded. (took 0ms)
[22-12-28 22:48:57] [INFO] [DEBUG] Starting load of InventoryManager at 1672267737735
[22-12-28 22:48:57] [INFO] [DEBUG] InventoryManager has been loaded. (took 0ms)
[22-12-28 22:48:57] [INFO] [DEBUG] Starting load of DuelManager at 1672267737736
[22-12-28 22:48:57] [INFO] [DEBUG] DuelManager has been loaded. (took 0ms)
[22-12-28 22:48:57] [INFO] [DEBUG] Starting load of QueueManager at 1672267737736
[22-12-28 22:48:57] [INFO] QueueManager: Loaded 5 queue(s).
[22-12-28 22:48:57] [INFO] [DEBUG] QueueManager has been loaded. (took 5ms)
[22-12-28 22:48:57] [INFO] [DEBUG] Starting load of QueueSignManagerImpl at 1672267737741
[22-12-28 22:48:57] [INFO] QueueSignManagerImpl: Loaded 0 queue sign(s).
[22-12-28 22:48:57] [INFO] [DEBUG] QueueSignManagerImpl has been loaded. (took 2ms)
[22-12-28 22:48:57] [INFO] [DEBUG] Starting load of RequestManager at 1672267737743
[22-12-28 22:48:57] [INFO] [DEBUG] RequestManager has been loaded. (took 0ms)
[22-12-28 22:48:57] [INFO] [DEBUG] Starting load of Teleport at 1672267737743
[22-12-28 22:48:57] [INFO] [DEBUG] Teleport has been loaded. (took 0ms)
[22-12-28 22:48:57] [INFO] [DEBUG] Starting load of ExtensionManager at 1672267737743
[22-12-28 22:48:57] [INFO] [DEBUG] ExtensionManager has been loaded. (took 0ms)
[22-12-28 22:48:58] [INFO] No updates were available. You are on the latest version!
[22-12-28 22:53:49] [INFO] [DEBUG] onDisable start -> 1672268029678

[22-12-28 22:53:49] [INFO] [DEBUG] Starting unload of ExtensionManager at 1672268029682
[22-12-28 22:53:49] [INFO] [DEBUG] ExtensionManager has been unloaded. (took 0ms)
[22-12-28 22:53:49] [INFO] [DEBUG] Starting unload of Teleport at 1672268029682
[22-12-28 22:53:49] [INFO] [DEBUG] Teleport has been unloaded. (took 0ms)
[22-12-28 22:53:49] [INFO] [DEBUG] Starting unload of RequestManager at 1672268029682
[22-12-28 22:53:49] [INFO] [DEBUG] RequestManager has been unloaded. (took 0ms)
[22-12-28 22:53:49] [INFO] [DEBUG] Starting unload of QueueSignManagerImpl at 1672268029682
[22-12-28 22:53:49] [INFO] [DEBUG] QueueSignManagerImpl has been unloaded. (took 0ms)
[22-12-28 22:53:49] [INFO] [DEBUG] Starting unload of QueueManager at 1672268029682
[22-12-28 22:53:49] [INFO] [DEBUG] QueueManager has been unloaded. (took 1ms)
[22-12-28 22:53:49] [INFO] [DEBUG] Starting unload of DuelManager at 1672268029683
[22-12-28 22:53:49] [INFO] [DEBUG] DuelManager has been unloaded. (took 0ms)
[22-12-28 22:53:49] [INFO] [DEBUG] Starting unload of InventoryManager at 1672268029683
[22-12-28 22:53:49] [INFO] [DEBUG] InventoryManager has been unloaded. (took 0ms)
[22-12-28 22:53:49] [INFO] [DEBUG] Starting unload of BettingManager at 1672268029683
[22-12-28 22:53:49] [INFO] [DEBUG] BettingManager has been unloaded. (took 0ms)
[22-12-28 22:53:49] [INFO] [DEBUG] Starting unload of SpectateManagerImpl at 1672268029683
[22-12-28 22:53:49] [INFO] [DEBUG] SpectateManagerImpl has been unloaded. (took 0ms)
[22-12-28 22:53:49] [INFO] [DEBUG] Starting unload of PlayerInfoManager at 1672268029683
[22-12-28 22:53:49] [INFO] [DEBUG] PlayerInfoManager has been unloaded. (took 0ms)
[22-12-28 22:53:49] [INFO] [DEBUG] Starting unload of SettingsManager at 1672268029683
[22-12-28 22:53:49] [INFO] [DEBUG] SettingsManager has been unloaded. (took 0ms)
[22-12-28 22:53:49] [INFO] [DEBUG] Starting unload of ArenaManagerImpl at 1672268029683
[22-12-28 22:53:49] [INFO] [DEBUG] ArenaManagerImpl has been unloaded. (took 0ms)
[22-12-28 22:53:49] [INFO] [DEBUG] Starting unload of KitManagerImpl at 1672268029683
[22-12-28 22:53:49] [INFO] [DEBUG] KitManagerImpl has been unloaded. (took 1ms)
[22-12-28 22:53:49] [INFO] [DEBUG] Starting unload of GuiListener at 1672268029684
[22-12-28 22:53:49] [INFO] [DEBUG] GuiListener has been unloaded. (took 0ms)
[22-12-28 22:53:49] [INFO] [DEBUG] Starting unload of UserManagerImpl at 1672268029684
[22-12-28 22:53:49] [INFO] [DEBUG] UserManagerImpl has been unloaded. (took 1ms)
[22-12-28 22:53:49] [INFO] [DEBUG] Starting unload of Lang at 1672268029685
[22-12-28 22:53:49] [INFO] [DEBUG] Lang has been unloaded. (took 0ms)
[22-12-28 22:53:49] [INFO] [DEBUG] Starting unload of Config at 1672268029685
[22-12-28 22:53:49] [INFO] [DEBUG] Config has been unloaded. (took 0ms)
[22-12-28 22:53:49] [INFO] [DEBUG] unload done (took 7ms)
[22-12-28 22:53:49] [INFO] [DEBUG] Log#clearSources done (took 0ms)
[22-12-28 22:55:30] [INFO] [DEBUG] onEnable start -> 1672268130566

[22-12-28 22:55:30] [INFO] Using Economy Provider: com.earth2me.essentials.economy.vault.VaultEconomyProvider
[22-12-28 22:55:30] [INFO] [DEBUG] Starting load of Config at 1672268130601
[22-12-28 22:55:30] [INFO] [DEBUG] Config has been loaded. (took 3ms)
[22-12-28 22:55:30] [INFO] [DEBUG] Starting load of Lang at 1672268130604
[22-12-28 22:55:30] [INFO] [DEBUG] Lang has been loaded. (took 7ms)
[22-12-28 22:55:30] [INFO] [DEBUG] Starting load of UserManagerImpl at 1672268130611
[22-12-28 22:55:30] [INFO] [DEBUG] UserManagerImpl has been loaded. (took 0ms)
[22-12-28 22:55:30] [INFO] [DEBUG] Starting load of GuiListener at 1672268130611
[22-12-28 22:55:30] [INFO] [DEBUG] GuiListener has been loaded. (took 0ms)
[22-12-28 22:55:30] [INFO] [DEBUG] Starting load of KitManagerImpl at 1672268130612
[22-12-28 22:55:30] [INFO] KitManagerImpl: Loaded 5 kit(s).
[22-12-28 22:55:30] [INFO] [DEBUG] KitManagerImpl has been loaded. (took 112ms)
[22-12-28 22:55:30] [INFO] [DEBUG] Starting load of ArenaManagerImpl at 1672268130724
[22-12-28 22:55:30] [INFO] ArenaManagerImpl: Loaded 10 arena(s).
[22-12-28 22:55:30] [INFO] [DEBUG] ArenaManagerImpl has been loaded. (took 14ms)
[22-12-28 22:55:30] [INFO] [DEBUG] Starting load of SettingsManager at 1672268130738
[22-12-28 22:55:30] [INFO] [DEBUG] SettingsManager has been loaded. (took 0ms)
[22-12-28 22:55:30] [INFO] [DEBUG] Starting load of PlayerInfoManager at 1672268130738
[22-12-28 22:55:30] [INFO] [DEBUG] PlayerInfoManager has been loaded. (took 0ms)
[22-12-28 22:55:30] [INFO] [DEBUG] Starting load of SpectateManagerImpl at 1672268130738
[22-12-28 22:55:30] [INFO] [DEBUG] SpectateManagerImpl has been loaded. (took 0ms)
[22-12-28 22:55:30] [INFO] [DEBUG] Starting load of BettingManager at 1672268130738
[22-12-28 22:55:30] [INFO] [DEBUG] BettingManager has been loaded. (took 0ms)
[22-12-28 22:55:30] [INFO] [DEBUG] Starting load of InventoryManager at 1672268130738
[22-12-28 22:55:30] [INFO] [DEBUG] InventoryManager has been loaded. (took 0ms)
[22-12-28 22:55:30] [INFO] [DEBUG] Starting load of DuelManager at 1672268130738
[22-12-28 22:55:30] [INFO] [DEBUG] DuelManager has been loaded. (took 2ms)
[22-12-28 22:55:30] [INFO] [DEBUG] Starting load of QueueManager at 1672268130740
[22-12-28 22:55:30] [INFO] QueueManager: Loaded 5 queue(s).
[22-12-28 22:55:30] [INFO] [DEBUG] QueueManager has been loaded. (took 4ms)
[22-12-28 22:55:30] [INFO] [DEBUG] Starting load of QueueSignManagerImpl at 1672268130744
[22-12-28 22:55:30] [INFO] QueueSignManagerImpl: Loaded 0 queue sign(s).
[22-12-28 22:55:30] [INFO] [DEBUG] QueueSignManagerImpl has been loaded. (took 1ms)
[22-12-28 22:55:30] [INFO] [DEBUG] Starting load of RequestManager at 1672268130745
[22-12-28 22:55:30] [INFO] [DEBUG] RequestManager has been loaded. (took 0ms)
[22-12-28 22:55:30] [INFO] [DEBUG] Starting load of Teleport at 1672268130745
[22-12-28 22:55:30] [INFO] [DEBUG] Teleport has been loaded. (took 0ms)
[22-12-28 22:55:30] [INFO] [DEBUG] Starting load of ExtensionManager at 1672268130745
[22-12-28 22:55:30] [INFO] [DEBUG] ExtensionManager has been loaded. (took 1ms)
[22-12-28 22:55:31] [INFO] No updates were available. You are on the latest version!
[22-12-28 22:58:01] [INFO] [DEBUG] onDisable start -> 1672268281245

[22-12-28 22:58:01] [INFO] [DEBUG] Starting unload of ExtensionManager at 1672268281246
[22-12-28 22:58:01] [INFO] [DEBUG] ExtensionManager has been unloaded. (took 0ms)
[22-12-28 22:58:01] [INFO] [DEBUG] Starting unload of Teleport at 1672268281246
[22-12-28 22:58:01] [INFO] [DEBUG] Teleport has been unloaded. (took 0ms)
[22-12-28 22:58:01] [INFO] [DEBUG] Starting unload of RequestManager at 1672268281246
[22-12-28 22:58:01] [INFO] [DEBUG] RequestManager has been unloaded. (took 0ms)
[22-12-28 22:58:01] [INFO] [DEBUG] Starting unload of QueueSignManagerImpl at 1672268281246
[22-12-28 22:58:01] [INFO] [DEBUG] QueueSignManagerImpl has been unloaded. (took 0ms)
[22-12-28 22:58:01] [INFO] [DEBUG] Starting unload of QueueManager at 1672268281246
[22-12-28 22:58:01] [INFO] [DEBUG] QueueManager has been unloaded. (took 0ms)
[22-12-28 22:58:01] [INFO] [DEBUG] Starting unload of DuelManager at 1672268281246
[22-12-28 22:58:01] [INFO] [DEBUG] DuelManager has been unloaded. (took 1ms)
[22-12-28 22:58:01] [INFO] [DEBUG] Starting unload of InventoryManager at 1672268281247
[22-12-28 22:58:01] [INFO] [DEBUG] InventoryManager has been unloaded. (took 0ms)
[22-12-28 22:58:01] [INFO] [DEBUG] Starting unload of BettingManager at 1672268281247
[22-12-28 22:58:01] [INFO] [DEBUG] BettingManager has been unloaded. (took 0ms)
[22-12-28 22:58:01] [INFO] [DEBUG] Starting unload of SpectateManagerImpl at 1672268281247
[22-12-28 22:58:01] [INFO] [DEBUG] SpectateManagerImpl has been unloaded. (took 0ms)
[22-12-28 22:58:01] [INFO] [DEBUG] Starting unload of PlayerInfoManager at 1672268281247
[22-12-28 22:58:01] [INFO] [DEBUG] PlayerInfoManager has been unloaded. (took 0ms)
[22-12-28 22:58:01] [INFO] [DEBUG] Starting unload of SettingsManager at 1672268281247
[22-12-28 22:58:01] [INFO] [DEBUG] SettingsManager has been unloaded. (took 0ms)
[22-12-28 22:58:01] [INFO] [DEBUG] Starting unload of ArenaManagerImpl at 1672268281247
[22-12-28 22:58:01] [INFO] [DEBUG] ArenaManagerImpl has been unloaded. (took 0ms)
[22-12-28 22:58:01] [INFO] [DEBUG] Starting unload of KitManagerImpl at 1672268281247
[22-12-28 22:58:01] [INFO] [DEBUG] KitManagerImpl has been unloaded. (took 0ms)
[22-12-28 22:58:01] [INFO] [DEBUG] Starting unload of GuiListener at 1672268281247
[22-12-28 22:58:01] [INFO] [DEBUG] GuiListener has been unloaded. (took 0ms)
[22-12-28 22:58:01] [INFO] [DEBUG] Starting unload of UserManagerImpl at 1672268281247
[22-12-28 22:58:01] [INFO] [DEBUG] UserManagerImpl has been unloaded. (took 12ms)
[22-12-28 22:58:01] [INFO] [DEBUG] Starting unload of Lang at 1672268281259
[22-12-28 22:58:01] [INFO] [DEBUG] Lang has been unloaded. (took 0ms)
[22-12-28 22:58:01] [INFO] [DEBUG] Starting unload of Config at 1672268281259
[22-12-28 22:58:01] [INFO] [DEBUG] Config has been unloaded. (took 0ms)
[22-12-28 22:58:01] [INFO] [DEBUG] unload done (took 14ms)
[22-12-28 22:58:01] [INFO] [DEBUG] Log#clearSources done (took 0ms)
[22-12-28 22:58:49] [INFO] [DEBUG] onEnable start -> 1672268329836

[22-12-28 22:58:49] [INFO] Using Economy Provider: com.earth2me.essentials.economy.vault.VaultEconomyProvider
[22-12-28 22:58:49] [INFO] [DEBUG] Starting load of Config at 1672268329884
[22-12-28 22:58:49] [INFO] [DEBUG] Config has been loaded. (took 4ms)
[22-12-28 22:58:49] [INFO] [DEBUG] Starting load of Lang at 1672268329888
[22-12-28 22:58:49] [INFO] [DEBUG] Lang has been loaded. (took 7ms)
[22-12-28 22:58:49] [INFO] [DEBUG] Starting load of UserManagerImpl at 1672268329896
[22-12-28 22:58:49] [INFO] [DEBUG] UserManagerImpl has been loaded. (took 0ms)
[22-12-28 22:58:49] [INFO] [DEBUG] Starting load of GuiListener at 1672268329896
[22-12-28 22:58:49] [INFO] [DEBUG] GuiListener has been loaded. (took 0ms)
[22-12-28 22:58:49] [INFO] [DEBUG] Starting load of KitManagerImpl at 1672268329896
[22-12-28 22:58:50] [INFO] KitManagerImpl: Loaded 5 kit(s).
[22-12-28 22:58:50] [INFO] [DEBUG] KitManagerImpl has been loaded. (took 118ms)
[22-12-28 22:58:50] [INFO] [DEBUG] Starting load of ArenaManagerImpl at 1672268330014
[22-12-28 22:58:50] [INFO] ArenaManagerImpl: Loaded 10 arena(s).
[22-12-28 22:58:50] [INFO] [DEBUG] ArenaManagerImpl has been loaded. (took 13ms)
[22-12-28 22:58:50] [INFO] [DEBUG] Starting load of SettingsManager at 1672268330027
[22-12-28 22:58:50] [INFO] [DEBUG] SettingsManager has been loaded. (took 0ms)
[22-12-28 22:58:50] [INFO] [DEBUG] Starting load of PlayerInfoManager at 1672268330027
[22-12-28 22:58:50] [INFO] [DEBUG] PlayerInfoManager has been loaded. (took 1ms)
[22-12-28 22:58:50] [INFO] [DEBUG] Starting load of SpectateManagerImpl at 1672268330028
[22-12-28 22:58:50] [INFO] [DEBUG] SpectateManagerImpl has been loaded. (took 0ms)
[22-12-28 22:58:50] [INFO] [DEBUG] Starting load of BettingManager at 1672268330028
[22-12-28 22:58:50] [INFO] [DEBUG] BettingManager has been loaded. (took 0ms)
[22-12-28 22:58:50] [INFO] [DEBUG] Starting load of InventoryManager at 1672268330028
[22-12-28 22:58:50] [INFO] [DEBUG] InventoryManager has been loaded. (took 0ms)
[22-12-28 22:58:50] [INFO] [DEBUG] Starting load of DuelManager at 1672268330028
[22-12-28 22:58:50] [INFO] [DEBUG] DuelManager has been loaded. (took 2ms)
[22-12-28 22:58:50] [INFO] [DEBUG] Starting load of QueueManager at 1672268330030
[22-12-28 22:58:50] [INFO] QueueManager: Loaded 5 queue(s).
[22-12-28 22:58:50] [INFO] [DEBUG] QueueManager has been loaded. (took 5ms)
[22-12-28 22:58:50] [INFO] [DEBUG] Starting load of QueueSignManagerImpl at 1672268330035
[22-12-28 22:58:50] [INFO] QueueSignManagerImpl: Loaded 0 queue sign(s).
[22-12-28 22:58:50] [INFO] [DEBUG] QueueSignManagerImpl has been loaded. (took 1ms)
[22-12-28 22:58:50] [INFO] [DEBUG] Starting load of RequestManager at 1672268330036
[22-12-28 22:58:50] [INFO] [DEBUG] RequestManager has been loaded. (took 0ms)
[22-12-28 22:58:50] [INFO] [DEBUG] Starting load of Teleport at 1672268330036
[22-12-28 22:58:50] [INFO] [DEBUG] Teleport has been loaded. (took 0ms)
[22-12-28 22:58:50] [INFO] [DEBUG] Starting load of ExtensionManager at 1672268330036
[22-12-28 22:58:50] [INFO] [DEBUG] ExtensionManager has been loaded. (took 1ms)
[22-12-28 22:58:50] [INFO] No updates were available. You are on the latest version!
[22-12-28 22:59:21] [INFO] [DEBUG] onDisable start -> 1672268361169

[22-12-28 22:59:21] [INFO] [DEBUG] Starting unload of ExtensionManager at 1672268361171
[22-12-28 22:59:21] [INFO] [DEBUG] ExtensionManager has been unloaded. (took 1ms)
[22-12-28 22:59:21] [INFO] [DEBUG] Starting unload of Teleport at 1672268361172
[22-12-28 22:59:21] [INFO] [DEBUG] Teleport has been unloaded. (took 0ms)
[22-12-28 22:59:21] [INFO] [DEBUG] Starting unload of RequestManager at 1672268361172
[22-12-28 22:59:21] [INFO] [DEBUG] RequestManager has been unloaded. (took 0ms)
[22-12-28 22:59:21] [INFO] [DEBUG] Starting unload of QueueSignManagerImpl at 1672268361172
[22-12-28 22:59:21] [INFO] [DEBUG] QueueSignManagerImpl has been unloaded. (took 0ms)
[22-12-28 22:59:21] [INFO] [DEBUG] Starting unload of QueueManager at 1672268361172
[22-12-28 22:59:21] [INFO] [DEBUG] QueueManager has been unloaded. (took 0ms)
[22-12-28 22:59:21] [INFO] [DEBUG] Starting unload of DuelManager at 1672268361172
[22-12-28 22:59:21] [INFO] [DEBUG] DuelManager has been unloaded. (took 0ms)
[22-12-28 22:59:21] [INFO] [DEBUG] Starting unload of InventoryManager at 1672268361172
[22-12-28 22:59:21] [INFO] [DEBUG] InventoryManager has been unloaded. (took 0ms)
[22-12-28 22:59:21] [INFO] [DEBUG] Starting unload of BettingManager at 1672268361172
[22-12-28 22:59:21] [INFO] [DEBUG] BettingManager has been unloaded. (took 0ms)
[22-12-28 22:59:21] [INFO] [DEBUG] Starting unload of SpectateManagerImpl at 1672268361172
[22-12-28 22:59:21] [INFO] [DEBUG] SpectateManagerImpl has been unloaded. (took 0ms)
[22-12-28 22:59:21] [INFO] [DEBUG] Starting unload of PlayerInfoManager at 1672268361172
[22-12-28 22:59:21] [INFO] [DEBUG] PlayerInfoManager has been unloaded. (took 0ms)
[22-12-28 22:59:21] [INFO] [DEBUG] Starting unload of SettingsManager at 1672268361173
[22-12-28 22:59:21] [INFO] [DEBUG] SettingsManager has been unloaded. (took 0ms)
[22-12-28 22:59:21] [INFO] [DEBUG] Starting unload of ArenaManagerImpl at 1672268361173
[22-12-28 22:59:21] [INFO] [DEBUG] ArenaManagerImpl has been unloaded. (took 0ms)
[22-12-28 22:59:21] [INFO] [DEBUG] Starting unload of KitManagerImpl at 1672268361173
[22-12-28 22:59:21] [INFO] [DEBUG] KitManagerImpl has been unloaded. (took 0ms)
[22-12-28 22:59:21] [INFO] [DEBUG] Starting unload of GuiListener at 1672268361173
[22-12-28 22:59:21] [INFO] [DEBUG] GuiListener has been unloaded. (took 0ms)
[22-12-28 22:59:21] [INFO] [DEBUG] Starting unload of UserManagerImpl at 1672268361173
[22-12-28 22:59:21] [INFO] [DEBUG] UserManagerImpl has been unloaded. (took 0ms)
[22-12-28 22:59:21] [INFO] [DEBUG] Starting unload of Lang at 1672268361173
[22-12-28 22:59:21] [INFO] [DEBUG] Lang has been unloaded. (took 0ms)
[22-12-28 22:59:21] [INFO] [DEBUG] Starting unload of Config at 1672268361173
[22-12-28 22:59:21] [INFO] [DEBUG] Config has been unloaded. (took 0ms)
[22-12-28 22:59:21] [INFO] [DEBUG] unload done (took 4ms)
[22-12-28 22:59:21] [INFO] [DEBUG] Log#clearSources done (took 0ms)
[22-12-28 23:00:28] [INFO] [DEBUG] onEnable start -> 1672268428387

[22-12-28 23:00:28] [INFO] Using Economy Provider: com.earth2me.essentials.economy.vault.VaultEconomyProvider
[22-12-28 23:00:28] [INFO] [DEBUG] Starting load of Config at 1672268428447
[22-12-28 23:00:28] [INFO] [DEBUG] Config has been loaded. (took 5ms)
[22-12-28 23:00:28] [INFO] [DEBUG] Starting load of Lang at 1672268428452
[22-12-28 23:00:28] [INFO] [DEBUG] Lang has been loaded. (took 9ms)
[22-12-28 23:00:28] [INFO] [DEBUG] Starting load of UserManagerImpl at 1672268428461
[22-12-28 23:00:28] [INFO] [DEBUG] UserManagerImpl has been loaded. (took 1ms)
[22-12-28 23:00:28] [INFO] [DEBUG] Starting load of GuiListener at 1672268428462
[22-12-28 23:00:28] [INFO] [DEBUG] GuiListener has been loaded. (took 0ms)
[22-12-28 23:00:28] [INFO] [DEBUG] Starting load of KitManagerImpl at 1672268428462
[22-12-28 23:00:28] [INFO] KitManagerImpl: Loaded 5 kit(s).
[22-12-28 23:00:28] [INFO] [DEBUG] KitManagerImpl has been loaded. (took 161ms)
[22-12-28 23:00:28] [INFO] [DEBUG] Starting load of ArenaManagerImpl at 1672268428623
[22-12-28 23:00:28] [INFO] ArenaManagerImpl: Loaded 10 arena(s).
[22-12-28 23:00:28] [INFO] [DEBUG] ArenaManagerImpl has been loaded. (took 13ms)
[22-12-28 23:00:28] [INFO] [DEBUG] Starting load of SettingsManager at 1672268428636
[22-12-28 23:00:28] [INFO] [DEBUG] SettingsManager has been loaded. (took 0ms)
[22-12-28 23:00:28] [INFO] [DEBUG] Starting load of PlayerInfoManager at 1672268428636
[22-12-28 23:00:28] [INFO] [DEBUG] PlayerInfoManager has been loaded. (took 1ms)
[22-12-28 23:00:28] [INFO] [DEBUG] Starting load of SpectateManagerImpl at 1672268428637
[22-12-28 23:00:28] [INFO] [DEBUG] SpectateManagerImpl has been loaded. (took 0ms)
[22-12-28 23:00:28] [INFO] [DEBUG] Starting load of BettingManager at 1672268428637
[22-12-28 23:00:28] [INFO] [DEBUG] BettingManager has been loaded. (took 0ms)
[22-12-28 23:00:28] [INFO] [DEBUG] Starting load of InventoryManager at 1672268428637
[22-12-28 23:00:28] [INFO] [DEBUG] InventoryManager has been loaded. (took 0ms)
[22-12-28 23:00:28] [INFO] [DEBUG] Starting load of DuelManager at 1672268428638
[22-12-28 23:00:28] [INFO] [DEBUG] DuelManager has been loaded. (took 0ms)
[22-12-28 23:00:28] [INFO] [DEBUG] Starting load of QueueManager at 1672268428638
[22-12-28 23:00:28] [INFO] QueueManager: Loaded 5 queue(s).
[22-12-28 23:00:28] [INFO] [DEBUG] QueueManager has been loaded. (took 5ms)
[22-12-28 23:00:28] [INFO] [DEBUG] Starting load of QueueSignManagerImpl at 1672268428643
[22-12-28 23:00:28] [INFO] QueueSignManagerImpl: Loaded 0 queue sign(s).
[22-12-28 23:00:28] [INFO] [DEBUG] QueueSignManagerImpl has been loaded. (took 0ms)
[22-12-28 23:00:28] [INFO] [DEBUG] Starting load of RequestManager at 1672268428643
[22-12-28 23:00:28] [INFO] [DEBUG] RequestManager has been loaded. (took 1ms)
[22-12-28 23:00:28] [INFO] [DEBUG] Starting load of Teleport at 1672268428644
[22-12-28 23:00:28] [INFO] [DEBUG] Teleport has been loaded. (took 0ms)
[22-12-28 23:00:28] [INFO] [DEBUG] Starting load of ExtensionManager at 1672268428644
[22-12-28 23:00:28] [INFO] [DEBUG] ExtensionManager has been loaded. (took 0ms)
[22-12-28 23:00:29] [INFO] No updates were available. You are on the latest version!
[22-12-28 23:01:44] [INFO] [DEBUG] onDisable start -> 1672268504685

[22-12-28 23:01:44] [INFO] [DEBUG] Starting unload of ExtensionManager at 1672268504688
[22-12-28 23:01:44] [INFO] [DEBUG] ExtensionManager has been unloaded. (took 0ms)
[22-12-28 23:01:44] [INFO] [DEBUG] Starting unload of Teleport at 1672268504688
[22-12-28 23:01:44] [INFO] [DEBUG] Teleport has been unloaded. (took 0ms)
[22-12-28 23:01:44] [INFO] [DEBUG] Starting unload of RequestManager at 1672268504688
[22-12-28 23:01:44] [INFO] [DEBUG] RequestManager has been unloaded. (took 0ms)
[22-12-28 23:01:44] [INFO] [DEBUG] Starting unload of QueueSignManagerImpl at 1672268504688
[22-12-28 23:01:44] [INFO] [DEBUG] QueueSignManagerImpl has been unloaded. (took 0ms)
[22-12-28 23:01:44] [INFO] [DEBUG] Starting unload of QueueManager at 1672268504688
[22-12-28 23:01:44] [INFO] [DEBUG] QueueManager has been unloaded. (took 0ms)
[22-12-28 23:01:44] [INFO] [DEBUG] Starting unload of DuelManager at 1672268504688
[22-12-28 23:01:44] [INFO] [DEBUG] DuelManager has been unloaded. (took 0ms)
[22-12-28 23:01:44] [INFO] [DEBUG] Starting unload of InventoryManager at 1672268504688
[22-12-28 23:01:44] [INFO] [DEBUG] InventoryManager has been unloaded. (took 0ms)
[22-12-28 23:01:44] [INFO] [DEBUG] Starting unload of BettingManager at 1672268504688
[22-12-28 23:01:44] [INFO] [DEBUG] BettingManager has been unloaded. (took 0ms)
[22-12-28 23:01:44] [INFO] [DEBUG] Starting unload of SpectateManagerImpl at 1672268504688
[22-12-28 23:01:44] [INFO] [DEBUG] SpectateManagerImpl has been unloaded. (took 0ms)
[22-12-28 23:01:44] [INFO] [DEBUG] Starting unload of PlayerInfoManager at 1672268504688
[22-12-28 23:01:44] [INFO] [DEBUG] PlayerInfoManager has been unloaded. (took 0ms)
[22-12-28 23:01:44] [INFO] [DEBUG] Starting unload of SettingsManager at 1672268504688
[22-12-28 23:01:44] [INFO] [DEBUG] SettingsManager has been unloaded. (took 0ms)
[22-12-28 23:01:44] [INFO] [DEBUG] Starting unload of ArenaManagerImpl at 1672268504688
[22-12-28 23:01:44] [INFO] [DEBUG] ArenaManagerImpl has been unloaded. (took 0ms)
[22-12-28 23:01:44] [INFO] [DEBUG] Starting unload of KitManagerImpl at 1672268504688
[22-12-28 23:01:44] [INFO] [DEBUG] KitManagerImpl has been unloaded. (took 1ms)
[22-12-28 23:01:44] [INFO] [DEBUG] Starting unload of GuiListener at 1672268504689
[22-12-28 23:01:44] [INFO] [DEBUG] GuiListener has been unloaded. (took 0ms)
[22-12-28 23:01:44] [INFO] [DEBUG] Starting unload of UserManagerImpl at 1672268504689
[22-12-28 23:01:44] [INFO] [DEBUG] UserManagerImpl has been unloaded. (took 11ms)
[22-12-28 23:01:44] [INFO] [DEBUG] Starting unload of Lang at 1672268504700
[22-12-28 23:01:44] [INFO] [DEBUG] Lang has been unloaded. (took 0ms)
[22-12-28 23:01:44] [INFO] [DEBUG] Starting unload of Config at 1672268504700
[22-12-28 23:01:44] [INFO] [DEBUG] Config has been unloaded. (took 0ms)
[22-12-28 23:01:44] [INFO] [DEBUG] unload done (took 15ms)
[22-12-28 23:01:44] [INFO] [DEBUG] Log#clearSources done (took 0ms)
[22-12-28 23:02:19] [INFO] [DEBUG] onEnable start -> 1672268539592

[22-12-28 23:02:19] [INFO] Using Economy Provider: com.earth2me.essentials.economy.vault.VaultEconomyProvider
[22-12-28 23:02:19] [INFO] [DEBUG] Starting load of Config at 1672268539634
[22-12-28 23:02:19] [INFO] [DEBUG] Config has been loaded. (took 3ms)
[22-12-28 23:02:19] [INFO] [DEBUG] Starting load of Lang at 1672268539637
[22-12-28 23:02:19] [INFO] [DEBUG] Lang has been loaded. (took 7ms)
[22-12-28 23:02:19] [INFO] [DEBUG] Starting load of UserManagerImpl at 1672268539644
[22-12-28 23:02:19] [INFO] [DEBUG] UserManagerImpl has been loaded. (took 1ms)
[22-12-28 23:02:19] [INFO] [DEBUG] Starting load of GuiListener at 1672268539645
[22-12-28 23:02:19] [INFO] [DEBUG] GuiListener has been loaded. (took 0ms)
[22-12-28 23:02:19] [INFO] [DEBUG] Starting load of KitManagerImpl at 1672268539645
[22-12-28 23:02:19] [INFO] KitManagerImpl: Loaded 5 kit(s).
[22-12-28 23:02:19] [INFO] [DEBUG] KitManagerImpl has been loaded. (took 122ms)
[22-12-28 23:02:19] [INFO] [DEBUG] Starting load of ArenaManagerImpl at 1672268539767
[22-12-28 23:02:19] [INFO] ArenaManagerImpl: Loaded 10 arena(s).
[22-12-28 23:02:19] [INFO] [DEBUG] ArenaManagerImpl has been loaded. (took 18ms)
[22-12-28 23:02:19] [INFO] [DEBUG] Starting load of SettingsManager at 1672268539785
[22-12-28 23:02:19] [INFO] [DEBUG] SettingsManager has been loaded. (took 0ms)
[22-12-28 23:02:19] [INFO] [DEBUG] Starting load of PlayerInfoManager at 1672268539785
[22-12-28 23:02:19] [INFO] [DEBUG] PlayerInfoManager has been loaded. (took 0ms)
[22-12-28 23:02:19] [INFO] [DEBUG] Starting load of SpectateManagerImpl at 1672268539785
[22-12-28 23:02:19] [INFO] [DEBUG] SpectateManagerImpl has been loaded. (took 0ms)
[22-12-28 23:02:19] [INFO] [DEBUG] Starting load of BettingManager at 1672268539785
[22-12-28 23:02:19] [INFO] [DEBUG] BettingManager has been loaded. (took 0ms)
[22-12-28 23:02:19] [INFO] [DEBUG] Starting load of InventoryManager at 1672268539785
[22-12-28 23:02:19] [INFO] [DEBUG] InventoryManager has been loaded. (took 2ms)
[22-12-28 23:02:19] [INFO] [DEBUG] Starting load of DuelManager at 1672268539787
[22-12-28 23:02:19] [INFO] [DEBUG] DuelManager has been loaded. (took 0ms)
[22-12-28 23:02:19] [INFO] [DEBUG] Starting load of QueueManager at 1672268539787
[22-12-28 23:02:19] [INFO] QueueManager: Loaded 5 queue(s).
[22-12-28 23:02:19] [INFO] [DEBUG] QueueManager has been loaded. (took 5ms)
[22-12-28 23:02:19] [INFO] [DEBUG] Starting load of QueueSignManagerImpl at 1672268539792
[22-12-28 23:02:19] [INFO] QueueSignManagerImpl: Loaded 0 queue sign(s).
[22-12-28 23:02:19] [INFO] [DEBUG] QueueSignManagerImpl has been loaded. (took 1ms)
[22-12-28 23:02:19] [INFO] [DEBUG] Starting load of RequestManager at 1672268539793
[22-12-28 23:02:19] [INFO] [DEBUG] RequestManager has been loaded. (took 0ms)
[22-12-28 23:02:19] [INFO] [DEBUG] Starting load of Teleport at 1672268539793
[22-12-28 23:02:19] [INFO] [DEBUG] Teleport has been loaded. (took 0ms)
[22-12-28 23:02:19] [INFO] [DEBUG] Starting load of ExtensionManager at 1672268539793
[22-12-28 23:02:19] [INFO] [DEBUG] ExtensionManager has been loaded. (took 1ms)
[22-12-28 23:02:20] [INFO] No updates were available. You are on the latest version!
[22-12-28 23:05:54] [INFO] [DEBUG] onDisable start -> 1672268754860

[22-12-28 23:05:54] [INFO] [DEBUG] Starting unload of ExtensionManager at 1672268754862
[22-12-28 23:05:54] [INFO] [DEBUG] ExtensionManager has been unloaded. (took 0ms)
[22-12-28 23:05:54] [INFO] [DEBUG] Starting unload of Teleport at 1672268754862
[22-12-28 23:05:54] [INFO] [DEBUG] Teleport has been unloaded. (took 0ms)
[22-12-28 23:05:54] [INFO] [DEBUG] Starting unload of RequestManager at 1672268754862
[22-12-28 23:05:54] [INFO] [DEBUG] RequestManager has been unloaded. (took 0ms)
[22-12-28 23:05:54] [INFO] [DEBUG] Starting unload of QueueSignManagerImpl at 1672268754862
[22-12-28 23:05:54] [INFO] [DEBUG] QueueSignManagerImpl has been unloaded. (took 0ms)
[22-12-28 23:05:54] [INFO] [DEBUG] Starting unload of QueueManager at 1672268754862
[22-12-28 23:05:54] [INFO] [DEBUG] QueueManager has been unloaded. (took 0ms)
[22-12-28 23:05:54] [INFO] [DEBUG] Starting unload of DuelManager at 1672268754862
[22-12-28 23:05:54] [INFO] [DEBUG] DuelManager has been unloaded. (took 0ms)
[22-12-28 23:05:54] [INFO] [DEBUG] Starting unload of InventoryManager at 1672268754862
[22-12-28 23:05:54] [INFO] [DEBUG] InventoryManager has been unloaded. (took 0ms)
[22-12-28 23:05:54] [INFO] [DEBUG] Starting unload of BettingManager at 1672268754862
[22-12-28 23:05:54] [INFO] [DEBUG] BettingManager has been unloaded. (took 0ms)
[22-12-28 23:05:54] [INFO] [DEBUG] Starting unload of SpectateManagerImpl at 1672268754862
[22-12-28 23:05:54] [INFO] [DEBUG] SpectateManagerImpl has been unloaded. (took 0ms)
[22-12-28 23:05:54] [INFO] [DEBUG] Starting unload of PlayerInfoManager at 1672268754862
[22-12-28 23:05:54] [INFO] [DEBUG] PlayerInfoManager has been unloaded. (took 0ms)
[22-12-28 23:05:54] [INFO] [DEBUG] Starting unload of SettingsManager at 1672268754862
[22-12-28 23:05:54] [INFO] [DEBUG] SettingsManager has been unloaded. (took 0ms)
[22-12-28 23:05:54] [INFO] [DEBUG] Starting unload of ArenaManagerImpl at 1672268754862
[22-12-28 23:05:54] [INFO] [DEBUG] ArenaManagerImpl has been unloaded. (took 1ms)
[22-12-28 23:05:54] [INFO] [DEBUG] Starting unload of KitManagerImpl at 1672268754863
[22-12-28 23:05:54] [INFO] [DEBUG] KitManagerImpl has been unloaded. (took 0ms)
[22-12-28 23:05:54] [INFO] [DEBUG] Starting unload of GuiListener at 1672268754863
[22-12-28 23:05:54] [INFO] [DEBUG] GuiListener has been unloaded. (took 0ms)
[22-12-28 23:05:54] [INFO] [DEBUG] Starting unload of UserManagerImpl at 1672268754863
[22-12-28 23:05:54] [INFO] [DEBUG] UserManagerImpl has been unloaded. (took 13ms)
[22-12-28 23:05:54] [INFO] [DEBUG] Starting unload of Lang at 1672268754876
[22-12-28 23:05:54] [INFO] [DEBUG] Lang has been unloaded. (took 0ms)
[22-12-28 23:05:54] [INFO] [DEBUG] Starting unload of Config at 1672268754876
[22-12-28 23:05:54] [INFO] [DEBUG] Config has been unloaded. (took 0ms)
[22-12-28 23:05:54] [INFO] [DEBUG] unload done (took 16ms)
[22-12-28 23:05:54] [INFO] [DEBUG] Log#clearSources done (took 0ms)
[22-12-28 23:06:31] [INFO] [DEBUG] onEnable start -> 1672268791730

[22-12-28 23:06:31] [INFO] Using Economy Provider: com.earth2me.essentials.economy.vault.VaultEconomyProvider
[22-12-28 23:06:31] [INFO] [DEBUG] Starting load of Config at 1672268791785
[22-12-28 23:06:31] [INFO] [DEBUG] Config has been loaded. (took 5ms)
[22-12-28 23:06:31] [INFO] [DEBUG] Starting load of Lang at 1672268791790
[22-12-28 23:06:31] [INFO] [DEBUG] Lang has been loaded. (took 10ms)
[22-12-28 23:06:31] [INFO] [DEBUG] Starting load of UserManagerImpl at 1672268791801
[22-12-28 23:06:31] [INFO] [DEBUG] UserManagerImpl has been loaded. (took 0ms)
[22-12-28 23:06:31] [INFO] [DEBUG] Starting load of GuiListener at 1672268791801
[22-12-28 23:06:31] [INFO] [DEBUG] GuiListener has been loaded. (took 0ms)
[22-12-28 23:06:31] [INFO] [DEBUG] Starting load of KitManagerImpl at 1672268791801
[22-12-28 23:06:31] [INFO] KitManagerImpl: Loaded 5 kit(s).
[22-12-28 23:06:31] [INFO] [DEBUG] KitManagerImpl has been loaded. (took 171ms)
[22-12-28 23:06:31] [INFO] [DEBUG] Starting load of ArenaManagerImpl at 1672268791972
[22-12-28 23:06:31] [INFO] ArenaManagerImpl: Loaded 10 arena(s).
[22-12-28 23:06:31] [INFO] [DEBUG] ArenaManagerImpl has been loaded. (took 20ms)
[22-12-28 23:06:31] [INFO] [DEBUG] Starting load of SettingsManager at 1672268791992
[22-12-28 23:06:31] [INFO] [DEBUG] SettingsManager has been loaded. (took 0ms)
[22-12-28 23:06:31] [INFO] [DEBUG] Starting load of PlayerInfoManager at 1672268791993
[22-12-28 23:06:31] [INFO] [DEBUG] PlayerInfoManager has been loaded. (took 0ms)
[22-12-28 23:06:31] [INFO] [DEBUG] Starting load of SpectateManagerImpl at 1672268791993
[22-12-28 23:06:31] [INFO] [DEBUG] SpectateManagerImpl has been loaded. (took 0ms)
[22-12-28 23:06:31] [INFO] [DEBUG] Starting load of BettingManager at 1672268791993
[22-12-28 23:06:31] [INFO] [DEBUG] BettingManager has been loaded. (took 0ms)
[22-12-28 23:06:31] [INFO] [DEBUG] Starting load of InventoryManager at 1672268791993
[22-12-28 23:06:31] [INFO] [DEBUG] InventoryManager has been loaded. (took 0ms)
[22-12-28 23:06:31] [INFO] [DEBUG] Starting load of DuelManager at 1672268791993
[22-12-28 23:06:31] [INFO] [DEBUG] DuelManager has been loaded. (took 1ms)
[22-12-28 23:06:31] [INFO] [DEBUG] Starting load of QueueManager at 1672268791994
[22-12-28 23:06:31] [INFO] QueueManager: Loaded 5 queue(s).
[22-12-28 23:06:31] [INFO] [DEBUG] QueueManager has been loaded. (took 5ms)
[22-12-28 23:06:31] [INFO] [DEBUG] Starting load of QueueSignManagerImpl at 1672268791999
[22-12-28 23:06:31] [INFO] QueueSignManagerImpl: Loaded 0 queue sign(s).
[22-12-28 23:06:31] [INFO] [DEBUG] QueueSignManagerImpl has been loaded. (took 0ms)
[22-12-28 23:06:31] [INFO] [DEBUG] Starting load of RequestManager at 1672268791999
[22-12-28 23:06:31] [INFO] [DEBUG] RequestManager has been loaded. (took 0ms)
[22-12-28 23:06:31] [INFO] [DEBUG] Starting load of Teleport at 1672268791999
[22-12-28 23:06:32] [INFO] [DEBUG] Teleport has been loaded. (took 1ms)
[22-12-28 23:06:32] [INFO] [DEBUG] Starting load of ExtensionManager at 1672268792000
[22-12-28 23:06:32] [INFO] [DEBUG] ExtensionManager has been loaded. (took 0ms)
[22-12-28 23:06:32] [INFO] No updates were available. You are on the latest version!
[22-12-28 23:37:57] [INFO] [DEBUG] onDisable start -> 1672270677492

[22-12-28 23:37:57] [INFO] [DEBUG] Starting unload of ExtensionManager at 1672270677493
[22-12-28 23:37:57] [INFO] [DEBUG] ExtensionManager has been unloaded. (took 0ms)
[22-12-28 23:37:57] [INFO] [DEBUG] Starting unload of Teleport at 1672270677493
[22-12-28 23:37:57] [INFO] [DEBUG] Teleport has been unloaded. (took 0ms)
[22-12-28 23:37:57] [INFO] [DEBUG] Starting unload of RequestManager at 1672270677493
[22-12-28 23:37:57] [INFO] [DEBUG] RequestManager has been unloaded. (took 0ms)
[22-12-28 23:37:57] [INFO] [DEBUG] Starting unload of QueueSignManagerImpl at 1672270677493
[22-12-28 23:37:57] [INFO] [DEBUG] QueueSignManagerImpl has been unloaded. (took 0ms)
[22-12-28 23:37:57] [INFO] [DEBUG] Starting unload of QueueManager at 1672270677493
[22-12-28 23:37:57] [INFO] [DEBUG] QueueManager has been unloaded. (took 0ms)
[22-12-28 23:37:57] [INFO] [DEBUG] Starting unload of DuelManager at 1672270677493
[22-12-28 23:37:57] [INFO] [DEBUG] DuelManager has been unloaded. (took 0ms)
[22-12-28 23:37:57] [INFO] [DEBUG] Starting unload of InventoryManager at 1672270677493
[22-12-28 23:37:57] [INFO] [DEBUG] InventoryManager has been unloaded. (took 0ms)
[22-12-28 23:37:57] [INFO] [DEBUG] Starting unload of BettingManager at 1672270677493
[22-12-28 23:37:57] [INFO] [DEBUG] BettingManager has been unloaded. (took 0ms)
[22-12-28 23:37:57] [INFO] [DEBUG] Starting unload of SpectateManagerImpl at 1672270677493
[22-12-28 23:37:57] [INFO] [DEBUG] SpectateManagerImpl has been unloaded. (took 0ms)
[22-12-28 23:37:57] [INFO] [DEBUG] Starting unload of PlayerInfoManager at 1672270677493
[22-12-28 23:37:57] [INFO] [DEBUG] PlayerInfoManager has been unloaded. (took 0ms)
[22-12-28 23:37:57] [INFO] [DEBUG] Starting unload of SettingsManager at 1672270677493
[22-12-28 23:37:57] [INFO] [DEBUG] SettingsManager has been unloaded. (took 0ms)
[22-12-28 23:37:57] [INFO] [DEBUG] Starting unload of ArenaManagerImpl at 1672270677493
[22-12-28 23:37:57] [INFO] [DEBUG] ArenaManagerImpl has been unloaded. (took 0ms)
[22-12-28 23:37:57] [INFO] [DEBUG] Starting unload of KitManagerImpl at 1672270677493
[22-12-28 23:37:57] [INFO] [DEBUG] KitManagerImpl has been unloaded. (took 0ms)
[22-12-28 23:37:57] [INFO] [DEBUG] Starting unload of GuiListener at 1672270677493
[22-12-28 23:37:57] [INFO] [DEBUG] GuiListener has been unloaded. (took 1ms)
[22-12-28 23:37:57] [INFO] [DEBUG] Starting unload of UserManagerImpl at 1672270677494
[22-12-28 23:37:57] [INFO] [DEBUG] UserManagerImpl has been unloaded. (took 0ms)
[22-12-28 23:37:57] [INFO] [DEBUG] Starting unload of Lang at 1672270677494
[22-12-28 23:37:57] [INFO] [DEBUG] Lang has been unloaded. (took 0ms)
[22-12-28 23:37:57] [INFO] [DEBUG] Starting unload of Config at 1672270677494
[22-12-28 23:37:57] [INFO] [DEBUG] Config has been unloaded. (took 0ms)
[22-12-28 23:37:57] [INFO] [DEBUG] unload done (took 2ms)
[22-12-28 23:37:57] [INFO] [DEBUG] Log#clearSources done (took 0ms)
[22-12-28 23:38:47] [INFO] [DEBUG] onEnable start -> 1672270727638

[22-12-28 23:38:47] [INFO] Using Economy Provider: com.earth2me.essentials.economy.vault.VaultEconomyProvider
[22-12-28 23:38:47] [INFO] [DEBUG] Starting load of Config at 1672270727686
[22-12-28 23:38:47] [INFO] [DEBUG] Config has been loaded. (took 5ms)
[22-12-28 23:38:47] [INFO] [DEBUG] Starting load of Lang at 1672270727691
[22-12-28 23:38:47] [INFO] [DEBUG] Lang has been loaded. (took 8ms)
[22-12-28 23:38:47] [INFO] [DEBUG] Starting load of UserManagerImpl at 1672270727699
[22-12-28 23:38:47] [INFO] [DEBUG] UserManagerImpl has been loaded. (took 1ms)
[22-12-28 23:38:47] [INFO] [DEBUG] Starting load of GuiListener at 1672270727700
[22-12-28 23:38:47] [INFO] [DEBUG] GuiListener has been loaded. (took 0ms)
[22-12-28 23:38:47] [INFO] [DEBUG] Starting load of KitManagerImpl at 1672270727700
[22-12-28 23:38:47] [INFO] KitManagerImpl: Loaded 5 kit(s).
[22-12-28 23:38:47] [INFO] [DEBUG] KitManagerImpl has been loaded. (took 141ms)
[22-12-28 23:38:47] [INFO] [DEBUG] Starting load of ArenaManagerImpl at 1672270727842
[22-12-28 23:38:47] [INFO] ArenaManagerImpl: Loaded 10 arena(s).
[22-12-28 23:38:47] [INFO] [DEBUG] ArenaManagerImpl has been loaded. (took 12ms)
[22-12-28 23:38:47] [INFO] [DEBUG] Starting load of SettingsManager at 1672270727854
[22-12-28 23:38:47] [INFO] [DEBUG] SettingsManager has been loaded. (took 0ms)
[22-12-28 23:38:47] [INFO] [DEBUG] Starting load of PlayerInfoManager at 1672270727854
[22-12-28 23:38:47] [WARNING] PlayerInfoManager: Lobby location was not set, using world's spawn location as default. Use the command /duels setlobby in-game to set the lobby location.
[22-12-28 23:38:47] [INFO] [DEBUG] PlayerInfoManager has been loaded. (took 1ms)
[22-12-28 23:38:47] [INFO] [DEBUG] Starting load of SpectateManagerImpl at 1672270727855
[22-12-28 23:38:47] [INFO] [DEBUG] SpectateManagerImpl has been loaded. (took 0ms)
[22-12-28 23:38:47] [INFO] [DEBUG] Starting load of BettingManager at 1672270727855
[22-12-28 23:38:47] [INFO] [DEBUG] BettingManager has been loaded. (took 0ms)
[22-12-28 23:38:47] [INFO] [DEBUG] Starting load of InventoryManager at 1672270727855
[22-12-28 23:38:47] [INFO] [DEBUG] InventoryManager has been loaded. (took 0ms)
[22-12-28 23:38:47] [INFO] [DEBUG] Starting load of DuelManager at 1672270727855
[22-12-28 23:38:47] [INFO] [DEBUG] DuelManager has been loaded. (took 1ms)
[22-12-28 23:38:47] [INFO] [DEBUG] Starting load of QueueManager at 1672270727856
[22-12-28 23:38:47] [INFO] QueueManager: Loaded 5 queue(s).
[22-12-28 23:38:47] [INFO] [DEBUG] QueueManager has been loaded. (took 5ms)
[22-12-28 23:38:47] [INFO] [DEBUG] Starting load of QueueSignManagerImpl at 1672270727861
[22-12-28 23:38:47] [INFO] QueueSignManagerImpl: Loaded 0 queue sign(s).
[22-12-28 23:38:47] [INFO] [DEBUG] QueueSignManagerImpl has been loaded. (took 0ms)
[22-12-28 23:38:47] [INFO] [DEBUG] Starting load of RequestManager at 1672270727861
[22-12-28 23:38:47] [INFO] [DEBUG] RequestManager has been loaded. (took 0ms)
[22-12-28 23:38:47] [INFO] [DEBUG] Starting load of Teleport at 1672270727861
[22-12-28 23:38:47] [INFO] [DEBUG] Teleport has been loaded. (took 0ms)
[22-12-28 23:38:47] [INFO] [DEBUG] Starting load of ExtensionManager at 1672270727861
[22-12-28 23:38:47] [INFO] [DEBUG] ExtensionManager has been loaded. (took 1ms)
[22-12-28 23:38:48] [INFO] No updates were available. You are on the latest version!
[22-12-28 23:40:09] [INFO] [DEBUG] onDisable start -> 1672270809369

[22-12-28 23:40:09] [INFO] [DEBUG] Starting unload of ExtensionManager at 1672270809370
[22-12-28 23:40:09] [INFO] [DEBUG] ExtensionManager has been unloaded. (took 0ms)
[22-12-28 23:40:09] [INFO] [DEBUG] Starting unload of Teleport at 1672270809370
[22-12-28 23:40:09] [INFO] [DEBUG] Teleport has been unloaded. (took 0ms)
[22-12-28 23:40:09] [INFO] [DEBUG] Starting unload of RequestManager at 1672270809370
[22-12-28 23:40:09] [INFO] [DEBUG] RequestManager has been unloaded. (took 0ms)
[22-12-28 23:40:09] [INFO] [DEBUG] Starting unload of QueueSignManagerImpl at 1672270809370
[22-12-28 23:40:09] [INFO] [DEBUG] QueueSignManagerImpl has been unloaded. (took 0ms)
[22-12-28 23:40:09] [INFO] [DEBUG] Starting unload of QueueManager at 1672270809370
[22-12-28 23:40:09] [INFO] [DEBUG] QueueManager has been unloaded. (took 0ms)
[22-12-28 23:40:09] [INFO] [DEBUG] Starting unload of DuelManager at 1672270809370
[22-12-28 23:40:09] [INFO] [DEBUG] DuelManager has been unloaded. (took 0ms)
[22-12-28 23:40:09] [INFO] [DEBUG] Starting unload of InventoryManager at 1672270809370
[22-12-28 23:40:09] [INFO] [DEBUG] InventoryManager has been unloaded. (took 0ms)
[22-12-28 23:40:09] [INFO] [DEBUG] Starting unload of BettingManager at 1672270809370
[22-12-28 23:40:09] [INFO] [DEBUG] BettingManager has been unloaded. (took 0ms)
[22-12-28 23:40:09] [INFO] [DEBUG] Starting unload of SpectateManagerImpl at 1672270809370
[22-12-28 23:40:09] [INFO] [DEBUG] SpectateManagerImpl has been unloaded. (took 0ms)
[22-12-28 23:40:09] [INFO] [DEBUG] Starting unload of PlayerInfoManager at 1672270809370
[22-12-28 23:40:09] [INFO] [DEBUG] PlayerInfoManager has been unloaded. (took 0ms)
[22-12-28 23:40:09] [INFO] [DEBUG] Starting unload of SettingsManager at 1672270809370
[22-12-28 23:40:09] [INFO] [DEBUG] SettingsManager has been unloaded. (took 1ms)
[22-12-28 23:40:09] [INFO] [DEBUG] Starting unload of ArenaManagerImpl at 1672270809371
[22-12-28 23:40:09] [INFO] [DEBUG] ArenaManagerImpl has been unloaded. (took 0ms)
[22-12-28 23:40:09] [INFO] [DEBUG] Starting unload of KitManagerImpl at 1672270809371
[22-12-28 23:40:09] [INFO] [DEBUG] KitManagerImpl has been unloaded. (took 0ms)
[22-12-28 23:40:09] [INFO] [DEBUG] Starting unload of GuiListener at 1672270809371
[22-12-28 23:40:09] [INFO] [DEBUG] GuiListener has been unloaded. (took 0ms)
[22-12-28 23:40:09] [INFO] [DEBUG] Starting unload of UserManagerImpl at 1672270809371
[22-12-28 23:40:09] [INFO] [DEBUG] UserManagerImpl has been unloaded. (took 11ms)
[22-12-28 23:40:09] [INFO] [DEBUG] Starting unload of Lang at 1672270809382
[22-12-28 23:40:09] [INFO] [DEBUG] Lang has been unloaded. (took 0ms)
[22-12-28 23:40:09] [INFO] [DEBUG] Starting unload of Config at 1672270809382
[22-12-28 23:40:09] [INFO] [DEBUG] Config has been unloaded. (took 0ms)
[22-12-28 23:40:09] [INFO] [DEBUG] unload done (took 13ms)
[22-12-28 23:40:09] [INFO] [DEBUG] Log#clearSources done (took 0ms)
[22-12-28 23:40:44] [INFO] [DEBUG] onEnable start -> 1672270844651

[22-12-28 23:40:44] [INFO] Using Economy Provider: com.earth2me.essentials.economy.vault.VaultEconomyProvider
[22-12-28 23:40:44] [INFO] [DEBUG] Starting load of Config at 1672270844699
[22-12-28 23:40:44] [INFO] [DEBUG] Config has been loaded. (took 5ms)
[22-12-28 23:40:44] [INFO] [DEBUG] Starting load of Lang at 1672270844704
[22-12-28 23:40:44] [INFO] [DEBUG] Lang has been loaded. (took 8ms)
[22-12-28 23:40:44] [INFO] [DEBUG] Starting load of UserManagerImpl at 1672270844712
[22-12-28 23:40:44] [INFO] [DEBUG] UserManagerImpl has been loaded. (took 1ms)
[22-12-28 23:40:44] [INFO] [DEBUG] Starting load of GuiListener at 1672270844713
[22-12-28 23:40:44] [INFO] [DEBUG] GuiListener has been loaded. (took 0ms)
[22-12-28 23:40:44] [INFO] [DEBUG] Starting load of KitManagerImpl at 1672270844713
[22-12-28 23:40:44] [INFO] KitManagerImpl: Loaded 5 kit(s).
[22-12-28 23:40:44] [INFO] [DEBUG] KitManagerImpl has been loaded. (took 131ms)
[22-12-28 23:40:44] [INFO] [DEBUG] Starting load of ArenaManagerImpl at 1672270844845
[22-12-28 23:40:44] [INFO] ArenaManagerImpl: Loaded 10 arena(s).
[22-12-28 23:40:44] [INFO] [DEBUG] ArenaManagerImpl has been loaded. (took 17ms)
[22-12-28 23:40:44] [INFO] [DEBUG] Starting load of SettingsManager at 1672270844862
[22-12-28 23:40:44] [INFO] [DEBUG] SettingsManager has been loaded. (took 0ms)
[22-12-28 23:40:44] [INFO] [DEBUG] Starting load of PlayerInfoManager at 1672270844862
[22-12-28 23:40:44] [INFO] [DEBUG] PlayerInfoManager has been loaded. (took 1ms)
[22-12-28 23:40:44] [INFO] [DEBUG] Starting load of SpectateManagerImpl at 1672270844863
[22-12-28 23:40:44] [INFO] [DEBUG] SpectateManagerImpl has been loaded. (took 0ms)
[22-12-28 23:40:44] [INFO] [DEBUG] Starting load of BettingManager at 1672270844863
[22-12-28 23:40:44] [INFO] [DEBUG] BettingManager has been loaded. (took 0ms)
[22-12-28 23:40:44] [INFO] [DEBUG] Starting load of InventoryManager at 1672270844863
[22-12-28 23:40:44] [INFO] [DEBUG] InventoryManager has been loaded. (took 0ms)
[22-12-28 23:40:44] [INFO] [DEBUG] Starting load of DuelManager at 1672270844863
[22-12-28 23:40:44] [INFO] [DEBUG] DuelManager has been loaded. (took 1ms)
[22-12-28 23:40:44] [INFO] [DEBUG] Starting load of QueueManager at 1672270844864
[22-12-28 23:40:44] [INFO] QueueManager: Loaded 5 queue(s).
[22-12-28 23:40:44] [INFO] [DEBUG] QueueManager has been loaded. (took 5ms)
[22-12-28 23:40:44] [INFO] [DEBUG] Starting load of QueueSignManagerImpl at 1672270844869
[22-12-28 23:40:44] [INFO] QueueSignManagerImpl: Loaded 0 queue sign(s).
[22-12-28 23:40:44] [INFO] [DEBUG] QueueSignManagerImpl has been loaded. (took 1ms)
[22-12-28 23:40:44] [INFO] [DEBUG] Starting load of RequestManager at 1672270844870
[22-12-28 23:40:44] [INFO] [DEBUG] RequestManager has been loaded. (took 0ms)
[22-12-28 23:40:44] [INFO] [DEBUG] Starting load of Teleport at 1672270844870
[22-12-28 23:40:44] [INFO] [DEBUG] Teleport has been loaded. (took 0ms)
[22-12-28 23:40:44] [INFO] [DEBUG] Starting load of ExtensionManager at 1672270844870
[22-12-28 23:40:44] [INFO] [DEBUG] ExtensionManager has been loaded. (took 1ms)
[22-12-28 23:40:45] [INFO] No updates were available. You are on the latest version!
[22-12-28 23:43:11] [INFO] [DEBUG] onDisable start -> 1672270991842

[22-12-28 23:43:11] [INFO] [DEBUG] Starting unload of ExtensionManager at 1672270991844
[22-12-28 23:43:11] [INFO] [DEBUG] ExtensionManager has been unloaded. (took 0ms)
[22-12-28 23:43:11] [INFO] [DEBUG] Starting unload of Teleport at 1672270991844
[22-12-28 23:43:11] [INFO] [DEBUG] Teleport has been unloaded. (took 0ms)
[22-12-28 23:43:11] [INFO] [DEBUG] Starting unload of RequestManager at 1672270991844
[22-12-28 23:43:11] [INFO] [DEBUG] RequestManager has been unloaded. (took 0ms)
[22-12-28 23:43:11] [INFO] [DEBUG] Starting unload of QueueSignManagerImpl at 1672270991844
[22-12-28 23:43:11] [INFO] [DEBUG] QueueSignManagerImpl has been unloaded. (took 0ms)
[22-12-28 23:43:11] [INFO] [DEBUG] Starting unload of QueueManager at 1672270991844
[22-12-28 23:43:11] [INFO] [DEBUG] QueueManager has been unloaded. (took 0ms)
[22-12-28 23:43:11] [INFO] [DEBUG] Starting unload of DuelManager at 1672270991844
[22-12-28 23:43:11] [INFO] [DEBUG] DuelManager has been unloaded. (took 0ms)
[22-12-28 23:43:11] [INFO] [DEBUG] Starting unload of InventoryManager at 1672270991844
[22-12-28 23:43:11] [INFO] [DEBUG] InventoryManager has been unloaded. (took 0ms)
[22-12-28 23:43:11] [INFO] [DEBUG] Starting unload of BettingManager at 1672270991844
[22-12-28 23:43:11] [INFO] [DEBUG] BettingManager has been unloaded. (took 0ms)
[22-12-28 23:43:11] [INFO] [DEBUG] Starting unload of SpectateManagerImpl at 1672270991844
[22-12-28 23:43:11] [INFO] [DEBUG] SpectateManagerImpl has been unloaded. (took 0ms)
[22-12-28 23:43:11] [INFO] [DEBUG] Starting unload of PlayerInfoManager at 1672270991844
[22-12-28 23:43:11] [INFO] [DEBUG] PlayerInfoManager has been unloaded. (took 0ms)
[22-12-28 23:43:11] [INFO] [DEBUG] Starting unload of SettingsManager at 1672270991844
[22-12-28 23:43:11] [INFO] [DEBUG] SettingsManager has been unloaded. (took 0ms)
[22-12-28 23:43:11] [INFO] [DEBUG] Starting unload of ArenaManagerImpl at 1672270991844
[22-12-28 23:43:11] [INFO] [DEBUG] ArenaManagerImpl has been unloaded. (took 0ms)
[22-12-28 23:43:11] [INFO] [DEBUG] Starting unload of KitManagerImpl at 1672270991844
[22-12-28 23:43:11] [INFO] [DEBUG] KitManagerImpl has been unloaded. (took 0ms)
[22-12-28 23:43:11] [INFO] [DEBUG] Starting unload of GuiListener at 1672270991844
[22-12-28 23:43:11] [INFO] [DEBUG] GuiListener has been unloaded. (took 1ms)
[22-12-28 23:43:11] [INFO] [DEBUG] Starting unload of UserManagerImpl at 1672270991845
[22-12-28 23:43:11] [INFO] [DEBUG] UserManagerImpl has been unloaded. (took 0ms)
[22-12-28 23:43:11] [INFO] [DEBUG] Starting unload of Lang at 1672270991845
[22-12-28 23:43:11] [INFO] [DEBUG] Lang has been unloaded. (took 0ms)
[22-12-28 23:43:11] [INFO] [DEBUG] Starting unload of Config at 1672270991845
[22-12-28 23:43:11] [INFO] [DEBUG] Config has been unloaded. (took 0ms)
[22-12-28 23:43:11] [INFO] [DEBUG] unload done (took 3ms)
[22-12-28 23:43:11] [INFO] [DEBUG] Log#clearSources done (took 0ms)
