[23-02-17 18:33:06] [INFO] [DEBUG] onEnable start -> 1676658786287

[23-02-17 18:33:06] [INFO] Using Economy Provider: com.earth2me.essentials.economy.vault.VaultEconomyProvider
[23-02-17 18:33:06] [INFO] [DEBUG] Starting load of Config at 1676658786396
[23-02-17 18:33:06] [INFO] [DEBUG] Config has been loaded. (took 7ms)
[23-02-17 18:33:06] [INFO] [DEBUG] Starting load of Lang at 1676658786403
[23-02-17 18:33:06] [INFO] [DEBUG] Lang has been loaded. (took 60ms)
[23-02-17 18:33:06] [INFO] [DEBUG] Starting load of UserManagerImpl at 1676658786463
[23-02-17 18:33:06] [INFO] [DEBUG] UserManagerImpl has been loaded. (took 1ms)
[23-02-17 18:33:06] [INFO] [DEBUG] Starting load of GuiListener at 1676658786464
[23-02-17 18:33:06] [INFO] [DEBUG] GuiListener has been loaded. (took 0ms)
[23-02-17 18:33:06] [INFO] [DEBUG] Starting load of KitManagerImpl at 1676658786464
[23-02-17 18:33:06] [INFO] KitManagerImpl: Loaded 5 kit(s).
[23-02-17 18:33:06] [INFO] [DEBUG] KitManagerImpl has been loaded. (took 294ms)
[23-02-17 18:33:06] [INFO] [DEBUG] Starting load of ArenaManagerImpl at 1676658786758
[23-02-17 18:33:06] [INFO] ArenaManagerImpl: Loaded 10 arena(s).
[23-02-17 18:33:06] [INFO] [DEBUG] ArenaManagerImpl has been loaded. (took 13ms)
[23-02-17 18:33:06] [INFO] [DEBUG] Starting load of SettingsManager at 1676658786771
[23-02-17 18:33:06] [INFO] [DEBUG] SettingsManager has been loaded. (took 0ms)
[23-02-17 18:33:06] [INFO] [DEBUG] Starting load of PlayerInfoManager at 1676658786771
[23-02-17 18:33:06] [INFO] [DEBUG] PlayerInfoManager has been loaded. (took 0ms)
[23-02-17 18:33:06] [INFO] [DEBUG] Starting load of SpectateManagerImpl at 1676658786771
[23-02-17 18:33:06] [INFO] [DEBUG] SpectateManagerImpl has been loaded. (took 0ms)
[23-02-17 18:33:06] [INFO] [DEBUG] Starting load of BettingManager at 1676658786771
[23-02-17 18:33:06] [INFO] [DEBUG] BettingManager has been loaded. (took 0ms)
[23-02-17 18:33:06] [INFO] [DEBUG] Starting load of InventoryManager at 1676658786771
[23-02-17 18:33:06] [INFO] [DEBUG] InventoryManager has been loaded. (took 1ms)
[23-02-17 18:33:06] [INFO] [DEBUG] Starting load of DuelManager at 1676658786772
[23-02-17 18:33:06] [INFO] [DEBUG] DuelManager has been loaded. (took 0ms)
[23-02-17 18:33:06] [INFO] [DEBUG] Starting load of QueueManager at 1676658786772
[23-02-17 18:33:06] [INFO] QueueManager: Loaded 5 queue(s).
[23-02-17 18:33:06] [INFO] [DEBUG] QueueManager has been loaded. (took 3ms)
[23-02-17 18:33:06] [INFO] [DEBUG] Starting load of QueueSignManagerImpl at 1676658786775
[23-02-17 18:33:06] [INFO] QueueSignManagerImpl: Loaded 0 queue sign(s).
[23-02-17 18:33:06] [INFO] [DEBUG] QueueSignManagerImpl has been loaded. (took 1ms)
[23-02-17 18:33:06] [INFO] [DEBUG] Starting load of RequestManager at 1676658786776
[23-02-17 18:33:06] [INFO] [DEBUG] RequestManager has been loaded. (took 0ms)
[23-02-17 18:33:06] [INFO] [DEBUG] Starting load of Teleport at 1676658786776
[23-02-17 18:33:06] [INFO] [DEBUG] Teleport has been loaded. (took 0ms)
[23-02-17 18:33:06] [INFO] [DEBUG] Starting load of ExtensionManager at 1676658786776
[23-02-17 18:33:06] [INFO] [DEBUG] ExtensionManager has been loaded. (took 0ms)
[23-02-17 18:33:08] [INFO] No updates were available. You are on the latest version!
[23-02-17 18:36:46] [INFO] [DEBUG] onDisable start -> 1676659006531

[23-02-17 18:36:46] [INFO] [DEBUG] Starting unload of ExtensionManager at 1676659006532
[23-02-17 18:36:46] [INFO] [DEBUG] ExtensionManager has been unloaded. (took 1ms)
[23-02-17 18:36:46] [INFO] [DEBUG] Starting unload of Teleport at 1676659006533
[23-02-17 18:36:46] [INFO] [DEBUG] Teleport has been unloaded. (took 0ms)
[23-02-17 18:36:46] [INFO] [DEBUG] Starting unload of RequestManager at 1676659006533
[23-02-17 18:36:46] [INFO] [DEBUG] RequestManager has been unloaded. (took 0ms)
[23-02-17 18:36:46] [INFO] [DEBUG] Starting unload of QueueSignManagerImpl at 1676659006533
[23-02-17 18:36:46] [INFO] [DEBUG] QueueSignManagerImpl has been unloaded. (took 0ms)
[23-02-17 18:36:46] [INFO] [DEBUG] Starting unload of QueueManager at 1676659006533
[23-02-17 18:36:46] [INFO] [DEBUG] QueueManager has been unloaded. (took 0ms)
[23-02-17 18:36:46] [INFO] [DEBUG] Starting unload of DuelManager at 1676659006533
[23-02-17 18:36:46] [INFO] [DEBUG] DuelManager has been unloaded. (took 0ms)
[23-02-17 18:36:46] [INFO] [DEBUG] Starting unload of InventoryManager at 1676659006533
[23-02-17 18:36:46] [INFO] [DEBUG] InventoryManager has been unloaded. (took 0ms)
[23-02-17 18:36:46] [INFO] [DEBUG] Starting unload of BettingManager at 1676659006533
[23-02-17 18:36:46] [INFO] [DEBUG] BettingManager has been unloaded. (took 0ms)
[23-02-17 18:36:46] [INFO] [DEBUG] Starting unload of SpectateManagerImpl at 1676659006533
[23-02-17 18:36:46] [INFO] [DEBUG] SpectateManagerImpl has been unloaded. (took 0ms)
[23-02-17 18:36:46] [INFO] [DEBUG] Starting unload of PlayerInfoManager at 1676659006533
[23-02-17 18:36:46] [INFO] [DEBUG] PlayerInfoManager has been unloaded. (took 0ms)
[23-02-17 18:36:46] [INFO] [DEBUG] Starting unload of SettingsManager at 1676659006533
[23-02-17 18:36:46] [INFO] [DEBUG] SettingsManager has been unloaded. (took 0ms)
[23-02-17 18:36:46] [INFO] [DEBUG] Starting unload of ArenaManagerImpl at 1676659006533
[23-02-17 18:36:46] [INFO] [DEBUG] ArenaManagerImpl has been unloaded. (took 0ms)
[23-02-17 18:36:46] [INFO] [DEBUG] Starting unload of KitManagerImpl at 1676659006533
[23-02-17 18:36:46] [INFO] [DEBUG] KitManagerImpl has been unloaded. (took 0ms)
[23-02-17 18:36:46] [INFO] [DEBUG] Starting unload of GuiListener at 1676659006533
[23-02-17 18:36:46] [INFO] [DEBUG] GuiListener has been unloaded. (took 1ms)
[23-02-17 18:36:46] [INFO] [DEBUG] Starting unload of UserManagerImpl at 1676659006534
[23-02-17 18:36:46] [INFO] [DEBUG] UserManagerImpl has been unloaded. (took 12ms)
[23-02-17 18:36:46] [INFO] [DEBUG] Starting unload of Lang at 1676659006546
[23-02-17 18:36:46] [INFO] [DEBUG] Lang has been unloaded. (took 0ms)
[23-02-17 18:36:46] [INFO] [DEBUG] Starting unload of Config at 1676659006546
[23-02-17 18:36:46] [INFO] [DEBUG] Config has been unloaded. (took 0ms)
[23-02-17 18:36:46] [INFO] [DEBUG] unload done (took 15ms)
[23-02-17 18:36:46] [INFO] [DEBUG] Log#clearSources done (took 0ms)
[23-02-17 18:37:48] [INFO] [DEBUG] onEnable start -> 1676659068082

[23-02-17 18:37:48] [INFO] Using Economy Provider: com.earth2me.essentials.economy.vault.VaultEconomyProvider
[23-02-17 18:37:48] [INFO] [DEBUG] Starting load of Config at 1676659068550
[23-02-17 18:37:48] [INFO] [DEBUG] Config has been loaded. (took 21ms)
[23-02-17 18:37:48] [INFO] [DEBUG] Starting load of Lang at 1676659068571
[23-02-17 18:37:48] [INFO] [DEBUG] Lang has been loaded. (took 109ms)
[23-02-17 18:37:48] [INFO] [DEBUG] Starting load of UserManagerImpl at 1676659068680
[23-02-17 18:37:48] [INFO] [DEBUG] UserManagerImpl has been loaded. (took 1ms)
[23-02-17 18:37:48] [INFO] [DEBUG] Starting load of GuiListener at 1676659068681
[23-02-17 18:37:48] [INFO] [DEBUG] GuiListener has been loaded. (took 1ms)
[23-02-17 18:37:48] [INFO] [DEBUG] Starting load of KitManagerImpl at 1676659068682
[23-02-17 18:37:49] [INFO] KitManagerImpl: Loaded 5 kit(s).
[23-02-17 18:37:49] [INFO] [DEBUG] KitManagerImpl has been loaded. (took 893ms)
[23-02-17 18:37:49] [INFO] [DEBUG] Starting load of ArenaManagerImpl at 1676659069575
[23-02-17 18:37:49] [INFO] ArenaManagerImpl: Loaded 10 arena(s).
[23-02-17 18:37:49] [INFO] [DEBUG] ArenaManagerImpl has been loaded. (took 96ms)
[23-02-17 18:37:49] [INFO] [DEBUG] Starting load of SettingsManager at 1676659069671
[23-02-17 18:37:49] [INFO] [DEBUG] SettingsManager has been loaded. (took 0ms)
[23-02-17 18:37:49] [INFO] [DEBUG] Starting load of PlayerInfoManager at 1676659069671
[23-02-17 18:37:49] [INFO] [DEBUG] PlayerInfoManager has been loaded. (took 1ms)
[23-02-17 18:37:49] [INFO] [DEBUG] Starting load of SpectateManagerImpl at 1676659069672
[23-02-17 18:37:49] [INFO] [DEBUG] SpectateManagerImpl has been loaded. (took 0ms)
[23-02-17 18:37:49] [INFO] [DEBUG] Starting load of BettingManager at 1676659069672
[23-02-17 18:37:49] [INFO] [DEBUG] BettingManager has been loaded. (took 0ms)
[23-02-17 18:37:49] [INFO] [DEBUG] Starting load of InventoryManager at 1676659069672
[23-02-17 18:37:49] [INFO] [DEBUG] InventoryManager has been loaded. (took 1ms)
[23-02-17 18:37:49] [INFO] [DEBUG] Starting load of DuelManager at 1676659069673
[23-02-17 18:37:49] [INFO] [DEBUG] DuelManager has been loaded. (took 1ms)
[23-02-17 18:37:49] [INFO] [DEBUG] Starting load of QueueManager at 1676659069674
[23-02-17 18:37:49] [INFO] QueueManager: Loaded 5 queue(s).
[23-02-17 18:37:49] [INFO] [DEBUG] QueueManager has been loaded. (took 82ms)
[23-02-17 18:37:49] [INFO] [DEBUG] Starting load of QueueSignManagerImpl at 1676659069756
[23-02-17 18:37:49] [INFO] QueueSignManagerImpl: Loaded 0 queue sign(s).
[23-02-17 18:37:49] [INFO] [DEBUG] QueueSignManagerImpl has been loaded. (took 2ms)
[23-02-17 18:37:49] [INFO] [DEBUG] Starting load of RequestManager at 1676659069758
[23-02-17 18:37:49] [INFO] [DEBUG] RequestManager has been loaded. (took 0ms)
[23-02-17 18:37:49] [INFO] [DEBUG] Starting load of Teleport at 1676659069758
[23-02-17 18:37:49] [INFO] [DEBUG] Teleport has been loaded. (took 1ms)
[23-02-17 18:37:49] [INFO] [DEBUG] Starting load of ExtensionManager at 1676659069759
[23-02-17 18:37:49] [INFO] [DEBUG] ExtensionManager has been loaded. (took 0ms)
[23-02-17 18:37:53] [INFO] No updates were available. You are on the latest version!
[23-02-17 22:39:24] [INFO] [DEBUG] onDisable start -> 1676673564498

[23-02-17 22:39:24] [INFO] [DEBUG] Starting unload of ExtensionManager at 1676673564499
[23-02-17 22:39:24] [INFO] [DEBUG] ExtensionManager has been unloaded. (took 1ms)
[23-02-17 22:39:24] [INFO] [DEBUG] Starting unload of Teleport at 1676673564500
[23-02-17 22:39:24] [INFO] [DEBUG] Teleport has been unloaded. (took 0ms)
[23-02-17 22:39:24] [INFO] [DEBUG] Starting unload of RequestManager at 1676673564500
[23-02-17 22:39:24] [INFO] [DEBUG] RequestManager has been unloaded. (took 0ms)
[23-02-17 22:39:24] [INFO] [DEBUG] Starting unload of QueueSignManagerImpl at 1676673564500
[23-02-17 22:39:24] [INFO] [DEBUG] QueueSignManagerImpl has been unloaded. (took 0ms)
[23-02-17 22:39:24] [INFO] [DEBUG] Starting unload of QueueManager at 1676673564500
[23-02-17 22:39:24] [INFO] [DEBUG] QueueManager has been unloaded. (took 0ms)
[23-02-17 22:39:24] [INFO] [DEBUG] Starting unload of DuelManager at 1676673564500
[23-02-17 22:39:24] [INFO] [DEBUG] DuelManager has been unloaded. (took 0ms)
[23-02-17 22:39:24] [INFO] [DEBUG] Starting unload of InventoryManager at 1676673564500
[23-02-17 22:39:24] [INFO] [DEBUG] InventoryManager has been unloaded. (took 0ms)
[23-02-17 22:39:24] [INFO] [DEBUG] Starting unload of BettingManager at 1676673564500
[23-02-17 22:39:24] [INFO] [DEBUG] BettingManager has been unloaded. (took 0ms)
[23-02-17 22:39:24] [INFO] [DEBUG] Starting unload of SpectateManagerImpl at 1676673564500
[23-02-17 22:39:24] [INFO] [DEBUG] SpectateManagerImpl has been unloaded. (took 0ms)
[23-02-17 22:39:24] [INFO] [DEBUG] Starting unload of PlayerInfoManager at 1676673564500
[23-02-17 22:39:24] [INFO] [DEBUG] PlayerInfoManager has been unloaded. (took 0ms)
[23-02-17 22:39:24] [INFO] [DEBUG] Starting unload of SettingsManager at 1676673564500
[23-02-17 22:39:24] [INFO] [DEBUG] SettingsManager has been unloaded. (took 0ms)
[23-02-17 22:39:24] [INFO] [DEBUG] Starting unload of ArenaManagerImpl at 1676673564500
[23-02-17 22:39:24] [INFO] [DEBUG] ArenaManagerImpl has been unloaded. (took 0ms)
[23-02-17 22:39:24] [INFO] [DEBUG] Starting unload of KitManagerImpl at 1676673564500
[23-02-17 22:39:24] [INFO] [DEBUG] KitManagerImpl has been unloaded. (took 0ms)
[23-02-17 22:39:24] [INFO] [DEBUG] Starting unload of GuiListener at 1676673564500
[23-02-17 22:39:24] [INFO] [DEBUG] GuiListener has been unloaded. (took 1ms)
[23-02-17 22:39:24] [INFO] [DEBUG] Starting unload of UserManagerImpl at 1676673564501
[23-02-17 22:39:24] [INFO] [DEBUG] UserManagerImpl has been unloaded. (took 0ms)
[23-02-17 22:39:24] [INFO] [DEBUG] Starting unload of Lang at 1676673564501
[23-02-17 22:39:24] [INFO] [DEBUG] Lang has been unloaded. (took 0ms)
[23-02-17 22:39:24] [INFO] [DEBUG] Starting unload of Config at 1676673564501
[23-02-17 22:39:24] [INFO] [DEBUG] Config has been unloaded. (took 0ms)
[23-02-17 22:39:24] [INFO] [DEBUG] unload done (took 3ms)
[23-02-17 22:39:24] [INFO] [DEBUG] Log#clearSources done (took 0ms)
[23-02-17 22:40:48] [INFO] [DEBUG] onEnable start -> 1676673648344

[23-02-17 22:40:48] [INFO] Using Economy Provider: com.earth2me.essentials.economy.vault.VaultEconomyProvider
[23-02-17 22:40:48] [INFO] [DEBUG] Starting load of Config at 1676673648566
[23-02-17 22:40:48] [INFO] [DEBUG] Config has been loaded. (took 11ms)
[23-02-17 22:40:48] [INFO] [DEBUG] Starting load of Lang at 1676673648577
[23-02-17 22:40:48] [INFO] [DEBUG] Lang has been loaded. (took 91ms)
[23-02-17 22:40:48] [INFO] [DEBUG] Starting load of UserManagerImpl at 1676673648668
[23-02-17 22:40:48] [INFO] [DEBUG] UserManagerImpl has been loaded. (took 0ms)
[23-02-17 22:40:48] [INFO] [DEBUG] Starting load of GuiListener at 1676673648668
[23-02-17 22:40:48] [INFO] [DEBUG] GuiListener has been loaded. (took 0ms)
[23-02-17 22:40:48] [INFO] [DEBUG] Starting load of KitManagerImpl at 1676673648669
[23-02-17 22:40:49] [INFO] KitManagerImpl: Loaded 5 kit(s).
[23-02-17 22:40:49] [INFO] [DEBUG] KitManagerImpl has been loaded. (took 602ms)
[23-02-17 22:40:49] [INFO] [DEBUG] Starting load of ArenaManagerImpl at 1676673649271
[23-02-17 22:40:49] [INFO] ArenaManagerImpl: Loaded 10 arena(s).
[23-02-17 22:40:49] [INFO] [DEBUG] ArenaManagerImpl has been loaded. (took 78ms)
[23-02-17 22:40:49] [INFO] [DEBUG] Starting load of SettingsManager at 1676673649349
[23-02-17 22:40:49] [INFO] [DEBUG] SettingsManager has been loaded. (took 1ms)
[23-02-17 22:40:49] [INFO] [DEBUG] Starting load of PlayerInfoManager at 1676673649350
[23-02-17 22:40:49] [INFO] [DEBUG] PlayerInfoManager has been loaded. (took 0ms)
[23-02-17 22:40:49] [INFO] [DEBUG] Starting load of SpectateManagerImpl at 1676673649350
[23-02-17 22:40:49] [INFO] [DEBUG] SpectateManagerImpl has been loaded. (took 0ms)
[23-02-17 22:40:49] [INFO] [DEBUG] Starting load of BettingManager at 1676673649350
[23-02-17 22:40:49] [INFO] [DEBUG] BettingManager has been loaded. (took 0ms)
[23-02-17 22:40:49] [INFO] [DEBUG] Starting load of InventoryManager at 1676673649351
[23-02-17 22:40:49] [INFO] [DEBUG] InventoryManager has been loaded. (took 0ms)
[23-02-17 22:40:49] [INFO] [DEBUG] Starting load of DuelManager at 1676673649351
[23-02-17 22:40:49] [INFO] [DEBUG] DuelManager has been loaded. (took 1ms)
[23-02-17 22:40:49] [INFO] [DEBUG] Starting load of QueueManager at 1676673649352
[23-02-17 22:40:49] [INFO] QueueManager: Loaded 5 queue(s).
[23-02-17 22:40:49] [INFO] [DEBUG] QueueManager has been loaded. (took 8ms)
[23-02-17 22:40:49] [INFO] [DEBUG] Starting load of QueueSignManagerImpl at 1676673649360
[23-02-17 22:40:49] [INFO] QueueSignManagerImpl: Loaded 0 queue sign(s).
[23-02-17 22:40:49] [INFO] [DEBUG] QueueSignManagerImpl has been loaded. (took 0ms)
[23-02-17 22:40:49] [INFO] [DEBUG] Starting load of RequestManager at 1676673649361
[23-02-17 22:40:49] [INFO] [DEBUG] RequestManager has been loaded. (took 0ms)
[23-02-17 22:40:49] [INFO] [DEBUG] Starting load of Teleport at 1676673649361
[23-02-17 22:40:49] [INFO] [DEBUG] Teleport has been loaded. (took 0ms)
[23-02-17 22:40:49] [INFO] [DEBUG] Starting load of ExtensionManager at 1676673649361
[23-02-17 22:40:49] [INFO] [DEBUG] ExtensionManager has been loaded. (took 1ms)
[23-02-17 22:40:52] [INFO] No updates were available. You are on the latest version!
[23-02-18 12:09:21] [SEVERE] UserManagerImpl: An error occured while loading userdata of GamingJovi!
com.fasterxml.jackson.databind.exc.MismatchedInputException: No content to map due to end-of-input
 at [Source: (InputStreamReader); line: 1, column: 0]
	at Duels-3.5.2.jar//com.fasterxml.jackson.databind.exc.MismatchedInputException.from(MismatchedInputException.java:59)
	at Duels-3.5.2.jar//com.fasterxml.jackson.databind.ObjectMapper._initForReading(ObjectMapper.java:4765)
	at Duels-3.5.2.jar//com.fasterxml.jackson.databind.ObjectMapper._readMapAndClose(ObjectMapper.java:4667)
	at Duels-3.5.2.jar//com.fasterxml.jackson.databind.ObjectMapper.readValue(ObjectMapper.java:3642)
	at Duels-3.5.2.jar//me.realized.duels.data.UserManagerImpl.tryLoad(UserManagerImpl.java:259)
	at Duels-3.5.2.jar//me.realized.duels.data.UserManagerImpl.lambda$on$8(UserManagerImpl.java:313)
	at org.bukkit.craftbukkit.v1_19_R2.scheduler.CraftTask.run(CraftTask.java:101)
	at org.bukkit.craftbukkit.v1_19_R2.scheduler.CraftAsyncTask.run(CraftAsyncTask.java:57)
	at com.destroystokyo.paper.ServerSchedulerReportingWrapper.run(ServerSchedulerReportingWrapper.java:22)
	at java.base/java.util.concurrent.ThreadPoolExecutor.runWorker(ThreadPoolExecutor.java:1136)
	at java.base/java.util.concurrent.ThreadPoolExecutor$Worker.run(ThreadPoolExecutor.java:635)
	at java.base/java.lang.Thread.run(Thread.java:833)
