[23-02-12 02:19:50] [INFO] [DEBUG] onEnable start -> 1676168390696

[23-02-12 02:19:50] [INFO] Using Economy Provider: com.earth2me.essentials.economy.vault.VaultEconomyProvider
[23-02-12 02:19:50] [INFO] [DEBUG] Starting load of Config at 1676168390742
[23-02-12 02:19:50] [INFO] [DEBUG] Config has been loaded. (took 5ms)
[23-02-12 02:19:50] [INFO] [DEBUG] Starting load of Lang at 1676168390747
[23-02-12 02:19:50] [INFO] [DEBUG] Lang has been loaded. (took 8ms)
[23-02-12 02:19:50] [INFO] [DEBUG] Starting load of UserManagerImpl at 1676168390755
[23-02-12 02:19:50] [INFO] [DEBUG] UserManagerImpl has been loaded. (took 1ms)
[23-02-12 02:19:50] [INFO] [DEBUG] Starting load of GuiListener at 1676168390756
[23-02-12 02:19:50] [INFO] [DEBUG] GuiListener has been loaded. (took 0ms)
[23-02-12 02:19:50] [INFO] [DEBUG] Starting load of KitManagerImpl at 1676168390756
[23-02-12 02:19:50] [INFO] KitManagerImpl: Loaded 5 kit(s).
[23-02-12 02:19:50] [INFO] [DEBUG] KitManagerImpl has been loaded. (took 158ms)
[23-02-12 02:19:50] [INFO] [DEBUG] Starting load of ArenaManagerImpl at 1676168390914
[23-02-12 02:19:50] [INFO] ArenaManagerImpl: Loaded 10 arena(s).
[23-02-12 02:19:50] [INFO] [DEBUG] ArenaManagerImpl has been loaded. (took 31ms)
[23-02-12 02:19:50] [INFO] [DEBUG] Starting load of SettingsManager at 1676168390945
[23-02-12 02:19:50] [INFO] [DEBUG] SettingsManager has been loaded. (took 0ms)
[23-02-12 02:19:50] [INFO] [DEBUG] Starting load of PlayerInfoManager at 1676168390945
[23-02-12 02:19:50] [INFO] [DEBUG] PlayerInfoManager has been loaded. (took 2ms)
[23-02-12 02:19:50] [INFO] [DEBUG] Starting load of SpectateManagerImpl at 1676168390947
[23-02-12 02:19:50] [INFO] [DEBUG] SpectateManagerImpl has been loaded. (took 0ms)
[23-02-12 02:19:50] [INFO] [DEBUG] Starting load of BettingManager at 1676168390947
[23-02-12 02:19:50] [INFO] [DEBUG] BettingManager has been loaded. (took 0ms)
[23-02-12 02:19:50] [INFO] [DEBUG] Starting load of InventoryManager at 1676168390947
[23-02-12 02:19:50] [INFO] [DEBUG] InventoryManager has been loaded. (took 1ms)
[23-02-12 02:19:50] [INFO] [DEBUG] Starting load of DuelManager at 1676168390948
[23-02-12 02:19:50] [INFO] [DEBUG] DuelManager has been loaded. (took 1ms)
[23-02-12 02:19:50] [INFO] [DEBUG] Starting load of QueueManager at 1676168390949
[23-02-12 02:19:50] [INFO] QueueManager: Loaded 5 queue(s).
[23-02-12 02:19:50] [INFO] [DEBUG] QueueManager has been loaded. (took 7ms)
[23-02-12 02:19:50] [INFO] [DEBUG] Starting load of QueueSignManagerImpl at 1676168390956
[23-02-12 02:19:50] [INFO] QueueSignManagerImpl: Loaded 0 queue sign(s).
[23-02-12 02:19:50] [INFO] [DEBUG] QueueSignManagerImpl has been loaded. (took 2ms)
[23-02-12 02:19:50] [INFO] [DEBUG] Starting load of RequestManager at 1676168390958
[23-02-12 02:19:50] [INFO] [DEBUG] RequestManager has been loaded. (took 0ms)
[23-02-12 02:19:50] [INFO] [DEBUG] Starting load of Teleport at 1676168390958
[23-02-12 02:19:50] [INFO] [DEBUG] Teleport has been loaded. (took 0ms)
[23-02-12 02:19:50] [INFO] [DEBUG] Starting load of ExtensionManager at 1676168390958
[23-02-12 02:19:50] [INFO] [DEBUG] ExtensionManager has been loaded. (took 1ms)
[23-02-12 02:19:53] [INFO] No updates were available. You are on the latest version!
[23-02-12 03:14:16] [INFO] [DEBUG] onDisable start -> 1676171656392

[23-02-12 03:14:16] [INFO] [DEBUG] Starting unload of ExtensionManager at 1676171656393
[23-02-12 03:14:16] [INFO] [DEBUG] ExtensionManager has been unloaded. (took 1ms)
[23-02-12 03:14:16] [INFO] [DEBUG] Starting unload of Teleport at 1676171656394
[23-02-12 03:14:16] [INFO] [DEBUG] Teleport has been unloaded. (took 0ms)
[23-02-12 03:14:16] [INFO] [DEBUG] Starting unload of RequestManager at 1676171656394
[23-02-12 03:14:16] [INFO] [DEBUG] RequestManager has been unloaded. (took 0ms)
[23-02-12 03:14:16] [INFO] [DEBUG] Starting unload of QueueSignManagerImpl at 1676171656394
[23-02-12 03:14:16] [INFO] [DEBUG] QueueSignManagerImpl has been unloaded. (took 0ms)
[23-02-12 03:14:16] [INFO] [DEBUG] Starting unload of QueueManager at 1676171656394
[23-02-12 03:14:16] [INFO] [DEBUG] QueueManager has been unloaded. (took 0ms)
[23-02-12 03:14:16] [INFO] [DEBUG] Starting unload of DuelManager at 1676171656394
[23-02-12 03:14:16] [INFO] [DEBUG] DuelManager has been unloaded. (took 0ms)
[23-02-12 03:14:16] [INFO] [DEBUG] Starting unload of InventoryManager at 1676171656394
[23-02-12 03:14:16] [INFO] [DEBUG] InventoryManager has been unloaded. (took 0ms)
[23-02-12 03:14:16] [INFO] [DEBUG] Starting unload of BettingManager at 1676171656394
[23-02-12 03:14:16] [INFO] [DEBUG] BettingManager has been unloaded. (took 0ms)
[23-02-12 03:14:16] [INFO] [DEBUG] Starting unload of SpectateManagerImpl at 1676171656394
[23-02-12 03:14:16] [INFO] [DEBUG] SpectateManagerImpl has been unloaded. (took 0ms)
[23-02-12 03:14:16] [INFO] [DEBUG] Starting unload of PlayerInfoManager at 1676171656394
[23-02-12 03:14:16] [INFO] [DEBUG] PlayerInfoManager has been unloaded. (took 0ms)
[23-02-12 03:14:16] [INFO] [DEBUG] Starting unload of SettingsManager at 1676171656394
[23-02-12 03:14:16] [INFO] [DEBUG] SettingsManager has been unloaded. (took 0ms)
[23-02-12 03:14:16] [INFO] [DEBUG] Starting unload of ArenaManagerImpl at 1676171656394
[23-02-12 03:14:16] [INFO] [DEBUG] ArenaManagerImpl has been unloaded. (took 0ms)
[23-02-12 03:14:16] [INFO] [DEBUG] Starting unload of KitManagerImpl at 1676171656394
[23-02-12 03:14:16] [INFO] [DEBUG] KitManagerImpl has been unloaded. (took 0ms)
[23-02-12 03:14:16] [INFO] [DEBUG] Starting unload of GuiListener at 1676171656394
[23-02-12 03:14:16] [INFO] [DEBUG] GuiListener has been unloaded. (took 1ms)
[23-02-12 03:14:16] [INFO] [DEBUG] Starting unload of UserManagerImpl at 1676171656395
[23-02-12 03:14:16] [INFO] [DEBUG] UserManagerImpl has been unloaded. (took 0ms)
[23-02-12 03:14:16] [INFO] [DEBUG] Starting unload of Lang at 1676171656395
[23-02-12 03:14:16] [INFO] [DEBUG] Lang has been unloaded. (took 0ms)
[23-02-12 03:14:16] [INFO] [DEBUG] Starting unload of Config at 1676171656395
[23-02-12 03:14:16] [INFO] [DEBUG] Config has been unloaded. (took 0ms)
[23-02-12 03:14:16] [INFO] [DEBUG] unload done (took 3ms)
[23-02-12 03:14:16] [INFO] [DEBUG] Log#clearSources done (took 0ms)
[23-02-12 15:26:33] [INFO] [DEBUG] onEnable start -> 1676215593748

[23-02-12 15:26:33] [INFO] Using Economy Provider: com.earth2me.essentials.economy.vault.VaultEconomyProvider
[23-02-12 15:26:33] [INFO] [DEBUG] Starting load of Config at 1676215593792
[23-02-12 15:26:33] [INFO] [DEBUG] Config has been loaded. (took 5ms)
[23-02-12 15:26:33] [INFO] [DEBUG] Starting load of Lang at 1676215593797
[23-02-12 15:26:33] [INFO] [DEBUG] Lang has been loaded. (took 7ms)
[23-02-12 15:26:33] [INFO] [DEBUG] Starting load of UserManagerImpl at 1676215593804
[23-02-12 15:26:33] [INFO] [DEBUG] UserManagerImpl has been loaded. (took 1ms)
[23-02-12 15:26:33] [INFO] [DEBUG] Starting load of GuiListener at 1676215593805
[23-02-12 15:26:33] [INFO] [DEBUG] GuiListener has been loaded. (took 0ms)
[23-02-12 15:26:33] [INFO] [DEBUG] Starting load of KitManagerImpl at 1676215593805
[23-02-12 15:26:33] [INFO] KitManagerImpl: Loaded 5 kit(s).
[23-02-12 15:26:33] [INFO] [DEBUG] KitManagerImpl has been loaded. (took 95ms)
[23-02-12 15:26:33] [INFO] [DEBUG] Starting load of ArenaManagerImpl at 1676215593900
[23-02-12 15:26:33] [INFO] ArenaManagerImpl: Loaded 10 arena(s).
[23-02-12 15:26:33] [INFO] [DEBUG] ArenaManagerImpl has been loaded. (took 12ms)
[23-02-12 15:26:33] [INFO] [DEBUG] Starting load of SettingsManager at 1676215593912
[23-02-12 15:26:33] [INFO] [DEBUG] SettingsManager has been loaded. (took 0ms)
[23-02-12 15:26:33] [INFO] [DEBUG] Starting load of PlayerInfoManager at 1676215593912
[23-02-12 15:26:33] [INFO] [DEBUG] PlayerInfoManager has been loaded. (took 2ms)
[23-02-12 15:26:33] [INFO] [DEBUG] Starting load of SpectateManagerImpl at 1676215593914
[23-02-12 15:26:33] [INFO] [DEBUG] SpectateManagerImpl has been loaded. (took 0ms)
[23-02-12 15:26:33] [INFO] [DEBUG] Starting load of BettingManager at 1676215593914
[23-02-12 15:26:33] [INFO] [DEBUG] BettingManager has been loaded. (took 0ms)
[23-02-12 15:26:33] [INFO] [DEBUG] Starting load of InventoryManager at 1676215593914
[23-02-12 15:26:33] [INFO] [DEBUG] InventoryManager has been loaded. (took 0ms)
[23-02-12 15:26:33] [INFO] [DEBUG] Starting load of DuelManager at 1676215593914
[23-02-12 15:26:33] [INFO] [DEBUG] DuelManager has been loaded. (took 1ms)
[23-02-12 15:26:33] [INFO] [DEBUG] Starting load of QueueManager at 1676215593915
[23-02-12 15:26:33] [INFO] QueueManager: Loaded 5 queue(s).
[23-02-12 15:26:33] [INFO] [DEBUG] QueueManager has been loaded. (took 5ms)
[23-02-12 15:26:33] [INFO] [DEBUG] Starting load of QueueSignManagerImpl at 1676215593920
[23-02-12 15:26:33] [INFO] QueueSignManagerImpl: Loaded 0 queue sign(s).
[23-02-12 15:26:33] [INFO] [DEBUG] QueueSignManagerImpl has been loaded. (took 0ms)
[23-02-12 15:26:33] [INFO] [DEBUG] Starting load of RequestManager at 1676215593920
[23-02-12 15:26:33] [INFO] [DEBUG] RequestManager has been loaded. (took 0ms)
[23-02-12 15:26:33] [INFO] [DEBUG] Starting load of Teleport at 1676215593920
[23-02-12 15:26:33] [INFO] [DEBUG] Teleport has been loaded. (took 1ms)
[23-02-12 15:26:33] [INFO] [DEBUG] Starting load of ExtensionManager at 1676215593921
[23-02-12 15:26:33] [INFO] [DEBUG] ExtensionManager has been loaded. (took 0ms)
[23-02-12 15:26:35] [INFO] No updates were available. You are on the latest version!
[23-02-12 16:07:33] [INFO] [DEBUG] onDisable start -> 1676218053728

[23-02-12 16:07:33] [INFO] [DEBUG] Starting unload of ExtensionManager at 1676218053729
[23-02-12 16:07:33] [INFO] [DEBUG] ExtensionManager has been unloaded. (took 0ms)
[23-02-12 16:07:33] [INFO] [DEBUG] Starting unload of Teleport at 1676218053729
[23-02-12 16:07:33] [INFO] [DEBUG] Teleport has been unloaded. (took 0ms)
[23-02-12 16:07:33] [INFO] [DEBUG] Starting unload of RequestManager at 1676218053729
[23-02-12 16:07:33] [INFO] [DEBUG] RequestManager has been unloaded. (took 0ms)
[23-02-12 16:07:33] [INFO] [DEBUG] Starting unload of QueueSignManagerImpl at 1676218053729
[23-02-12 16:07:33] [INFO] [DEBUG] QueueSignManagerImpl has been unloaded. (took 0ms)
[23-02-12 16:07:33] [INFO] [DEBUG] Starting unload of QueueManager at 1676218053729
[23-02-12 16:07:33] [INFO] [DEBUG] QueueManager has been unloaded. (took 0ms)
[23-02-12 16:07:33] [INFO] [DEBUG] Starting unload of DuelManager at 1676218053729
[23-02-12 16:07:33] [INFO] [DEBUG] DuelManager has been unloaded. (took 0ms)
[23-02-12 16:07:33] [INFO] [DEBUG] Starting unload of InventoryManager at 1676218053729
[23-02-12 16:07:33] [INFO] [DEBUG] InventoryManager has been unloaded. (took 0ms)
[23-02-12 16:07:33] [INFO] [DEBUG] Starting unload of BettingManager at 1676218053729
[23-02-12 16:07:33] [INFO] [DEBUG] BettingManager has been unloaded. (took 0ms)
[23-02-12 16:07:33] [INFO] [DEBUG] Starting unload of SpectateManagerImpl at 1676218053729
[23-02-12 16:07:33] [INFO] [DEBUG] SpectateManagerImpl has been unloaded. (took 0ms)
[23-02-12 16:07:33] [INFO] [DEBUG] Starting unload of PlayerInfoManager at 1676218053729
[23-02-12 16:07:33] [INFO] [DEBUG] PlayerInfoManager has been unloaded. (took 1ms)
[23-02-12 16:07:33] [INFO] [DEBUG] Starting unload of SettingsManager at 1676218053730
[23-02-12 16:07:33] [INFO] [DEBUG] SettingsManager has been unloaded. (took 0ms)
[23-02-12 16:07:33] [INFO] [DEBUG] Starting unload of ArenaManagerImpl at 1676218053730
[23-02-12 16:07:33] [INFO] [DEBUG] ArenaManagerImpl has been unloaded. (took 0ms)
[23-02-12 16:07:33] [INFO] [DEBUG] Starting unload of KitManagerImpl at 1676218053730
[23-02-12 16:07:33] [INFO] [DEBUG] KitManagerImpl has been unloaded. (took 0ms)
[23-02-12 16:07:33] [INFO] [DEBUG] Starting unload of GuiListener at 1676218053730
[23-02-12 16:07:33] [INFO] [DEBUG] GuiListener has been unloaded. (took 0ms)
[23-02-12 16:07:33] [INFO] [DEBUG] Starting unload of UserManagerImpl at 1676218053730
[23-02-12 16:07:33] [INFO] [DEBUG] UserManagerImpl has been unloaded. (took 11ms)
[23-02-12 16:07:33] [INFO] [DEBUG] Starting unload of Lang at 1676218053741
[23-02-12 16:07:33] [INFO] [DEBUG] Lang has been unloaded. (took 0ms)
[23-02-12 16:07:33] [INFO] [DEBUG] Starting unload of Config at 1676218053741
[23-02-12 16:07:33] [INFO] [DEBUG] Config has been unloaded. (took 0ms)
[23-02-12 16:07:33] [INFO] [DEBUG] unload done (took 13ms)
[23-02-12 16:07:33] [INFO] [DEBUG] Log#clearSources done (took 0ms)
[23-02-12 16:12:58] [INFO] [DEBUG] onEnable start -> 1676218378340

[23-02-12 16:12:58] [INFO] Using Economy Provider: com.earth2me.essentials.economy.vault.VaultEconomyProvider
[23-02-12 16:12:58] [INFO] [DEBUG] Starting load of Config at 1676218378378
[23-02-12 16:12:58] [INFO] [DEBUG] Config has been loaded. (took 3ms)
[23-02-12 16:12:58] [INFO] [DEBUG] Starting load of Lang at 1676218378381
[23-02-12 16:12:58] [INFO] [DEBUG] Lang has been loaded. (took 7ms)
[23-02-12 16:12:58] [INFO] [DEBUG] Starting load of UserManagerImpl at 1676218378388
[23-02-12 16:12:58] [INFO] [DEBUG] UserManagerImpl has been loaded. (took 0ms)
[23-02-12 16:12:58] [INFO] [DEBUG] Starting load of GuiListener at 1676218378388
[23-02-12 16:12:58] [INFO] [DEBUG] GuiListener has been loaded. (took 0ms)
[23-02-12 16:12:58] [INFO] [DEBUG] Starting load of KitManagerImpl at 1676218378388
[23-02-12 16:12:58] [INFO] KitManagerImpl: Loaded 5 kit(s).
[23-02-12 16:12:58] [INFO] [DEBUG] KitManagerImpl has been loaded. (took 87ms)
[23-02-12 16:12:58] [INFO] [DEBUG] Starting load of ArenaManagerImpl at 1676218378475
[23-02-12 16:12:58] [INFO] ArenaManagerImpl: Loaded 10 arena(s).
[23-02-12 16:12:58] [INFO] [DEBUG] ArenaManagerImpl has been loaded. (took 9ms)
[23-02-12 16:12:58] [INFO] [DEBUG] Starting load of SettingsManager at 1676218378484
[23-02-12 16:12:58] [INFO] [DEBUG] SettingsManager has been loaded. (took 0ms)
[23-02-12 16:12:58] [INFO] [DEBUG] Starting load of PlayerInfoManager at 1676218378484
[23-02-12 16:12:58] [INFO] [DEBUG] PlayerInfoManager has been loaded. (took 1ms)
[23-02-12 16:12:58] [INFO] [DEBUG] Starting load of SpectateManagerImpl at 1676218378485
[23-02-12 16:12:58] [INFO] [DEBUG] SpectateManagerImpl has been loaded. (took 0ms)
[23-02-12 16:12:58] [INFO] [DEBUG] Starting load of BettingManager at 1676218378485
[23-02-12 16:12:58] [INFO] [DEBUG] BettingManager has been loaded. (took 0ms)
[23-02-12 16:12:58] [INFO] [DEBUG] Starting load of InventoryManager at 1676218378485
[23-02-12 16:12:58] [INFO] [DEBUG] InventoryManager has been loaded. (took 0ms)
[23-02-12 16:12:58] [INFO] [DEBUG] Starting load of DuelManager at 1676218378485
[23-02-12 16:12:58] [INFO] [DEBUG] DuelManager has been loaded. (took 0ms)
[23-02-12 16:12:58] [INFO] [DEBUG] Starting load of QueueManager at 1676218378485
[23-02-12 16:12:58] [INFO] QueueManager: Loaded 5 queue(s).
[23-02-12 16:12:58] [INFO] [DEBUG] QueueManager has been loaded. (took 4ms)
[23-02-12 16:12:58] [INFO] [DEBUG] Starting load of QueueSignManagerImpl at 1676218378489
[23-02-12 16:12:58] [INFO] QueueSignManagerImpl: Loaded 0 queue sign(s).
[23-02-12 16:12:58] [INFO] [DEBUG] QueueSignManagerImpl has been loaded. (took 0ms)
[23-02-12 16:12:58] [INFO] [DEBUG] Starting load of RequestManager at 1676218378489
[23-02-12 16:12:58] [INFO] [DEBUG] RequestManager has been loaded. (took 0ms)
[23-02-12 16:12:58] [INFO] [DEBUG] Starting load of Teleport at 1676218378489
[23-02-12 16:12:58] [INFO] [DEBUG] Teleport has been loaded. (took 1ms)
[23-02-12 16:12:58] [INFO] [DEBUG] Starting load of ExtensionManager at 1676218378490
[23-02-12 16:12:58] [INFO] [DEBUG] ExtensionManager has been loaded. (took 0ms)
[23-02-12 16:12:59] [INFO] No updates were available. You are on the latest version!
[23-02-12 16:20:34] [INFO] [DEBUG] onDisable start -> 1676218834294

[23-02-12 16:20:34] [INFO] [DEBUG] Starting unload of ExtensionManager at 1676218834296
[23-02-12 16:20:34] [INFO] [DEBUG] ExtensionManager has been unloaded. (took 0ms)
[23-02-12 16:20:34] [INFO] [DEBUG] Starting unload of Teleport at 1676218834296
[23-02-12 16:20:34] [INFO] [DEBUG] Teleport has been unloaded. (took 0ms)
[23-02-12 16:20:34] [INFO] [DEBUG] Starting unload of RequestManager at 1676218834296
[23-02-12 16:20:34] [INFO] [DEBUG] RequestManager has been unloaded. (took 1ms)
[23-02-12 16:20:34] [INFO] [DEBUG] Starting unload of QueueSignManagerImpl at 1676218834297
[23-02-12 16:20:34] [INFO] [DEBUG] QueueSignManagerImpl has been unloaded. (took 0ms)
[23-02-12 16:20:34] [INFO] [DEBUG] Starting unload of QueueManager at 1676218834297
[23-02-12 16:20:34] [INFO] [DEBUG] QueueManager has been unloaded. (took 0ms)
[23-02-12 16:20:34] [INFO] [DEBUG] Starting unload of DuelManager at 1676218834297
[23-02-12 16:20:34] [INFO] [DEBUG] DuelManager has been unloaded. (took 0ms)
[23-02-12 16:20:34] [INFO] [DEBUG] Starting unload of InventoryManager at 1676218834297
[23-02-12 16:20:34] [INFO] [DEBUG] InventoryManager has been unloaded. (took 0ms)
[23-02-12 16:20:34] [INFO] [DEBUG] Starting unload of BettingManager at 1676218834297
[23-02-12 16:20:34] [INFO] [DEBUG] BettingManager has been unloaded. (took 0ms)
[23-02-12 16:20:34] [INFO] [DEBUG] Starting unload of SpectateManagerImpl at 1676218834297
[23-02-12 16:20:34] [INFO] [DEBUG] SpectateManagerImpl has been unloaded. (took 0ms)
[23-02-12 16:20:34] [INFO] [DEBUG] Starting unload of PlayerInfoManager at 1676218834297
[23-02-12 16:20:34] [INFO] [DEBUG] PlayerInfoManager has been unloaded. (took 0ms)
[23-02-12 16:20:34] [INFO] [DEBUG] Starting unload of SettingsManager at 1676218834297
[23-02-12 16:20:34] [INFO] [DEBUG] SettingsManager has been unloaded. (took 0ms)
[23-02-12 16:20:34] [INFO] [DEBUG] Starting unload of ArenaManagerImpl at 1676218834297
[23-02-12 16:20:34] [INFO] [DEBUG] ArenaManagerImpl has been unloaded. (took 0ms)
[23-02-12 16:20:34] [INFO] [DEBUG] Starting unload of KitManagerImpl at 1676218834297
[23-02-12 16:20:34] [INFO] [DEBUG] KitManagerImpl has been unloaded. (took 0ms)
[23-02-12 16:20:34] [INFO] [DEBUG] Starting unload of GuiListener at 1676218834297
[23-02-12 16:20:34] [INFO] [DEBUG] GuiListener has been unloaded. (took 0ms)
[23-02-12 16:20:34] [INFO] [DEBUG] Starting unload of UserManagerImpl at 1676218834297
[23-02-12 16:20:34] [INFO] [DEBUG] UserManagerImpl has been unloaded. (took 12ms)
[23-02-12 16:20:34] [INFO] [DEBUG] Starting unload of Lang at 1676218834309
[23-02-12 16:20:34] [INFO] [DEBUG] Lang has been unloaded. (took 0ms)
[23-02-12 16:20:34] [INFO] [DEBUG] Starting unload of Config at 1676218834309
[23-02-12 16:20:34] [INFO] [DEBUG] Config has been unloaded. (took 0ms)
[23-02-12 16:20:34] [INFO] [DEBUG] unload done (took 15ms)
[23-02-12 16:20:34] [INFO] [DEBUG] Log#clearSources done (took 0ms)
[23-02-12 16:21:08] [INFO] [DEBUG] onEnable start -> 1676218868992

[23-02-12 16:21:09] [INFO] Using Economy Provider: com.earth2me.essentials.economy.vault.VaultEconomyProvider
[23-02-12 16:21:09] [INFO] [DEBUG] Starting load of Config at 1676218869032
[23-02-12 16:21:09] [INFO] [DEBUG] Config has been loaded. (took 2ms)
[23-02-12 16:21:09] [INFO] [DEBUG] Starting load of Lang at 1676218869035
[23-02-12 16:21:09] [INFO] [DEBUG] Lang has been loaded. (took 7ms)
[23-02-12 16:21:09] [INFO] [DEBUG] Starting load of UserManagerImpl at 1676218869042
[23-02-12 16:21:09] [INFO] [DEBUG] UserManagerImpl has been loaded. (took 0ms)
[23-02-12 16:21:09] [INFO] [DEBUG] Starting load of GuiListener at 1676218869042
[23-02-12 16:21:09] [INFO] [DEBUG] GuiListener has been loaded. (took 0ms)
[23-02-12 16:21:09] [INFO] [DEBUG] Starting load of KitManagerImpl at 1676218869042
[23-02-12 16:21:09] [INFO] KitManagerImpl: Loaded 5 kit(s).
[23-02-12 16:21:09] [INFO] [DEBUG] KitManagerImpl has been loaded. (took 89ms)
[23-02-12 16:21:09] [INFO] [DEBUG] Starting load of ArenaManagerImpl at 1676218869131
[23-02-12 16:21:09] [INFO] ArenaManagerImpl: Loaded 10 arena(s).
[23-02-12 16:21:09] [INFO] [DEBUG] ArenaManagerImpl has been loaded. (took 11ms)
[23-02-12 16:21:09] [INFO] [DEBUG] Starting load of SettingsManager at 1676218869142
[23-02-12 16:21:09] [INFO] [DEBUG] SettingsManager has been loaded. (took 0ms)
[23-02-12 16:21:09] [INFO] [DEBUG] Starting load of PlayerInfoManager at 1676218869142
[23-02-12 16:21:09] [INFO] [DEBUG] PlayerInfoManager has been loaded. (took 1ms)
[23-02-12 16:21:09] [INFO] [DEBUG] Starting load of SpectateManagerImpl at 1676218869143
[23-02-12 16:21:09] [INFO] [DEBUG] SpectateManagerImpl has been loaded. (took 0ms)
[23-02-12 16:21:09] [INFO] [DEBUG] Starting load of BettingManager at 1676218869143
[23-02-12 16:21:09] [INFO] [DEBUG] BettingManager has been loaded. (took 0ms)
[23-02-12 16:21:09] [INFO] [DEBUG] Starting load of InventoryManager at 1676218869143
[23-02-12 16:21:09] [INFO] [DEBUG] InventoryManager has been loaded. (took 1ms)
[23-02-12 16:21:09] [INFO] [DEBUG] Starting load of DuelManager at 1676218869144
[23-02-12 16:21:09] [INFO] [DEBUG] DuelManager has been loaded. (took 0ms)
[23-02-12 16:21:09] [INFO] [DEBUG] Starting load of QueueManager at 1676218869144
[23-02-12 16:21:09] [INFO] QueueManager: Loaded 5 queue(s).
[23-02-12 16:21:09] [INFO] [DEBUG] QueueManager has been loaded. (took 3ms)
[23-02-12 16:21:09] [INFO] [DEBUG] Starting load of QueueSignManagerImpl at 1676218869147
[23-02-12 16:21:09] [INFO] QueueSignManagerImpl: Loaded 0 queue sign(s).
[23-02-12 16:21:09] [INFO] [DEBUG] QueueSignManagerImpl has been loaded. (took 1ms)
[23-02-12 16:21:09] [INFO] [DEBUG] Starting load of RequestManager at 1676218869148
[23-02-12 16:21:09] [INFO] [DEBUG] RequestManager has been loaded. (took 0ms)
[23-02-12 16:21:09] [INFO] [DEBUG] Starting load of Teleport at 1676218869148
[23-02-12 16:21:09] [INFO] [DEBUG] Teleport has been loaded. (took 0ms)
[23-02-12 16:21:09] [INFO] [DEBUG] Starting load of ExtensionManager at 1676218869148
[23-02-12 16:21:09] [INFO] [DEBUG] ExtensionManager has been loaded. (took 0ms)
[23-02-12 16:21:09] [INFO] No updates were available. You are on the latest version!
[23-02-12 16:26:23] [INFO] [DEBUG] onDisable start -> 1676219183321

[23-02-12 16:26:23] [INFO] [DEBUG] Starting unload of ExtensionManager at 1676219183323
[23-02-12 16:26:23] [INFO] [DEBUG] ExtensionManager has been unloaded. (took 0ms)
[23-02-12 16:26:23] [INFO] [DEBUG] Starting unload of Teleport at 1676219183323
[23-02-12 16:26:23] [INFO] [DEBUG] Teleport has been unloaded. (took 0ms)
[23-02-12 16:26:23] [INFO] [DEBUG] Starting unload of RequestManager at 1676219183323
[23-02-12 16:26:23] [INFO] [DEBUG] RequestManager has been unloaded. (took 0ms)
[23-02-12 16:26:23] [INFO] [DEBUG] Starting unload of QueueSignManagerImpl at 1676219183323
[23-02-12 16:26:23] [INFO] [DEBUG] QueueSignManagerImpl has been unloaded. (took 0ms)
[23-02-12 16:26:23] [INFO] [DEBUG] Starting unload of QueueManager at 1676219183323
[23-02-12 16:26:23] [INFO] [DEBUG] QueueManager has been unloaded. (took 0ms)
[23-02-12 16:26:23] [INFO] [DEBUG] Starting unload of DuelManager at 1676219183323
[23-02-12 16:26:23] [INFO] [DEBUG] DuelManager has been unloaded. (took 0ms)
[23-02-12 16:26:23] [INFO] [DEBUG] Starting unload of InventoryManager at 1676219183323
[23-02-12 16:26:23] [INFO] [DEBUG] InventoryManager has been unloaded. (took 0ms)
[23-02-12 16:26:23] [INFO] [DEBUG] Starting unload of BettingManager at 1676219183323
[23-02-12 16:26:23] [INFO] [DEBUG] BettingManager has been unloaded. (took 0ms)
[23-02-12 16:26:23] [INFO] [DEBUG] Starting unload of SpectateManagerImpl at 1676219183323
[23-02-12 16:26:23] [INFO] [DEBUG] SpectateManagerImpl has been unloaded. (took 0ms)
[23-02-12 16:26:23] [INFO] [DEBUG] Starting unload of PlayerInfoManager at 1676219183323
[23-02-12 16:26:23] [INFO] [DEBUG] PlayerInfoManager has been unloaded. (took 1ms)
[23-02-12 16:26:23] [INFO] [DEBUG] Starting unload of SettingsManager at 1676219183324
[23-02-12 16:26:23] [INFO] [DEBUG] SettingsManager has been unloaded. (took 0ms)
[23-02-12 16:26:23] [INFO] [DEBUG] Starting unload of ArenaManagerImpl at 1676219183324
[23-02-12 16:26:23] [INFO] [DEBUG] ArenaManagerImpl has been unloaded. (took 0ms)
[23-02-12 16:26:23] [INFO] [DEBUG] Starting unload of KitManagerImpl at 1676219183324
[23-02-12 16:26:23] [INFO] [DEBUG] KitManagerImpl has been unloaded. (took 0ms)
[23-02-12 16:26:23] [INFO] [DEBUG] Starting unload of GuiListener at 1676219183324
[23-02-12 16:26:23] [INFO] [DEBUG] GuiListener has been unloaded. (took 0ms)
[23-02-12 16:26:23] [INFO] [DEBUG] Starting unload of UserManagerImpl at 1676219183324
[23-02-12 16:26:23] [INFO] [DEBUG] UserManagerImpl has been unloaded. (took 3ms)
[23-02-12 16:26:23] [INFO] [DEBUG] Starting unload of Lang at 1676219183327
[23-02-12 16:26:23] [INFO] [DEBUG] Lang has been unloaded. (took 0ms)
[23-02-12 16:26:23] [INFO] [DEBUG] Starting unload of Config at 1676219183327
[23-02-12 16:26:23] [INFO] [DEBUG] Config has been unloaded. (took 0ms)
[23-02-12 16:26:23] [INFO] [DEBUG] unload done (took 6ms)
[23-02-12 16:26:23] [INFO] [DEBUG] Log#clearSources done (took 0ms)
[23-02-12 16:26:58] [INFO] [DEBUG] onEnable start -> 1676219218128

[23-02-12 16:26:58] [INFO] Using Economy Provider: com.earth2me.essentials.economy.vault.VaultEconomyProvider
[23-02-12 16:26:58] [INFO] [DEBUG] Starting load of Config at 1676219218178
[23-02-12 16:26:58] [INFO] [DEBUG] Config has been loaded. (took 4ms)
[23-02-12 16:26:58] [INFO] [DEBUG] Starting load of Lang at 1676219218182
[23-02-12 16:26:58] [INFO] [DEBUG] Lang has been loaded. (took 10ms)
[23-02-12 16:26:58] [INFO] [DEBUG] Starting load of UserManagerImpl at 1676219218192
[23-02-12 16:26:58] [INFO] [DEBUG] UserManagerImpl has been loaded. (took 0ms)
[23-02-12 16:26:58] [INFO] [DEBUG] Starting load of GuiListener at 1676219218192
[23-02-12 16:26:58] [INFO] [DEBUG] GuiListener has been loaded. (took 0ms)
[23-02-12 16:26:58] [INFO] [DEBUG] Starting load of KitManagerImpl at 1676219218192
[23-02-12 16:26:58] [INFO] KitManagerImpl: Loaded 5 kit(s).
[23-02-12 16:26:58] [INFO] [DEBUG] KitManagerImpl has been loaded. (took 100ms)
[23-02-12 16:26:58] [INFO] [DEBUG] Starting load of ArenaManagerImpl at 1676219218292
[23-02-12 16:26:58] [INFO] ArenaManagerImpl: Loaded 10 arena(s).
[23-02-12 16:26:58] [INFO] [DEBUG] ArenaManagerImpl has been loaded. (took 11ms)
[23-02-12 16:26:58] [INFO] [DEBUG] Starting load of SettingsManager at 1676219218303
[23-02-12 16:26:58] [INFO] [DEBUG] SettingsManager has been loaded. (took 0ms)
[23-02-12 16:26:58] [INFO] [DEBUG] Starting load of PlayerInfoManager at 1676219218303
[23-02-12 16:26:58] [INFO] [DEBUG] PlayerInfoManager has been loaded. (took 1ms)
[23-02-12 16:26:58] [INFO] [DEBUG] Starting load of SpectateManagerImpl at 1676219218304
[23-02-12 16:26:58] [INFO] [DEBUG] SpectateManagerImpl has been loaded. (took 0ms)
[23-02-12 16:26:58] [INFO] [DEBUG] Starting load of BettingManager at 1676219218304
[23-02-12 16:26:58] [INFO] [DEBUG] BettingManager has been loaded. (took 0ms)
[23-02-12 16:26:58] [INFO] [DEBUG] Starting load of InventoryManager at 1676219218304
[23-02-12 16:26:58] [INFO] [DEBUG] InventoryManager has been loaded. (took 0ms)
[23-02-12 16:26:58] [INFO] [DEBUG] Starting load of DuelManager at 1676219218304
[23-02-12 16:26:58] [INFO] [DEBUG] DuelManager has been loaded. (took 1ms)
[23-02-12 16:26:58] [INFO] [DEBUG] Starting load of QueueManager at 1676219218305
[23-02-12 16:26:58] [INFO] QueueManager: Loaded 5 queue(s).
[23-02-12 16:26:58] [INFO] [DEBUG] QueueManager has been loaded. (took 4ms)
[23-02-12 16:26:58] [INFO] [DEBUG] Starting load of QueueSignManagerImpl at 1676219218309
[23-02-12 16:26:58] [INFO] QueueSignManagerImpl: Loaded 0 queue sign(s).
[23-02-12 16:26:58] [INFO] [DEBUG] QueueSignManagerImpl has been loaded. (took 0ms)
[23-02-12 16:26:58] [INFO] [DEBUG] Starting load of RequestManager at 1676219218310
[23-02-12 16:26:58] [INFO] [DEBUG] RequestManager has been loaded. (took 0ms)
[23-02-12 16:26:58] [INFO] [DEBUG] Starting load of Teleport at 1676219218310
[23-02-12 16:26:58] [INFO] [DEBUG] Teleport has been loaded. (took 0ms)
[23-02-12 16:26:58] [INFO] [DEBUG] Starting load of ExtensionManager at 1676219218310
[23-02-12 16:26:58] [INFO] [DEBUG] ExtensionManager has been loaded. (took 0ms)
[23-02-12 16:26:58] [INFO] No updates were available. You are on the latest version!
[23-02-12 16:30:33] [INFO] [DEBUG] onDisable start -> 1676219433473

[23-02-12 16:30:33] [INFO] [DEBUG] Starting unload of ExtensionManager at 1676219433474
[23-02-12 16:30:33] [INFO] [DEBUG] ExtensionManager has been unloaded. (took 1ms)
[23-02-12 16:30:33] [INFO] [DEBUG] Starting unload of Teleport at 1676219433475
[23-02-12 16:30:33] [INFO] [DEBUG] Teleport has been unloaded. (took 0ms)
[23-02-12 16:30:33] [INFO] [DEBUG] Starting unload of RequestManager at 1676219433475
[23-02-12 16:30:33] [INFO] [DEBUG] RequestManager has been unloaded. (took 0ms)
[23-02-12 16:30:33] [INFO] [DEBUG] Starting unload of QueueSignManagerImpl at 1676219433475
[23-02-12 16:30:33] [INFO] [DEBUG] QueueSignManagerImpl has been unloaded. (took 0ms)
[23-02-12 16:30:33] [INFO] [DEBUG] Starting unload of QueueManager at 1676219433475
[23-02-12 16:30:33] [INFO] [DEBUG] QueueManager has been unloaded. (took 0ms)
[23-02-12 16:30:33] [INFO] [DEBUG] Starting unload of DuelManager at 1676219433475
[23-02-12 16:30:33] [INFO] [DEBUG] DuelManager has been unloaded. (took 0ms)
[23-02-12 16:30:33] [INFO] [DEBUG] Starting unload of InventoryManager at 1676219433475
[23-02-12 16:30:33] [INFO] [DEBUG] InventoryManager has been unloaded. (took 0ms)
[23-02-12 16:30:33] [INFO] [DEBUG] Starting unload of BettingManager at 1676219433475
[23-02-12 16:30:33] [INFO] [DEBUG] BettingManager has been unloaded. (took 0ms)
[23-02-12 16:30:33] [INFO] [DEBUG] Starting unload of SpectateManagerImpl at 1676219433475
[23-02-12 16:30:33] [INFO] [DEBUG] SpectateManagerImpl has been unloaded. (took 0ms)
[23-02-12 16:30:33] [INFO] [DEBUG] Starting unload of PlayerInfoManager at 1676219433475
[23-02-12 16:30:33] [INFO] [DEBUG] PlayerInfoManager has been unloaded. (took 0ms)
[23-02-12 16:30:33] [INFO] [DEBUG] Starting unload of SettingsManager at 1676219433475
[23-02-12 16:30:33] [INFO] [DEBUG] SettingsManager has been unloaded. (took 0ms)
[23-02-12 16:30:33] [INFO] [DEBUG] Starting unload of ArenaManagerImpl at 1676219433475
[23-02-12 16:30:33] [INFO] [DEBUG] ArenaManagerImpl has been unloaded. (took 0ms)
[23-02-12 16:30:33] [INFO] [DEBUG] Starting unload of KitManagerImpl at 1676219433475
[23-02-12 16:30:33] [INFO] [DEBUG] KitManagerImpl has been unloaded. (took 0ms)
[23-02-12 16:30:33] [INFO] [DEBUG] Starting unload of GuiListener at 1676219433475
[23-02-12 16:30:33] [INFO] [DEBUG] GuiListener has been unloaded. (took 1ms)
[23-02-12 16:30:33] [INFO] [DEBUG] Starting unload of UserManagerImpl at 1676219433476
[23-02-12 16:30:33] [INFO] [DEBUG] UserManagerImpl has been unloaded. (took 0ms)
[23-02-12 16:30:33] [INFO] [DEBUG] Starting unload of Lang at 1676219433476
[23-02-12 16:30:33] [INFO] [DEBUG] Lang has been unloaded. (took 0ms)
[23-02-12 16:30:33] [INFO] [DEBUG] Starting unload of Config at 1676219433476
[23-02-12 16:30:33] [INFO] [DEBUG] Config has been unloaded. (took 0ms)
[23-02-12 16:30:33] [INFO] [DEBUG] unload done (took 3ms)
[23-02-12 16:30:33] [INFO] [DEBUG] Log#clearSources done (took 0ms)
[23-02-12 21:37:38] [INFO] [DEBUG] onEnable start -> 1676237858310

[23-02-12 21:37:38] [INFO] Using Economy Provider: com.earth2me.essentials.economy.vault.VaultEconomyProvider
[23-02-12 21:37:38] [INFO] [DEBUG] Starting load of Config at 1676237858349
[23-02-12 21:37:38] [INFO] [DEBUG] Config has been loaded. (took 4ms)
[23-02-12 21:37:38] [INFO] [DEBUG] Starting load of Lang at 1676237858353
[23-02-12 21:37:38] [INFO] [DEBUG] Lang has been loaded. (took 7ms)
[23-02-12 21:37:38] [INFO] [DEBUG] Starting load of UserManagerImpl at 1676237858360
[23-02-12 21:37:38] [INFO] [DEBUG] UserManagerImpl has been loaded. (took 0ms)
[23-02-12 21:37:38] [INFO] [DEBUG] Starting load of GuiListener at 1676237858360
[23-02-12 21:37:38] [INFO] [DEBUG] GuiListener has been loaded. (took 0ms)
[23-02-12 21:37:38] [INFO] [DEBUG] Starting load of KitManagerImpl at 1676237858360
[23-02-12 21:37:38] [INFO] KitManagerImpl: Loaded 5 kit(s).
[23-02-12 21:37:38] [INFO] [DEBUG] KitManagerImpl has been loaded. (took 88ms)
[23-02-12 21:37:38] [INFO] [DEBUG] Starting load of ArenaManagerImpl at 1676237858448
[23-02-12 21:37:38] [INFO] ArenaManagerImpl: Loaded 10 arena(s).
[23-02-12 21:37:38] [INFO] [DEBUG] ArenaManagerImpl has been loaded. (took 10ms)
[23-02-12 21:37:38] [INFO] [DEBUG] Starting load of SettingsManager at 1676237858458
[23-02-12 21:37:38] [INFO] [DEBUG] SettingsManager has been loaded. (took 0ms)
[23-02-12 21:37:38] [INFO] [DEBUG] Starting load of PlayerInfoManager at 1676237858458
[23-02-12 21:37:38] [INFO] [DEBUG] PlayerInfoManager has been loaded. (took 1ms)
[23-02-12 21:37:38] [INFO] [DEBUG] Starting load of SpectateManagerImpl at 1676237858459
[23-02-12 21:37:38] [INFO] [DEBUG] SpectateManagerImpl has been loaded. (took 0ms)
[23-02-12 21:37:38] [INFO] [DEBUG] Starting load of BettingManager at 1676237858459
[23-02-12 21:37:38] [INFO] [DEBUG] BettingManager has been loaded. (took 0ms)
[23-02-12 21:37:38] [INFO] [DEBUG] Starting load of InventoryManager at 1676237858459
[23-02-12 21:37:38] [INFO] [DEBUG] InventoryManager has been loaded. (took 1ms)
[23-02-12 21:37:38] [INFO] [DEBUG] Starting load of DuelManager at 1676237858460
[23-02-12 21:37:38] [INFO] [DEBUG] DuelManager has been loaded. (took 0ms)
[23-02-12 21:37:38] [INFO] [DEBUG] Starting load of QueueManager at 1676237858460
[23-02-12 21:37:38] [INFO] QueueManager: Loaded 5 queue(s).
[23-02-12 21:37:38] [INFO] [DEBUG] QueueManager has been loaded. (took 3ms)
[23-02-12 21:37:38] [INFO] [DEBUG] Starting load of QueueSignManagerImpl at 1676237858463
[23-02-12 21:37:38] [INFO] QueueSignManagerImpl: Loaded 0 queue sign(s).
[23-02-12 21:37:38] [INFO] [DEBUG] QueueSignManagerImpl has been loaded. (took 0ms)
[23-02-12 21:37:38] [INFO] [DEBUG] Starting load of RequestManager at 1676237858463
[23-02-12 21:37:38] [INFO] [DEBUG] RequestManager has been loaded. (took 0ms)
[23-02-12 21:37:38] [INFO] [DEBUG] Starting load of Teleport at 1676237858465
[23-02-12 21:37:38] [INFO] [DEBUG] Teleport has been loaded. (took 0ms)
[23-02-12 21:37:38] [INFO] [DEBUG] Starting load of ExtensionManager at 1676237858465
[23-02-12 21:37:38] [INFO] [DEBUG] ExtensionManager has been loaded. (took 0ms)
[23-02-12 21:37:39] [INFO] No updates were available. You are on the latest version!
[23-02-12 21:47:42] [INFO] [DEBUG] onDisable start -> 1676238462559

[23-02-12 21:47:42] [INFO] [DEBUG] Starting unload of ExtensionManager at 1676238462561
[23-02-12 21:47:42] [INFO] [DEBUG] ExtensionManager has been unloaded. (took 0ms)
[23-02-12 21:47:42] [INFO] [DEBUG] Starting unload of Teleport at 1676238462561
[23-02-12 21:47:42] [INFO] [DEBUG] Teleport has been unloaded. (took 0ms)
[23-02-12 21:47:42] [INFO] [DEBUG] Starting unload of RequestManager at 1676238462561
[23-02-12 21:47:42] [INFO] [DEBUG] RequestManager has been unloaded. (took 0ms)
[23-02-12 21:47:42] [INFO] [DEBUG] Starting unload of QueueSignManagerImpl at 1676238462561
[23-02-12 21:47:42] [INFO] [DEBUG] QueueSignManagerImpl has been unloaded. (took 0ms)
[23-02-12 21:47:42] [INFO] [DEBUG] Starting unload of QueueManager at 1676238462561
[23-02-12 21:47:42] [INFO] [DEBUG] QueueManager has been unloaded. (took 0ms)
[23-02-12 21:47:42] [INFO] [DEBUG] Starting unload of DuelManager at 1676238462561
[23-02-12 21:47:42] [INFO] [DEBUG] DuelManager has been unloaded. (took 0ms)
[23-02-12 21:47:42] [INFO] [DEBUG] Starting unload of InventoryManager at 1676238462561
[23-02-12 21:47:42] [INFO] [DEBUG] InventoryManager has been unloaded. (took 0ms)
[23-02-12 21:47:42] [INFO] [DEBUG] Starting unload of BettingManager at 1676238462561
[23-02-12 21:47:42] [INFO] [DEBUG] BettingManager has been unloaded. (took 0ms)
[23-02-12 21:47:42] [INFO] [DEBUG] Starting unload of SpectateManagerImpl at 1676238462561
[23-02-12 21:47:42] [INFO] [DEBUG] SpectateManagerImpl has been unloaded. (took 0ms)
[23-02-12 21:47:42] [INFO] [DEBUG] Starting unload of PlayerInfoManager at 1676238462561
[23-02-12 21:47:42] [INFO] [DEBUG] PlayerInfoManager has been unloaded. (took 1ms)
[23-02-12 21:47:42] [INFO] [DEBUG] Starting unload of SettingsManager at 1676238462562
[23-02-12 21:47:42] [INFO] [DEBUG] SettingsManager has been unloaded. (took 0ms)
[23-02-12 21:47:42] [INFO] [DEBUG] Starting unload of ArenaManagerImpl at 1676238462562
[23-02-12 21:47:42] [INFO] [DEBUG] ArenaManagerImpl has been unloaded. (took 0ms)
[23-02-12 21:47:42] [INFO] [DEBUG] Starting unload of KitManagerImpl at 1676238462562
[23-02-12 21:47:42] [INFO] [DEBUG] KitManagerImpl has been unloaded. (took 0ms)
[23-02-12 21:47:42] [INFO] [DEBUG] Starting unload of GuiListener at 1676238462562
[23-02-12 21:47:42] [INFO] [DEBUG] GuiListener has been unloaded. (took 0ms)
[23-02-12 21:47:42] [INFO] [DEBUG] Starting unload of UserManagerImpl at 1676238462562
[23-02-12 21:47:42] [INFO] [DEBUG] UserManagerImpl has been unloaded. (took 12ms)
[23-02-12 21:47:42] [INFO] [DEBUG] Starting unload of Lang at 1676238462574
[23-02-12 21:47:42] [INFO] [DEBUG] Lang has been unloaded. (took 0ms)
[23-02-12 21:47:42] [INFO] [DEBUG] Starting unload of Config at 1676238462574
[23-02-12 21:47:42] [INFO] [DEBUG] Config has been unloaded. (took 0ms)
[23-02-12 21:47:42] [INFO] [DEBUG] unload done (took 15ms)
[23-02-12 21:47:42] [INFO] [DEBUG] Log#clearSources done (took 0ms)
[23-02-12 21:48:18] [INFO] [DEBUG] onEnable start -> 1676238498634

[23-02-12 21:48:18] [INFO] Using Economy Provider: com.earth2me.essentials.economy.vault.VaultEconomyProvider
[23-02-12 21:48:18] [INFO] [DEBUG] Starting load of Config at 1676238498676
[23-02-12 21:48:18] [INFO] [DEBUG] Config has been loaded. (took 4ms)
[23-02-12 21:48:18] [INFO] [DEBUG] Starting load of Lang at 1676238498680
[23-02-12 21:48:18] [INFO] [DEBUG] Lang has been loaded. (took 7ms)
[23-02-12 21:48:18] [INFO] [DEBUG] Starting load of UserManagerImpl at 1676238498687
[23-02-12 21:48:18] [INFO] [DEBUG] UserManagerImpl has been loaded. (took 1ms)
[23-02-12 21:48:18] [INFO] [DEBUG] Starting load of GuiListener at 1676238498688
[23-02-12 21:48:18] [INFO] [DEBUG] GuiListener has been loaded. (took 0ms)
[23-02-12 21:48:18] [INFO] [DEBUG] Starting load of KitManagerImpl at 1676238498688
[23-02-12 21:48:18] [INFO] KitManagerImpl: Loaded 5 kit(s).
[23-02-12 21:48:18] [INFO] [DEBUG] KitManagerImpl has been loaded. (took 93ms)
[23-02-12 21:48:18] [INFO] [DEBUG] Starting load of ArenaManagerImpl at 1676238498781
[23-02-12 21:48:18] [INFO] ArenaManagerImpl: Loaded 10 arena(s).
[23-02-12 21:48:18] [INFO] [DEBUG] ArenaManagerImpl has been loaded. (took 11ms)
[23-02-12 21:48:18] [INFO] [DEBUG] Starting load of SettingsManager at 1676238498792
[23-02-12 21:48:18] [INFO] [DEBUG] SettingsManager has been loaded. (took 0ms)
[23-02-12 21:48:18] [INFO] [DEBUG] Starting load of PlayerInfoManager at 1676238498792
[23-02-12 21:48:18] [INFO] [DEBUG] PlayerInfoManager has been loaded. (took 2ms)
[23-02-12 21:48:18] [INFO] [DEBUG] Starting load of SpectateManagerImpl at 1676238498794
[23-02-12 21:48:18] [INFO] [DEBUG] SpectateManagerImpl has been loaded. (took 0ms)
[23-02-12 21:48:18] [INFO] [DEBUG] Starting load of BettingManager at 1676238498794
[23-02-12 21:48:18] [INFO] [DEBUG] BettingManager has been loaded. (took 0ms)
[23-02-12 21:48:18] [INFO] [DEBUG] Starting load of InventoryManager at 1676238498794
[23-02-12 21:48:18] [INFO] [DEBUG] InventoryManager has been loaded. (took 0ms)
[23-02-12 21:48:18] [INFO] [DEBUG] Starting load of DuelManager at 1676238498794
[23-02-12 21:48:18] [INFO] [DEBUG] DuelManager has been loaded. (took 0ms)
[23-02-12 21:48:18] [INFO] [DEBUG] Starting load of QueueManager at 1676238498794
[23-02-12 21:48:18] [INFO] QueueManager: Loaded 5 queue(s).
[23-02-12 21:48:18] [INFO] [DEBUG] QueueManager has been loaded. (took 3ms)
[23-02-12 21:48:18] [INFO] [DEBUG] Starting load of QueueSignManagerImpl at 1676238498797
[23-02-12 21:48:18] [INFO] QueueSignManagerImpl: Loaded 0 queue sign(s).
[23-02-12 21:48:18] [INFO] [DEBUG] QueueSignManagerImpl has been loaded. (took 0ms)
[23-02-12 21:48:18] [INFO] [DEBUG] Starting load of RequestManager at 1676238498797
[23-02-12 21:48:18] [INFO] [DEBUG] RequestManager has been loaded. (took 0ms)
[23-02-12 21:48:18] [INFO] [DEBUG] Starting load of Teleport at 1676238498797
[23-02-12 21:48:18] [INFO] [DEBUG] Teleport has been loaded. (took 0ms)
[23-02-12 21:48:18] [INFO] [DEBUG] Starting load of ExtensionManager at 1676238498798
[23-02-12 21:48:18] [INFO] [DEBUG] ExtensionManager has been loaded. (took 0ms)
[23-02-12 21:48:19] [INFO] No updates were available. You are on the latest version!
[23-02-12 23:41:15] [INFO] [DEBUG] onDisable start -> 1676245275342

[23-02-12 23:41:15] [INFO] [DEBUG] Starting unload of ExtensionManager at 1676245275347
[23-02-12 23:41:15] [INFO] [DEBUG] ExtensionManager has been unloaded. (took 0ms)
[23-02-12 23:41:15] [INFO] [DEBUG] Starting unload of Teleport at 1676245275347
[23-02-12 23:41:15] [INFO] [DEBUG] Teleport has been unloaded. (took 0ms)
[23-02-12 23:41:15] [INFO] [DEBUG] Starting unload of RequestManager at 1676245275347
[23-02-12 23:41:15] [INFO] [DEBUG] RequestManager has been unloaded. (took 0ms)
[23-02-12 23:41:15] [INFO] [DEBUG] Starting unload of QueueSignManagerImpl at 1676245275347
[23-02-12 23:41:15] [INFO] [DEBUG] QueueSignManagerImpl has been unloaded. (took 0ms)
[23-02-12 23:41:15] [INFO] [DEBUG] Starting unload of QueueManager at 1676245275347
[23-02-12 23:41:15] [INFO] [DEBUG] QueueManager has been unloaded. (took 1ms)
[23-02-12 23:41:15] [INFO] [DEBUG] Starting unload of DuelManager at 1676245275348
[23-02-12 23:41:15] [INFO] [DEBUG] DuelManager has been unloaded. (took 0ms)
[23-02-12 23:41:15] [INFO] [DEBUG] Starting unload of InventoryManager at 1676245275348
[23-02-12 23:41:15] [INFO] [DEBUG] InventoryManager has been unloaded. (took 0ms)
[23-02-12 23:41:15] [INFO] [DEBUG] Starting unload of BettingManager at 1676245275348
[23-02-12 23:41:15] [INFO] [DEBUG] BettingManager has been unloaded. (took 0ms)
[23-02-12 23:41:15] [INFO] [DEBUG] Starting unload of SpectateManagerImpl at 1676245275348
[23-02-12 23:41:15] [INFO] [DEBUG] SpectateManagerImpl has been unloaded. (took 0ms)
[23-02-12 23:41:15] [INFO] [DEBUG] Starting unload of PlayerInfoManager at 1676245275348
[23-02-12 23:41:15] [INFO] [DEBUG] PlayerInfoManager has been unloaded. (took 1ms)
[23-02-12 23:41:15] [INFO] [DEBUG] Starting unload of SettingsManager at 1676245275349
[23-02-12 23:41:15] [INFO] [DEBUG] SettingsManager has been unloaded. (took 0ms)
[23-02-12 23:41:15] [INFO] [DEBUG] Starting unload of ArenaManagerImpl at 1676245275349
[23-02-12 23:41:15] [INFO] [DEBUG] ArenaManagerImpl has been unloaded. (took 0ms)
[23-02-12 23:41:15] [INFO] [DEBUG] Starting unload of KitManagerImpl at 1676245275349
[23-02-12 23:41:15] [INFO] [DEBUG] KitManagerImpl has been unloaded. (took 0ms)
[23-02-12 23:41:15] [INFO] [DEBUG] Starting unload of GuiListener at 1676245275349
[23-02-12 23:41:15] [INFO] [DEBUG] GuiListener has been unloaded. (took 0ms)
[23-02-12 23:41:15] [INFO] [DEBUG] Starting unload of UserManagerImpl at 1676245275349
[23-02-12 23:41:15] [INFO] [DEBUG] UserManagerImpl has been unloaded. (took 1ms)
[23-02-12 23:41:15] [INFO] [DEBUG] Starting unload of Lang at 1676245275350
[23-02-12 23:41:15] [INFO] [DEBUG] Lang has been unloaded. (took 0ms)
[23-02-12 23:41:15] [INFO] [DEBUG] Starting unload of Config at 1676245275350
[23-02-12 23:41:15] [INFO] [DEBUG] Config has been unloaded. (took 0ms)
[23-02-12 23:41:15] [INFO] [DEBUG] unload done (took 8ms)
[23-02-12 23:41:15] [INFO] [DEBUG] Log#clearSources done (took 0ms)
