[23-02-16 13:02:23] [INFO] [DEBUG] onEnable start -> 1676552543161

[23-02-16 13:02:23] [INFO] Using Economy Provider: com.earth2me.essentials.economy.vault.VaultEconomyProvider
[23-02-16 13:02:23] [INFO] [DEBUG] Starting load of Config at 1676552543213
[23-02-16 13:02:23] [INFO] [DEBUG] Config has been loaded. (took 5ms)
[23-02-16 13:02:23] [INFO] [DEBUG] Starting load of Lang at 1676552543218
[23-02-16 13:02:23] [INFO] [DEBUG] Lang has been loaded. (took 9ms)
[23-02-16 13:02:23] [INFO] [DEBUG] Starting load of UserManagerImpl at 1676552543227
[23-02-16 13:02:23] [INFO] [DEBUG] UserManagerImpl has been loaded. (took 0ms)
[23-02-16 13:02:23] [INFO] [DEBUG] Starting load of GuiListener at 1676552543227
[23-02-16 13:02:23] [INFO] [DEBUG] GuiListener has been loaded. (took 0ms)
[23-02-16 13:02:23] [INFO] [DEBUG] Starting load of KitManagerImpl at 1676552543228
[23-02-16 13:02:23] [INFO] KitManagerImpl: Loaded 5 kit(s).
[23-02-16 13:02:23] [INFO] [DEBUG] KitManagerImpl has been loaded. (took 177ms)
[23-02-16 13:02:23] [INFO] [DEBUG] Starting load of ArenaManagerImpl at 1676552543405
[23-02-16 13:02:23] [INFO] ArenaManagerImpl: Loaded 10 arena(s).
[23-02-16 13:02:23] [INFO] [DEBUG] ArenaManagerImpl has been loaded. (took 47ms)
[23-02-16 13:02:23] [INFO] [DEBUG] Starting load of SettingsManager at 1676552543452
[23-02-16 13:02:23] [INFO] [DEBUG] SettingsManager has been loaded. (took 0ms)
[23-02-16 13:02:23] [INFO] [DEBUG] Starting load of PlayerInfoManager at 1676552543452
[23-02-16 13:02:23] [INFO] [DEBUG] PlayerInfoManager has been loaded. (took 1ms)
[23-02-16 13:02:23] [INFO] [DEBUG] Starting load of SpectateManagerImpl at 1676552543453
[23-02-16 13:02:23] [INFO] [DEBUG] SpectateManagerImpl has been loaded. (took 0ms)
[23-02-16 13:02:23] [INFO] [DEBUG] Starting load of BettingManager at 1676552543453
[23-02-16 13:02:23] [INFO] [DEBUG] BettingManager has been loaded. (took 0ms)
[23-02-16 13:02:23] [INFO] [DEBUG] Starting load of InventoryManager at 1676552543453
[23-02-16 13:02:23] [INFO] [DEBUG] InventoryManager has been loaded. (took 2ms)
[23-02-16 13:02:23] [INFO] [DEBUG] Starting load of DuelManager at 1676552543455
[23-02-16 13:02:23] [INFO] [DEBUG] DuelManager has been loaded. (took 2ms)
[23-02-16 13:02:23] [INFO] [DEBUG] Starting load of QueueManager at 1676552543457
[23-02-16 13:02:23] [INFO] QueueManager: Loaded 5 queue(s).
[23-02-16 13:02:23] [INFO] [DEBUG] QueueManager has been loaded. (took 15ms)
[23-02-16 13:02:23] [INFO] [DEBUG] Starting load of QueueSignManagerImpl at 1676552543472
[23-02-16 13:02:23] [INFO] QueueSignManagerImpl: Loaded 0 queue sign(s).
[23-02-16 13:02:23] [INFO] [DEBUG] QueueSignManagerImpl has been loaded. (took 2ms)
[23-02-16 13:02:23] [INFO] [DEBUG] Starting load of RequestManager at 1676552543474
[23-02-16 13:02:23] [INFO] [DEBUG] RequestManager has been loaded. (took 0ms)
[23-02-16 13:02:23] [INFO] [DEBUG] Starting load of Teleport at 1676552543474
[23-02-16 13:02:23] [INFO] [DEBUG] Teleport has been loaded. (took 0ms)
[23-02-16 13:02:23] [INFO] [DEBUG] Starting load of ExtensionManager at 1676552543474
[23-02-16 13:02:23] [INFO] [DEBUG] ExtensionManager has been loaded. (took 2ms)
[23-02-16 13:02:24] [INFO] No updates were available. You are on the latest version!
[23-02-16 14:29:44] [INFO] [DEBUG] onDisable start -> 1676557784056

[23-02-16 14:29:44] [INFO] [DEBUG] Starting unload of ExtensionManager at 1676557784058
[23-02-16 14:29:44] [INFO] [DEBUG] ExtensionManager has been unloaded. (took 1ms)
[23-02-16 14:29:44] [INFO] [DEBUG] Starting unload of Teleport at 1676557784059
[23-02-16 14:29:44] [INFO] [DEBUG] Teleport has been unloaded. (took 0ms)
[23-02-16 14:29:44] [INFO] [DEBUG] Starting unload of RequestManager at 1676557784059
[23-02-16 14:29:44] [INFO] [DEBUG] RequestManager has been unloaded. (took 0ms)
[23-02-16 14:29:44] [INFO] [DEBUG] Starting unload of QueueSignManagerImpl at 1676557784059
[23-02-16 14:29:44] [INFO] [DEBUG] QueueSignManagerImpl has been unloaded. (took 0ms)
[23-02-16 14:29:44] [INFO] [DEBUG] Starting unload of QueueManager at 1676557784059
[23-02-16 14:29:44] [INFO] [DEBUG] QueueManager has been unloaded. (took 0ms)
[23-02-16 14:29:44] [INFO] [DEBUG] Starting unload of DuelManager at 1676557784059
[23-02-16 14:29:44] [INFO] [DEBUG] DuelManager has been unloaded. (took 0ms)
[23-02-16 14:29:44] [INFO] [DEBUG] Starting unload of InventoryManager at 1676557784059
[23-02-16 14:29:44] [INFO] [DEBUG] InventoryManager has been unloaded. (took 0ms)
[23-02-16 14:29:44] [INFO] [DEBUG] Starting unload of BettingManager at 1676557784059
[23-02-16 14:29:44] [INFO] [DEBUG] BettingManager has been unloaded. (took 0ms)
[23-02-16 14:29:44] [INFO] [DEBUG] Starting unload of SpectateManagerImpl at 1676557784059
[23-02-16 14:29:44] [INFO] [DEBUG] SpectateManagerImpl has been unloaded. (took 0ms)
[23-02-16 14:29:44] [INFO] [DEBUG] Starting unload of PlayerInfoManager at 1676557784059
[23-02-16 14:29:44] [INFO] [DEBUG] PlayerInfoManager has been unloaded. (took 0ms)
[23-02-16 14:29:44] [INFO] [DEBUG] Starting unload of SettingsManager at 1676557784059
[23-02-16 14:29:44] [INFO] [DEBUG] SettingsManager has been unloaded. (took 0ms)
[23-02-16 14:29:44] [INFO] [DEBUG] Starting unload of ArenaManagerImpl at 1676557784059
[23-02-16 14:29:44] [INFO] [DEBUG] ArenaManagerImpl has been unloaded. (took 0ms)
[23-02-16 14:29:44] [INFO] [DEBUG] Starting unload of KitManagerImpl at 1676557784060
[23-02-16 14:29:44] [INFO] [DEBUG] KitManagerImpl has been unloaded. (took 0ms)
[23-02-16 14:29:44] [INFO] [DEBUG] Starting unload of GuiListener at 1676557784060
[23-02-16 14:29:44] [INFO] [DEBUG] GuiListener has been unloaded. (took 0ms)
[23-02-16 14:29:44] [INFO] [DEBUG] Starting unload of UserManagerImpl at 1676557784060
[23-02-16 14:29:44] [INFO] [DEBUG] UserManagerImpl has been unloaded. (took 0ms)
[23-02-16 14:29:44] [INFO] [DEBUG] Starting unload of Lang at 1676557784060
[23-02-16 14:29:44] [INFO] [DEBUG] Lang has been unloaded. (took 0ms)
[23-02-16 14:29:44] [INFO] [DEBUG] Starting unload of Config at 1676557784060
[23-02-16 14:29:44] [INFO] [DEBUG] Config has been unloaded. (took 0ms)
[23-02-16 14:29:44] [INFO] [DEBUG] unload done (took 4ms)
[23-02-16 14:29:44] [INFO] [DEBUG] Log#clearSources done (took 0ms)
[23-02-16 18:45:11] [INFO] [DEBUG] onEnable start -> 1676573111823

[23-02-16 18:45:11] [INFO] Using Economy Provider: com.earth2me.essentials.economy.vault.VaultEconomyProvider
[23-02-16 18:45:11] [INFO] [DEBUG] Starting load of Config at 1676573111948
[23-02-16 18:45:11] [INFO] [DEBUG] Config has been loaded. (took 10ms)
[23-02-16 18:45:11] [INFO] [DEBUG] Starting load of Lang at 1676573111958
[23-02-16 18:45:11] [INFO] [DEBUG] Lang has been loaded. (took 20ms)
[23-02-16 18:45:11] [INFO] [DEBUG] Starting load of UserManagerImpl at 1676573111978
[23-02-16 18:45:11] [INFO] [DEBUG] UserManagerImpl has been loaded. (took 1ms)
[23-02-16 18:45:11] [INFO] [DEBUG] Starting load of GuiListener at 1676573111979
[23-02-16 18:45:11] [INFO] [DEBUG] GuiListener has been loaded. (took 0ms)
[23-02-16 18:45:11] [INFO] [DEBUG] Starting load of KitManagerImpl at 1676573111979
[23-02-16 18:45:12] [INFO] KitManagerImpl: Loaded 5 kit(s).
[23-02-16 18:45:12] [INFO] [DEBUG] KitManagerImpl has been loaded. (took 305ms)
[23-02-16 18:45:12] [INFO] [DEBUG] Starting load of ArenaManagerImpl at 1676573112284
[23-02-16 18:45:12] [INFO] ArenaManagerImpl: Loaded 10 arena(s).
[23-02-16 18:45:12] [INFO] [DEBUG] ArenaManagerImpl has been loaded. (took 66ms)
[23-02-16 18:45:12] [INFO] [DEBUG] Starting load of SettingsManager at 1676573112350
[23-02-16 18:45:12] [INFO] [DEBUG] SettingsManager has been loaded. (took 0ms)
[23-02-16 18:45:12] [INFO] [DEBUG] Starting load of PlayerInfoManager at 1676573112350
[23-02-16 18:45:12] [INFO] [DEBUG] PlayerInfoManager has been loaded. (took 2ms)
[23-02-16 18:45:12] [INFO] [DEBUG] Starting load of SpectateManagerImpl at 1676573112352
[23-02-16 18:45:12] [INFO] [DEBUG] SpectateManagerImpl has been loaded. (took 0ms)
[23-02-16 18:45:12] [INFO] [DEBUG] Starting load of BettingManager at 1676573112352
[23-02-16 18:45:12] [INFO] [DEBUG] BettingManager has been loaded. (took 1ms)
[23-02-16 18:45:12] [INFO] [DEBUG] Starting load of InventoryManager at 1676573112353
[23-02-16 18:45:12] [INFO] [DEBUG] InventoryManager has been loaded. (took 2ms)
[23-02-16 18:45:12] [INFO] [DEBUG] Starting load of DuelManager at 1676573112355
[23-02-16 18:45:12] [INFO] [DEBUG] DuelManager has been loaded. (took 1ms)
[23-02-16 18:45:12] [INFO] [DEBUG] Starting load of QueueManager at 1676573112356
[23-02-16 18:45:12] [INFO] QueueManager: Loaded 5 queue(s).
[23-02-16 18:45:12] [INFO] [DEBUG] QueueManager has been loaded. (took 20ms)
[23-02-16 18:45:12] [INFO] [DEBUG] Starting load of QueueSignManagerImpl at 1676573112376
[23-02-16 18:45:12] [INFO] QueueSignManagerImpl: Loaded 0 queue sign(s).
[23-02-16 18:45:12] [INFO] [DEBUG] QueueSignManagerImpl has been loaded. (took 5ms)
[23-02-16 18:45:12] [INFO] [DEBUG] Starting load of RequestManager at 1676573112381
[23-02-16 18:45:12] [INFO] [DEBUG] RequestManager has been loaded. (took 0ms)
[23-02-16 18:45:12] [INFO] [DEBUG] Starting load of Teleport at 1676573112381
[23-02-16 18:45:12] [INFO] [DEBUG] Teleport has been loaded. (took 2ms)
[23-02-16 18:45:12] [INFO] [DEBUG] Starting load of ExtensionManager at 1676573112383
[23-02-16 18:45:12] [INFO] [DEBUG] ExtensionManager has been loaded. (took 3ms)
[23-02-16 18:45:14] [INFO] No updates were available. You are on the latest version!
[23-02-16 19:15:02] [INFO] [DEBUG] onDisable start -> 1676574902785

[23-02-16 19:15:02] [INFO] [DEBUG] Starting unload of ExtensionManager at 1676574902786
[23-02-16 19:15:02] [INFO] [DEBUG] ExtensionManager has been unloaded. (took 1ms)
[23-02-16 19:15:02] [INFO] [DEBUG] Starting unload of Teleport at 1676574902787
[23-02-16 19:15:02] [INFO] [DEBUG] Teleport has been unloaded. (took 0ms)
[23-02-16 19:15:02] [INFO] [DEBUG] Starting unload of RequestManager at 1676574902787
[23-02-16 19:15:02] [INFO] [DEBUG] RequestManager has been unloaded. (took 0ms)
[23-02-16 19:15:02] [INFO] [DEBUG] Starting unload of QueueSignManagerImpl at 1676574902787
[23-02-16 19:15:02] [INFO] [DEBUG] QueueSignManagerImpl has been unloaded. (took 0ms)
[23-02-16 19:15:02] [INFO] [DEBUG] Starting unload of QueueManager at 1676574902787
[23-02-16 19:15:02] [INFO] [DEBUG] QueueManager has been unloaded. (took 0ms)
[23-02-16 19:15:02] [INFO] [DEBUG] Starting unload of DuelManager at 1676574902787
[23-02-16 19:15:02] [INFO] [DEBUG] DuelManager has been unloaded. (took 0ms)
[23-02-16 19:15:02] [INFO] [DEBUG] Starting unload of InventoryManager at 1676574902787
[23-02-16 19:15:02] [INFO] [DEBUG] InventoryManager has been unloaded. (took 0ms)
[23-02-16 19:15:02] [INFO] [DEBUG] Starting unload of BettingManager at 1676574902787
[23-02-16 19:15:02] [INFO] [DEBUG] BettingManager has been unloaded. (took 0ms)
[23-02-16 19:15:02] [INFO] [DEBUG] Starting unload of SpectateManagerImpl at 1676574902787
[23-02-16 19:15:02] [INFO] [DEBUG] SpectateManagerImpl has been unloaded. (took 0ms)
[23-02-16 19:15:02] [INFO] [DEBUG] Starting unload of PlayerInfoManager at 1676574902787
[23-02-16 19:15:02] [INFO] [DEBUG] PlayerInfoManager has been unloaded. (took 0ms)
[23-02-16 19:15:02] [INFO] [DEBUG] Starting unload of SettingsManager at 1676574902787
[23-02-16 19:15:02] [INFO] [DEBUG] SettingsManager has been unloaded. (took 0ms)
[23-02-16 19:15:02] [INFO] [DEBUG] Starting unload of ArenaManagerImpl at 1676574902787
[23-02-16 19:15:02] [INFO] [DEBUG] ArenaManagerImpl has been unloaded. (took 0ms)
[23-02-16 19:15:02] [INFO] [DEBUG] Starting unload of KitManagerImpl at 1676574902787
[23-02-16 19:15:02] [INFO] [DEBUG] KitManagerImpl has been unloaded. (took 0ms)
[23-02-16 19:15:02] [INFO] [DEBUG] Starting unload of GuiListener at 1676574902787
[23-02-16 19:15:02] [INFO] [DEBUG] GuiListener has been unloaded. (took 0ms)
[23-02-16 19:15:02] [INFO] [DEBUG] Starting unload of UserManagerImpl at 1676574902787
[23-02-16 19:15:02] [INFO] [DEBUG] UserManagerImpl has been unloaded. (took 0ms)
[23-02-16 19:15:02] [INFO] [DEBUG] Starting unload of Lang at 1676574902787
[23-02-16 19:15:02] [INFO] [DEBUG] Lang has been unloaded. (took 0ms)
[23-02-16 19:15:02] [INFO] [DEBUG] Starting unload of Config at 1676574902787
[23-02-16 19:15:02] [INFO] [DEBUG] Config has been unloaded. (took 0ms)
[23-02-16 19:15:02] [INFO] [DEBUG] unload done (took 2ms)
[23-02-16 19:15:02] [INFO] [DEBUG] Log#clearSources done (took 0ms)
[23-02-16 19:18:11] [INFO] [DEBUG] onEnable start -> 1676575091752

[23-02-16 19:18:11] [INFO] Using Economy Provider: com.earth2me.essentials.economy.vault.VaultEconomyProvider
[23-02-16 19:18:11] [INFO] [DEBUG] Starting load of Config at 1676575091794
[23-02-16 19:18:11] [INFO] [DEBUG] Config has been loaded. (took 4ms)
[23-02-16 19:18:11] [INFO] [DEBUG] Starting load of Lang at 1676575091798
[23-02-16 19:18:11] [INFO] [DEBUG] Lang has been loaded. (took 7ms)
[23-02-16 19:18:11] [INFO] [DEBUG] Starting load of UserManagerImpl at 1676575091805
[23-02-16 19:18:11] [INFO] [DEBUG] UserManagerImpl has been loaded. (took 1ms)
[23-02-16 19:18:11] [INFO] [DEBUG] Starting load of GuiListener at 1676575091806
[23-02-16 19:18:11] [INFO] [DEBUG] GuiListener has been loaded. (took 0ms)
[23-02-16 19:18:11] [INFO] [DEBUG] Starting load of KitManagerImpl at 1676575091806
[23-02-16 19:18:11] [INFO] KitManagerImpl: Loaded 5 kit(s).
[23-02-16 19:18:11] [INFO] [DEBUG] KitManagerImpl has been loaded. (took 114ms)
[23-02-16 19:18:11] [INFO] [DEBUG] Starting load of ArenaManagerImpl at 1676575091920
[23-02-16 19:18:11] [INFO] ArenaManagerImpl: Loaded 10 arena(s).
[23-02-16 19:18:11] [INFO] [DEBUG] ArenaManagerImpl has been loaded. (took 28ms)
[23-02-16 19:18:11] [INFO] [DEBUG] Starting load of SettingsManager at 1676575091948
[23-02-16 19:18:11] [INFO] [DEBUG] SettingsManager has been loaded. (took 0ms)
[23-02-16 19:18:11] [INFO] [DEBUG] Starting load of PlayerInfoManager at 1676575091948
[23-02-16 19:18:11] [INFO] [DEBUG] PlayerInfoManager has been loaded. (took 1ms)
[23-02-16 19:18:11] [INFO] [DEBUG] Starting load of SpectateManagerImpl at 1676575091949
[23-02-16 19:18:11] [INFO] [DEBUG] SpectateManagerImpl has been loaded. (took 0ms)
[23-02-16 19:18:11] [INFO] [DEBUG] Starting load of BettingManager at 1676575091949
[23-02-16 19:18:11] [INFO] [DEBUG] BettingManager has been loaded. (took 0ms)
[23-02-16 19:18:11] [INFO] [DEBUG] Starting load of InventoryManager at 1676575091949
[23-02-16 19:18:11] [INFO] [DEBUG] InventoryManager has been loaded. (took 0ms)
[23-02-16 19:18:11] [INFO] [DEBUG] Starting load of DuelManager at 1676575091949
[23-02-16 19:18:11] [INFO] [DEBUG] DuelManager has been loaded. (took 3ms)
[23-02-16 19:18:11] [INFO] [DEBUG] Starting load of QueueManager at 1676575091952
[23-02-16 19:18:11] [INFO] QueueManager: Loaded 5 queue(s).
[23-02-16 19:18:11] [INFO] [DEBUG] QueueManager has been loaded. (took 7ms)
[23-02-16 19:18:11] [INFO] [DEBUG] Starting load of QueueSignManagerImpl at 1676575091959
[23-02-16 19:18:11] [INFO] QueueSignManagerImpl: Loaded 0 queue sign(s).
[23-02-16 19:18:11] [INFO] [DEBUG] QueueSignManagerImpl has been loaded. (took 0ms)
[23-02-16 19:18:11] [INFO] [DEBUG] Starting load of RequestManager at 1676575091959
[23-02-16 19:18:11] [INFO] [DEBUG] RequestManager has been loaded. (took 0ms)
[23-02-16 19:18:11] [INFO] [DEBUG] Starting load of Teleport at 1676575091959
[23-02-16 19:18:11] [INFO] [DEBUG] Teleport has been loaded. (took 2ms)
[23-02-16 19:18:11] [INFO] [DEBUG] Starting load of ExtensionManager at 1676575091961
[23-02-16 19:18:11] [INFO] [DEBUG] ExtensionManager has been loaded. (took 2ms)
[23-02-16 19:18:14] [INFO] No updates were available. You are on the latest version!
[23-02-16 20:43:21] [INFO] [DEBUG] onDisable start -> 1676580201073

[23-02-16 20:43:21] [INFO] [DEBUG] Starting unload of ExtensionManager at 1676580201077
[23-02-16 20:43:21] [INFO] [DEBUG] ExtensionManager has been unloaded. (took 0ms)
[23-02-16 20:43:21] [INFO] [DEBUG] Starting unload of Teleport at 1676580201077
[23-02-16 20:43:21] [INFO] [DEBUG] Teleport has been unloaded. (took 0ms)
[23-02-16 20:43:21] [INFO] [DEBUG] Starting unload of RequestManager at 1676580201077
[23-02-16 20:43:21] [INFO] [DEBUG] RequestManager has been unloaded. (took 0ms)
[23-02-16 20:43:21] [INFO] [DEBUG] Starting unload of QueueSignManagerImpl at 1676580201077
[23-02-16 20:43:21] [INFO] [DEBUG] QueueSignManagerImpl has been unloaded. (took 0ms)
[23-02-16 20:43:21] [INFO] [DEBUG] Starting unload of QueueManager at 1676580201078
[23-02-16 20:43:21] [INFO] [DEBUG] QueueManager has been unloaded. (took 0ms)
[23-02-16 20:43:21] [INFO] [DEBUG] Starting unload of DuelManager at 1676580201078
[23-02-16 20:43:21] [INFO] [DEBUG] DuelManager has been unloaded. (took 0ms)
[23-02-16 20:43:21] [INFO] [DEBUG] Starting unload of InventoryManager at 1676580201078
[23-02-16 20:43:21] [INFO] [DEBUG] InventoryManager has been unloaded. (took 0ms)
[23-02-16 20:43:21] [INFO] [DEBUG] Starting unload of BettingManager at 1676580201078
[23-02-16 20:43:21] [INFO] [DEBUG] BettingManager has been unloaded. (took 0ms)
[23-02-16 20:43:21] [INFO] [DEBUG] Starting unload of SpectateManagerImpl at 1676580201078
[23-02-16 20:43:21] [INFO] [DEBUG] SpectateManagerImpl has been unloaded. (took 0ms)
[23-02-16 20:43:21] [INFO] [DEBUG] Starting unload of PlayerInfoManager at 1676580201078
[23-02-16 20:43:21] [INFO] [DEBUG] PlayerInfoManager has been unloaded. (took 1ms)
[23-02-16 20:43:21] [INFO] [DEBUG] Starting unload of SettingsManager at 1676580201079
[23-02-16 20:43:21] [INFO] [DEBUG] SettingsManager has been unloaded. (took 0ms)
[23-02-16 20:43:21] [INFO] [DEBUG] Starting unload of ArenaManagerImpl at 1676580201079
[23-02-16 20:43:21] [INFO] [DEBUG] ArenaManagerImpl has been unloaded. (took 0ms)
[23-02-16 20:43:21] [INFO] [DEBUG] Starting unload of KitManagerImpl at 1676580201079
[23-02-16 20:43:21] [INFO] [DEBUG] KitManagerImpl has been unloaded. (took 0ms)
[23-02-16 20:43:21] [INFO] [DEBUG] Starting unload of GuiListener at 1676580201079
[23-02-16 20:43:21] [INFO] [DEBUG] GuiListener has been unloaded. (took 0ms)
[23-02-16 20:43:21] [INFO] [DEBUG] Starting unload of UserManagerImpl at 1676580201079
[23-02-16 20:43:21] [INFO] [DEBUG] UserManagerImpl has been unloaded. (took 0ms)
[23-02-16 20:43:21] [INFO] [DEBUG] Starting unload of Lang at 1676580201079
[23-02-16 20:43:21] [INFO] [DEBUG] Lang has been unloaded. (took 0ms)
[23-02-16 20:43:21] [INFO] [DEBUG] Starting unload of Config at 1676580201079
[23-02-16 20:43:21] [INFO] [DEBUG] Config has been unloaded. (took 0ms)
[23-02-16 20:43:21] [INFO] [DEBUG] unload done (took 6ms)
[23-02-16 20:43:21] [INFO] [DEBUG] Log#clearSources done (took 0ms)
[23-02-16 23:37:31] [INFO] [DEBUG] onEnable start -> 1676590651701

[23-02-16 23:37:31] [INFO] Using Economy Provider: com.earth2me.essentials.economy.vault.VaultEconomyProvider
[23-02-16 23:37:31] [INFO] [DEBUG] Starting load of Config at 1676590651760
[23-02-16 23:37:31] [INFO] [DEBUG] Config has been loaded. (took 6ms)
[23-02-16 23:37:31] [INFO] [DEBUG] Starting load of Lang at 1676590651766
[23-02-16 23:37:31] [INFO] [DEBUG] Lang has been loaded. (took 8ms)
[23-02-16 23:37:31] [INFO] [DEBUG] Starting load of UserManagerImpl at 1676590651774
[23-02-16 23:37:31] [INFO] [DEBUG] UserManagerImpl has been loaded. (took 1ms)
[23-02-16 23:37:31] [INFO] [DEBUG] Starting load of GuiListener at 1676590651775
[23-02-16 23:37:31] [INFO] [DEBUG] GuiListener has been loaded. (took 0ms)
[23-02-16 23:37:31] [INFO] [DEBUG] Starting load of KitManagerImpl at 1676590651775
[23-02-16 23:37:31] [INFO] KitManagerImpl: Loaded 5 kit(s).
[23-02-16 23:37:31] [INFO] [DEBUG] KitManagerImpl has been loaded. (took 188ms)
[23-02-16 23:37:31] [INFO] [DEBUG] Starting load of ArenaManagerImpl at 1676590651963
[23-02-16 23:37:32] [INFO] ArenaManagerImpl: Loaded 10 arena(s).
[23-02-16 23:37:32] [INFO] [DEBUG] ArenaManagerImpl has been loaded. (took 51ms)
[23-02-16 23:37:32] [INFO] [DEBUG] Starting load of SettingsManager at 1676590652014
[23-02-16 23:37:32] [INFO] [DEBUG] SettingsManager has been loaded. (took 0ms)
[23-02-16 23:37:32] [INFO] [DEBUG] Starting load of PlayerInfoManager at 1676590652014
[23-02-16 23:37:32] [INFO] [DEBUG] PlayerInfoManager has been loaded. (took 2ms)
[23-02-16 23:37:32] [INFO] [DEBUG] Starting load of SpectateManagerImpl at 1676590652016
[23-02-16 23:37:32] [INFO] [DEBUG] SpectateManagerImpl has been loaded. (took 0ms)
[23-02-16 23:37:32] [INFO] [DEBUG] Starting load of BettingManager at 1676590652016
[23-02-16 23:37:32] [INFO] [DEBUG] BettingManager has been loaded. (took 0ms)
[23-02-16 23:37:32] [INFO] [DEBUG] Starting load of InventoryManager at 1676590652016
[23-02-16 23:37:32] [INFO] [DEBUG] InventoryManager has been loaded. (took 2ms)
[23-02-16 23:37:32] [INFO] [DEBUG] Starting load of DuelManager at 1676590652018
[23-02-16 23:37:32] [INFO] [DEBUG] DuelManager has been loaded. (took 1ms)
[23-02-16 23:37:32] [INFO] [DEBUG] Starting load of QueueManager at 1676590652020
[23-02-16 23:37:32] [INFO] QueueManager: Loaded 5 queue(s).
[23-02-16 23:37:32] [INFO] [DEBUG] QueueManager has been loaded. (took 11ms)
[23-02-16 23:37:32] [INFO] [DEBUG] Starting load of QueueSignManagerImpl at 1676590652031
[23-02-16 23:37:32] [INFO] QueueSignManagerImpl: Loaded 0 queue sign(s).
[23-02-16 23:37:32] [INFO] [DEBUG] QueueSignManagerImpl has been loaded. (took 2ms)
[23-02-16 23:37:32] [INFO] [DEBUG] Starting load of RequestManager at 1676590652033
[23-02-16 23:37:32] [INFO] [DEBUG] RequestManager has been loaded. (took 0ms)
[23-02-16 23:37:32] [INFO] [DEBUG] Starting load of Teleport at 1676590652033
[23-02-16 23:37:32] [INFO] [DEBUG] Teleport has been loaded. (took 1ms)
[23-02-16 23:37:32] [INFO] [DEBUG] Starting load of ExtensionManager at 1676590652034
[23-02-16 23:37:32] [INFO] [DEBUG] ExtensionManager has been loaded. (took 2ms)
[23-02-16 23:37:35] [INFO] No updates were available. You are on the latest version!
[23-02-17 00:23:43] [INFO] [DEBUG] onDisable start -> 1676593423501

[23-02-17 00:23:43] [INFO] [DEBUG] Starting unload of ExtensionManager at 1676593423503
[23-02-17 00:23:43] [INFO] [DEBUG] ExtensionManager has been unloaded. (took 1ms)
[23-02-17 00:23:43] [INFO] [DEBUG] Starting unload of Teleport at 1676593423504
[23-02-17 00:23:43] [INFO] [DEBUG] Teleport has been unloaded. (took 0ms)
[23-02-17 00:23:43] [INFO] [DEBUG] Starting unload of RequestManager at 1676593423504
[23-02-17 00:23:43] [INFO] [DEBUG] RequestManager has been unloaded. (took 0ms)
[23-02-17 00:23:43] [INFO] [DEBUG] Starting unload of QueueSignManagerImpl at 1676593423504
[23-02-17 00:23:43] [INFO] [DEBUG] QueueSignManagerImpl has been unloaded. (took 0ms)
[23-02-17 00:23:43] [INFO] [DEBUG] Starting unload of QueueManager at 1676593423504
[23-02-17 00:23:43] [INFO] [DEBUG] QueueManager has been unloaded. (took 0ms)
[23-02-17 00:23:43] [INFO] [DEBUG] Starting unload of DuelManager at 1676593423504
[23-02-17 00:23:43] [INFO] [DEBUG] DuelManager has been unloaded. (took 0ms)
[23-02-17 00:23:43] [INFO] [DEBUG] Starting unload of InventoryManager at 1676593423504
[23-02-17 00:23:43] [INFO] [DEBUG] InventoryManager has been unloaded. (took 0ms)
[23-02-17 00:23:43] [INFO] [DEBUG] Starting unload of BettingManager at 1676593423504
[23-02-17 00:23:43] [INFO] [DEBUG] BettingManager has been unloaded. (took 0ms)
[23-02-17 00:23:43] [INFO] [DEBUG] Starting unload of SpectateManagerImpl at 1676593423504
[23-02-17 00:23:43] [INFO] [DEBUG] SpectateManagerImpl has been unloaded. (took 0ms)
[23-02-17 00:23:43] [INFO] [DEBUG] Starting unload of PlayerInfoManager at 1676593423504
[23-02-17 00:23:43] [INFO] [DEBUG] PlayerInfoManager has been unloaded. (took 0ms)
[23-02-17 00:23:43] [INFO] [DEBUG] Starting unload of SettingsManager at 1676593423504
[23-02-17 00:23:43] [INFO] [DEBUG] SettingsManager has been unloaded. (took 0ms)
[23-02-17 00:23:43] [INFO] [DEBUG] Starting unload of ArenaManagerImpl at 1676593423504
[23-02-17 00:23:43] [INFO] [DEBUG] ArenaManagerImpl has been unloaded. (took 0ms)
[23-02-17 00:23:43] [INFO] [DEBUG] Starting unload of KitManagerImpl at 1676593423504
[23-02-17 00:23:43] [INFO] [DEBUG] KitManagerImpl has been unloaded. (took 0ms)
[23-02-17 00:23:43] [INFO] [DEBUG] Starting unload of GuiListener at 1676593423504
[23-02-17 00:23:43] [INFO] [DEBUG] GuiListener has been unloaded. (took 0ms)
[23-02-17 00:23:43] [INFO] [DEBUG] Starting unload of UserManagerImpl at 1676593423504
[23-02-17 00:23:43] [INFO] [DEBUG] UserManagerImpl has been unloaded. (took 0ms)
[23-02-17 00:23:43] [INFO] [DEBUG] Starting unload of Lang at 1676593423504
[23-02-17 00:23:43] [INFO] [DEBUG] Lang has been unloaded. (took 0ms)
[23-02-17 00:23:43] [INFO] [DEBUG] Starting unload of Config at 1676593423504
[23-02-17 00:23:43] [INFO] [DEBUG] Config has been unloaded. (took 1ms)
[23-02-17 00:23:43] [INFO] [DEBUG] unload done (took 4ms)
[23-02-17 00:23:43] [INFO] [DEBUG] Log#clearSources done (took 0ms)
