[23-02-15 01:23:48] [INFO] [DEBUG] onEnable start -> 1676424228650

[23-02-15 01:23:48] [INFO] Using Economy Provider: com.earth2me.essentials.economy.vault.VaultEconomyProvider
[23-02-15 01:23:48] [INFO] [DEBUG] Starting load of Config at 1676424228690
[23-02-15 01:23:48] [INFO] [DEBUG] Config has been loaded. (took 5ms)
[23-02-15 01:23:48] [INFO] [DEBUG] Starting load of Lang at 1676424228695
[23-02-15 01:23:48] [INFO] [DEBUG] Lang has been loaded. (took 7ms)
[23-02-15 01:23:48] [INFO] [DEBUG] Starting load of UserManagerImpl at 1676424228702
[23-02-15 01:23:48] [INFO] [DEBUG] UserManagerImpl has been loaded. (took 1ms)
[23-02-15 01:23:48] [INFO] [DEBUG] Starting load of GuiListener at 1676424228703
[23-02-15 01:23:48] [INFO] [DEBUG] GuiListener has been loaded. (took 0ms)
[23-02-15 01:23:48] [INFO] [DEBUG] Starting load of KitManagerImpl at 1676424228703
[23-02-15 01:23:48] [INFO] KitManagerImpl: Loaded 5 kit(s).
[23-02-15 01:23:48] [INFO] [DEBUG] KitManagerImpl has been loaded. (took 95ms)
[23-02-15 01:23:48] [INFO] [DEBUG] Starting load of ArenaManagerImpl at 1676424228798
[23-02-15 01:23:48] [INFO] ArenaManagerImpl: Loaded 10 arena(s).
[23-02-15 01:23:48] [INFO] [DEBUG] ArenaManagerImpl has been loaded. (took 12ms)
[23-02-15 01:23:48] [INFO] [DEBUG] Starting load of SettingsManager at 1676424228810
[23-02-15 01:23:48] [INFO] [DEBUG] SettingsManager has been loaded. (took 0ms)
[23-02-15 01:23:48] [INFO] [DEBUG] Starting load of PlayerInfoManager at 1676424228810
[23-02-15 01:23:48] [INFO] [DEBUG] PlayerInfoManager has been loaded. (took 1ms)
[23-02-15 01:23:48] [INFO] [DEBUG] Starting load of SpectateManagerImpl at 1676424228811
[23-02-15 01:23:48] [INFO] [DEBUG] SpectateManagerImpl has been loaded. (took 0ms)
[23-02-15 01:23:48] [INFO] [DEBUG] Starting load of BettingManager at 1676424228811
[23-02-15 01:23:48] [INFO] [DEBUG] BettingManager has been loaded. (took 0ms)
[23-02-15 01:23:48] [INFO] [DEBUG] Starting load of InventoryManager at 1676424228811
[23-02-15 01:23:48] [INFO] [DEBUG] InventoryManager has been loaded. (took 1ms)
[23-02-15 01:23:48] [INFO] [DEBUG] Starting load of DuelManager at 1676424228812
[23-02-15 01:23:48] [INFO] [DEBUG] DuelManager has been loaded. (took 0ms)
[23-02-15 01:23:48] [INFO] [DEBUG] Starting load of QueueManager at 1676424228812
[23-02-15 01:23:48] [INFO] QueueManager: Loaded 5 queue(s).
[23-02-15 01:23:48] [INFO] [DEBUG] QueueManager has been loaded. (took 5ms)
[23-02-15 01:23:48] [INFO] [DEBUG] Starting load of QueueSignManagerImpl at 1676424228817
[23-02-15 01:23:48] [INFO] QueueSignManagerImpl: Loaded 0 queue sign(s).
[23-02-15 01:23:48] [INFO] [DEBUG] QueueSignManagerImpl has been loaded. (took 1ms)
[23-02-15 01:23:48] [INFO] [DEBUG] Starting load of RequestManager at 1676424228818
[23-02-15 01:23:48] [INFO] [DEBUG] RequestManager has been loaded. (took 0ms)
[23-02-15 01:23:48] [INFO] [DEBUG] Starting load of Teleport at 1676424228818
[23-02-15 01:23:48] [INFO] [DEBUG] Teleport has been loaded. (took 0ms)
[23-02-15 01:23:48] [INFO] [DEBUG] Starting load of ExtensionManager at 1676424228818
[23-02-15 01:23:48] [INFO] [DEBUG] ExtensionManager has been loaded. (took 0ms)
[23-02-15 01:23:51] [INFO] No updates were available. You are on the latest version!
[23-02-15 01:45:14] [INFO] [DEBUG] onDisable start -> 1676425514472

[23-02-15 01:45:14] [INFO] [DEBUG] Starting unload of ExtensionManager at 1676425514474
[23-02-15 01:45:14] [INFO] [DEBUG] ExtensionManager has been unloaded. (took 0ms)
[23-02-15 01:45:14] [INFO] [DEBUG] Starting unload of Teleport at 1676425514474
[23-02-15 01:45:14] [INFO] [DEBUG] Teleport has been unloaded. (took 0ms)
[23-02-15 01:45:14] [INFO] [DEBUG] Starting unload of RequestManager at 1676425514474
[23-02-15 01:45:14] [INFO] [DEBUG] RequestManager has been unloaded. (took 0ms)
[23-02-15 01:45:14] [INFO] [DEBUG] Starting unload of QueueSignManagerImpl at 1676425514474
[23-02-15 01:45:14] [INFO] [DEBUG] QueueSignManagerImpl has been unloaded. (took 0ms)
[23-02-15 01:45:14] [INFO] [DEBUG] Starting unload of QueueManager at 1676425514474
[23-02-15 01:45:14] [INFO] [DEBUG] QueueManager has been unloaded. (took 0ms)
[23-02-15 01:45:14] [INFO] [DEBUG] Starting unload of DuelManager at 1676425514474
[23-02-15 01:45:14] [INFO] [DEBUG] DuelManager has been unloaded. (took 0ms)
[23-02-15 01:45:14] [INFO] [DEBUG] Starting unload of InventoryManager at 1676425514474
[23-02-15 01:45:14] [INFO] [DEBUG] InventoryManager has been unloaded. (took 0ms)
[23-02-15 01:45:14] [INFO] [DEBUG] Starting unload of BettingManager at 1676425514474
[23-02-15 01:45:14] [INFO] [DEBUG] BettingManager has been unloaded. (took 0ms)
[23-02-15 01:45:14] [INFO] [DEBUG] Starting unload of SpectateManagerImpl at 1676425514474
[23-02-15 01:45:14] [INFO] [DEBUG] SpectateManagerImpl has been unloaded. (took 0ms)
[23-02-15 01:45:14] [INFO] [DEBUG] Starting unload of PlayerInfoManager at 1676425514475
[23-02-15 01:45:14] [INFO] [DEBUG] PlayerInfoManager has been unloaded. (took 0ms)
[23-02-15 01:45:14] [INFO] [DEBUG] Starting unload of SettingsManager at 1676425514475
[23-02-15 01:45:14] [INFO] [DEBUG] SettingsManager has been unloaded. (took 0ms)
[23-02-15 01:45:14] [INFO] [DEBUG] Starting unload of ArenaManagerImpl at 1676425514475
[23-02-15 01:45:14] [INFO] [DEBUG] ArenaManagerImpl has been unloaded. (took 0ms)
[23-02-15 01:45:14] [INFO] [DEBUG] Starting unload of KitManagerImpl at 1676425514475
[23-02-15 01:45:14] [INFO] [DEBUG] KitManagerImpl has been unloaded. (took 0ms)
[23-02-15 01:45:14] [INFO] [DEBUG] Starting unload of GuiListener at 1676425514475
[23-02-15 01:45:14] [INFO] [DEBUG] GuiListener has been unloaded. (took 0ms)
[23-02-15 01:45:14] [INFO] [DEBUG] Starting unload of UserManagerImpl at 1676425514475
[23-02-15 01:45:14] [INFO] [DEBUG] UserManagerImpl has been unloaded. (took 0ms)
[23-02-15 01:45:14] [INFO] [DEBUG] Starting unload of Lang at 1676425514475
[23-02-15 01:45:14] [INFO] [DEBUG] Lang has been unloaded. (took 0ms)
[23-02-15 01:45:14] [INFO] [DEBUG] Starting unload of Config at 1676425514475
[23-02-15 01:45:14] [INFO] [DEBUG] Config has been unloaded. (took 0ms)
[23-02-15 01:45:14] [INFO] [DEBUG] unload done (took 3ms)
[23-02-15 01:45:14] [INFO] [DEBUG] Log#clearSources done (took 0ms)
[23-02-15 12:54:17] [INFO] [DEBUG] onEnable start -> 1676465657971

[23-02-15 12:54:17] [INFO] Using Economy Provider: com.earth2me.essentials.economy.vault.VaultEconomyProvider
[23-02-15 12:54:18] [INFO] [DEBUG] Starting load of Config at 1676465658015
[23-02-15 12:54:18] [INFO] [DEBUG] Config has been loaded. (took 5ms)
[23-02-15 12:54:18] [INFO] [DEBUG] Starting load of Lang at 1676465658021
[23-02-15 12:54:18] [INFO] [DEBUG] Lang has been loaded. (took 9ms)
[23-02-15 12:54:18] [INFO] [DEBUG] Starting load of UserManagerImpl at 1676465658030
[23-02-15 12:54:18] [INFO] [DEBUG] UserManagerImpl has been loaded. (took 0ms)
[23-02-15 12:54:18] [INFO] [DEBUG] Starting load of GuiListener at 1676465658030
[23-02-15 12:54:18] [INFO] [DEBUG] GuiListener has been loaded. (took 0ms)
[23-02-15 12:54:18] [INFO] [DEBUG] Starting load of KitManagerImpl at 1676465658031
[23-02-15 12:54:18] [INFO] KitManagerImpl: Loaded 5 kit(s).
[23-02-15 12:54:18] [INFO] [DEBUG] KitManagerImpl has been loaded. (took 172ms)
[23-02-15 12:54:18] [INFO] [DEBUG] Starting load of ArenaManagerImpl at 1676465658204
[23-02-15 12:54:18] [INFO] ArenaManagerImpl: Loaded 10 arena(s).
[23-02-15 12:54:18] [INFO] [DEBUG] ArenaManagerImpl has been loaded. (took 52ms)
[23-02-15 12:54:18] [INFO] [DEBUG] Starting load of SettingsManager at 1676465658256
[23-02-15 12:54:18] [INFO] [DEBUG] SettingsManager has been loaded. (took 0ms)
[23-02-15 12:54:18] [INFO] [DEBUG] Starting load of PlayerInfoManager at 1676465658256
[23-02-15 12:54:18] [INFO] [DEBUG] PlayerInfoManager has been loaded. (took 1ms)
[23-02-15 12:54:18] [INFO] [DEBUG] Starting load of SpectateManagerImpl at 1676465658257
[23-02-15 12:54:18] [INFO] [DEBUG] SpectateManagerImpl has been loaded. (took 0ms)
[23-02-15 12:54:18] [INFO] [DEBUG] Starting load of BettingManager at 1676465658257
[23-02-15 12:54:18] [INFO] [DEBUG] BettingManager has been loaded. (took 0ms)
[23-02-15 12:54:18] [INFO] [DEBUG] Starting load of InventoryManager at 1676465658257
[23-02-15 12:54:18] [INFO] [DEBUG] InventoryManager has been loaded. (took 2ms)
[23-02-15 12:54:18] [INFO] [DEBUG] Starting load of DuelManager at 1676465658259
[23-02-15 12:54:18] [INFO] [DEBUG] DuelManager has been loaded. (took 2ms)
[23-02-15 12:54:18] [INFO] [DEBUG] Starting load of QueueManager at 1676465658261
[23-02-15 12:54:18] [INFO] QueueManager: Loaded 5 queue(s).
[23-02-15 12:54:18] [INFO] [DEBUG] QueueManager has been loaded. (took 11ms)
[23-02-15 12:54:18] [INFO] [DEBUG] Starting load of QueueSignManagerImpl at 1676465658272
[23-02-15 12:54:18] [INFO] QueueSignManagerImpl: Loaded 0 queue sign(s).
[23-02-15 12:54:18] [INFO] [DEBUG] QueueSignManagerImpl has been loaded. (took 2ms)
[23-02-15 12:54:18] [INFO] [DEBUG] Starting load of RequestManager at 1676465658274
[23-02-15 12:54:18] [INFO] [DEBUG] RequestManager has been loaded. (took 0ms)
[23-02-15 12:54:18] [INFO] [DEBUG] Starting load of Teleport at 1676465658274
[23-02-15 12:54:18] [INFO] [DEBUG] Teleport has been loaded. (took 1ms)
[23-02-15 12:54:18] [INFO] [DEBUG] Starting load of ExtensionManager at 1676465658275
[23-02-15 12:54:18] [INFO] [DEBUG] ExtensionManager has been loaded. (took 2ms)
[23-02-15 12:54:18] [INFO] No updates were available. You are on the latest version!
[23-02-15 13:06:06] [INFO] [DEBUG] onDisable start -> 1676466366717

[23-02-15 13:06:06] [INFO] [DEBUG] Starting unload of ExtensionManager at 1676466366719
[23-02-15 13:06:06] [INFO] [DEBUG] ExtensionManager has been unloaded. (took 0ms)
[23-02-15 13:06:06] [INFO] [DEBUG] Starting unload of Teleport at 1676466366719
[23-02-15 13:06:06] [INFO] [DEBUG] Teleport has been unloaded. (took 0ms)
[23-02-15 13:06:06] [INFO] [DEBUG] Starting unload of RequestManager at 1676466366719
[23-02-15 13:06:06] [INFO] [DEBUG] RequestManager has been unloaded. (took 0ms)
[23-02-15 13:06:06] [INFO] [DEBUG] Starting unload of QueueSignManagerImpl at 1676466366719
[23-02-15 13:06:06] [INFO] [DEBUG] QueueSignManagerImpl has been unloaded. (took 0ms)
[23-02-15 13:06:06] [INFO] [DEBUG] Starting unload of QueueManager at 1676466366719
[23-02-15 13:06:06] [INFO] [DEBUG] QueueManager has been unloaded. (took 0ms)
[23-02-15 13:06:06] [INFO] [DEBUG] Starting unload of DuelManager at 1676466366719
[23-02-15 13:06:06] [INFO] [DEBUG] DuelManager has been unloaded. (took 0ms)
[23-02-15 13:06:06] [INFO] [DEBUG] Starting unload of InventoryManager at 1676466366719
[23-02-15 13:06:06] [INFO] [DEBUG] InventoryManager has been unloaded. (took 0ms)
[23-02-15 13:06:06] [INFO] [DEBUG] Starting unload of BettingManager at 1676466366719
[23-02-15 13:06:06] [INFO] [DEBUG] BettingManager has been unloaded. (took 0ms)
[23-02-15 13:06:06] [INFO] [DEBUG] Starting unload of SpectateManagerImpl at 1676466366719
[23-02-15 13:06:06] [INFO] [DEBUG] SpectateManagerImpl has been unloaded. (took 0ms)
[23-02-15 13:06:06] [INFO] [DEBUG] Starting unload of PlayerInfoManager at 1676466366719
[23-02-15 13:06:06] [INFO] [DEBUG] PlayerInfoManager has been unloaded. (took 0ms)
[23-02-15 13:06:06] [INFO] [DEBUG] Starting unload of SettingsManager at 1676466366719
[23-02-15 13:06:06] [INFO] [DEBUG] SettingsManager has been unloaded. (took 0ms)
[23-02-15 13:06:06] [INFO] [DEBUG] Starting unload of ArenaManagerImpl at 1676466366719
[23-02-15 13:06:06] [INFO] [DEBUG] ArenaManagerImpl has been unloaded. (took 0ms)
[23-02-15 13:06:06] [INFO] [DEBUG] Starting unload of KitManagerImpl at 1676466366719
[23-02-15 13:06:06] [INFO] [DEBUG] KitManagerImpl has been unloaded. (took 0ms)
[23-02-15 13:06:06] [INFO] [DEBUG] Starting unload of GuiListener at 1676466366719
[23-02-15 13:06:06] [INFO] [DEBUG] GuiListener has been unloaded. (took 1ms)
[23-02-15 13:06:06] [INFO] [DEBUG] Starting unload of UserManagerImpl at 1676466366720
[23-02-15 13:06:06] [INFO] [DEBUG] UserManagerImpl has been unloaded. (took 11ms)
[23-02-15 13:06:06] [INFO] [DEBUG] Starting unload of Lang at 1676466366731
[23-02-15 13:06:06] [INFO] [DEBUG] Lang has been unloaded. (took 0ms)
[23-02-15 13:06:06] [INFO] [DEBUG] Starting unload of Config at 1676466366731
[23-02-15 13:06:06] [INFO] [DEBUG] Config has been unloaded. (took 0ms)
[23-02-15 13:06:06] [INFO] [DEBUG] unload done (took 14ms)
[23-02-15 13:06:06] [INFO] [DEBUG] Log#clearSources done (took 0ms)
[23-02-15 13:07:23] [INFO] [DEBUG] onEnable start -> 1676466443495

[23-02-15 13:07:23] [INFO] Using Economy Provider: com.earth2me.essentials.economy.vault.VaultEconomyProvider
[23-02-15 13:07:23] [INFO] [DEBUG] Starting load of Config at 1676466443537
[23-02-15 13:07:23] [INFO] [DEBUG] Config has been loaded. (took 3ms)
[23-02-15 13:07:23] [INFO] [DEBUG] Starting load of Lang at 1676466443540
[23-02-15 13:07:23] [INFO] [DEBUG] Lang has been loaded. (took 7ms)
[23-02-15 13:07:23] [INFO] [DEBUG] Starting load of UserManagerImpl at 1676466443547
[23-02-15 13:07:23] [INFO] [DEBUG] UserManagerImpl has been loaded. (took 1ms)
[23-02-15 13:07:23] [INFO] [DEBUG] Starting load of GuiListener at 1676466443548
[23-02-15 13:07:23] [INFO] [DEBUG] GuiListener has been loaded. (took 0ms)
[23-02-15 13:07:23] [INFO] [DEBUG] Starting load of KitManagerImpl at 1676466443548
[23-02-15 13:07:23] [INFO] KitManagerImpl: Loaded 5 kit(s).
[23-02-15 13:07:23] [INFO] [DEBUG] KitManagerImpl has been loaded. (took 164ms)
[23-02-15 13:07:23] [INFO] [DEBUG] Starting load of ArenaManagerImpl at 1676466443712
[23-02-15 13:07:23] [INFO] ArenaManagerImpl: Loaded 10 arena(s).
[23-02-15 13:07:23] [INFO] [DEBUG] ArenaManagerImpl has been loaded. (took 54ms)
[23-02-15 13:07:23] [INFO] [DEBUG] Starting load of SettingsManager at 1676466443766
[23-02-15 13:07:23] [INFO] [DEBUG] SettingsManager has been loaded. (took 0ms)
[23-02-15 13:07:23] [INFO] [DEBUG] Starting load of PlayerInfoManager at 1676466443766
[23-02-15 13:07:23] [INFO] [DEBUG] PlayerInfoManager has been loaded. (took 1ms)
[23-02-15 13:07:23] [INFO] [DEBUG] Starting load of SpectateManagerImpl at 1676466443767
[23-02-15 13:07:23] [INFO] [DEBUG] SpectateManagerImpl has been loaded. (took 0ms)
[23-02-15 13:07:23] [INFO] [DEBUG] Starting load of BettingManager at 1676466443767
[23-02-15 13:07:23] [INFO] [DEBUG] BettingManager has been loaded. (took 0ms)
[23-02-15 13:07:23] [INFO] [DEBUG] Starting load of InventoryManager at 1676466443767
[23-02-15 13:07:23] [INFO] [DEBUG] InventoryManager has been loaded. (took 2ms)
[23-02-15 13:07:23] [INFO] [DEBUG] Starting load of DuelManager at 1676466443769
[23-02-15 13:07:23] [INFO] [DEBUG] DuelManager has been loaded. (took 2ms)
[23-02-15 13:07:23] [INFO] [DEBUG] Starting load of QueueManager at 1676466443771
[23-02-15 13:07:23] [INFO] QueueManager: Loaded 5 queue(s).
[23-02-15 13:07:23] [INFO] [DEBUG] QueueManager has been loaded. (took 10ms)
[23-02-15 13:07:23] [INFO] [DEBUG] Starting load of QueueSignManagerImpl at 1676466443781
[23-02-15 13:07:23] [INFO] QueueSignManagerImpl: Loaded 0 queue sign(s).
[23-02-15 13:07:23] [INFO] [DEBUG] QueueSignManagerImpl has been loaded. (took 1ms)
[23-02-15 13:07:23] [INFO] [DEBUG] Starting load of RequestManager at 1676466443782
[23-02-15 13:07:23] [INFO] [DEBUG] RequestManager has been loaded. (took 0ms)
[23-02-15 13:07:23] [INFO] [DEBUG] Starting load of Teleport at 1676466443782
[23-02-15 13:07:23] [INFO] [DEBUG] Teleport has been loaded. (took 2ms)
[23-02-15 13:07:23] [INFO] [DEBUG] Starting load of ExtensionManager at 1676466443784
[23-02-15 13:07:23] [INFO] [DEBUG] ExtensionManager has been loaded. (took 2ms)
[23-02-15 13:07:24] [INFO] No updates were available. You are on the latest version!
[23-02-15 16:45:38] [INFO] [DEBUG] onDisable start -> 1676479538919

[23-02-15 16:45:38] [INFO] [DEBUG] Starting unload of ExtensionManager at 1676479538924
[23-02-15 16:45:38] [INFO] [DEBUG] ExtensionManager has been unloaded. (took 1ms)
[23-02-15 16:45:38] [INFO] [DEBUG] Starting unload of Teleport at 1676479538925
[23-02-15 16:45:38] [INFO] [DEBUG] Teleport has been unloaded. (took 0ms)
[23-02-15 16:45:38] [INFO] [DEBUG] Starting unload of RequestManager at 1676479538925
[23-02-15 16:45:38] [INFO] [DEBUG] RequestManager has been unloaded. (took 0ms)
[23-02-15 16:45:38] [INFO] [DEBUG] Starting unload of QueueSignManagerImpl at 1676479538925
[23-02-15 16:45:38] [INFO] [DEBUG] QueueSignManagerImpl has been unloaded. (took 0ms)
[23-02-15 16:45:38] [INFO] [DEBUG] Starting unload of QueueManager at 1676479538925
[23-02-15 16:45:38] [INFO] [DEBUG] QueueManager has been unloaded. (took 0ms)
[23-02-15 16:45:38] [INFO] [DEBUG] Starting unload of DuelManager at 1676479538925
[23-02-15 16:45:38] [INFO] [DEBUG] DuelManager has been unloaded. (took 0ms)
[23-02-15 16:45:38] [INFO] [DEBUG] Starting unload of InventoryManager at 1676479538925
[23-02-15 16:45:38] [INFO] [DEBUG] InventoryManager has been unloaded. (took 0ms)
[23-02-15 16:45:38] [INFO] [DEBUG] Starting unload of BettingManager at 1676479538925
[23-02-15 16:45:38] [INFO] [DEBUG] BettingManager has been unloaded. (took 0ms)
[23-02-15 16:45:38] [INFO] [DEBUG] Starting unload of SpectateManagerImpl at 1676479538926
[23-02-15 16:45:38] [INFO] [DEBUG] SpectateManagerImpl has been unloaded. (took 0ms)
[23-02-15 16:45:38] [INFO] [DEBUG] Starting unload of PlayerInfoManager at 1676479538926
[23-02-15 16:45:38] [INFO] [DEBUG] PlayerInfoManager has been unloaded. (took 0ms)
[23-02-15 16:45:38] [INFO] [DEBUG] Starting unload of SettingsManager at 1676479538926
[23-02-15 16:45:38] [INFO] [DEBUG] SettingsManager has been unloaded. (took 0ms)
[23-02-15 16:45:38] [INFO] [DEBUG] Starting unload of ArenaManagerImpl at 1676479538926
[23-02-15 16:45:38] [INFO] [DEBUG] ArenaManagerImpl has been unloaded. (took 0ms)
[23-02-15 16:45:38] [INFO] [DEBUG] Starting unload of KitManagerImpl at 1676479538926
[23-02-15 16:45:38] [INFO] [DEBUG] KitManagerImpl has been unloaded. (took 0ms)
[23-02-15 16:45:38] [INFO] [DEBUG] Starting unload of GuiListener at 1676479538926
[23-02-15 16:45:38] [INFO] [DEBUG] GuiListener has been unloaded. (took 0ms)
[23-02-15 16:45:38] [INFO] [DEBUG] Starting unload of UserManagerImpl at 1676479538927
[23-02-15 16:45:38] [INFO] [DEBUG] UserManagerImpl has been unloaded. (took 0ms)
[23-02-15 16:45:38] [INFO] [DEBUG] Starting unload of Lang at 1676479538927
[23-02-15 16:45:38] [INFO] [DEBUG] Lang has been unloaded. (took 1ms)
[23-02-15 16:45:38] [INFO] [DEBUG] Starting unload of Config at 1676479538928
[23-02-15 16:45:38] [INFO] [DEBUG] Config has been unloaded. (took 0ms)
[23-02-15 16:45:38] [INFO] [DEBUG] unload done (took 9ms)
[23-02-15 16:45:38] [INFO] [DEBUG] Log#clearSources done (took 0ms)
[23-02-15 16:47:21] [INFO] [DEBUG] onEnable start -> 1676479641672

[23-02-15 16:47:21] [INFO] Using Economy Provider: com.earth2me.essentials.economy.vault.VaultEconomyProvider
[23-02-15 16:47:21] [INFO] [DEBUG] Starting load of Config at 1676479641713
[23-02-15 16:47:21] [INFO] [DEBUG] Config has been loaded. (took 4ms)
[23-02-15 16:47:21] [INFO] [DEBUG] Starting load of Lang at 1676479641717
[23-02-15 16:47:21] [INFO] [DEBUG] Lang has been loaded. (took 8ms)
[23-02-15 16:47:21] [INFO] [DEBUG] Starting load of UserManagerImpl at 1676479641725
[23-02-15 16:47:21] [INFO] [DEBUG] UserManagerImpl has been loaded. (took 0ms)
[23-02-15 16:47:21] [INFO] [DEBUG] Starting load of GuiListener at 1676479641725
[23-02-15 16:47:21] [INFO] [DEBUG] GuiListener has been loaded. (took 1ms)
[23-02-15 16:47:21] [INFO] [DEBUG] Starting load of KitManagerImpl at 1676479641726
[23-02-15 16:47:21] [INFO] KitManagerImpl: Loaded 5 kit(s).
[23-02-15 16:47:21] [INFO] [DEBUG] KitManagerImpl has been loaded. (took 169ms)
[23-02-15 16:47:21] [INFO] [DEBUG] Starting load of ArenaManagerImpl at 1676479641895
[23-02-15 16:47:21] [INFO] ArenaManagerImpl: Loaded 10 arena(s).
[23-02-15 16:47:21] [INFO] [DEBUG] ArenaManagerImpl has been loaded. (took 50ms)
[23-02-15 16:47:21] [INFO] [DEBUG] Starting load of SettingsManager at 1676479641945
[23-02-15 16:47:21] [INFO] [DEBUG] SettingsManager has been loaded. (took 0ms)
[23-02-15 16:47:21] [INFO] [DEBUG] Starting load of PlayerInfoManager at 1676479641945
[23-02-15 16:47:21] [INFO] [DEBUG] PlayerInfoManager has been loaded. (took 1ms)
[23-02-15 16:47:21] [INFO] [DEBUG] Starting load of SpectateManagerImpl at 1676479641946
[23-02-15 16:47:21] [INFO] [DEBUG] SpectateManagerImpl has been loaded. (took 0ms)
[23-02-15 16:47:21] [INFO] [DEBUG] Starting load of BettingManager at 1676479641946
[23-02-15 16:47:21] [INFO] [DEBUG] BettingManager has been loaded. (took 1ms)
[23-02-15 16:47:21] [INFO] [DEBUG] Starting load of InventoryManager at 1676479641947
[23-02-15 16:47:21] [INFO] [DEBUG] InventoryManager has been loaded. (took 1ms)
[23-02-15 16:47:21] [INFO] [DEBUG] Starting load of DuelManager at 1676479641948
[23-02-15 16:47:21] [INFO] [DEBUG] DuelManager has been loaded. (took 2ms)
[23-02-15 16:47:21] [INFO] [DEBUG] Starting load of QueueManager at 1676479641950
[23-02-15 16:47:21] [INFO] QueueManager: Loaded 5 queue(s).
[23-02-15 16:47:21] [INFO] [DEBUG] QueueManager has been loaded. (took 11ms)
[23-02-15 16:47:21] [INFO] [DEBUG] Starting load of QueueSignManagerImpl at 1676479641961
[23-02-15 16:47:21] [INFO] QueueSignManagerImpl: Loaded 0 queue sign(s).
[23-02-15 16:47:21] [INFO] [DEBUG] QueueSignManagerImpl has been loaded. (took 1ms)
[23-02-15 16:47:21] [INFO] [DEBUG] Starting load of RequestManager at 1676479641963
[23-02-15 16:47:21] [INFO] [DEBUG] RequestManager has been loaded. (took 0ms)
[23-02-15 16:47:21] [INFO] [DEBUG] Starting load of Teleport at 1676479641963
[23-02-15 16:47:21] [INFO] [DEBUG] Teleport has been loaded. (took 1ms)
[23-02-15 16:47:21] [INFO] [DEBUG] Starting load of ExtensionManager at 1676479641964
[23-02-15 16:47:21] [INFO] [DEBUG] ExtensionManager has been loaded. (took 3ms)
[23-02-15 16:47:22] [INFO] No updates were available. You are on the latest version!
[23-02-15 17:48:01] [INFO] [DEBUG] onDisable start -> 1676483281478

[23-02-15 17:48:01] [INFO] [DEBUG] Starting unload of ExtensionManager at 1676483281481
[23-02-15 17:48:01] [INFO] [DEBUG] ExtensionManager has been unloaded. (took 0ms)
[23-02-15 17:48:01] [INFO] [DEBUG] Starting unload of Teleport at 1676483281481
[23-02-15 17:48:01] [INFO] [DEBUG] Teleport has been unloaded. (took 0ms)
[23-02-15 17:48:01] [INFO] [DEBUG] Starting unload of RequestManager at 1676483281481
[23-02-15 17:48:01] [INFO] [DEBUG] RequestManager has been unloaded. (took 0ms)
[23-02-15 17:48:01] [INFO] [DEBUG] Starting unload of QueueSignManagerImpl at 1676483281481
[23-02-15 17:48:01] [INFO] [DEBUG] QueueSignManagerImpl has been unloaded. (took 0ms)
[23-02-15 17:48:01] [INFO] [DEBUG] Starting unload of QueueManager at 1676483281481
[23-02-15 17:48:01] [INFO] [DEBUG] QueueManager has been unloaded. (took 0ms)
[23-02-15 17:48:01] [INFO] [DEBUG] Starting unload of DuelManager at 1676483281481
[23-02-15 17:48:01] [INFO] [DEBUG] DuelManager has been unloaded. (took 0ms)
[23-02-15 17:48:01] [INFO] [DEBUG] Starting unload of InventoryManager at 1676483281481
[23-02-15 17:48:01] [INFO] [DEBUG] InventoryManager has been unloaded. (took 0ms)
[23-02-15 17:48:01] [INFO] [DEBUG] Starting unload of BettingManager at 1676483281481
[23-02-15 17:48:01] [INFO] [DEBUG] BettingManager has been unloaded. (took 0ms)
[23-02-15 17:48:01] [INFO] [DEBUG] Starting unload of SpectateManagerImpl at 1676483281481
[23-02-15 17:48:01] [INFO] [DEBUG] SpectateManagerImpl has been unloaded. (took 0ms)
[23-02-15 17:48:01] [INFO] [DEBUG] Starting unload of PlayerInfoManager at 1676483281481
[23-02-15 17:48:01] [INFO] [DEBUG] PlayerInfoManager has been unloaded. (took 1ms)
[23-02-15 17:48:01] [INFO] [DEBUG] Starting unload of SettingsManager at 1676483281482
[23-02-15 17:48:01] [INFO] [DEBUG] SettingsManager has been unloaded. (took 0ms)
[23-02-15 17:48:01] [INFO] [DEBUG] Starting unload of ArenaManagerImpl at 1676483281482
[23-02-15 17:48:01] [INFO] [DEBUG] ArenaManagerImpl has been unloaded. (took 0ms)
[23-02-15 17:48:01] [INFO] [DEBUG] Starting unload of KitManagerImpl at 1676483281482
[23-02-15 17:48:01] [INFO] [DEBUG] KitManagerImpl has been unloaded. (took 0ms)
[23-02-15 17:48:01] [INFO] [DEBUG] Starting unload of GuiListener at 1676483281482
[23-02-15 17:48:01] [INFO] [DEBUG] GuiListener has been unloaded. (took 0ms)
[23-02-15 17:48:01] [INFO] [DEBUG] Starting unload of UserManagerImpl at 1676483281482
[23-02-15 17:48:01] [INFO] [DEBUG] UserManagerImpl has been unloaded. (took 22ms)
[23-02-15 17:48:01] [INFO] [DEBUG] Starting unload of Lang at 1676483281505
[23-02-15 17:48:01] [INFO] [DEBUG] Lang has been unloaded. (took 0ms)
[23-02-15 17:48:01] [INFO] [DEBUG] Starting unload of Config at 1676483281505
[23-02-15 17:48:01] [INFO] [DEBUG] Config has been unloaded. (took 0ms)
[23-02-15 17:48:01] [INFO] [DEBUG] unload done (took 27ms)
[23-02-15 17:48:01] [INFO] [DEBUG] Log#clearSources done (took 0ms)
[23-02-15 17:49:58] [INFO] [DEBUG] onEnable start -> 1676483398288

[23-02-15 17:49:58] [INFO] Using Economy Provider: com.earth2me.essentials.economy.vault.VaultEconomyProvider
[23-02-15 17:49:58] [INFO] [DEBUG] Starting load of Config at 1676483398328
[23-02-15 17:49:58] [INFO] [DEBUG] Config has been loaded. (took 4ms)
[23-02-15 17:49:58] [INFO] [DEBUG] Starting load of Lang at 1676483398332
[23-02-15 17:49:58] [INFO] [DEBUG] Lang has been loaded. (took 7ms)
[23-02-15 17:49:58] [INFO] [DEBUG] Starting load of UserManagerImpl at 1676483398340
[23-02-15 17:49:58] [INFO] [DEBUG] UserManagerImpl has been loaded. (took 0ms)
[23-02-15 17:49:58] [INFO] [DEBUG] Starting load of GuiListener at 1676483398340
[23-02-15 17:49:58] [INFO] [DEBUG] GuiListener has been loaded. (took 0ms)
[23-02-15 17:49:58] [INFO] [DEBUG] Starting load of KitManagerImpl at 1676483398340
[23-02-15 17:49:58] [INFO] KitManagerImpl: Loaded 5 kit(s).
[23-02-15 17:49:58] [INFO] [DEBUG] KitManagerImpl has been loaded. (took 182ms)
[23-02-15 17:49:58] [INFO] [DEBUG] Starting load of ArenaManagerImpl at 1676483398522
[23-02-15 17:49:58] [INFO] ArenaManagerImpl: Loaded 10 arena(s).
[23-02-15 17:49:58] [INFO] [DEBUG] ArenaManagerImpl has been loaded. (took 51ms)
[23-02-15 17:49:58] [INFO] [DEBUG] Starting load of SettingsManager at 1676483398573
[23-02-15 17:49:58] [INFO] [DEBUG] SettingsManager has been loaded. (took 0ms)
[23-02-15 17:49:58] [INFO] [DEBUG] Starting load of PlayerInfoManager at 1676483398573
[23-02-15 17:49:58] [INFO] [DEBUG] PlayerInfoManager has been loaded. (took 1ms)
[23-02-15 17:49:58] [INFO] [DEBUG] Starting load of SpectateManagerImpl at 1676483398574
[23-02-15 17:49:58] [INFO] [DEBUG] SpectateManagerImpl has been loaded. (took 0ms)
[23-02-15 17:49:58] [INFO] [DEBUG] Starting load of BettingManager at 1676483398574
[23-02-15 17:49:58] [INFO] [DEBUG] BettingManager has been loaded. (took 0ms)
[23-02-15 17:49:58] [INFO] [DEBUG] Starting load of InventoryManager at 1676483398574
[23-02-15 17:49:58] [INFO] [DEBUG] InventoryManager has been loaded. (took 1ms)
[23-02-15 17:49:58] [INFO] [DEBUG] Starting load of DuelManager at 1676483398575
[23-02-15 17:49:58] [INFO] [DEBUG] DuelManager has been loaded. (took 2ms)
[23-02-15 17:49:58] [INFO] [DEBUG] Starting load of QueueManager at 1676483398577
[23-02-15 17:49:58] [INFO] QueueManager: Loaded 5 queue(s).
[23-02-15 17:49:58] [INFO] [DEBUG] QueueManager has been loaded. (took 11ms)
[23-02-15 17:49:58] [INFO] [DEBUG] Starting load of QueueSignManagerImpl at 1676483398588
[23-02-15 17:49:58] [INFO] QueueSignManagerImpl: Loaded 0 queue sign(s).
[23-02-15 17:49:58] [INFO] [DEBUG] QueueSignManagerImpl has been loaded. (took 2ms)
[23-02-15 17:49:58] [INFO] [DEBUG] Starting load of RequestManager at 1676483398590
[23-02-15 17:49:58] [INFO] [DEBUG] RequestManager has been loaded. (took 0ms)
[23-02-15 17:49:58] [INFO] [DEBUG] Starting load of Teleport at 1676483398590
[23-02-15 17:49:58] [INFO] [DEBUG] Teleport has been loaded. (took 1ms)
[23-02-15 17:49:58] [INFO] [DEBUG] Starting load of ExtensionManager at 1676483398592
[23-02-15 17:49:58] [INFO] [DEBUG] ExtensionManager has been loaded. (took 2ms)
[23-02-15 17:49:59] [INFO] No updates were available. You are on the latest version!
[23-02-15 22:43:54] [INFO] [DEBUG] onEnable start -> 1676501034147

[23-02-15 22:43:54] [INFO] Using Economy Provider: com.earth2me.essentials.economy.vault.VaultEconomyProvider
[23-02-15 22:43:54] [INFO] [DEBUG] Starting load of Config at 1676501034188
[23-02-15 22:43:54] [INFO] [DEBUG] Config has been loaded. (took 5ms)
[23-02-15 22:43:54] [INFO] [DEBUG] Starting load of Lang at 1676501034193
[23-02-15 22:43:54] [INFO] [DEBUG] Lang has been loaded. (took 6ms)
[23-02-15 22:43:54] [INFO] [DEBUG] Starting load of UserManagerImpl at 1676501034199
[23-02-15 22:43:54] [INFO] [DEBUG] UserManagerImpl has been loaded. (took 1ms)
[23-02-15 22:43:54] [INFO] [DEBUG] Starting load of GuiListener at 1676501034200
[23-02-15 22:43:54] [INFO] [DEBUG] GuiListener has been loaded. (took 0ms)
[23-02-15 22:43:54] [INFO] [DEBUG] Starting load of KitManagerImpl at 1676501034200
[23-02-15 22:43:54] [INFO] KitManagerImpl: Loaded 5 kit(s).
[23-02-15 22:43:54] [INFO] [DEBUG] KitManagerImpl has been loaded. (took 160ms)
[23-02-15 22:43:54] [INFO] [DEBUG] Starting load of ArenaManagerImpl at 1676501034360
[23-02-15 22:43:54] [INFO] ArenaManagerImpl: Loaded 10 arena(s).
[23-02-15 22:43:54] [INFO] [DEBUG] ArenaManagerImpl has been loaded. (took 48ms)
[23-02-15 22:43:54] [INFO] [DEBUG] Starting load of SettingsManager at 1676501034408
[23-02-15 22:43:54] [INFO] [DEBUG] SettingsManager has been loaded. (took 0ms)
[23-02-15 22:43:54] [INFO] [DEBUG] Starting load of PlayerInfoManager at 1676501034408
[23-02-15 22:43:54] [INFO] [DEBUG] PlayerInfoManager has been loaded. (took 1ms)
[23-02-15 22:43:54] [INFO] [DEBUG] Starting load of SpectateManagerImpl at 1676501034409
[23-02-15 22:43:54] [INFO] [DEBUG] SpectateManagerImpl has been loaded. (took 0ms)
[23-02-15 22:43:54] [INFO] [DEBUG] Starting load of BettingManager at 1676501034409
[23-02-15 22:43:54] [INFO] [DEBUG] BettingManager has been loaded. (took 0ms)
[23-02-15 22:43:54] [INFO] [DEBUG] Starting load of InventoryManager at 1676501034409
[23-02-15 22:43:54] [INFO] [DEBUG] InventoryManager has been loaded. (took 2ms)
[23-02-15 22:43:54] [INFO] [DEBUG] Starting load of DuelManager at 1676501034411
[23-02-15 22:43:54] [INFO] [DEBUG] DuelManager has been loaded. (took 1ms)
[23-02-15 22:43:54] [INFO] [DEBUG] Starting load of QueueManager at 1676501034413
[23-02-15 22:43:54] [INFO] QueueManager: Loaded 5 queue(s).
[23-02-15 22:43:54] [INFO] [DEBUG] QueueManager has been loaded. (took 10ms)
[23-02-15 22:43:54] [INFO] [DEBUG] Starting load of QueueSignManagerImpl at 1676501034423
[23-02-15 22:43:54] [INFO] QueueSignManagerImpl: Loaded 0 queue sign(s).
[23-02-15 22:43:54] [INFO] [DEBUG] QueueSignManagerImpl has been loaded. (took 1ms)
[23-02-15 22:43:54] [INFO] [DEBUG] Starting load of RequestManager at 1676501034424
[23-02-15 22:43:54] [INFO] [DEBUG] RequestManager has been loaded. (took 1ms)
[23-02-15 22:43:54] [INFO] [DEBUG] Starting load of Teleport at 1676501034425
[23-02-15 22:43:54] [INFO] [DEBUG] Teleport has been loaded. (took 1ms)
[23-02-15 22:43:54] [INFO] [DEBUG] Starting load of ExtensionManager at 1676501034426
[23-02-15 22:43:54] [INFO] [DEBUG] ExtensionManager has been loaded. (took 2ms)
[23-02-15 22:43:55] [INFO] No updates were available. You are on the latest version!
[23-02-16 00:32:39] [INFO] [DEBUG] onDisable start -> 1676507559875

[23-02-16 00:32:39] [INFO] [DEBUG] Starting unload of ExtensionManager at 1676507559877
[23-02-16 00:32:39] [INFO] [DEBUG] ExtensionManager has been unloaded. (took 1ms)
[23-02-16 00:32:39] [INFO] [DEBUG] Starting unload of Teleport at 1676507559878
[23-02-16 00:32:39] [INFO] [DEBUG] Teleport has been unloaded. (took 0ms)
[23-02-16 00:32:39] [INFO] [DEBUG] Starting unload of RequestManager at 1676507559878
[23-02-16 00:32:39] [INFO] [DEBUG] RequestManager has been unloaded. (took 0ms)
[23-02-16 00:32:39] [INFO] [DEBUG] Starting unload of QueueSignManagerImpl at 1676507559878
[23-02-16 00:32:39] [INFO] [DEBUG] QueueSignManagerImpl has been unloaded. (took 0ms)
[23-02-16 00:32:39] [INFO] [DEBUG] Starting unload of QueueManager at 1676507559878
[23-02-16 00:32:39] [INFO] [DEBUG] QueueManager has been unloaded. (took 0ms)
[23-02-16 00:32:39] [INFO] [DEBUG] Starting unload of DuelManager at 1676507559878
[23-02-16 00:32:39] [INFO] [DEBUG] DuelManager has been unloaded. (took 0ms)
[23-02-16 00:32:39] [INFO] [DEBUG] Starting unload of InventoryManager at 1676507559878
[23-02-16 00:32:39] [INFO] [DEBUG] InventoryManager has been unloaded. (took 1ms)
[23-02-16 00:32:39] [INFO] [DEBUG] Starting unload of BettingManager at 1676507559879
[23-02-16 00:32:39] [INFO] [DEBUG] BettingManager has been unloaded. (took 0ms)
[23-02-16 00:32:39] [INFO] [DEBUG] Starting unload of SpectateManagerImpl at 1676507559879
[23-02-16 00:32:39] [INFO] [DEBUG] SpectateManagerImpl has been unloaded. (took 0ms)
[23-02-16 00:32:39] [INFO] [DEBUG] Starting unload of PlayerInfoManager at 1676507559879
[23-02-16 00:32:39] [INFO] [DEBUG] PlayerInfoManager has been unloaded. (took 0ms)
[23-02-16 00:32:39] [INFO] [DEBUG] Starting unload of SettingsManager at 1676507559879
[23-02-16 00:32:39] [INFO] [DEBUG] SettingsManager has been unloaded. (took 0ms)
[23-02-16 00:32:39] [INFO] [DEBUG] Starting unload of ArenaManagerImpl at 1676507559879
[23-02-16 00:32:39] [INFO] [DEBUG] ArenaManagerImpl has been unloaded. (took 0ms)
[23-02-16 00:32:39] [INFO] [DEBUG] Starting unload of KitManagerImpl at 1676507559879
[23-02-16 00:32:39] [INFO] [DEBUG] KitManagerImpl has been unloaded. (took 0ms)
[23-02-16 00:32:39] [INFO] [DEBUG] Starting unload of GuiListener at 1676507559879
[23-02-16 00:32:39] [INFO] [DEBUG] GuiListener has been unloaded. (took 1ms)
[23-02-16 00:32:39] [INFO] [DEBUG] Starting unload of UserManagerImpl at 1676507559880
[23-02-16 00:32:39] [INFO] [DEBUG] UserManagerImpl has been unloaded. (took 0ms)
[23-02-16 00:32:39] [INFO] [DEBUG] Starting unload of Lang at 1676507559880
[23-02-16 00:32:39] [INFO] [DEBUG] Lang has been unloaded. (took 0ms)
[23-02-16 00:32:39] [INFO] [DEBUG] Starting unload of Config at 1676507559880
[23-02-16 00:32:39] [INFO] [DEBUG] Config has been unloaded. (took 1ms)
[23-02-16 00:32:39] [INFO] [DEBUG] unload done (took 6ms)
[23-02-16 00:32:39] [INFO] [DEBUG] Log#clearSources done (took 0ms)
