[23-02-18 14:19:10] [INFO] [DEBUG] onEnable start -> 1676729950483

[23-02-18 14:19:10] [INFO] Using Economy Provider: com.earth2me.essentials.economy.vault.VaultEconomyProvider
[23-02-18 14:19:10] [INFO] [DEBUG] Starting load of Config at 1676729950589
[23-02-18 14:19:10] [INFO] [DEBUG] Config has been loaded. (took 6ms)
[23-02-18 14:19:10] [INFO] [DEBUG] Starting load of Lang at 1676729950595
[23-02-18 14:19:10] [INFO] [DEBUG] Lang has been loaded. (took 19ms)
[23-02-18 14:19:10] [INFO] [DEBUG] Starting load of UserManagerImpl at 1676729950615
[23-02-18 14:19:10] [INFO] [DEBUG] UserManagerImpl has been loaded. (took 0ms)
[23-02-18 14:19:10] [INFO] [DEBUG] Starting load of GuiListener at 1676729950615
[23-02-18 14:19:10] [INFO] [DEBUG] GuiListener has been loaded. (took 0ms)
[23-02-18 14:19:10] [INFO] [DEBUG] Starting load of KitManagerImpl at 1676729950615
[23-02-18 14:19:10] [INFO] KitManagerImpl: Loaded 5 kit(s).
[23-02-18 14:19:10] [INFO] [DEBUG] KitManagerImpl has been loaded. (took 147ms)
[23-02-18 14:19:10] [INFO] [DEBUG] Starting load of ArenaManagerImpl at 1676729950762
[23-02-18 14:19:10] [INFO] ArenaManagerImpl: Loaded 10 arena(s).
[23-02-18 14:19:10] [INFO] [DEBUG] ArenaManagerImpl has been loaded. (took 10ms)
[23-02-18 14:19:10] [INFO] [DEBUG] Starting load of SettingsManager at 1676729950772
[23-02-18 14:19:10] [INFO] [DEBUG] SettingsManager has been loaded. (took 1ms)
[23-02-18 14:19:10] [INFO] [DEBUG] Starting load of PlayerInfoManager at 1676729950773
[23-02-18 14:19:10] [INFO] [DEBUG] PlayerInfoManager has been loaded. (took 0ms)
[23-02-18 14:19:10] [INFO] [DEBUG] Starting load of SpectateManagerImpl at 1676729950773
[23-02-18 14:19:10] [INFO] [DEBUG] SpectateManagerImpl has been loaded. (took 0ms)
[23-02-18 14:19:10] [INFO] [DEBUG] Starting load of BettingManager at 1676729950773
[23-02-18 14:19:10] [INFO] [DEBUG] BettingManager has been loaded. (took 0ms)
[23-02-18 14:19:10] [INFO] [DEBUG] Starting load of InventoryManager at 1676729950773
[23-02-18 14:19:10] [INFO] [DEBUG] InventoryManager has been loaded. (took 0ms)
[23-02-18 14:19:10] [INFO] [DEBUG] Starting load of DuelManager at 1676729950773
[23-02-18 14:19:10] [INFO] [DEBUG] DuelManager has been loaded. (took 1ms)
[23-02-18 14:19:10] [INFO] [DEBUG] Starting load of QueueManager at 1676729950774
[23-02-18 14:19:10] [INFO] QueueManager: Loaded 5 queue(s).
[23-02-18 14:19:10] [INFO] [DEBUG] QueueManager has been loaded. (took 3ms)
[23-02-18 14:19:10] [INFO] [DEBUG] Starting load of QueueSignManagerImpl at 1676729950777
[23-02-18 14:19:10] [INFO] QueueSignManagerImpl: Loaded 0 queue sign(s).
[23-02-18 14:19:10] [INFO] [DEBUG] QueueSignManagerImpl has been loaded. (took 0ms)
[23-02-18 14:19:10] [INFO] [DEBUG] Starting load of RequestManager at 1676729950777
[23-02-18 14:19:10] [INFO] [DEBUG] RequestManager has been loaded. (took 0ms)
[23-02-18 14:19:10] [INFO] [DEBUG] Starting load of Teleport at 1676729950777
[23-02-18 14:19:10] [INFO] [DEBUG] Teleport has been loaded. (took 1ms)
[23-02-18 14:19:10] [INFO] [DEBUG] Starting load of ExtensionManager at 1676729950778
[23-02-18 14:19:10] [INFO] [DEBUG] ExtensionManager has been loaded. (took 0ms)
[23-02-18 14:19:12] [INFO] No updates were available. You are on the latest version!
[23-02-18 14:37:48] [INFO] [DEBUG] onDisable start -> 1676731068136

[23-02-18 14:37:48] [INFO] [DEBUG] Starting unload of ExtensionManager at 1676731068138
[23-02-18 14:37:48] [INFO] [DEBUG] ExtensionManager has been unloaded. (took 1ms)
[23-02-18 14:37:48] [INFO] [DEBUG] Starting unload of Teleport at 1676731068139
[23-02-18 14:37:48] [INFO] [DEBUG] Teleport has been unloaded. (took 0ms)
[23-02-18 14:37:48] [INFO] [DEBUG] Starting unload of RequestManager at 1676731068139
[23-02-18 14:37:48] [INFO] [DEBUG] RequestManager has been unloaded. (took 0ms)
[23-02-18 14:37:48] [INFO] [DEBUG] Starting unload of QueueSignManagerImpl at 1676731068139
[23-02-18 14:37:48] [INFO] [DEBUG] QueueSignManagerImpl has been unloaded. (took 0ms)
[23-02-18 14:37:48] [INFO] [DEBUG] Starting unload of QueueManager at 1676731068139
[23-02-18 14:37:48] [INFO] [DEBUG] QueueManager has been unloaded. (took 0ms)
[23-02-18 14:37:48] [INFO] [DEBUG] Starting unload of DuelManager at 1676731068139
[23-02-18 14:37:48] [INFO] [DEBUG] DuelManager has been unloaded. (took 0ms)
[23-02-18 14:37:48] [INFO] [DEBUG] Starting unload of InventoryManager at 1676731068139
[23-02-18 14:37:48] [INFO] [DEBUG] InventoryManager has been unloaded. (took 0ms)
[23-02-18 14:37:48] [INFO] [DEBUG] Starting unload of BettingManager at 1676731068139
[23-02-18 14:37:48] [INFO] [DEBUG] BettingManager has been unloaded. (took 0ms)
[23-02-18 14:37:48] [INFO] [DEBUG] Starting unload of SpectateManagerImpl at 1676731068139
[23-02-18 14:37:48] [INFO] [DEBUG] SpectateManagerImpl has been unloaded. (took 0ms)
[23-02-18 14:37:48] [INFO] [DEBUG] Starting unload of PlayerInfoManager at 1676731068139
[23-02-18 14:37:48] [INFO] [DEBUG] PlayerInfoManager has been unloaded. (took 1ms)
[23-02-18 14:37:48] [INFO] [DEBUG] Starting unload of SettingsManager at 1676731068140
[23-02-18 14:37:48] [INFO] [DEBUG] SettingsManager has been unloaded. (took 0ms)
[23-02-18 14:37:48] [INFO] [DEBUG] Starting unload of ArenaManagerImpl at 1676731068140
[23-02-18 14:37:48] [INFO] [DEBUG] ArenaManagerImpl has been unloaded. (took 0ms)
[23-02-18 14:37:48] [INFO] [DEBUG] Starting unload of KitManagerImpl at 1676731068140
[23-02-18 14:37:48] [INFO] [DEBUG] KitManagerImpl has been unloaded. (took 0ms)
[23-02-18 14:37:48] [INFO] [DEBUG] Starting unload of GuiListener at 1676731068140
[23-02-18 14:37:48] [INFO] [DEBUG] GuiListener has been unloaded. (took 0ms)
[23-02-18 14:37:48] [INFO] [DEBUG] Starting unload of UserManagerImpl at 1676731068140
[23-02-18 14:37:48] [INFO] [DEBUG] UserManagerImpl has been unloaded. (took 1ms)
[23-02-18 14:37:48] [INFO] [DEBUG] Starting unload of Lang at 1676731068141
[23-02-18 14:37:48] [INFO] [DEBUG] Lang has been unloaded. (took 0ms)
[23-02-18 14:37:48] [INFO] [DEBUG] Starting unload of Config at 1676731068141
[23-02-18 14:37:48] [INFO] [DEBUG] Config has been unloaded. (took 0ms)
[23-02-18 14:37:48] [INFO] [DEBUG] unload done (took 5ms)
[23-02-18 14:37:48] [INFO] [DEBUG] Log#clearSources done (took 0ms)
[23-02-18 14:39:04] [INFO] [DEBUG] onEnable start -> 1676731144672

[23-02-18 14:39:04] [INFO] Using Economy Provider: com.earth2me.essentials.economy.vault.VaultEconomyProvider
[23-02-18 14:39:04] [INFO] [DEBUG] Starting load of Config at 1676731144847
[23-02-18 14:39:04] [INFO] [DEBUG] Config has been loaded. (took 6ms)
[23-02-18 14:39:04] [INFO] [DEBUG] Starting load of Lang at 1676731144853
[23-02-18 14:39:04] [INFO] [DEBUG] Lang has been loaded. (took 15ms)
[23-02-18 14:39:04] [INFO] [DEBUG] Starting load of UserManagerImpl at 1676731144868
[23-02-18 14:39:04] [INFO] [DEBUG] UserManagerImpl has been loaded. (took 1ms)
[23-02-18 14:39:04] [INFO] [DEBUG] Starting load of GuiListener at 1676731144869
[23-02-18 14:39:04] [INFO] [DEBUG] GuiListener has been loaded. (took 0ms)
[23-02-18 14:39:04] [INFO] [DEBUG] Starting load of KitManagerImpl at 1676731144869
[23-02-18 14:39:05] [INFO] KitManagerImpl: Loaded 5 kit(s).
[23-02-18 14:39:05] [INFO] [DEBUG] KitManagerImpl has been loaded. (took 215ms)
[23-02-18 14:39:05] [INFO] [DEBUG] Starting load of ArenaManagerImpl at 1676731145084
[23-02-18 14:39:05] [INFO] ArenaManagerImpl: Loaded 10 arena(s).
[23-02-18 14:39:05] [INFO] [DEBUG] ArenaManagerImpl has been loaded. (took 11ms)
[23-02-18 14:39:05] [INFO] [DEBUG] Starting load of SettingsManager at 1676731145095
[23-02-18 14:39:05] [INFO] [DEBUG] SettingsManager has been loaded. (took 0ms)
[23-02-18 14:39:05] [INFO] [DEBUG] Starting load of PlayerInfoManager at 1676731145095
[23-02-18 14:39:05] [INFO] [DEBUG] PlayerInfoManager has been loaded. (took 0ms)
[23-02-18 14:39:05] [INFO] [DEBUG] Starting load of SpectateManagerImpl at 1676731145095
[23-02-18 14:39:05] [INFO] [DEBUG] SpectateManagerImpl has been loaded. (took 0ms)
[23-02-18 14:39:05] [INFO] [DEBUG] Starting load of BettingManager at 1676731145095
[23-02-18 14:39:05] [INFO] [DEBUG] BettingManager has been loaded. (took 0ms)
[23-02-18 14:39:05] [INFO] [DEBUG] Starting load of InventoryManager at 1676731145095
[23-02-18 14:39:05] [INFO] [DEBUG] InventoryManager has been loaded. (took 1ms)
[23-02-18 14:39:05] [INFO] [DEBUG] Starting load of DuelManager at 1676731145096
[23-02-18 14:39:05] [INFO] [DEBUG] DuelManager has been loaded. (took 0ms)
[23-02-18 14:39:05] [INFO] [DEBUG] Starting load of QueueManager at 1676731145096
[23-02-18 14:39:05] [INFO] QueueManager: Loaded 5 queue(s).
[23-02-18 14:39:05] [INFO] [DEBUG] QueueManager has been loaded. (took 3ms)
[23-02-18 14:39:05] [INFO] [DEBUG] Starting load of QueueSignManagerImpl at 1676731145099
[23-02-18 14:39:05] [INFO] QueueSignManagerImpl: Loaded 0 queue sign(s).
[23-02-18 14:39:05] [INFO] [DEBUG] QueueSignManagerImpl has been loaded. (took 0ms)
[23-02-18 14:39:05] [INFO] [DEBUG] Starting load of RequestManager at 1676731145142
[23-02-18 14:39:05] [INFO] [DEBUG] RequestManager has been loaded. (took 0ms)
[23-02-18 14:39:05] [INFO] [DEBUG] Starting load of Teleport at 1676731145142
[23-02-18 14:39:05] [INFO] [DEBUG] Teleport has been loaded. (took 1ms)
[23-02-18 14:39:05] [INFO] [DEBUG] Starting load of ExtensionManager at 1676731145143
[23-02-18 14:39:05] [INFO] [DEBUG] ExtensionManager has been loaded. (took 0ms)
[23-02-18 14:39:06] [INFO] No updates were available. You are on the latest version!
[23-02-18 14:43:05] [INFO] [DEBUG] onDisable start -> 1676731385566

[23-02-18 14:43:05] [INFO] [DEBUG] Starting unload of ExtensionManager at 1676731385568
[23-02-18 14:43:05] [INFO] [DEBUG] ExtensionManager has been unloaded. (took 0ms)
[23-02-18 14:43:05] [INFO] [DEBUG] Starting unload of Teleport at 1676731385568
[23-02-18 14:43:05] [INFO] [DEBUG] Teleport has been unloaded. (took 0ms)
[23-02-18 14:43:05] [INFO] [DEBUG] Starting unload of RequestManager at 1676731385568
[23-02-18 14:43:05] [INFO] [DEBUG] RequestManager has been unloaded. (took 0ms)
[23-02-18 14:43:05] [INFO] [DEBUG] Starting unload of QueueSignManagerImpl at 1676731385568
[23-02-18 14:43:05] [INFO] [DEBUG] QueueSignManagerImpl has been unloaded. (took 1ms)
[23-02-18 14:43:05] [INFO] [DEBUG] Starting unload of QueueManager at 1676731385569
[23-02-18 14:43:05] [INFO] [DEBUG] QueueManager has been unloaded. (took 0ms)
[23-02-18 14:43:05] [INFO] [DEBUG] Starting unload of DuelManager at 1676731385569
[23-02-18 14:43:05] [INFO] [DEBUG] DuelManager has been unloaded. (took 0ms)
[23-02-18 14:43:05] [INFO] [DEBUG] Starting unload of InventoryManager at 1676731385569
[23-02-18 14:43:05] [INFO] [DEBUG] InventoryManager has been unloaded. (took 0ms)
[23-02-18 14:43:05] [INFO] [DEBUG] Starting unload of BettingManager at 1676731385569
[23-02-18 14:43:05] [INFO] [DEBUG] BettingManager has been unloaded. (took 0ms)
[23-02-18 14:43:05] [INFO] [DEBUG] Starting unload of SpectateManagerImpl at 1676731385569
[23-02-18 14:43:05] [INFO] [DEBUG] SpectateManagerImpl has been unloaded. (took 0ms)
[23-02-18 14:43:05] [INFO] [DEBUG] Starting unload of PlayerInfoManager at 1676731385569
[23-02-18 14:43:05] [INFO] [DEBUG] PlayerInfoManager has been unloaded. (took 0ms)
[23-02-18 14:43:05] [INFO] [DEBUG] Starting unload of SettingsManager at 1676731385569
[23-02-18 14:43:05] [INFO] [DEBUG] SettingsManager has been unloaded. (took 0ms)
[23-02-18 14:43:05] [INFO] [DEBUG] Starting unload of ArenaManagerImpl at 1676731385569
[23-02-18 14:43:05] [INFO] [DEBUG] ArenaManagerImpl has been unloaded. (took 0ms)
[23-02-18 14:43:05] [INFO] [DEBUG] Starting unload of KitManagerImpl at 1676731385569
[23-02-18 14:43:05] [INFO] [DEBUG] KitManagerImpl has been unloaded. (took 0ms)
[23-02-18 14:43:05] [INFO] [DEBUG] Starting unload of GuiListener at 1676731385569
[23-02-18 14:43:05] [INFO] [DEBUG] GuiListener has been unloaded. (took 1ms)
[23-02-18 14:43:05] [INFO] [DEBUG] Starting unload of UserManagerImpl at 1676731385570
[23-02-18 14:43:05] [INFO] [DEBUG] UserManagerImpl has been unloaded. (took 15ms)
[23-02-18 14:43:05] [INFO] [DEBUG] Starting unload of Lang at 1676731385585
[23-02-18 14:43:05] [INFO] [DEBUG] Lang has been unloaded. (took 0ms)
[23-02-18 14:43:05] [INFO] [DEBUG] Starting unload of Config at 1676731385585
[23-02-18 14:43:05] [INFO] [DEBUG] Config has been unloaded. (took 0ms)
[23-02-18 14:43:05] [INFO] [DEBUG] unload done (took 19ms)
[23-02-18 14:43:05] [INFO] [DEBUG] Log#clearSources done (took 0ms)
[23-02-18 14:44:23] [INFO] [DEBUG] onEnable start -> 1676731463448

[23-02-18 14:44:23] [INFO] Using Economy Provider: com.earth2me.essentials.economy.vault.VaultEconomyProvider
[23-02-18 14:44:23] [INFO] [DEBUG] Starting load of Config at 1676731463679
[23-02-18 14:44:23] [INFO] [DEBUG] Config has been loaded. (took 10ms)
[23-02-18 14:44:23] [INFO] [DEBUG] Starting load of Lang at 1676731463689
[23-02-18 14:44:23] [INFO] [DEBUG] Lang has been loaded. (took 77ms)
[23-02-18 14:44:23] [INFO] [DEBUG] Starting load of UserManagerImpl at 1676731463766
[23-02-18 14:44:23] [INFO] [DEBUG] UserManagerImpl has been loaded. (took 1ms)
[23-02-18 14:44:23] [INFO] [DEBUG] Starting load of GuiListener at 1676731463767
[23-02-18 14:44:23] [INFO] [DEBUG] GuiListener has been loaded. (took 0ms)
[23-02-18 14:44:23] [INFO] [DEBUG] Starting load of KitManagerImpl at 1676731463767
[23-02-18 14:44:24] [INFO] KitManagerImpl: Loaded 5 kit(s).
[23-02-18 14:44:24] [INFO] [DEBUG] KitManagerImpl has been loaded. (took 388ms)
[23-02-18 14:44:24] [INFO] [DEBUG] Starting load of ArenaManagerImpl at 1676731464155
[23-02-18 14:44:24] [INFO] ArenaManagerImpl: Loaded 10 arena(s).
[23-02-18 14:44:24] [INFO] [DEBUG] ArenaManagerImpl has been loaded. (took 18ms)
[23-02-18 14:44:24] [INFO] [DEBUG] Starting load of SettingsManager at 1676731464173
[23-02-18 14:44:24] [INFO] [DEBUG] SettingsManager has been loaded. (took 0ms)
[23-02-18 14:44:24] [INFO] [DEBUG] Starting load of PlayerInfoManager at 1676731464173
[23-02-18 14:44:24] [INFO] [DEBUG] PlayerInfoManager has been loaded. (took 1ms)
[23-02-18 14:44:24] [INFO] [DEBUG] Starting load of SpectateManagerImpl at 1676731464174
[23-02-18 14:44:24] [INFO] [DEBUG] SpectateManagerImpl has been loaded. (took 0ms)
[23-02-18 14:44:24] [INFO] [DEBUG] Starting load of BettingManager at 1676731464174
[23-02-18 14:44:24] [INFO] [DEBUG] BettingManager has been loaded. (took 0ms)
[23-02-18 14:44:24] [INFO] [DEBUG] Starting load of InventoryManager at 1676731464174
[23-02-18 14:44:24] [INFO] [DEBUG] InventoryManager has been loaded. (took 1ms)
[23-02-18 14:44:24] [INFO] [DEBUG] Starting load of DuelManager at 1676731464175
[23-02-18 14:44:24] [INFO] [DEBUG] DuelManager has been loaded. (took 0ms)
[23-02-18 14:44:24] [INFO] [DEBUG] Starting load of QueueManager at 1676731464175
[23-02-18 14:44:24] [INFO] QueueManager: Loaded 5 queue(s).
[23-02-18 14:44:24] [INFO] [DEBUG] QueueManager has been loaded. (took 5ms)
[23-02-18 14:44:24] [INFO] [DEBUG] Starting load of QueueSignManagerImpl at 1676731464180
[23-02-18 14:44:24] [INFO] QueueSignManagerImpl: Loaded 0 queue sign(s).
[23-02-18 14:44:24] [INFO] [DEBUG] QueueSignManagerImpl has been loaded. (took 1ms)
[23-02-18 14:44:24] [INFO] [DEBUG] Starting load of RequestManager at 1676731464181
[23-02-18 14:44:24] [INFO] [DEBUG] RequestManager has been loaded. (took 0ms)
[23-02-18 14:44:24] [INFO] [DEBUG] Starting load of Teleport at 1676731464181
[23-02-18 14:44:24] [INFO] [DEBUG] Teleport has been loaded. (took 1ms)
[23-02-18 14:44:24] [INFO] [DEBUG] Starting load of ExtensionManager at 1676731464182
[23-02-18 14:44:24] [INFO] [DEBUG] ExtensionManager has been loaded. (took 0ms)
[23-02-18 14:44:25] [INFO] No updates were available. You are on the latest version!
[23-02-18 14:58:15] [INFO] [DEBUG] onDisable start -> 1676732295457

[23-02-18 14:58:15] [INFO] [DEBUG] Starting unload of ExtensionManager at 1676732295460
[23-02-18 14:58:15] [INFO] [DEBUG] ExtensionManager has been unloaded. (took 0ms)
[23-02-18 14:58:15] [INFO] [DEBUG] Starting unload of Teleport at 1676732295460
[23-02-18 14:58:15] [INFO] [DEBUG] Teleport has been unloaded. (took 0ms)
[23-02-18 14:58:15] [INFO] [DEBUG] Starting unload of RequestManager at 1676732295460
[23-02-18 14:58:15] [INFO] [DEBUG] RequestManager has been unloaded. (took 0ms)
[23-02-18 14:58:15] [INFO] [DEBUG] Starting unload of QueueSignManagerImpl at 1676732295461
[23-02-18 14:58:15] [INFO] [DEBUG] QueueSignManagerImpl has been unloaded. (took 0ms)
[23-02-18 14:58:15] [INFO] [DEBUG] Starting unload of QueueManager at 1676732295461
[23-02-18 14:58:15] [INFO] [DEBUG] QueueManager has been unloaded. (took 0ms)
[23-02-18 14:58:15] [INFO] [DEBUG] Starting unload of DuelManager at 1676732295461
[23-02-18 14:58:15] [INFO] [DEBUG] DuelManager has been unloaded. (took 0ms)
[23-02-18 14:58:15] [INFO] [DEBUG] Starting unload of InventoryManager at 1676732295461
[23-02-18 14:58:15] [INFO] [DEBUG] InventoryManager has been unloaded. (took 0ms)
[23-02-18 14:58:15] [INFO] [DEBUG] Starting unload of BettingManager at 1676732295461
[23-02-18 14:58:15] [INFO] [DEBUG] BettingManager has been unloaded. (took 0ms)
[23-02-18 14:58:15] [INFO] [DEBUG] Starting unload of SpectateManagerImpl at 1676732295461
[23-02-18 14:58:15] [INFO] [DEBUG] SpectateManagerImpl has been unloaded. (took 0ms)
[23-02-18 14:58:15] [INFO] [DEBUG] Starting unload of PlayerInfoManager at 1676732295461
[23-02-18 14:58:15] [INFO] [DEBUG] PlayerInfoManager has been unloaded. (took 1ms)
[23-02-18 14:58:15] [INFO] [DEBUG] Starting unload of SettingsManager at 1676732295462
[23-02-18 14:58:15] [INFO] [DEBUG] SettingsManager has been unloaded. (took 0ms)
[23-02-18 14:58:15] [INFO] [DEBUG] Starting unload of ArenaManagerImpl at 1676732295462
[23-02-18 14:58:15] [INFO] [DEBUG] ArenaManagerImpl has been unloaded. (took 0ms)
[23-02-18 14:58:15] [INFO] [DEBUG] Starting unload of KitManagerImpl at 1676732295462
[23-02-18 14:58:15] [INFO] [DEBUG] KitManagerImpl has been unloaded. (took 0ms)
[23-02-18 14:58:15] [INFO] [DEBUG] Starting unload of GuiListener at 1676732295462
[23-02-18 14:58:15] [INFO] [DEBUG] GuiListener has been unloaded. (took 0ms)
[23-02-18 14:58:15] [INFO] [DEBUG] Starting unload of UserManagerImpl at 1676732295462
[23-02-18 14:58:15] [INFO] [DEBUG] UserManagerImpl has been unloaded. (took 1ms)
[23-02-18 14:58:15] [INFO] [DEBUG] Starting unload of Lang at 1676732295463
[23-02-18 14:58:15] [INFO] [DEBUG] Lang has been unloaded. (took 0ms)
[23-02-18 14:58:15] [INFO] [DEBUG] Starting unload of Config at 1676732295463
[23-02-18 14:58:15] [INFO] [DEBUG] Config has been unloaded. (took 0ms)
[23-02-18 14:58:15] [INFO] [DEBUG] unload done (took 6ms)
[23-02-18 14:58:15] [INFO] [DEBUG] Log#clearSources done (took 0ms)
[23-02-18 14:59:28] [INFO] [DEBUG] onEnable start -> 1676732368777

[23-02-18 14:59:28] [INFO] Using Economy Provider: com.earth2me.essentials.economy.vault.VaultEconomyProvider
[23-02-18 14:59:28] [INFO] [DEBUG] Starting load of Config at 1676732368902
[23-02-18 14:59:28] [INFO] [DEBUG] Config has been loaded. (took 42ms)
[23-02-18 14:59:28] [INFO] [DEBUG] Starting load of Lang at 1676732368944
[23-02-18 14:59:28] [INFO] [DEBUG] Lang has been loaded. (took 15ms)
[23-02-18 14:59:28] [INFO] [DEBUG] Starting load of UserManagerImpl at 1676732368960
[23-02-18 14:59:28] [INFO] [DEBUG] UserManagerImpl has been loaded. (took 0ms)
[23-02-18 14:59:28] [INFO] [DEBUG] Starting load of GuiListener at 1676732368960
[23-02-18 14:59:28] [INFO] [DEBUG] GuiListener has been loaded. (took 0ms)
[23-02-18 14:59:28] [INFO] [DEBUG] Starting load of KitManagerImpl at 1676732368960
[23-02-18 14:59:29] [INFO] KitManagerImpl: Loaded 5 kit(s).
[23-02-18 14:59:29] [INFO] [DEBUG] KitManagerImpl has been loaded. (took 125ms)
[23-02-18 14:59:29] [INFO] [DEBUG] Starting load of ArenaManagerImpl at 1676732369085
[23-02-18 14:59:29] [INFO] ArenaManagerImpl: Loaded 10 arena(s).
[23-02-18 14:59:29] [INFO] [DEBUG] ArenaManagerImpl has been loaded. (took 8ms)
[23-02-18 14:59:29] [INFO] [DEBUG] Starting load of SettingsManager at 1676732369093
[23-02-18 14:59:29] [INFO] [DEBUG] SettingsManager has been loaded. (took 0ms)
[23-02-18 14:59:29] [INFO] [DEBUG] Starting load of PlayerInfoManager at 1676732369093
[23-02-18 14:59:29] [INFO] [DEBUG] PlayerInfoManager has been loaded. (took 1ms)
[23-02-18 14:59:29] [INFO] [DEBUG] Starting load of SpectateManagerImpl at 1676732369094
[23-02-18 14:59:29] [INFO] [DEBUG] SpectateManagerImpl has been loaded. (took 0ms)
[23-02-18 14:59:29] [INFO] [DEBUG] Starting load of BettingManager at 1676732369094
[23-02-18 14:59:29] [INFO] [DEBUG] BettingManager has been loaded. (took 0ms)
[23-02-18 14:59:29] [INFO] [DEBUG] Starting load of InventoryManager at 1676732369094
[23-02-18 14:59:29] [INFO] [DEBUG] InventoryManager has been loaded. (took 0ms)
[23-02-18 14:59:29] [INFO] [DEBUG] Starting load of DuelManager at 1676732369094
[23-02-18 14:59:29] [INFO] [DEBUG] DuelManager has been loaded. (took 0ms)
[23-02-18 14:59:29] [INFO] [DEBUG] Starting load of QueueManager at 1676732369094
[23-02-18 14:59:29] [INFO] QueueManager: Loaded 5 queue(s).
[23-02-18 14:59:29] [INFO] [DEBUG] QueueManager has been loaded. (took 3ms)
[23-02-18 14:59:29] [INFO] [DEBUG] Starting load of QueueSignManagerImpl at 1676732369097
[23-02-18 14:59:29] [INFO] QueueSignManagerImpl: Loaded 0 queue sign(s).
[23-02-18 14:59:29] [INFO] [DEBUG] QueueSignManagerImpl has been loaded. (took 0ms)
[23-02-18 14:59:29] [INFO] [DEBUG] Starting load of RequestManager at 1676732369097
[23-02-18 14:59:29] [INFO] [DEBUG] RequestManager has been loaded. (took 0ms)
[23-02-18 14:59:29] [INFO] [DEBUG] Starting load of Teleport at 1676732369097
[23-02-18 14:59:29] [INFO] [DEBUG] Teleport has been loaded. (took 1ms)
[23-02-18 14:59:29] [INFO] [DEBUG] Starting load of ExtensionManager at 1676732369098
[23-02-18 14:59:29] [INFO] [DEBUG] ExtensionManager has been loaded. (took 0ms)
[23-02-18 14:59:30] [INFO] No updates were available. You are on the latest version!
[23-02-18 23:28:28] [INFO] [DEBUG] onDisable start -> 1676762908337

[23-02-18 23:28:28] [INFO] [DEBUG] Starting unload of ExtensionManager at 1676762908339
[23-02-18 23:28:28] [INFO] [DEBUG] ExtensionManager has been unloaded. (took 0ms)
[23-02-18 23:28:28] [INFO] [DEBUG] Starting unload of Teleport at 1676762908339
[23-02-18 23:28:28] [INFO] [DEBUG] Teleport has been unloaded. (took 0ms)
[23-02-18 23:28:28] [INFO] [DEBUG] Starting unload of RequestManager at 1676762908339
[23-02-18 23:28:28] [INFO] [DEBUG] RequestManager has been unloaded. (took 0ms)
[23-02-18 23:28:28] [INFO] [DEBUG] Starting unload of QueueSignManagerImpl at 1676762908339
[23-02-18 23:28:28] [INFO] [DEBUG] QueueSignManagerImpl has been unloaded. (took 0ms)
[23-02-18 23:28:28] [INFO] [DEBUG] Starting unload of QueueManager at 1676762908339
[23-02-18 23:28:28] [INFO] [DEBUG] QueueManager has been unloaded. (took 1ms)
[23-02-18 23:28:28] [INFO] [DEBUG] Starting unload of DuelManager at 1676762908340
[23-02-18 23:28:28] [INFO] [DEBUG] DuelManager has been unloaded. (took 0ms)
[23-02-18 23:28:28] [INFO] [DEBUG] Starting unload of InventoryManager at 1676762908340
[23-02-18 23:28:28] [INFO] [DEBUG] InventoryManager has been unloaded. (took 0ms)
[23-02-18 23:28:28] [INFO] [DEBUG] Starting unload of BettingManager at 1676762908340
[23-02-18 23:28:28] [INFO] [DEBUG] BettingManager has been unloaded. (took 0ms)
[23-02-18 23:28:28] [INFO] [DEBUG] Starting unload of SpectateManagerImpl at 1676762908340
[23-02-18 23:28:28] [INFO] [DEBUG] SpectateManagerImpl has been unloaded. (took 0ms)
[23-02-18 23:28:28] [INFO] [DEBUG] Starting unload of PlayerInfoManager at 1676762908340
[23-02-18 23:28:28] [INFO] [DEBUG] PlayerInfoManager has been unloaded. (took 0ms)
[23-02-18 23:28:28] [INFO] [DEBUG] Starting unload of SettingsManager at 1676762908340
[23-02-18 23:28:28] [INFO] [DEBUG] SettingsManager has been unloaded. (took 0ms)
[23-02-18 23:28:28] [INFO] [DEBUG] Starting unload of ArenaManagerImpl at 1676762908340
[23-02-18 23:28:28] [INFO] [DEBUG] ArenaManagerImpl has been unloaded. (took 0ms)
[23-02-18 23:28:28] [INFO] [DEBUG] Starting unload of KitManagerImpl at 1676762908340
[23-02-18 23:28:28] [INFO] [DEBUG] KitManagerImpl has been unloaded. (took 0ms)
[23-02-18 23:28:28] [INFO] [DEBUG] Starting unload of GuiListener at 1676762908340
[23-02-18 23:28:28] [INFO] [DEBUG] GuiListener has been unloaded. (took 0ms)
[23-02-18 23:28:28] [INFO] [DEBUG] Starting unload of UserManagerImpl at 1676762908340
[23-02-18 23:28:28] [INFO] [DEBUG] UserManagerImpl has been unloaded. (took 1ms)
[23-02-18 23:28:28] [INFO] [DEBUG] Starting unload of Lang at 1676762908341
[23-02-18 23:28:28] [INFO] [DEBUG] Lang has been unloaded. (took 0ms)
[23-02-18 23:28:28] [INFO] [DEBUG] Starting unload of Config at 1676762908341
[23-02-18 23:28:28] [INFO] [DEBUG] Config has been unloaded. (took 0ms)
[23-02-18 23:28:28] [INFO] [DEBUG] unload done (took 4ms)
[23-02-18 23:28:28] [INFO] [DEBUG] Log#clearSources done (took 0ms)
[23-02-18 23:30:44] [INFO] [DEBUG] onEnable start -> 1676763044175

[23-02-18 23:30:44] [INFO] Using Economy Provider: com.earth2me.essentials.economy.vault.VaultEconomyProvider
[23-02-18 23:30:44] [INFO] [DEBUG] Starting load of Config at 1676763044268
[23-02-18 23:30:44] [INFO] [DEBUG] Config has been loaded. (took 5ms)
[23-02-18 23:30:44] [INFO] [DEBUG] Starting load of Lang at 1676763044273
[23-02-18 23:30:44] [INFO] [DEBUG] Lang has been loaded. (took 13ms)
[23-02-18 23:30:44] [INFO] [DEBUG] Starting load of UserManagerImpl at 1676763044286
[23-02-18 23:30:44] [INFO] [DEBUG] UserManagerImpl has been loaded. (took 0ms)
[23-02-18 23:30:44] [INFO] [DEBUG] Starting load of GuiListener at 1676763044286
[23-02-18 23:30:44] [INFO] [DEBUG] GuiListener has been loaded. (took 0ms)
[23-02-18 23:30:44] [INFO] [DEBUG] Starting load of KitManagerImpl at 1676763044286
[23-02-18 23:30:44] [INFO] KitManagerImpl: Loaded 5 kit(s).
[23-02-18 23:30:44] [INFO] [DEBUG] KitManagerImpl has been loaded. (took 166ms)
[23-02-18 23:30:44] [INFO] [DEBUG] Starting load of ArenaManagerImpl at 1676763044452
[23-02-18 23:30:44] [INFO] ArenaManagerImpl: Loaded 10 arena(s).
[23-02-18 23:30:44] [INFO] [DEBUG] ArenaManagerImpl has been loaded. (took 10ms)
[23-02-18 23:30:44] [INFO] [DEBUG] Starting load of SettingsManager at 1676763044462
[23-02-18 23:30:44] [INFO] [DEBUG] SettingsManager has been loaded. (took 0ms)
[23-02-18 23:30:44] [INFO] [DEBUG] Starting load of PlayerInfoManager at 1676763044462
[23-02-18 23:30:44] [INFO] [DEBUG] PlayerInfoManager has been loaded. (took 1ms)
[23-02-18 23:30:44] [INFO] [DEBUG] Starting load of SpectateManagerImpl at 1676763044463
[23-02-18 23:30:44] [INFO] [DEBUG] SpectateManagerImpl has been loaded. (took 0ms)
[23-02-18 23:30:44] [INFO] [DEBUG] Starting load of BettingManager at 1676763044463
[23-02-18 23:30:44] [INFO] [DEBUG] BettingManager has been loaded. (took 0ms)
[23-02-18 23:30:44] [INFO] [DEBUG] Starting load of InventoryManager at 1676763044463
[23-02-18 23:30:44] [INFO] [DEBUG] InventoryManager has been loaded. (took 0ms)
[23-02-18 23:30:44] [INFO] [DEBUG] Starting load of DuelManager at 1676763044463
[23-02-18 23:30:44] [INFO] [DEBUG] DuelManager has been loaded. (took 0ms)
[23-02-18 23:30:44] [INFO] [DEBUG] Starting load of QueueManager at 1676763044463
[23-02-18 23:30:44] [INFO] QueueManager: Loaded 5 queue(s).
[23-02-18 23:30:44] [INFO] [DEBUG] QueueManager has been loaded. (took 3ms)
[23-02-18 23:30:44] [INFO] [DEBUG] Starting load of QueueSignManagerImpl at 1676763044467
[23-02-18 23:30:44] [INFO] QueueSignManagerImpl: Loaded 0 queue sign(s).
[23-02-18 23:30:44] [INFO] [DEBUG] QueueSignManagerImpl has been loaded. (took 0ms)
[23-02-18 23:30:44] [INFO] [DEBUG] Starting load of RequestManager at 1676763044467
[23-02-18 23:30:44] [INFO] [DEBUG] RequestManager has been loaded. (took 0ms)
[23-02-18 23:30:44] [INFO] [DEBUG] Starting load of Teleport at 1676763044467
[23-02-18 23:30:44] [INFO] [DEBUG] Teleport has been loaded. (took 0ms)
[23-02-18 23:30:44] [INFO] [DEBUG] Starting load of ExtensionManager at 1676763044467
[23-02-18 23:30:44] [INFO] [DEBUG] ExtensionManager has been loaded. (took 0ms)
[23-02-18 23:30:45] [INFO] No updates were available. You are on the latest version!
