[23-02-14 01:20:34] [INFO] [DEBUG] onEnable start -> 1676337634677

[23-02-14 01:20:34] [INFO] Using Economy Provider: com.earth2me.essentials.economy.vault.VaultEconomyProvider
[23-02-14 01:20:34] [INFO] [DEBUG] Starting load of Config at 1676337634720
[23-02-14 01:20:34] [INFO] [DEBUG] Config has been loaded. (took 4ms)
[23-02-14 01:20:34] [INFO] [DEBUG] Starting load of Lang at 1676337634724
[23-02-14 01:20:34] [INFO] [DEBUG] Lang has been loaded. (took 7ms)
[23-02-14 01:20:34] [INFO] [DEBUG] Starting load of UserManagerImpl at 1676337634731
[23-02-14 01:20:34] [INFO] [DEBUG] UserManagerImpl has been loaded. (took 0ms)
[23-02-14 01:20:34] [INFO] [DEBUG] Starting load of GuiListener at 1676337634731
[23-02-14 01:20:34] [INFO] [DEBUG] GuiListener has been loaded. (took 1ms)
[23-02-14 01:20:34] [INFO] [DEBUG] Starting load of KitManagerImpl at 1676337634732
[23-02-14 01:20:34] [INFO] KitManagerImpl: Loaded 5 kit(s).
[23-02-14 01:20:34] [INFO] [DEBUG] KitManagerImpl has been loaded. (took 92ms)
[23-02-14 01:20:34] [INFO] [DEBUG] Starting load of ArenaManagerImpl at 1676337634824
[23-02-14 01:20:34] [INFO] ArenaManagerImpl: Loaded 10 arena(s).
[23-02-14 01:20:34] [INFO] [DEBUG] ArenaManagerImpl has been loaded. (took 10ms)
[23-02-14 01:20:34] [INFO] [DEBUG] Starting load of SettingsManager at 1676337634834
[23-02-14 01:20:34] [INFO] [DEBUG] SettingsManager has been loaded. (took 0ms)
[23-02-14 01:20:34] [INFO] [DEBUG] Starting load of PlayerInfoManager at 1676337634834
[23-02-14 01:20:34] [INFO] [DEBUG] PlayerInfoManager has been loaded. (took 2ms)
[23-02-14 01:20:34] [INFO] [DEBUG] Starting load of SpectateManagerImpl at 1676337634836
[23-02-14 01:20:34] [INFO] [DEBUG] SpectateManagerImpl has been loaded. (took 0ms)
[23-02-14 01:20:34] [INFO] [DEBUG] Starting load of BettingManager at 1676337634836
[23-02-14 01:20:34] [INFO] [DEBUG] BettingManager has been loaded. (took 0ms)
[23-02-14 01:20:34] [INFO] [DEBUG] Starting load of InventoryManager at 1676337634836
[23-02-14 01:20:34] [INFO] [DEBUG] InventoryManager has been loaded. (took 0ms)
[23-02-14 01:20:34] [INFO] [DEBUG] Starting load of DuelManager at 1676337634836
[23-02-14 01:20:34] [INFO] [DEBUG] DuelManager has been loaded. (took 1ms)
[23-02-14 01:20:34] [INFO] [DEBUG] Starting load of QueueManager at 1676337634837
[23-02-14 01:20:34] [INFO] QueueManager: Loaded 5 queue(s).
[23-02-14 01:20:34] [INFO] [DEBUG] QueueManager has been loaded. (took 3ms)
[23-02-14 01:20:34] [INFO] [DEBUG] Starting load of QueueSignManagerImpl at 1676337634840
[23-02-14 01:20:34] [INFO] QueueSignManagerImpl: Loaded 0 queue sign(s).
[23-02-14 01:20:34] [INFO] [DEBUG] QueueSignManagerImpl has been loaded. (took 0ms)
[23-02-14 01:20:34] [INFO] [DEBUG] Starting load of RequestManager at 1676337634840
[23-02-14 01:20:34] [INFO] [DEBUG] RequestManager has been loaded. (took 0ms)
[23-02-14 01:20:34] [INFO] [DEBUG] Starting load of Teleport at 1676337634840
[23-02-14 01:20:34] [INFO] [DEBUG] Teleport has been loaded. (took 1ms)
[23-02-14 01:20:34] [INFO] [DEBUG] Starting load of ExtensionManager at 1676337634841
[23-02-14 01:20:34] [INFO] [DEBUG] ExtensionManager has been loaded. (took 0ms)
[23-02-14 01:20:36] [INFO] No updates were available. You are on the latest version!
[23-02-14 01:48:44] [INFO] [DEBUG] onDisable start -> 1676339324695

[23-02-14 01:48:44] [INFO] [DEBUG] Starting unload of ExtensionManager at 1676339324697
[23-02-14 01:48:44] [INFO] [DEBUG] ExtensionManager has been unloaded. (took 0ms)
[23-02-14 01:48:44] [INFO] [DEBUG] Starting unload of Teleport at 1676339324697
[23-02-14 01:48:44] [INFO] [DEBUG] Teleport has been unloaded. (took 0ms)
[23-02-14 01:48:44] [INFO] [DEBUG] Starting unload of RequestManager at 1676339324697
[23-02-14 01:48:44] [INFO] [DEBUG] RequestManager has been unloaded. (took 0ms)
[23-02-14 01:48:44] [INFO] [DEBUG] Starting unload of QueueSignManagerImpl at 1676339324697
[23-02-14 01:48:44] [INFO] [DEBUG] QueueSignManagerImpl has been unloaded. (took 0ms)
[23-02-14 01:48:44] [INFO] [DEBUG] Starting unload of QueueManager at 1676339324697
[23-02-14 01:48:44] [INFO] [DEBUG] QueueManager has been unloaded. (took 1ms)
[23-02-14 01:48:44] [INFO] [DEBUG] Starting unload of DuelManager at 1676339324698
[23-02-14 01:48:44] [INFO] [DEBUG] DuelManager has been unloaded. (took 0ms)
[23-02-14 01:48:44] [INFO] [DEBUG] Starting unload of InventoryManager at 1676339324698
[23-02-14 01:48:44] [INFO] [DEBUG] InventoryManager has been unloaded. (took 0ms)
[23-02-14 01:48:44] [INFO] [DEBUG] Starting unload of BettingManager at 1676339324698
[23-02-14 01:48:44] [INFO] [DEBUG] BettingManager has been unloaded. (took 0ms)
[23-02-14 01:48:44] [INFO] [DEBUG] Starting unload of SpectateManagerImpl at 1676339324698
[23-02-14 01:48:44] [INFO] [DEBUG] SpectateManagerImpl has been unloaded. (took 0ms)
[23-02-14 01:48:44] [INFO] [DEBUG] Starting unload of PlayerInfoManager at 1676339324698
[23-02-14 01:48:44] [INFO] [DEBUG] PlayerInfoManager has been unloaded. (took 0ms)
[23-02-14 01:48:44] [INFO] [DEBUG] Starting unload of SettingsManager at 1676339324698
[23-02-14 01:48:44] [INFO] [DEBUG] SettingsManager has been unloaded. (took 0ms)
[23-02-14 01:48:44] [INFO] [DEBUG] Starting unload of ArenaManagerImpl at 1676339324698
[23-02-14 01:48:44] [INFO] [DEBUG] ArenaManagerImpl has been unloaded. (took 0ms)
[23-02-14 01:48:44] [INFO] [DEBUG] Starting unload of KitManagerImpl at 1676339324698
[23-02-14 01:48:44] [INFO] [DEBUG] KitManagerImpl has been unloaded. (took 0ms)
[23-02-14 01:48:44] [INFO] [DEBUG] Starting unload of GuiListener at 1676339324698
[23-02-14 01:48:44] [INFO] [DEBUG] GuiListener has been unloaded. (took 1ms)
[23-02-14 01:48:44] [INFO] [DEBUG] Starting unload of UserManagerImpl at 1676339324699
[23-02-14 01:48:44] [INFO] [DEBUG] UserManagerImpl has been unloaded. (took 15ms)
[23-02-14 01:48:44] [INFO] [DEBUG] Starting unload of Lang at 1676339324714
[23-02-14 01:48:44] [INFO] [DEBUG] Lang has been unloaded. (took 0ms)
[23-02-14 01:48:44] [INFO] [DEBUG] Starting unload of Config at 1676339324714
[23-02-14 01:48:44] [INFO] [DEBUG] Config has been unloaded. (took 0ms)
[23-02-14 01:48:44] [INFO] [DEBUG] unload done (took 19ms)
[23-02-14 01:48:44] [INFO] [DEBUG] Log#clearSources done (took 0ms)
[23-02-14 23:23:08] [INFO] [DEBUG] onEnable start -> 1676416988896

[23-02-14 23:23:08] [INFO] Using Economy Provider: com.earth2me.essentials.economy.vault.VaultEconomyProvider
[23-02-14 23:23:08] [INFO] [DEBUG] Starting load of Config at 1676416988940
[23-02-14 23:23:08] [INFO] [DEBUG] Config has been loaded. (took 5ms)
[23-02-14 23:23:08] [INFO] [DEBUG] Starting load of Lang at 1676416988945
[23-02-14 23:23:08] [INFO] [DEBUG] Lang has been loaded. (took 7ms)
[23-02-14 23:23:08] [INFO] [DEBUG] Starting load of UserManagerImpl at 1676416988952
[23-02-14 23:23:08] [INFO] [DEBUG] UserManagerImpl has been loaded. (took 0ms)
[23-02-14 23:23:08] [INFO] [DEBUG] Starting load of GuiListener at 1676416988952
[23-02-14 23:23:08] [INFO] [DEBUG] GuiListener has been loaded. (took 0ms)
[23-02-14 23:23:08] [INFO] [DEBUG] Starting load of KitManagerImpl at 1676416988952
[23-02-14 23:23:09] [INFO] KitManagerImpl: Loaded 5 kit(s).
[23-02-14 23:23:09] [INFO] [DEBUG] KitManagerImpl has been loaded. (took 88ms)
[23-02-14 23:23:09] [INFO] [DEBUG] Starting load of ArenaManagerImpl at 1676416989040
[23-02-14 23:23:09] [INFO] ArenaManagerImpl: Loaded 10 arena(s).
[23-02-14 23:23:09] [INFO] [DEBUG] ArenaManagerImpl has been loaded. (took 8ms)
[23-02-14 23:23:09] [INFO] [DEBUG] Starting load of SettingsManager at 1676416989048
[23-02-14 23:23:09] [INFO] [DEBUG] SettingsManager has been loaded. (took 0ms)
[23-02-14 23:23:09] [INFO] [DEBUG] Starting load of PlayerInfoManager at 1676416989049
[23-02-14 23:23:09] [INFO] [DEBUG] PlayerInfoManager has been loaded. (took 0ms)
[23-02-14 23:23:09] [INFO] [DEBUG] Starting load of SpectateManagerImpl at 1676416989049
[23-02-14 23:23:09] [INFO] [DEBUG] SpectateManagerImpl has been loaded. (took 0ms)
[23-02-14 23:23:09] [INFO] [DEBUG] Starting load of BettingManager at 1676416989049
[23-02-14 23:23:09] [INFO] [DEBUG] BettingManager has been loaded. (took 0ms)
[23-02-14 23:23:09] [INFO] [DEBUG] Starting load of InventoryManager at 1676416989049
[23-02-14 23:23:09] [INFO] [DEBUG] InventoryManager has been loaded. (took 1ms)
[23-02-14 23:23:09] [INFO] [DEBUG] Starting load of DuelManager at 1676416989050
[23-02-14 23:23:09] [INFO] [DEBUG] DuelManager has been loaded. (took 0ms)
[23-02-14 23:23:09] [INFO] [DEBUG] Starting load of QueueManager at 1676416989050
[23-02-14 23:23:09] [INFO] QueueManager: Loaded 5 queue(s).
[23-02-14 23:23:09] [INFO] [DEBUG] QueueManager has been loaded. (took 2ms)
[23-02-14 23:23:09] [INFO] [DEBUG] Starting load of QueueSignManagerImpl at 1676416989052
[23-02-14 23:23:09] [INFO] QueueSignManagerImpl: Loaded 0 queue sign(s).
[23-02-14 23:23:09] [INFO] [DEBUG] QueueSignManagerImpl has been loaded. (took 0ms)
[23-02-14 23:23:09] [INFO] [DEBUG] Starting load of RequestManager at 1676416989052
[23-02-14 23:23:09] [INFO] [DEBUG] RequestManager has been loaded. (took 0ms)
[23-02-14 23:23:09] [INFO] [DEBUG] Starting load of Teleport at 1676416989052
[23-02-14 23:23:09] [INFO] [DEBUG] Teleport has been loaded. (took 0ms)
[23-02-14 23:23:09] [INFO] [DEBUG] Starting load of ExtensionManager at 1676416989052
[23-02-14 23:23:09] [INFO] [DEBUG] ExtensionManager has been loaded. (took 0ms)
[23-02-14 23:23:09] [INFO] No updates were available. You are on the latest version!
[23-02-14 23:26:53] [INFO] [DEBUG] onDisable start -> 1676417213291

[23-02-14 23:26:53] [INFO] [DEBUG] Starting unload of ExtensionManager at 1676417213292
[23-02-14 23:26:53] [INFO] [DEBUG] ExtensionManager has been unloaded. (took 0ms)
[23-02-14 23:26:53] [INFO] [DEBUG] Starting unload of Teleport at 1676417213292
[23-02-14 23:26:53] [INFO] [DEBUG] Teleport has been unloaded. (took 0ms)
[23-02-14 23:26:53] [INFO] [DEBUG] Starting unload of RequestManager at 1676417213292
[23-02-14 23:26:53] [INFO] [DEBUG] RequestManager has been unloaded. (took 0ms)
[23-02-14 23:26:53] [INFO] [DEBUG] Starting unload of QueueSignManagerImpl at 1676417213292
[23-02-14 23:26:53] [INFO] [DEBUG] QueueSignManagerImpl has been unloaded. (took 0ms)
[23-02-14 23:26:53] [INFO] [DEBUG] Starting unload of QueueManager at 1676417213292
[23-02-14 23:26:53] [INFO] [DEBUG] QueueManager has been unloaded. (took 1ms)
[23-02-14 23:26:53] [INFO] [DEBUG] Starting unload of DuelManager at 1676417213293
[23-02-14 23:26:53] [INFO] [DEBUG] DuelManager has been unloaded. (took 0ms)
[23-02-14 23:26:53] [INFO] [DEBUG] Starting unload of InventoryManager at 1676417213293
[23-02-14 23:26:53] [INFO] [DEBUG] InventoryManager has been unloaded. (took 0ms)
[23-02-14 23:26:53] [INFO] [DEBUG] Starting unload of BettingManager at 1676417213293
[23-02-14 23:26:53] [INFO] [DEBUG] BettingManager has been unloaded. (took 0ms)
[23-02-14 23:26:53] [INFO] [DEBUG] Starting unload of SpectateManagerImpl at 1676417213293
[23-02-14 23:26:53] [INFO] [DEBUG] SpectateManagerImpl has been unloaded. (took 0ms)
[23-02-14 23:26:53] [INFO] [DEBUG] Starting unload of PlayerInfoManager at 1676417213293
[23-02-14 23:26:53] [INFO] [DEBUG] PlayerInfoManager has been unloaded. (took 0ms)
[23-02-14 23:26:53] [INFO] [DEBUG] Starting unload of SettingsManager at 1676417213293
[23-02-14 23:26:53] [INFO] [DEBUG] SettingsManager has been unloaded. (took 0ms)
[23-02-14 23:26:53] [INFO] [DEBUG] Starting unload of ArenaManagerImpl at 1676417213293
[23-02-14 23:26:53] [INFO] [DEBUG] ArenaManagerImpl has been unloaded. (took 0ms)
[23-02-14 23:26:53] [INFO] [DEBUG] Starting unload of KitManagerImpl at 1676417213293
[23-02-14 23:26:53] [INFO] [DEBUG] KitManagerImpl has been unloaded. (took 0ms)
[23-02-14 23:26:53] [INFO] [DEBUG] Starting unload of GuiListener at 1676417213293
[23-02-14 23:26:53] [INFO] [DEBUG] GuiListener has been unloaded. (took 0ms)
[23-02-14 23:26:53] [INFO] [DEBUG] Starting unload of UserManagerImpl at 1676417213293
[23-02-14 23:26:53] [INFO] [DEBUG] UserManagerImpl has been unloaded. (took 0ms)
[23-02-14 23:26:53] [INFO] [DEBUG] Starting unload of Lang at 1676417213293
[23-02-14 23:26:53] [INFO] [DEBUG] Lang has been unloaded. (took 0ms)
[23-02-14 23:26:53] [INFO] [DEBUG] Starting unload of Config at 1676417213293
[23-02-14 23:26:53] [INFO] [DEBUG] Config has been unloaded. (took 0ms)
[23-02-14 23:26:53] [INFO] [DEBUG] unload done (took 2ms)
[23-02-14 23:26:53] [INFO] [DEBUG] Log#clearSources done (took 0ms)
[23-02-14 23:29:57] [INFO] [DEBUG] onEnable start -> 1676417397096

[23-02-14 23:29:57] [INFO] Using Economy Provider: com.earth2me.essentials.economy.vault.VaultEconomyProvider
[23-02-14 23:29:57] [INFO] [DEBUG] Starting load of Config at 1676417397138
[23-02-14 23:29:57] [INFO] [DEBUG] Config has been loaded. (took 4ms)
[23-02-14 23:29:57] [INFO] [DEBUG] Starting load of Lang at 1676417397142
[23-02-14 23:29:57] [INFO] [DEBUG] Lang has been loaded. (took 6ms)
[23-02-14 23:29:57] [INFO] [DEBUG] Starting load of UserManagerImpl at 1676417397149
[23-02-14 23:29:57] [INFO] [DEBUG] UserManagerImpl has been loaded. (took 0ms)
[23-02-14 23:29:57] [INFO] [DEBUG] Starting load of GuiListener at 1676417397149
[23-02-14 23:29:57] [INFO] [DEBUG] GuiListener has been loaded. (took 0ms)
[23-02-14 23:29:57] [INFO] [DEBUG] Starting load of KitManagerImpl at 1676417397149
[23-02-14 23:29:57] [INFO] KitManagerImpl: Loaded 5 kit(s).
[23-02-14 23:29:57] [INFO] [DEBUG] KitManagerImpl has been loaded. (took 95ms)
[23-02-14 23:29:57] [INFO] [DEBUG] Starting load of ArenaManagerImpl at 1676417397244
[23-02-14 23:29:57] [INFO] ArenaManagerImpl: Loaded 10 arena(s).
[23-02-14 23:29:57] [INFO] [DEBUG] ArenaManagerImpl has been loaded. (took 9ms)
[23-02-14 23:29:57] [INFO] [DEBUG] Starting load of SettingsManager at 1676417397254
[23-02-14 23:29:57] [INFO] [DEBUG] SettingsManager has been loaded. (took 0ms)
[23-02-14 23:29:57] [INFO] [DEBUG] Starting load of PlayerInfoManager at 1676417397254
[23-02-14 23:29:57] [INFO] [DEBUG] PlayerInfoManager has been loaded. (took 1ms)
[23-02-14 23:29:57] [INFO] [DEBUG] Starting load of SpectateManagerImpl at 1676417397255
[23-02-14 23:29:57] [INFO] [DEBUG] SpectateManagerImpl has been loaded. (took 0ms)
[23-02-14 23:29:57] [INFO] [DEBUG] Starting load of BettingManager at 1676417397255
[23-02-14 23:29:57] [INFO] [DEBUG] BettingManager has been loaded. (took 0ms)
[23-02-14 23:29:57] [INFO] [DEBUG] Starting load of InventoryManager at 1676417397255
[23-02-14 23:29:57] [INFO] [DEBUG] InventoryManager has been loaded. (took 0ms)
[23-02-14 23:29:57] [INFO] [DEBUG] Starting load of DuelManager at 1676417397255
[23-02-14 23:29:57] [INFO] [DEBUG] DuelManager has been loaded. (took 1ms)
[23-02-14 23:29:57] [INFO] [DEBUG] Starting load of QueueManager at 1676417397256
[23-02-14 23:29:57] [INFO] QueueManager: Loaded 5 queue(s).
[23-02-14 23:29:57] [INFO] [DEBUG] QueueManager has been loaded. (took 4ms)
[23-02-14 23:29:57] [INFO] [DEBUG] Starting load of QueueSignManagerImpl at 1676417397260
[23-02-14 23:29:57] [INFO] QueueSignManagerImpl: Loaded 0 queue sign(s).
[23-02-14 23:29:57] [INFO] [DEBUG] QueueSignManagerImpl has been loaded. (took 0ms)
[23-02-14 23:29:57] [INFO] [DEBUG] Starting load of RequestManager at 1676417397260
[23-02-14 23:29:57] [INFO] [DEBUG] RequestManager has been loaded. (took 0ms)
[23-02-14 23:29:57] [INFO] [DEBUG] Starting load of Teleport at 1676417397260
[23-02-14 23:29:57] [INFO] [DEBUG] Teleport has been loaded. (took 0ms)
[23-02-14 23:29:57] [INFO] [DEBUG] Starting load of ExtensionManager at 1676417397260
[23-02-14 23:29:57] [INFO] [DEBUG] ExtensionManager has been loaded. (took 1ms)
[23-02-14 23:29:57] [INFO] No updates were available. You are on the latest version!
[23-02-15 00:47:35] [INFO] [DEBUG] onDisable start -> 1676422055823

[23-02-15 00:47:35] [INFO] [DEBUG] Starting unload of ExtensionManager at 1676422055826
[23-02-15 00:47:35] [INFO] [DEBUG] ExtensionManager has been unloaded. (took 1ms)
[23-02-15 00:47:35] [INFO] [DEBUG] Starting unload of Teleport at 1676422055827
[23-02-15 00:47:35] [INFO] [DEBUG] Teleport has been unloaded. (took 0ms)
[23-02-15 00:47:35] [INFO] [DEBUG] Starting unload of RequestManager at 1676422055827
[23-02-15 00:47:35] [INFO] [DEBUG] RequestManager has been unloaded. (took 0ms)
[23-02-15 00:47:35] [INFO] [DEBUG] Starting unload of QueueSignManagerImpl at 1676422055827
[23-02-15 00:47:35] [INFO] [DEBUG] QueueSignManagerImpl has been unloaded. (took 0ms)
[23-02-15 00:47:35] [INFO] [DEBUG] Starting unload of QueueManager at 1676422055827
[23-02-15 00:47:35] [INFO] [DEBUG] QueueManager has been unloaded. (took 0ms)
[23-02-15 00:47:35] [INFO] [DEBUG] Starting unload of DuelManager at 1676422055827
[23-02-15 00:47:35] [INFO] [DEBUG] DuelManager has been unloaded. (took 0ms)
[23-02-15 00:47:35] [INFO] [DEBUG] Starting unload of InventoryManager at 1676422055827
[23-02-15 00:47:35] [INFO] [DEBUG] InventoryManager has been unloaded. (took 0ms)
[23-02-15 00:47:35] [INFO] [DEBUG] Starting unload of BettingManager at 1676422055827
[23-02-15 00:47:35] [INFO] [DEBUG] BettingManager has been unloaded. (took 0ms)
[23-02-15 00:47:35] [INFO] [DEBUG] Starting unload of SpectateManagerImpl at 1676422055827
[23-02-15 00:47:35] [INFO] [DEBUG] SpectateManagerImpl has been unloaded. (took 0ms)
[23-02-15 00:47:35] [INFO] [DEBUG] Starting unload of PlayerInfoManager at 1676422055827
[23-02-15 00:47:35] [INFO] [DEBUG] PlayerInfoManager has been unloaded. (took 1ms)
[23-02-15 00:47:35] [INFO] [DEBUG] Starting unload of SettingsManager at 1676422055828
[23-02-15 00:47:35] [INFO] [DEBUG] SettingsManager has been unloaded. (took 0ms)
[23-02-15 00:47:35] [INFO] [DEBUG] Starting unload of ArenaManagerImpl at 1676422055828
[23-02-15 00:47:35] [INFO] [DEBUG] ArenaManagerImpl has been unloaded. (took 0ms)
[23-02-15 00:47:35] [INFO] [DEBUG] Starting unload of KitManagerImpl at 1676422055828
[23-02-15 00:47:35] [INFO] [DEBUG] KitManagerImpl has been unloaded. (took 0ms)
[23-02-15 00:47:35] [INFO] [DEBUG] Starting unload of GuiListener at 1676422055828
[23-02-15 00:47:35] [INFO] [DEBUG] GuiListener has been unloaded. (took 0ms)
[23-02-15 00:47:35] [INFO] [DEBUG] Starting unload of UserManagerImpl at 1676422055828
[23-02-15 00:47:35] [INFO] [DEBUG] UserManagerImpl has been unloaded. (took 1ms)
[23-02-15 00:47:35] [INFO] [DEBUG] Starting unload of Lang at 1676422055829
[23-02-15 00:47:35] [INFO] [DEBUG] Lang has been unloaded. (took 0ms)
[23-02-15 00:47:35] [INFO] [DEBUG] Starting unload of Config at 1676422055829
[23-02-15 00:47:35] [INFO] [DEBUG] Config has been unloaded. (took 0ms)
[23-02-15 00:47:35] [INFO] [DEBUG] unload done (took 6ms)
[23-02-15 00:47:35] [INFO] [DEBUG] Log#clearSources done (took 0ms)
