[23-02-09 00:27:49] [INFO] [DEBUG] onEnable start -> 1675902469802

[23-02-09 00:27:49] [INFO] Using Economy Provider: com.earth2me.essentials.economy.vault.VaultEconomyProvider
[23-02-09 00:27:49] [INFO] [DEBUG] Starting load of Config at 1675902469919
[23-02-09 00:27:49] [INFO] [DEBUG] Config has been loaded. (took 11ms)
[23-02-09 00:27:49] [INFO] [DEBUG] Starting load of Lang at 1675902469930
[23-02-09 00:27:49] [INFO] [DEBUG] Lang has been loaded. (took 15ms)
[23-02-09 00:27:49] [INFO] [DEBUG] Starting load of UserManagerImpl at 1675902469945
[23-02-09 00:27:49] [INFO] [DEBUG] UserManagerImpl has been loaded. (took 1ms)
[23-02-09 00:27:49] [INFO] [DEBUG] Starting load of GuiListener at 1675902469946
[23-02-09 00:27:49] [INFO] [DEBUG] GuiListener has been loaded. (took 0ms)
[23-02-09 00:27:49] [INFO] [DEBUG] Starting load of KitManagerImpl at 1675902469947
[23-02-09 00:27:50] [INFO] KitManagerImpl: Loaded 5 kit(s).
[23-02-09 00:27:50] [INFO] [DEBUG] KitManagerImpl has been loaded. (took 232ms)
[23-02-09 00:27:50] [INFO] [DEBUG] Starting load of ArenaManagerImpl at 1675902470179
[23-02-09 00:27:50] [INFO] ArenaManagerImpl: Loaded 10 arena(s).
[23-02-09 00:27:50] [INFO] [DEBUG] ArenaManagerImpl has been loaded. (took 28ms)
[23-02-09 00:27:50] [INFO] [DEBUG] Starting load of SettingsManager at 1675902470207
[23-02-09 00:27:50] [INFO] [DEBUG] SettingsManager has been loaded. (took 0ms)
[23-02-09 00:27:50] [INFO] [DEBUG] Starting load of PlayerInfoManager at 1675902470207
[23-02-09 00:27:50] [INFO] [DEBUG] PlayerInfoManager has been loaded. (took 1ms)
[23-02-09 00:27:50] [INFO] [DEBUG] Starting load of SpectateManagerImpl at 1675902470208
[23-02-09 00:27:50] [INFO] [DEBUG] SpectateManagerImpl has been loaded. (took 0ms)
[23-02-09 00:27:50] [INFO] [DEBUG] Starting load of BettingManager at 1675902470208
[23-02-09 00:27:50] [INFO] [DEBUG] BettingManager has been loaded. (took 0ms)
[23-02-09 00:27:50] [INFO] [DEBUG] Starting load of InventoryManager at 1675902470208
[23-02-09 00:27:50] [INFO] [DEBUG] InventoryManager has been loaded. (took 1ms)
[23-02-09 00:27:50] [INFO] [DEBUG] Starting load of DuelManager at 1675902470209
[23-02-09 00:27:50] [INFO] [DEBUG] DuelManager has been loaded. (took 3ms)
[23-02-09 00:27:50] [INFO] [DEBUG] Starting load of QueueManager at 1675902470212
[23-02-09 00:27:50] [INFO] QueueManager: Loaded 5 queue(s).
[23-02-09 00:27:50] [INFO] [DEBUG] QueueManager has been loaded. (took 9ms)
[23-02-09 00:27:50] [INFO] [DEBUG] Starting load of QueueSignManagerImpl at 1675902470221
[23-02-09 00:27:50] [INFO] QueueSignManagerImpl: Loaded 0 queue sign(s).
[23-02-09 00:27:50] [INFO] [DEBUG] QueueSignManagerImpl has been loaded. (took 1ms)
[23-02-09 00:27:50] [INFO] [DEBUG] Starting load of RequestManager at 1675902470222
[23-02-09 00:27:50] [INFO] [DEBUG] RequestManager has been loaded. (took 0ms)
[23-02-09 00:27:50] [INFO] [DEBUG] Starting load of Teleport at 1675902470223
[23-02-09 00:27:50] [INFO] [DEBUG] Teleport has been loaded. (took 1ms)
[23-02-09 00:27:50] [INFO] [DEBUG] Starting load of ExtensionManager at 1675902470224
[23-02-09 00:27:50] [INFO] [DEBUG] ExtensionManager has been loaded. (took 2ms)
[23-02-09 00:27:50] [INFO] No updates were available. You are on the latest version!
[23-02-09 00:36:41] [INFO] [DEBUG] onDisable start -> 1675903001765

[23-02-09 00:36:41] [INFO] [DEBUG] Starting unload of ExtensionManager at 1675903001766
[23-02-09 00:36:41] [INFO] [DEBUG] ExtensionManager has been unloaded. (took 0ms)
[23-02-09 00:36:41] [INFO] [DEBUG] Starting unload of Teleport at 1675903001766
[23-02-09 00:36:41] [INFO] [DEBUG] Teleport has been unloaded. (took 0ms)
[23-02-09 00:36:41] [INFO] [DEBUG] Starting unload of RequestManager at 1675903001766
[23-02-09 00:36:41] [INFO] [DEBUG] RequestManager has been unloaded. (took 0ms)
[23-02-09 00:36:41] [INFO] [DEBUG] Starting unload of QueueSignManagerImpl at 1675903001766
[23-02-09 00:36:41] [INFO] [DEBUG] QueueSignManagerImpl has been unloaded. (took 0ms)
[23-02-09 00:36:41] [INFO] [DEBUG] Starting unload of QueueManager at 1675903001766
[23-02-09 00:36:41] [INFO] [DEBUG] QueueManager has been unloaded. (took 1ms)
[23-02-09 00:36:41] [INFO] [DEBUG] Starting unload of DuelManager at 1675903001767
[23-02-09 00:36:41] [INFO] [DEBUG] DuelManager has been unloaded. (took 0ms)
[23-02-09 00:36:41] [INFO] [DEBUG] Starting unload of InventoryManager at 1675903001767
[23-02-09 00:36:41] [INFO] [DEBUG] InventoryManager has been unloaded. (took 0ms)
[23-02-09 00:36:41] [INFO] [DEBUG] Starting unload of BettingManager at 1675903001767
[23-02-09 00:36:41] [INFO] [DEBUG] BettingManager has been unloaded. (took 0ms)
[23-02-09 00:36:41] [INFO] [DEBUG] Starting unload of SpectateManagerImpl at 1675903001767
[23-02-09 00:36:41] [INFO] [DEBUG] SpectateManagerImpl has been unloaded. (took 0ms)
[23-02-09 00:36:41] [INFO] [DEBUG] Starting unload of PlayerInfoManager at 1675903001767
[23-02-09 00:36:41] [INFO] [DEBUG] PlayerInfoManager has been unloaded. (took 0ms)
[23-02-09 00:36:41] [INFO] [DEBUG] Starting unload of SettingsManager at 1675903001767
[23-02-09 00:36:41] [INFO] [DEBUG] SettingsManager has been unloaded. (took 0ms)
[23-02-09 00:36:41] [INFO] [DEBUG] Starting unload of ArenaManagerImpl at 1675903001767
[23-02-09 00:36:41] [INFO] [DEBUG] ArenaManagerImpl has been unloaded. (took 0ms)
[23-02-09 00:36:41] [INFO] [DEBUG] Starting unload of KitManagerImpl at 1675903001767
[23-02-09 00:36:41] [INFO] [DEBUG] KitManagerImpl has been unloaded. (took 0ms)
[23-02-09 00:36:41] [INFO] [DEBUG] Starting unload of GuiListener at 1675903001767
[23-02-09 00:36:41] [INFO] [DEBUG] GuiListener has been unloaded. (took 0ms)
[23-02-09 00:36:41] [INFO] [DEBUG] Starting unload of UserManagerImpl at 1675903001767
[23-02-09 00:36:41] [INFO] [DEBUG] UserManagerImpl has been unloaded. (took 18ms)
[23-02-09 00:36:41] [INFO] [DEBUG] Starting unload of Lang at 1675903001785
[23-02-09 00:36:41] [INFO] [DEBUG] Lang has been unloaded. (took 0ms)
[23-02-09 00:36:41] [INFO] [DEBUG] Starting unload of Config at 1675903001785
[23-02-09 00:36:41] [INFO] [DEBUG] Config has been unloaded. (took 0ms)
[23-02-09 00:36:41] [INFO] [DEBUG] unload done (took 20ms)
[23-02-09 00:36:41] [INFO] [DEBUG] Log#clearSources done (took 0ms)
[23-02-09 00:39:11] [INFO] [DEBUG] onEnable start -> 1675903151814

[23-02-09 00:39:11] [INFO] Using Economy Provider: com.earth2me.essentials.economy.vault.VaultEconomyProvider
[23-02-09 00:39:11] [INFO] [DEBUG] Starting load of Config at 1675903151872
[23-02-09 00:39:11] [INFO] [DEBUG] Config has been loaded. (took 5ms)
[23-02-09 00:39:11] [INFO] [DEBUG] Starting load of Lang at 1675903151877
[23-02-09 00:39:11] [INFO] [DEBUG] Lang has been loaded. (took 11ms)
[23-02-09 00:39:11] [INFO] [DEBUG] Starting load of UserManagerImpl at 1675903151888
[23-02-09 00:39:11] [INFO] [DEBUG] UserManagerImpl has been loaded. (took 1ms)
[23-02-09 00:39:11] [INFO] [DEBUG] Starting load of GuiListener at 1675903151889
[23-02-09 00:39:11] [INFO] [DEBUG] GuiListener has been loaded. (took 0ms)
[23-02-09 00:39:11] [INFO] [DEBUG] Starting load of KitManagerImpl at 1675903151889
[23-02-09 00:39:12] [INFO] KitManagerImpl: Loaded 5 kit(s).
[23-02-09 00:39:12] [INFO] [DEBUG] KitManagerImpl has been loaded. (took 178ms)
[23-02-09 00:39:12] [INFO] [DEBUG] Starting load of ArenaManagerImpl at 1675903152067
[23-02-09 00:39:12] [INFO] ArenaManagerImpl: Loaded 10 arena(s).
[23-02-09 00:39:12] [INFO] [DEBUG] ArenaManagerImpl has been loaded. (took 50ms)
[23-02-09 00:39:12] [INFO] [DEBUG] Starting load of SettingsManager at 1675903152117
[23-02-09 00:39:12] [INFO] [DEBUG] SettingsManager has been loaded. (took 0ms)
[23-02-09 00:39:12] [INFO] [DEBUG] Starting load of PlayerInfoManager at 1675903152117
[23-02-09 00:39:12] [INFO] [DEBUG] PlayerInfoManager has been loaded. (took 0ms)
[23-02-09 00:39:12] [INFO] [DEBUG] Starting load of SpectateManagerImpl at 1675903152117
[23-02-09 00:39:12] [INFO] [DEBUG] SpectateManagerImpl has been loaded. (took 0ms)
[23-02-09 00:39:12] [INFO] [DEBUG] Starting load of BettingManager at 1675903152117
[23-02-09 00:39:12] [INFO] [DEBUG] BettingManager has been loaded. (took 2ms)
[23-02-09 00:39:12] [INFO] [DEBUG] Starting load of InventoryManager at 1675903152119
[23-02-09 00:39:12] [INFO] [DEBUG] InventoryManager has been loaded. (took 2ms)
[23-02-09 00:39:12] [INFO] [DEBUG] Starting load of DuelManager at 1675903152121
[23-02-09 00:39:12] [INFO] [DEBUG] DuelManager has been loaded. (took 2ms)
[23-02-09 00:39:12] [INFO] [DEBUG] Starting load of QueueManager at 1675903152123
[23-02-09 00:39:12] [INFO] QueueManager: Loaded 5 queue(s).
[23-02-09 00:39:12] [INFO] [DEBUG] QueueManager has been loaded. (took 10ms)
[23-02-09 00:39:12] [INFO] [DEBUG] Starting load of QueueSignManagerImpl at 1675903152134
[23-02-09 00:39:12] [INFO] QueueSignManagerImpl: Loaded 0 queue sign(s).
[23-02-09 00:39:12] [INFO] [DEBUG] QueueSignManagerImpl has been loaded. (took 1ms)
[23-02-09 00:39:12] [INFO] [DEBUG] Starting load of RequestManager at 1675903152135
[23-02-09 00:39:12] [INFO] [DEBUG] RequestManager has been loaded. (took 0ms)
[23-02-09 00:39:12] [INFO] [DEBUG] Starting load of Teleport at 1675903152135
[23-02-09 00:39:12] [INFO] [DEBUG] Teleport has been loaded. (took 1ms)
[23-02-09 00:39:12] [INFO] [DEBUG] Starting load of ExtensionManager at 1675903152136
[23-02-09 00:39:12] [INFO] [DEBUG] ExtensionManager has been loaded. (took 2ms)
[23-02-09 00:39:13] [INFO] No updates were available. You are on the latest version!
[23-02-09 00:52:22] [INFO] [DEBUG] onDisable start -> 1675903942544

[23-02-09 00:52:22] [INFO] [DEBUG] Starting unload of ExtensionManager at 1675903942546
[23-02-09 00:52:22] [INFO] [DEBUG] ExtensionManager has been unloaded. (took 1ms)
[23-02-09 00:52:22] [INFO] [DEBUG] Starting unload of Teleport at 1675903942547
[23-02-09 00:52:22] [INFO] [DEBUG] Teleport has been unloaded. (took 0ms)
[23-02-09 00:52:22] [INFO] [DEBUG] Starting unload of RequestManager at 1675903942547
[23-02-09 00:52:22] [INFO] [DEBUG] RequestManager has been unloaded. (took 0ms)
[23-02-09 00:52:22] [INFO] [DEBUG] Starting unload of QueueSignManagerImpl at 1675903942547
[23-02-09 00:52:22] [INFO] [DEBUG] QueueSignManagerImpl has been unloaded. (took 0ms)
[23-02-09 00:52:22] [INFO] [DEBUG] Starting unload of QueueManager at 1675903942547
[23-02-09 00:52:22] [INFO] [DEBUG] QueueManager has been unloaded. (took 0ms)
[23-02-09 00:52:22] [INFO] [DEBUG] Starting unload of DuelManager at 1675903942547
[23-02-09 00:52:22] [INFO] [DEBUG] DuelManager has been unloaded. (took 1ms)
[23-02-09 00:52:22] [INFO] [DEBUG] Starting unload of InventoryManager at 1675903942548
[23-02-09 00:52:22] [INFO] [DEBUG] InventoryManager has been unloaded. (took 0ms)
[23-02-09 00:52:22] [INFO] [DEBUG] Starting unload of BettingManager at 1675903942548
[23-02-09 00:52:22] [INFO] [DEBUG] BettingManager has been unloaded. (took 0ms)
[23-02-09 00:52:22] [INFO] [DEBUG] Starting unload of SpectateManagerImpl at 1675903942548
[23-02-09 00:52:22] [INFO] [DEBUG] SpectateManagerImpl has been unloaded. (took 0ms)
[23-02-09 00:52:22] [INFO] [DEBUG] Starting unload of PlayerInfoManager at 1675903942548
[23-02-09 00:52:22] [INFO] [DEBUG] PlayerInfoManager has been unloaded. (took 0ms)
[23-02-09 00:52:22] [INFO] [DEBUG] Starting unload of SettingsManager at 1675903942548
[23-02-09 00:52:22] [INFO] [DEBUG] SettingsManager has been unloaded. (took 0ms)
[23-02-09 00:52:22] [INFO] [DEBUG] Starting unload of ArenaManagerImpl at 1675903942548
[23-02-09 00:52:22] [INFO] [DEBUG] ArenaManagerImpl has been unloaded. (took 0ms)
[23-02-09 00:52:22] [INFO] [DEBUG] Starting unload of KitManagerImpl at 1675903942548
[23-02-09 00:52:22] [INFO] [DEBUG] KitManagerImpl has been unloaded. (took 0ms)
[23-02-09 00:52:22] [INFO] [DEBUG] Starting unload of GuiListener at 1675903942548
[23-02-09 00:52:22] [INFO] [DEBUG] GuiListener has been unloaded. (took 0ms)
[23-02-09 00:52:22] [INFO] [DEBUG] Starting unload of UserManagerImpl at 1675903942548
[23-02-09 00:52:22] [INFO] [DEBUG] UserManagerImpl has been unloaded. (took 1ms)
[23-02-09 00:52:22] [INFO] [DEBUG] Starting unload of Lang at 1675903942549
[23-02-09 00:52:22] [INFO] [DEBUG] Lang has been unloaded. (took 0ms)
[23-02-09 00:52:22] [INFO] [DEBUG] Starting unload of Config at 1675903942549
[23-02-09 00:52:22] [INFO] [DEBUG] Config has been unloaded. (took 0ms)
[23-02-09 00:52:22] [INFO] [DEBUG] unload done (took 5ms)
[23-02-09 00:52:22] [INFO] [DEBUG] Log#clearSources done (took 0ms)
[23-02-09 00:53:42] [INFO] [DEBUG] onEnable start -> 1675904022981

[23-02-09 00:53:43] [INFO] Using Economy Provider: com.earth2me.essentials.economy.vault.VaultEconomyProvider
[23-02-09 00:53:43] [INFO] [DEBUG] Starting load of Config at 1675904023036
[23-02-09 00:53:43] [INFO] [DEBUG] Config has been loaded. (took 7ms)
[23-02-09 00:53:43] [INFO] [DEBUG] Starting load of Lang at 1675904023043
[23-02-09 00:53:43] [INFO] [DEBUG] Lang has been loaded. (took 12ms)
[23-02-09 00:53:43] [INFO] [DEBUG] Starting load of UserManagerImpl at 1675904023055
[23-02-09 00:53:43] [INFO] [DEBUG] UserManagerImpl has been loaded. (took 0ms)
[23-02-09 00:53:43] [INFO] [DEBUG] Starting load of GuiListener at 1675904023055
[23-02-09 00:53:43] [INFO] [DEBUG] GuiListener has been loaded. (took 0ms)
[23-02-09 00:53:43] [INFO] [DEBUG] Starting load of KitManagerImpl at 1675904023055
[23-02-09 00:53:43] [INFO] KitManagerImpl: Loaded 5 kit(s).
[23-02-09 00:53:43] [INFO] [DEBUG] KitManagerImpl has been loaded. (took 237ms)
[23-02-09 00:53:43] [INFO] [DEBUG] Starting load of ArenaManagerImpl at 1675904023292
[23-02-09 00:53:43] [INFO] ArenaManagerImpl: Loaded 10 arena(s).
[23-02-09 00:53:43] [INFO] [DEBUG] ArenaManagerImpl has been loaded. (took 53ms)
[23-02-09 00:53:43] [INFO] [DEBUG] Starting load of SettingsManager at 1675904023345
[23-02-09 00:53:43] [INFO] [DEBUG] SettingsManager has been loaded. (took 0ms)
[23-02-09 00:53:43] [INFO] [DEBUG] Starting load of PlayerInfoManager at 1675904023345
[23-02-09 00:53:43] [INFO] [DEBUG] PlayerInfoManager has been loaded. (took 1ms)
[23-02-09 00:53:43] [INFO] [DEBUG] Starting load of SpectateManagerImpl at 1675904023346
[23-02-09 00:53:43] [INFO] [DEBUG] SpectateManagerImpl has been loaded. (took 0ms)
[23-02-09 00:53:43] [INFO] [DEBUG] Starting load of BettingManager at 1675904023346
[23-02-09 00:53:43] [INFO] [DEBUG] BettingManager has been loaded. (took 0ms)
[23-02-09 00:53:43] [INFO] [DEBUG] Starting load of InventoryManager at 1675904023346
[23-02-09 00:53:43] [INFO] [DEBUG] InventoryManager has been loaded. (took 2ms)
[23-02-09 00:53:43] [INFO] [DEBUG] Starting load of DuelManager at 1675904023348
[23-02-09 00:53:43] [INFO] [DEBUG] DuelManager has been loaded. (took 2ms)
[23-02-09 00:53:43] [INFO] [DEBUG] Starting load of QueueManager at 1675904023350
[23-02-09 00:53:43] [INFO] QueueManager: Loaded 5 queue(s).
[23-02-09 00:53:43] [INFO] [DEBUG] QueueManager has been loaded. (took 9ms)
[23-02-09 00:53:43] [INFO] [DEBUG] Starting load of QueueSignManagerImpl at 1675904023359
[23-02-09 00:53:43] [INFO] QueueSignManagerImpl: Loaded 0 queue sign(s).
[23-02-09 00:53:43] [INFO] [DEBUG] QueueSignManagerImpl has been loaded. (took 2ms)
[23-02-09 00:53:43] [INFO] [DEBUG] Starting load of RequestManager at 1675904023361
[23-02-09 00:53:43] [INFO] [DEBUG] RequestManager has been loaded. (took 0ms)
[23-02-09 00:53:43] [INFO] [DEBUG] Starting load of Teleport at 1675904023361
[23-02-09 00:53:43] [INFO] [DEBUG] Teleport has been loaded. (took 2ms)
[23-02-09 00:53:43] [INFO] [DEBUG] Starting load of ExtensionManager at 1675904023363
[23-02-09 00:53:43] [INFO] [DEBUG] ExtensionManager has been loaded. (took 2ms)
[23-02-09 00:53:43] [INFO] No updates were available. You are on the latest version!
[23-02-09 01:07:07] [INFO] [DEBUG] onDisable start -> 1675904827326

[23-02-09 01:07:07] [INFO] [DEBUG] Starting unload of ExtensionManager at 1675904827328
[23-02-09 01:07:07] [INFO] [DEBUG] ExtensionManager has been unloaded. (took 0ms)
[23-02-09 01:07:07] [INFO] [DEBUG] Starting unload of Teleport at 1675904827330
[23-02-09 01:07:07] [INFO] [DEBUG] Teleport has been unloaded. (took 0ms)
[23-02-09 01:07:07] [INFO] [DEBUG] Starting unload of RequestManager at 1675904827330
[23-02-09 01:07:07] [INFO] [DEBUG] RequestManager has been unloaded. (took 0ms)
[23-02-09 01:07:07] [INFO] [DEBUG] Starting unload of QueueSignManagerImpl at 1675904827330
[23-02-09 01:07:07] [INFO] [DEBUG] QueueSignManagerImpl has been unloaded. (took 0ms)
[23-02-09 01:07:07] [INFO] [DEBUG] Starting unload of QueueManager at 1675904827330
[23-02-09 01:07:07] [INFO] [DEBUG] QueueManager has been unloaded. (took 0ms)
[23-02-09 01:07:07] [INFO] [DEBUG] Starting unload of DuelManager at 1675904827330
[23-02-09 01:07:07] [INFO] [DEBUG] DuelManager has been unloaded. (took 0ms)
[23-02-09 01:07:07] [INFO] [DEBUG] Starting unload of InventoryManager at 1675904827330
[23-02-09 01:07:07] [INFO] [DEBUG] InventoryManager has been unloaded. (took 0ms)
[23-02-09 01:07:07] [INFO] [DEBUG] Starting unload of BettingManager at 1675904827330
[23-02-09 01:07:07] [INFO] [DEBUG] BettingManager has been unloaded. (took 0ms)
[23-02-09 01:07:07] [INFO] [DEBUG] Starting unload of SpectateManagerImpl at 1675904827330
[23-02-09 01:07:07] [INFO] [DEBUG] SpectateManagerImpl has been unloaded. (took 0ms)
[23-02-09 01:07:07] [INFO] [DEBUG] Starting unload of PlayerInfoManager at 1675904827330
[23-02-09 01:07:07] [INFO] [DEBUG] PlayerInfoManager has been unloaded. (took 0ms)
[23-02-09 01:07:07] [INFO] [DEBUG] Starting unload of SettingsManager at 1675904827330
[23-02-09 01:07:07] [INFO] [DEBUG] SettingsManager has been unloaded. (took 0ms)
[23-02-09 01:07:07] [INFO] [DEBUG] Starting unload of ArenaManagerImpl at 1675904827330
[23-02-09 01:07:07] [INFO] [DEBUG] ArenaManagerImpl has been unloaded. (took 0ms)
[23-02-09 01:07:07] [INFO] [DEBUG] Starting unload of KitManagerImpl at 1675904827330
[23-02-09 01:07:07] [INFO] [DEBUG] KitManagerImpl has been unloaded. (took 0ms)
[23-02-09 01:07:07] [INFO] [DEBUG] Starting unload of GuiListener at 1675904827330
[23-02-09 01:07:07] [INFO] [DEBUG] GuiListener has been unloaded. (took 1ms)
[23-02-09 01:07:07] [INFO] [DEBUG] Starting unload of UserManagerImpl at 1675904827331
[23-02-09 01:07:07] [INFO] [DEBUG] UserManagerImpl has been unloaded. (took 0ms)
[23-02-09 01:07:07] [INFO] [DEBUG] Starting unload of Lang at 1675904827331
[23-02-09 01:07:07] [INFO] [DEBUG] Lang has been unloaded. (took 0ms)
[23-02-09 01:07:07] [INFO] [DEBUG] Starting unload of Config at 1675904827331
[23-02-09 01:07:07] [INFO] [DEBUG] Config has been unloaded. (took 0ms)
[23-02-09 01:07:07] [INFO] [DEBUG] unload done (took 5ms)
[23-02-09 01:07:07] [INFO] [DEBUG] Log#clearSources done (took 0ms)
[23-02-09 22:00:27] [INFO] [DEBUG] onEnable start -> 1675980027319

[23-02-09 22:00:27] [INFO] Using Economy Provider: com.earth2me.essentials.economy.vault.VaultEconomyProvider
[23-02-09 22:00:27] [INFO] [DEBUG] Starting load of Config at 1675980027358
[23-02-09 22:00:27] [INFO] [DEBUG] Config has been loaded. (took 3ms)
[23-02-09 22:00:27] [INFO] [DEBUG] Starting load of Lang at 1675980027362
[23-02-09 22:00:27] [INFO] [DEBUG] Lang has been loaded. (took 8ms)
[23-02-09 22:00:27] [INFO] [DEBUG] Starting load of UserManagerImpl at 1675980027370
[23-02-09 22:00:27] [INFO] [DEBUG] UserManagerImpl has been loaded. (took 0ms)
[23-02-09 22:00:27] [INFO] [DEBUG] Starting load of GuiListener at 1675980027370
[23-02-09 22:00:27] [INFO] [DEBUG] GuiListener has been loaded. (took 0ms)
[23-02-09 22:00:27] [INFO] [DEBUG] Starting load of KitManagerImpl at 1675980027370
[23-02-09 22:00:27] [INFO] KitManagerImpl: Loaded 5 kit(s).
[23-02-09 22:00:27] [INFO] [DEBUG] KitManagerImpl has been loaded. (took 153ms)
[23-02-09 22:00:27] [INFO] [DEBUG] Starting load of ArenaManagerImpl at 1675980027524
[23-02-09 22:00:27] [INFO] ArenaManagerImpl: Loaded 10 arena(s).
[23-02-09 22:00:27] [INFO] [DEBUG] ArenaManagerImpl has been loaded. (took 36ms)
[23-02-09 22:00:27] [INFO] [DEBUG] Starting load of SettingsManager at 1675980027560
[23-02-09 22:00:27] [INFO] [DEBUG] SettingsManager has been loaded. (took 0ms)
[23-02-09 22:00:27] [INFO] [DEBUG] Starting load of PlayerInfoManager at 1675980027560
[23-02-09 22:00:27] [INFO] [DEBUG] PlayerInfoManager has been loaded. (took 1ms)
[23-02-09 22:00:27] [INFO] [DEBUG] Starting load of SpectateManagerImpl at 1675980027561
[23-02-09 22:00:27] [INFO] [DEBUG] SpectateManagerImpl has been loaded. (took 0ms)
[23-02-09 22:00:27] [INFO] [DEBUG] Starting load of BettingManager at 1675980027561
[23-02-09 22:00:27] [INFO] [DEBUG] BettingManager has been loaded. (took 0ms)
[23-02-09 22:00:27] [INFO] [DEBUG] Starting load of InventoryManager at 1675980027561
[23-02-09 22:00:27] [INFO] [DEBUG] InventoryManager has been loaded. (took 2ms)
[23-02-09 22:00:27] [INFO] [DEBUG] Starting load of DuelManager at 1675980027563
[23-02-09 22:00:27] [INFO] [DEBUG] DuelManager has been loaded. (took 2ms)
[23-02-09 22:00:27] [INFO] [DEBUG] Starting load of QueueManager at 1675980027565
[23-02-09 22:00:27] [INFO] QueueManager: Loaded 5 queue(s).
[23-02-09 22:00:27] [INFO] [DEBUG] QueueManager has been loaded. (took 8ms)
[23-02-09 22:00:27] [INFO] [DEBUG] Starting load of QueueSignManagerImpl at 1675980027573
[23-02-09 22:00:27] [INFO] QueueSignManagerImpl: Loaded 0 queue sign(s).
[23-02-09 22:00:27] [INFO] [DEBUG] QueueSignManagerImpl has been loaded. (took 1ms)
[23-02-09 22:00:27] [INFO] [DEBUG] Starting load of RequestManager at 1675980027574
[23-02-09 22:00:27] [INFO] [DEBUG] RequestManager has been loaded. (took 0ms)
[23-02-09 22:00:27] [INFO] [DEBUG] Starting load of Teleport at 1675980027574
[23-02-09 22:00:27] [INFO] [DEBUG] Teleport has been loaded. (took 1ms)
[23-02-09 22:00:27] [INFO] [DEBUG] Starting load of ExtensionManager at 1675980027575
[23-02-09 22:00:27] [INFO] [DEBUG] ExtensionManager has been loaded. (took 1ms)
[23-02-09 22:00:28] [INFO] No updates were available. You are on the latest version!
[23-02-09 22:00:58] [INFO] [DEBUG] onDisable start -> 1675980058424

[23-02-09 22:00:58] [INFO] [DEBUG] Starting unload of ExtensionManager at 1675980058425
[23-02-09 22:00:58] [INFO] [DEBUG] ExtensionManager has been unloaded. (took 0ms)
[23-02-09 22:00:58] [INFO] [DEBUG] Starting unload of Teleport at 1675980058425
[23-02-09 22:00:58] [INFO] [DEBUG] Teleport has been unloaded. (took 0ms)
[23-02-09 22:00:58] [INFO] [DEBUG] Starting unload of RequestManager at 1675980058425
[23-02-09 22:00:58] [INFO] [DEBUG] RequestManager has been unloaded. (took 0ms)
[23-02-09 22:00:58] [INFO] [DEBUG] Starting unload of QueueSignManagerImpl at 1675980058425
[23-02-09 22:00:58] [INFO] [DEBUG] QueueSignManagerImpl has been unloaded. (took 0ms)
[23-02-09 22:00:58] [INFO] [DEBUG] Starting unload of QueueManager at 1675980058425
[23-02-09 22:00:58] [INFO] [DEBUG] QueueManager has been unloaded. (took 1ms)
[23-02-09 22:00:58] [INFO] [DEBUG] Starting unload of DuelManager at 1675980058426
[23-02-09 22:00:58] [INFO] [DEBUG] DuelManager has been unloaded. (took 0ms)
[23-02-09 22:00:58] [INFO] [DEBUG] Starting unload of InventoryManager at 1675980058426
[23-02-09 22:00:58] [INFO] [DEBUG] InventoryManager has been unloaded. (took 0ms)
[23-02-09 22:00:58] [INFO] [DEBUG] Starting unload of BettingManager at 1675980058426
[23-02-09 22:00:58] [INFO] [DEBUG] BettingManager has been unloaded. (took 0ms)
[23-02-09 22:00:58] [INFO] [DEBUG] Starting unload of SpectateManagerImpl at 1675980058426
[23-02-09 22:00:58] [INFO] [DEBUG] SpectateManagerImpl has been unloaded. (took 0ms)
[23-02-09 22:00:58] [INFO] [DEBUG] Starting unload of PlayerInfoManager at 1675980058426
[23-02-09 22:00:58] [INFO] [DEBUG] PlayerInfoManager has been unloaded. (took 0ms)
[23-02-09 22:00:58] [INFO] [DEBUG] Starting unload of SettingsManager at 1675980058426
[23-02-09 22:00:58] [INFO] [DEBUG] SettingsManager has been unloaded. (took 0ms)
[23-02-09 22:00:58] [INFO] [DEBUG] Starting unload of ArenaManagerImpl at 1675980058426
[23-02-09 22:00:58] [INFO] [DEBUG] ArenaManagerImpl has been unloaded. (took 0ms)
[23-02-09 22:00:58] [INFO] [DEBUG] Starting unload of KitManagerImpl at 1675980058426
[23-02-09 22:00:58] [INFO] [DEBUG] KitManagerImpl has been unloaded. (took 0ms)
[23-02-09 22:00:58] [INFO] [DEBUG] Starting unload of GuiListener at 1675980058426
[23-02-09 22:00:58] [INFO] [DEBUG] GuiListener has been unloaded. (took 0ms)
[23-02-09 22:00:58] [INFO] [DEBUG] Starting unload of UserManagerImpl at 1675980058426
[23-02-09 22:00:58] [INFO] [DEBUG] UserManagerImpl has been unloaded. (took 0ms)
[23-02-09 22:00:58] [INFO] [DEBUG] Starting unload of Lang at 1675980058426
[23-02-09 22:00:58] [INFO] [DEBUG] Lang has been unloaded. (took 0ms)
[23-02-09 22:00:58] [INFO] [DEBUG] Starting unload of Config at 1675980058426
[23-02-09 22:00:58] [INFO] [DEBUG] Config has been unloaded. (took 0ms)
[23-02-09 22:00:58] [INFO] [DEBUG] unload done (took 2ms)
[23-02-09 22:00:58] [INFO] [DEBUG] Log#clearSources done (took 0ms)
